SOURCELONG:Book of Vile Darkness	SOURCESHORT:BoVD	SOURCEWEB:http://www.gozzilioni.net																								
																										
###Block: AB																										
# Spell Name	Output Name	Spell Variations	Type	Classes of caster	Domains granting the spell	School	Sub-School	Spell Descriptors	Components	Casting Time	Range	TARGETAREA:		Duration	Save Info	Spell Resistance	DESC:	Source Page	Item	COST:	XPCOST:	PPCOST	Combat bonus	Bonus to HP	Stat bonus	Choose
Bane.MOD	CLASSES:Demonologist=1																									
Demonflesh.MOD	CLASSES:Demonologist=1																									
Doom.MOD	CLASSES:Demonologist=1																									
Protection from Evil.MOD	CLASSES:Demonologist=1																									
Protection from Good.MOD	CLASSES:Demonologist=1																									
Spores of the Vrock.MOD	CLASSES:Demonologist=1																									
Summon Monster I.MOD	CLASSES:Demonologist=1																									
Unnerving Gaze.MOD	CLASSES:Demonologist=1																									
Bestow Curse.MOD	CLASSES:Demonologist=2																									
Dance of Ruin.MOD	CLASSES:Demonologist=2																									
Demoncall.MOD	CLASSES:Demonologist=2																									
Magic Circle against Evil.MOD	CLASSES:Demonologist=2																									
Magic Circle against Good.MOD	CLASSES:Demonologist=2																									
Protection from Energy.MOD	CLASSES:Demonologist=2																									
Stunning Screech.MOD	CLASSES:Demonologist=2																									
Summon Monster II.MOD	CLASSES:Demonologist=2																									
Abyssal Might.MOD	CLASSES:Demonologist=3																									
Call Dretch Horde.MOD	CLASSES:Demonologist=3																									
Distort Summon.MOD	CLASSES:Demonologist=3																									
Demon Wings.MOD	CLASSES:Demonologist=3																									
Dread Word.MOD	CLASSES:Demonologist=3																									
Dimensional Anchor.MOD	CLASSES:Demonologist=3																									
Planar Binding (Lesser).MOD	CLASSES:Demonologist=3																									
Summon Monster III.MOD	CLASSES:Demonologist=3																									
Bestow Curse (Greater).MOD	CLASSES:Demonologist=4																									
Call Nightmare.MOD	CLASSES:Demonologist=4																									
Cloud of the Achaierai.MOD	CLASSES:Demonologist=4																									
Dismissal.MOD	CLASSES:Demonologist=4																									
Impotent Possessor.MOD	CLASSES:Demonologist=4																									
Imprison Possessor.MOD	CLASSES:Demonologist=4																									
Planar Binding.MOD	CLASSES:Demonologist=4																									
Summon Monster IV.MOD	CLASSES:Demonologist=4																									
Cause Fear.MOD	CLASSES:Mortal Hunter=1																									
Charm Person.MOD	CLASSES:Mortal Hunter=1																									
Detect Good.MOD	CLASSES:Mortal Hunter=1																									
Heartache.MOD	CLASSES:Mortal Hunter=1																									
Protection from Good.MOD	CLASSES:Mortal Hunter=1																									
Sleep.MOD	CLASSES:Mortal Hunter=1																									
Unnerving Gaze.MOD	CLASSES:Mortal Hunter=1																									
Detect Thoughts.MOD	CLASSES:Mortal Hunter=2																									
Evil Eye.MOD	CLASSES:Mortal Hunter=2																									
Hold Person.MOD	CLASSES:Mortal Hunter=2																									
Magic Circle against Good.MOD	CLASSES:Mortal Hunter=2																									
See Invisibility.MOD	CLASSES:Mortal Hunter=2																									
Web.MOD	CLASSES:Mortal Hunter=2																									
Wither Limb.MOD	CLASSES:Mortal Hunter=2																									
Flesh Ripper.MOD	CLASSES:Mortal Hunter=3																									
Mirror Sending.MOD	CLASSES:Mortal Hunter=3																									
Nondetection.MOD	CLASSES:Mortal Hunter=3																									
Scrying.MOD	CLASSES:Mortal Hunter=3																									
Suggestion.MOD	CLASSES:Mortal Hunter=3																									
Vile Lance.MOD	CLASSES:Mortal Hunter=3																									
Wrack.MOD	CLASSES:Mortal Hunter=3																									
Arcane Eye.MOD	CLASSES:Mortal Hunter=4																									
Call Dretch Horde.MOD	CLASSES:Mortal Hunter=4																									
Locate Creature.MOD	CLASSES:Mortal Hunter=4																									
Morality Undone.MOD	CLASSES:Mortal Hunter=4																									
Phantasmal Killer.MOD	CLASSES:Mortal Hunter=4																									
Resonating Resistance.MOD	CLASSES:Mortal Hunter=4																									
# Spell Name																										
# Spell Name																										
# Spell Name																										
# Spell Name																										
# Spell Name																										
# Spell Name																										
# Spell Name																										
# Spell Name																										
# Spell Name																										
# Spell Name																										
# Spell Name																										
# Spell Name																										
# Spell Name																										
# Spell Name																										
# Spell Name																										
# Spell Name																										
# Spell Name																										
# Spell Name																										
# Spell Name																										
# Spell Name																										
# Spell Name																										
# Spell Name																										
# Spell Name																										
# Spell Name																										
# Spell Name																										
# Spell Name																										
# Spell Name																										
# Spell Name																										
# Spell Name																										
# Spell Name																										
# Spell Name																										
# Spell Name																										
# Spell Name																										
# Spell Name																										
# Spell Name																										
# Spell Name																										
# Spell Name																										
# Spell Name																										
# Spell Name																										
# Spell Name																										
# Spell Name																										
# Spell Name																										
# Spell Name																										
# Spell Name																										
# Spell Name																										
# Spell Name																										
# Spell Name																										
# Spell Name																										
# Spell Name																										
# Spell Name																										
# Spell Name																										
# Spell Name																										
# Spell Name																										
# Spell Name																										
# Spell Name																										
# Spell Name																										
# Spell Name																										
# Spell Name																										
# Spell Name																										
# Spell Name																										
# Spell Name																										
# Spell Name																										
# Spell Name																										
# Spell Name																										
# Spell Name																										
# Spell Name																										
# Spell Name																										
# Spell Name																										
# Spell Name																										
# Spell Name																										
# Spell Name																										
# Spell Name																										
# Spell Name																										
# Spell Name																										
# Spell Name																										
# Spell Name																										
# Spell Name																										
# Spell Name																										
# Spell Name																										
# Spell Name																										
# Spell Name																										
# Spell Name																										
# Spell Name																										
# Spell Name																										
# Spell Name																										
# Spell Name																										
# Spell Name																										
# Spell Name																										
# Spell Name																										
# Spell Name																										
# Spell Name																										
# Spell Name																										
# Spell Name																										
# Spell Name																										
# Spell Name																										
# Spell Name																										
# Spell Name																										
# Spell Name																										
# Spell Name																										
# Spell Name																										
# Spell Name																										
# Spell Name																										
# Spell Name																										
# Spell Name																										
# Spell Name																										
# Spell Name																										
# Spell Name																										
# Spell Name																										
# Spell Name																										
# Spell Name																										
# Spell Name																										
# Spell Name																										
# Spell Name																										
# Spell Name																										
# Spell Name																										
# Spell Name																										
# Spell Name																										
# Spell Name																										
# Spell Name																										
# Spell Name																										
# Spell Name																										
# Spell Name																										
# Spell Name																										
# Spell Name																										
# Spell Name																										
# Spell Name																										
# Spell Name																										
# Spell Name																										
# Spell Name																										
# Spell Name																										
# Spell Name																										
# Spell Name																										
# Spell Name																										
# Spell Name																										
# Spell Name																										
# Spell Name																										
# Spell Name																										
# Spell Name																										
# Spell Name																										
# Spell Name																										
# Spell Name																										
# Spell Name																										
# Spell Name																										
# Spell Name																										
# Spell Name																										
# Spell Name																										
# Spell Name																										
# Spell Name																										
# Spell Name																										
# Spell Name																										
# Spell Name																										
# Spell Name																										
# Spell Name																										
# Spell Name																										
# Spell Name																										
# Spell Name																										
# Spell Name																										
# Spell Name																										
# Spell Name																										
# Spell Name																										
# Spell Name																										
# Spell Name																										
# Spell Name																										
# Spell Name																										
# Spell Name																										
# Spell Name																										
# Spell Name																										
# Spell Name																										
# Spell Name																										
# Spell Name																										
# Spell Name																										
# Spell Name																										
# Spell Name																										
# Spell Name																										
# Spell Name																										
# Spell Name																										
# Spell Name																										
# Spell Name																										
# Spell Name																										
# Spell Name																										
# Spell Name																										
# Spell Name																										
# Spell Name																										
# Spell Name																										
# Spell Name																										
# Spell Name																										
# Spell Name																										
# Spell Name																										
# Spell Name																										
# Spell Name																										
# Spell Name																										
# Spell Name																										
# Spell Name																										
# Spell Name																										
# Spell Name																										
# Spell Name																										
# Spell Name																										
# Spell Name																										
# Spell Name																										
# Spell Name																										
# Spell Name																										
# Spell Name																										
# Spell Name																										
# Spell Name																										
# Spell Name																										
# Spell Name																										
# Spell Name																										
# Spell Name																										
# Spell Name																										
# Spell Name																										
# Spell Name																										
# Spell Name																										
# Spell Name																										
# Spell Name																										
# Spell Name																										
# Spell Name																										
# Spell Name																										
# Spell Name																										
# Spell Name																										
# Spell Name																										
# Spell Name																										
# Spell Name																										
# Spell Name																										
# Spell Name																										
# Spell Name																										
# Spell Name																										
# Spell Name																										
# Spell Name																										
# Spell Name																										
# Spell Name																										
# Spell Name																										
# Spell Name																										
# Spell Name																										
# Spell Name																										
# Spell Name																										
# Spell Name																										
# Spell Name																										
# Spell Name																										
# Spell Name																										
# Spell Name																										
# Spell Name																										
# Spell Name																										
# Spell Name																										
# Spell Name																										
# Spell Name																										
# Spell Name																										
# Spell Name																										
# Spell Name																										
# Spell Name																										
# Spell Name																										
# Spell Name																										
# Spell Name																										
# Spell Name																										
# Spell Name																										
# Spell Name																										
# Spell Name																										
# Spell Name																										
# Spell Name																										
# Spell Name																										
# Spell Name																										
# Spell Name																										
# Spell Name																										
# Spell Name																										
# Spell Name																										
# Spell Name																										
# Spell Name																										
# Spell Name																										
# Spell Name																										
# Spell Name																										
# Spell Name																										
# Spell Name																										
# Spell Name																										
# Spell Name																										
# Spell Name																										
