SOURCELONG:Book of Vile Darkness	SOURCESHORT:BoVD	SOURCEWEB:http://www.gozzilioni.net									
											
Disease Damage (Acid Fever)			VISIBLE:NO	SOURCEPAGE:BoVD	TEMPBONUS:ANYPC|STAT|STR|-1*(%CHOICE)	CHOOSE:NUMBER|MIN=1|MAX=6|TITLE=Strength Damage			TEMPDESC:Infection DC 18 (Injury), Incubation 1d3 days, Damage 1d6 Str (The victim must succeed another saving throw, or 1 point of temporary damage is permanent drain instead), Apply this temporary bonus each day the victim takes damage.		
Disease Damage (Blue Guts)			VISIBLE:NO	SOURCEPAGE:BoVD	TEMPBONUS:ANYPC|STAT|STR|-1*(%CHOICE)	CHOOSE:NUMBER|MIN=1|MAX=4|TITLE=Strength Damage			TEMPDESC:Infection DC 14 (Special), Incubation 1d3 days, Damage 1d4 Str, Apply this temporary bonus each day the victim takes damage.		
Disease Damage (Deathsong)			VISIBLE:NO	SOURCEPAGE:BoVD	TEMPBONUS:ANYPC|STAT|STR|-1*(%CHOICE)	CHOOSE:NUMBER|MIN=1|MAX=8|TITLE=Strength Damage			TEMPDESC:Infection DC 25 (Contact), Incubation 1 day, Damage 1d8 Str, 1d8 Dex, 1d8 Con , Apply this temporary bonus each day the victim takes damage.		TEMPLATE:CHOOSE:Disease Damage (Deathsong/DEX)
Disease Damage (Deathsong/DEX)			VISIBLE:NO	SOURCEPAGE:BoVD	TEMPBONUS:ANYPC|STAT|DEX|-1*(%CHOICE)	CHOOSE:NUMBER|MIN=1|MAX=8|TITLE=Dexterity Damage					TEMPLATE:CHOOSE:Disease Damage (Deathsong/CON)
Disease Damage (Deathsong/CON)			VISIBLE:NO	SOURCEPAGE:BoVD	TEMPBONUS:ANYPC|STAT|CON|-1*(%CHOICE)	CHOOSE:NUMBER|MIN=1|MAX=8|TITLE=Constitution Damage					
Disease Damage (Faceless Hate)			VISIBLE:NO	SOURCEPAGE:BoVD	TEMPBONUS:ANYPC|STAT|STR|-1*(%CHOICE)	CHOOSE:NUMBER|MIN=1|MAX=6|TITLE=Strength Damage			TEMPDESC:Infection DC 20 (Injury), Incubation 1d4 days, Damage 1d6 Str, 1d6 Con (The victim must make three successful Fortitude saving throws in a row to recover from Faceless Hate), Apply this temporary bonus each day the victim takes damage.		TEMPLATE:CHOOSE:Disease Damage (Faceless Hate/CON)
Disease Damage (Faceless Hate/CON)			VISIBLE:NO	SOURCEPAGE:BoVD	TEMPBONUS:ANYPC|STAT|CON|-1*(%CHOICE)	CHOOSE:NUMBER|MIN=1|MAX=6|TITLE=Contitution Damage					
Disease Damage (Festering Anger)			VISIBLE:NO	SOURCEPAGE:BoVD					TEMPDESC:Infection DC 22 (Special), Incubation varying days, Special conditions.		
Disease Damage (Fire Taint)			VISIBLE:NO	SOURCEPAGE:BoVD	TEMPBONUS:ANYPC|STAT|WIS|-1*(%CHOICE)	CHOOSE:NUMBER|MIN=1|MAX=6|TITLE=Wisdom Damage			TEMPDESC:Infection DC 18 (Inhaled), Incubation 1 day, Damage 1d6 Wis (The victim must succeed another saving throw, or 1 point of temporary damage is permanent drain instead), Apply this temporary bonus each day the victim takes damage.		
Disease Damage (Frigid Ravaging)			VISIBLE:NO	SOURCEPAGE:BoVD	TEMPBONUS:ANYPC|STAT|CON|-1*(%CHOICE)	CHOOSE:NUMBER|MIN=1|MAX=6|TITLE=Constitution Damage			TEMPDESC:Infection DC 18 (Injury), Incubation 1 day, Damage 1d6 Con (The victim must succeed another saving throw, or 1 point of temporary damage is permanent drain instead), Apply this temporary bonus each day the victim takes damage.		
Disease Damage (Iron Corruption)			VISIBLE:NO	SOURCEPAGE:BoVD	TEMPBONUS:ANYPC|STAT|CON|-1*(%CHOICE)	CHOOSE:NUMBER|MIN=1|MAX=4|TITLE=Constitution Damage			TEMPDESC:Infection DC 24 (Injury), Incubation 1d3 days, Damage 1d6 Con, Apply this temporary bonus each day the victim takes damage.		
Disease Damage (Life Blindness)			VISIBLE:NO	SOURCEPAGE:BoVD					TEMPDESC:Infection DC 20 (Inhaled), Incubation 1 day, Special condition.		
Disease Damage (Lightning Curse)			VISIBLE:NO	SOURCEPAGE:BoVD	TEMPBONUS:ANYPC|STAT|INT|-1*(%CHOICE)	CHOOSE:NUMBER|MIN=1|MAX=6|TITLE=Intelligence Damage			TEMPDESC:Infection DC 18 (Contact), Incubation 1 day, Damage 1d6 Int (The victim must succeed another saving throw, or 1 point of temporary damage is permanent drain instead), Apply this temporary bonus each day the victim takes damage.		
Disease Damage (Melting Fury)			VISIBLE:NO	SOURCEPAGE:BoVD	TEMPBONUS:ANYPC|STAT|STR|-1*(%CHOICE)	CHOOSE:NUMBER|MIN=1|MAX=4|TITLE=Strength Damage			TEMPDESC:Infection DC 16 (Contact), Incubation 1d6 days, Damage 1d4 Str, 1d4 Dex, 1d4 Con, Apply this temporary bonus each day the victim takes damage.		TEMPLATE:CHOOSE:Disease Damage (Melting Fury/DEX)
Disease Damage (Melting Fury/DEX)			VISIBLE:NO	SOURCEPAGE:BoVD	TEMPBONUS:ANYPC|STAT|DEX|-1*(%CHOICE)	CHOOSE:NUMBER|MIN=1|MAX=4|TITLE=Dexterity Damage					TEMPLATE:CHOOSE:Disease Damage (Melting Fury/CON)
Disease Damage (Melting Fury/CON)			VISIBLE:NO	SOURCEPAGE:BoVD	TEMPBONUS:ANYPC|STAT|CON|-1*(%CHOICE)	CHOOSE:NUMBER|MIN=1|MAX=4|TITLE=Constitution Damage					
Disease Damage (Misery's Passage)			VISIBLE:NO	SOURCEPAGE:BoVD	TEMPBONUS:ANYPC|STAT|STR|-1*(%CHOICE)	CHOOSE:NUMBER|MIN=1|MAX=6|TITLE=Strength Damage			TEMPDESC:Infection DC 15 (Injury), Incubation varying days, Damage 1d6 Str (The victim must make three successful Fortitude saving throws in a row to recover from Misery's Passage), Apply this temporary bonus each day the victim takes damage.		
Disease Damage (Possession Infection)			VISIBLE:NO	SOURCEPAGE:BoVD	TEMPBONUS:ANYPC|STAT|WIS|-1*(%CHOICE)	CHOOSE:NUMBER|MIN=1|MAX=6|TITLE=Wisdom Damage			TEMPDESC:Infection DC 17 (Contact), Incubation 1 day, Damage 1d6 Wis, 1d8 Cha, Apply this temporary bonus each day the victim takes damage.		TEMPLATE:CHOOSE:Disease Damage (Possession Infection/CHA)
Disease Damage (Possession Infection/CHA)			VISIBLE:NO	SOURCEPAGE:BoVD	TEMPBONUS:ANYPC|STAT|CHA|-1*(%CHOICE)	CHOOSE:NUMBER|MIN=1|MAX=8|TITLE=Charisma Damage					
Disease Damage (Sound Sickness)			VISIBLE:NO	SOURCEPAGE:BoVD	TEMPBONUS:ANYPC|STAT|DEX|-1*(%CHOICE)	CHOOSE:NUMBER|MIN=1|MAX=6|TITLE=Dexterity Damage			TEMPDESC:Infection DC 18 (Contact), Incubation 1d3 days, Damage 1d6 Dex (The victim must succeed another saving throw, or 1 point of temporary damage is permanent drain instead) , Apply this temporary bonus each day the victim takes damage.		
Disease Damage (Soul Rot)			VISIBLE:NO	SOURCEPAGE:BoVD	TEMPBONUS:ANYPC|STAT|WIS|-1*(%CHOICE)	CHOOSE:NUMBER|MIN=1|MAX=6|TITLE=Wisdom Damage			TEMPDESC:Infection DC 23 (Special), Incubation 1d8 days, Damage 1d6 Wis, 1d6 Cha, Apply this temporary bonus each day the victim takes damage.		TEMPLATE:CHOOSE:Disease Damage (Soul Rot/CHA)
Disease Damage (Soul Rot/CHA)			VISIBLE:NO	SOURCEPAGE:BoVD	TEMPBONUS:ANYPC|STAT|CHA|-1*(%CHOICE)	CHOOSE:NUMBER|MIN=1|MAX=6|TITLE=Charisma Damage					
Disease Damage (Vile Rigidity)			VISIBLE:NO	SOURCEPAGE:BoVD					TEMPDESC:Infection DC 19 (Contact), Incubation 1 day, Special condition		
Disease Damage (Warp Touch)			VISIBLE:NO	SOURCEPAGE:BoVD					TEMPDESC:Infection DC 20 (Contact), Incubation immediate, Special condition		
