SOURCELONG:Book of Vile Darkness	SOURCESHORT:BoVD	SOURCEWEB:http://www.gozzilioni.net																																				
#																																						
###Block:Book abilities																																						
Masterwork		KEY:MWORKI_TORTURE	FORMATCAT:FRONT	NAMEOPT:NORMAL	TYPE:MasterworkQuality.TortureDevice			COST:BASECOST	VISIBLE:QUALIFY	ITYPE:Masterwork	SOURCEPAGE:BoVD	PRETYPE:1,TortureDevice			!PRETYPE:1,Masterwork																							ASSIGNTOALL:YES
Masterwork		KEY:MWORKI_EXECUTION	FORMATCAT:FRONT	NAMEOPT:NORMAL	TYPE:MasterworkQuality.ExecutionDevice			COST:BASECOST	VISIBLE:QUALIFY	ITYPE:Masterwork	SOURCEPAGE:BoVD	PRETYPE:1,ExecutionDevice			!PRETYPE:1,Masterwork																							ASSIGNTOALL:YES
#																																						
#																																						
#Anarchic	KEY:CHAOS_A	TYPE:Ammunition	PLUS:2	VISIBLE:QUALIFY	SOURCEPAGE:MagicItemsII.rtf	SPROP:chaos-aligned,+2d6 chaotic damage vs. law,1 negative level bestowed to lawful wielder	PRETYPE:2,Enhancement,Ammunition					BONUS:VAR|NegLevels|1|PREALIGN:0,1,2						ABILITY:Special Ability|AUTOMATIC|Negative Levels																				
#Anarchic	KEY:CHAOS_M	TYPE:Weapon.Melee.Thrown	PLUS:2	VISIBLE:QUALIFY	SOURCEPAGE:MagicItemsII.rtf	SPROP:chaos-aligned,+2d6 chaotic damage vs. law,1 negative level bestowed to lawful wielder	PRETYPE:2,Enhancement,Weapon	PRETYPE:1,Melee,Thrown				BONUS:VAR|NegLevels|1|PREALIGN:0,1,2						ABILITY:Special Ability|AUTOMATIC|Negative Levels																				
#Anarchic	KEY:CHAOS_R	TYPE:Weapon.Ranged	PLUS:2	VISIBLE:QUALIFY	SOURCEPAGE:MagicItemsII.rtf	SPROP:chaos-aligned,+2d6 chaotic damage vs. law bestowed on ammunition,1 negative level bestowed to lawful wielder	PRETYPE:3,Enhancement,Weapon,Ranged	!PRETYPE:1,Thrown				BONUS:VAR|NegLevels|1|PREALIGN:0,1,2						ABILITY:Special Ability|AUTOMATIC|Negative Levels																				
#Ghost touch	KEY:GHOST_A	TYPE:Armor.Shield	PLUS:3	VISIBLE:QUALIFY	SOURCEPAGE:MagicItemsII.rtf	SPROP:armor and enhancement count vs. incorporeal attacks	PREMULT:2,[PRETYPE:1,Enhancement],[PRETYPE:1,Armor,Shield]																															
Darksoul Protection	KEY:DRK_PROT_A	TYPE:Armor.Shield	PLUS:1	VISIBLE:QUALIFY	SOURCEPAGE:BoVD	SPROP:take only half damage from spells or effects that cause extra damage on evil creature.|PREALIGN:LE,NE,CE	PREMULT:2,[PRETYPE:1,Enhancement],[PRETYPE:1,Armor,Shield]																															
Demonmight Ward	KEY:DMNWRD_A	TYPE:Armor.Shield	PLUS:2	VISIBLE:QUALIFY	SOURCEPAGE:BoVD	SPROP:+1 AC against attack of good creature, or +2 from attacks of outsiders. +1 bonus on all saving throw from spell or spell-like abilities of good creatures	PREMULT:2,[PRETYPE:1,Enhancement],[PRETYPE:1,Armor,Shield]																															
Poison Spike	KEY:PSN_SPIKE_A	TYPE:Armor.Shield	PLUS:1	VISIBLE:QUALIFY	SOURCEPAGE:BoVD	SPROP:Poison Spike (Injury DC 16, Init.:1d3 STR, Sec.:1d3 STR)	PREMULT:2,[PRETYPE:1,Enhancement],[PRETYPE:1,Armor,Shield]				ITYPE:Spiked.Piercing	AUTO:EQUIP|Armor Spikes																										
Bloodfeeding	KEY:BLDFEED_M	TYPE:Weapon.Melee.Thrown	PLUS:1	VISIBLE:QUALIFY	SOURCEPAGE:BoVD	SPROP:Everytime deal damage to a creature with blood, gain 1 blood point, every 5 blood point deals an additional 1 point damage (up to 50 blood point)	PRETYPE:2,Enhancement,Weapon	PRETYPE:1,Melee,Thrown																														ASSIGNTOALL:NO
Bloodfeeding	KEY:BLDFEED_R	TYPE:Weapon.Ranged	PLUS:1	VISIBLE:QUALIFY	SOURCEPAGE:BoVD	SPROP:Everytime deal damage to a creature with blood, gain 1 blood point, every 5 blood point deals an additional 1 point damage (up to 50 blood point)	PRETYPE:3,Enhancement,Weapon,Ranged	!PRETYPE:1,Thrown																														ASSIGNTOALL:NO
Cursespewing	KEY:CRSSPW_A	TYPE:Ammunition	PLUS:1	VISIBLE:QUALIFY	SOURCEPAGE:BoVD	SPROP:Will DC 15 or curse -4 morale on attacks, saving throws, skill and ability checks	PRETYPE:2,Enhancement,Ammunition	PRETYPE:1,Melee,Thrown																														ASSIGNTOALL:NO
Cursespewing	KEY:CRSSPW_M	TYPE:Weapon.Melee.Thrown	PLUS:1	VISIBLE:QUALIFY	SOURCEPAGE:BoVD	SPROP:Will DC 15 or curse -4 morale on attacks, saving throws, skill and ability checks	PRETYPE:2,Enhancement,Weapon	PRETYPE:1,Melee,Thrown																														ASSIGNTOALL:NO
Cursespewing	KEY:CRSSPW_R	TYPE:Weapon.Ranged	PLUS:1	VISIBLE:QUALIFY	SOURCEPAGE:BoVD	SPROP:Will DC 15 or curse -4 morale on attacks, saving throws, skill and ability checks	PRETYPE:3,Enhancement,Weapon,Ranged	!PRETYPE:1,Thrown																														ASSIGNTOALL:NO
Fleshgrinding	KEY:FLSHGRD_M	TYPE:Weapon.Melee.Thrown	PLUS:2	VISIBLE:QUALIFY	SOURCEPAGE:BoVD	SPROP:upon command the weapon grind onto the target, dealing automatic damage, STR 20 check to remove, after 5 round the weapon stop grinding	PRETYPE:2,Enhancement,Weapon	PRETYPE:1,Melee,Thrown	PRETYPE:1,Slahing,Piercing																													ASSIGNTOALL:NO
Marrowcrushing	KEY:MRRWCRS_A	TYPE:Ammunition	PLUS:3	VISIBLE:QUALIFY	SOURCEPAGE:BoVD	SPROP:deals 1 CON damage	PRETYPE:2,Enhancement,Ammunition																															ASSIGNTOALL:NO
Marrowcrushing	KEY:MRRWCRS_M	TYPE:Weapon.Melee.Thrown	PLUS:3	VISIBLE:QUALIFY	SOURCEPAGE:BoVD	SPROP:deals 1 CON damage	PRETYPE:2,Enhancement,Weapon	PRETYPE:1,Melee,Thrown																														ASSIGNTOALL:NO
Marrowcrushing	KEY:MRRWCRS_R	TYPE:Weapon.Ranged	PLUS:3	VISIBLE:QUALIFY	SOURCEPAGE:BoVD	SPROP:1 CON damage	PRETYPE:3,Enhancement,Weapon,Ranged	!PRETYPE:1,Thrown																														ASSIGNTOALL:NO
Masterslaying	KEY:MSTRSLAY_M	TYPE:Weapon.Melee.Thrown	PLUS:1	VISIBLE:QUALIFY	SOURCEPAGE:BoVD	SPROP:upon command of the wielder of its scabbard, the weapon attack its current wielder	PRETYPE:2,Enhancement,Weapon	PRETYPE:1,Melee,Thrown																														ASSIGNTOALL:NO
Souldrinking	KEY:SOULDRNK_M	TYPE:Weapon.Melee.Thrown	PLUS:4	VISIBLE:QUALIFY	SOURCEPAGE:BoVD	SPROP:inflict 1 negative level on target, +1d8 hp temp and +2 enhancement bonus on STR to the wielder when inflict damage	PRETYPE:2,Enhancement,Weapon	PRETYPE:1,Melee,Thrown																														ASSIGNTOALL:NO
Strength Sapping	KEY:STR_SAP_A	TYPE:Ammunition	PLUS:2	VISIBLE:QUALIFY	SOURCEPAGE:BoVD	SPROP:Fort DC 15 or exhausted	PRETYPE:2,Enhancement,Ammunition																															ASSIGNTOALL:NO
Strength Sapping	KEY:STR_SAP_M	TYPE:Weapon.Melee.Thrown	PLUS:2	VISIBLE:QUALIFY	SOURCEPAGE:BoVD	SPROP:Fort DC 15 or exhausted	PRETYPE:2,Enhancement,Weapon	PRETYPE:1,Melee,Thrown																														ASSIGNTOALL:NO
Strength Sapping	KEY:STR_SAP_R	TYPE:Weapon.Ranged	PLUS:2	VISIBLE:QUALIFY	SOURCEPAGE:BoVD	SPROP:Fort DC 15 or exhausted	PRETYPE:3,Enhancement,Weapon,Ranged	!PRETYPE:1,Thrown																														ASSIGNTOALL:NO
Vile	KEY:VILE_A	TYPE:Ammunition	PLUS:1	VISIBLE:QUALIFY	SOURCEPAGE:BoVD	SPROP:additional 1 vile damage on hit, 2 on critical	PRETYPE:2,Enhancement,Ammunition																															ASSIGNTOALL:NO
Vile	KEY:VILE_M	TYPE:Weapon.Melee.Thrown	PLUS:1	VISIBLE:QUALIFY	SOURCEPAGE:BoVD	SPROP:additional 1 vile damage on hit, 2 on critical	PRETYPE:2,Enhancement,Weapon	PRETYPE:1,Melee,Thrown																														ASSIGNTOALL:NO
Vile	KEY:VILE_R	TYPE:Weapon.Ranged	PLUS:1	VISIBLE:QUALIFY	SOURCEPAGE:BoVD	SPROP:additional 1 vile damage on hit, 2 on critical	PRETYPE:3,Enhancement,Weapon,Ranged	!PRETYPE:1,Thrown																														ASSIGNTOALL:NO
