SOURCELONG:Player's Handbook 2	SOURCESHORT:PHB2	SOURCEWEB:http://www.gozzilioni.net																																																																				
																																																																						
# Ability Name	Category of Ability	Type	visible	Special ABility			Restricted Ability	Define			BONUS				STACK	MULT	CHOOSE	SELECT														Source Page																																						
Beguiler Armored Mage	CATEGORY:Special Ability	TYPE:Special	VISIBLE:NO								BONUS:VAR|ArmoredMagePower|1																																																											
Dragon Shaman Breath Weapon Line	CATEGORY:Special Ability	TYPE:Special	VISIBLE:NO					DEFINE:DragonShamanBreathWeaponLineLVL|0	DEFINE:BreathWeaponDice|6		BONUS:VAR|BreathWeaponDice|(((DragonShamanBreathWeaponLineLVL-2)/2))	BONUS:VAR|BreathWeaponDC|DragonShamanBreathWeaponLineLVL/2	BONUS:VAR|BreathWeaponLine|min(90,(((DragonShamanBreathWeaponConeLVL+4)/8)*30))	BONUS:VAR|BreathWeaponLine|30|PREVARGTEQ:DragonShamanBreathWeaponLineLVL,20																																																								
Dragon Shaman Breath Weapon Cone	CATEGORY:Special Ability	TYPE:Special	VISIBLE:NO					DEFINE:DragonShamanBreathWeaponConeLVL|0	DEFINE:BreathWeaponDice|6		BONUS:VAR|BreathWeaponDice|(((DragonShamanBreathWeaponConeLVL-2)/2))	BONUS:VAR|BreathWeaponDC|DragonShamanBreathWeaponConeLVL/2	BONUS:VAR|BreathWeaponCone|min(45,(((DragonShamanBreathWeaponConeLVL+4)/8)*15))	BONUS:VAR|BreathWeaponCone|15|PREVARGTEQ:DragonShamanBreathWeaponConeLVL,20																																																								
Dragon Shaman Touch Of Vitality	CATEGORY:Special Ability	TYPE:Special	VISIBLE:NO					DEFINE:DragonShamanTouchOfVitalityLVL|0			BONUS:VAR|TouchOfVitalityHP|2*DragonShamanTouchOfVitalityLVL*max(0,CHA)																																																											
Dragon Shaman Natural Armor	CATEGORY:Special Ability	TYPE:Special	VISIBLE:YES	OUTPUTNAME:Natural Armor	DESC:+%1 natural on AC|DragonShamanNaturalArmor			DEFINE:DragonShamanNaturalArmor|0	DEFINE:DragonShamanNaturalArmorLVL|0		BONUS:COMBAT|AC|DragonShamanNaturalArmor|TYPE=NaturalArmor	BONUS:VAR|DragonShamanNaturalArmor|(DragonShamanNaturalArmorLVL-2)/5																																																										
Duskblade Armored Mage	CATEGORY:Special Ability	TYPE:Special	VISIBLE:NO					DEFINE:DuskbladeArmoredMageLVL|0			BONUS:VAR|ArmoredMagePower|1	BONUS:VAR|ArmoredMagePower|1|PREVARGTEQ:DuskbladeArmoredMageLVL,4	BONUS:VAR|ArmoredMageShield|1	BONUS:VAR|ArmoredMagePower|1|PREVARGTEQ:DuskbladeArmoredMageLVL,7																																																								
Duskblade Quick Cast	CATEGORY:Special Ability	TYPE:Special	VISIBLE:NO					DEFINE:DuskbladeQuickCastLVL|0			BONUS:VAR|QuickCastPerDay|DuskbladeQuickCastLVL/5																																																											
Knight Knight Challenge	CATEGORY:Special Ability	TYPE:Special	VISIBLE:NO					DEFINE:KnightKnightChallengeLVL|0			BONUS:VAR|KnightChallengeLVL|KnightKnightChallengeLVL	BONUS:VAR|KnightChallengePerDay|max(1,(KnightKnightChallengeLVL/2)+CHA)																																																										
Knight Shield Block	CATEGORY:Special Ability	TYPE:Special	VISIBLE:NO					DEFINE:KnightShieldBlockLVL|0			BONUS:VAR|ShieldBlockBonusAC|(KnightShieldBlockLVL+7)/9																																																											
Knight Armor Mastery	CATEGORY:Special Ability	TYPE:Special	VISIBLE:NO					DEFINE:KnightArmorMasteryLVL|0			BONUS:VAR|ArmorMasterPower|(KnightArmorMasteryLVL+1)/5																																																											
Barbarian Berserk Strength	CATEGORY:Special Ability	TYPE:Special	VISIBLE:NO					DEFINE:GreaterRage|0	DEFINE:TirelessRage|0	DEFINE:MightyRage|0	DEFINE:BarbRagePowerLVL|0	BONUS:VAR|GreaterRage|1|PREVARGTEQ:BarbRagePowerLVL,11	BONUS:VAR|TirelessRage|1|PREVARGTEQ:BarbRagePowerLVL,17	BONUS:VAR|MightyRage|1|PREVARGTEQ:BarbRagePowerLVL,20																																																								
Favored Soul Deity's Favor	CATEGORY:Special Ability	TYPE:Special	VISIBLE:NO					DEFINE:FavoredSoulDeitySFavorLVL|0			BONUS:VAR|DeitySFavor|(FavoredSoulDeitySFavorLVL+6)/9																																																											
Fighter Elusive Attack	CATEGORY:Special Ability	TYPE:Special	VISIBLE:NO					DEFINE:FighterElusiveACLVL|0			BONUS:VAR|ElusiveAC|(((FighterElusiveACLVL-1)/5)*2)																																																											
Monk Decisive Strike	CATEGORY:Special Ability	TYPE:Special	VISIBLE:NO								BONUS:VAR|DecisiveStrikeAttacks|1																																																											
Paladin Charging Smite	CATEGORY:Special Ability	TYPE:Special	VISIBLE:NO					DEFINE:PaladinChargingSmiteLVL|0			BONUS:VAR|ChargingSmiteDamage|2*PaladinChargingSmiteLVL																																																											
Scout Climb Half Movement	CATEGORY:Special Ability	TYPE:Special	VISIBLE:NO								MOVECLONE:Walk,Climb,/2																																																											
Scout Climb Movement	CATEGORY:Special Ability	TYPE:Special	VISIBLE:NO								MOVECLONE:Walk,Climb,*1																																																											
Swashbuckler Shield of Blades	CATEGORY:Special Ability	TYPE:Special	VISIBLE:NO					DEFINE:SwashbucklerShieldOfBladesLVL|0			BONUS:VAR|ShieldOfBladesAC|(SwashbucklerShieldOfBladesLVL+5)/5																																																											
Wizard Immediate Magic	CATEGORY:Special Ability	TYPE:Special	VISIBLE:NO					DEFINE:WizardImmediateMagicLVL|0			BONUS:VAR|ImmediateMagicLVL|WizardImmediateMagicLVL	BONUS:VAR|ImmediateMagicDC|WizardImmediateMagicLVL/2																																																										
																																																																						
Trick ~ Teamwork	CATEGORY:Special Ability	TYPE:TrainingTricks	VISIBLE:YES	MULT:NO														DESC:Teamwork ~ DC 20	SOURCEPAGE:PHB2																																																			

# Monk	Category of Ability		Type											Visible		Special ABility												Define				Description																								Stackable?	Multiple?	Selections		Choose			BONUS:FEAT		Modify VAR					Source Page
# Fiery Fist	CATEGORY:Special Ability	TYPE:MonkBonusFeat.MonCombatCircle1	VISIBLE:DISPLAY	!PREABILITY:1,CATEGORY=Special Ability,TYPE.MonCombatCircle1	!PREMULT:1,[PREABILITY:1,CATEGORY=Special Ability,Deflect Arrows],[PREABILITY:1,CATEGORY=Special Ability,Combat Reflexes]	PREABILITY:1,CATEGORY=Special Ability,Stunning Fist	PREVARGTEQ:MonkBonusFeatLVL,2	VFEAT:Fiery Fist																																																															
# CATEGORY=Special Ability|Combat Reflexes.MOD		!PREABILITY:1,CATEGORY=Special Ability,Fiery Fist																																																																				
# CATEGORY=Special Ability|Deflect Arrows.MOD		!PREABILITY:1,CATEGORY=Special Ability,Fiery Fist																																																																				
Fiery Fist	CATEGORY:Special Ability	TYPE:MonkBonusFeat.MonCombatCircle1	VISIBLE:DISPLAY	!PREABILITY:1,CATEGORY=Special Ability,TYPE.MonCombatCircle1		PREABILITY:1,CATEGORY=Special Ability,Stunning Fist	PREVARGTEQ:MonkBonusFeatLVL,2	VFEAT:Fiery Fist																																																															
CATEGORY=Special Ability|Combat Reflexes.MOD	TYPE:MonCombatCircle1	!PREABILITY:1,CATEGORY=Special Ability,TYPE.MonCombatCircle1																																																																				
CATEGORY=Special Ability|Deflect Arrows.MOD	TYPE:MonCombatCircle1	!PREABILITY:1,CATEGORY=Special Ability,TYPE.MonCombatCircle1																																																																				

# Fiery Ki Defense	CATEGORY:Special Ability	TYPE:MonkBonusFeat.MonCombatCircle2	VISIBLE:DISPLAY	!PREABILITY:1,CATEGORY=Special Ability,TYPE.MonCombatCircle2	!PREMULT:1,[PREABILITY:1,CATEGORY=Special Ability,Improved Disarm],[PREABILITY:1,CATEGORY=Special Ability,Improved Trip],[PREABILITY:1,CATEGORY=Special Ability,Ki Blast]	PREMULT:2,[PREABILITY:1,CATEGORY=Special Ability,Fiery Fist],[PREABILITY:1,CATEGORY=Special Ability,Stunning Fist]	PREVARGTEQ:MonkBonusFeatLVL,6	VFEAT:Fiery Ki Defense																																																															
# CATEGORY=Special Ability|Improved Disarm.MOD		!PREABILITY:1,CATEGORY=Special Ability,Fiery Ki Defense																																																																				
# CATEGORY=Special Ability|Improved Trip.MOD		!PREABILITY:1,CATEGORY=Special Ability,Fiery Ki Defense																																																																				
Fiery Ki Defense	CATEGORY:Special Ability	TYPE:MonkBonusFeat.MonCombatCircle2	VISIBLE:DISPLAY	!PREABILITY:1,CATEGORY=Special Ability,TYPE.MonCombatCircle2		PREMULT:2,[PREABILITY:1,CATEGORY=Special Ability,Fiery Fist],[PREABILITY:1,CATEGORY=Special Ability,Stunning Fist]	PREVARGTEQ:MonkBonusFeatLVL,6	VFEAT:Fiery Ki Defense																																																															
CATEGORY=Special Ability|Improved Disarm.MOD	TYPE:MonkCombatCircle2	!PREABILITY:1,CATEGORY=Special Ability,TYPE.MonCombatCircle2
CATEGORY=Special Ability|Improved Trip.MOD	TYPE:MonkCombatCircle2	!PREABILITY:1,CATEGORY=Special Ability,TYPE.MonCombatCircle2

# Ki Blast	CATEGORY:Special Ability	TYPE:MonkBonusFeat.MonkCombatCircle3	VISIBLE:DISPLAY	!PREMULT:1,[PREABILITY:1,CATEGORY=Special Ability,Improved Disarm],[PREABILITY:1,CATEGORY=Special Ability,Improved Trip],[PREABILITY:1,CATEGORY=Special Ability,Fiery Ki Defense]	PREMULT:2,[PREABILITY:1,CATEGORY=Special Ability,Fiery Fist],[PREABILITY:1,CATEGORY=Special Ability,Stunning Fist]	PREVARGTEQ:MonkBonusFeatLVL,6	VFEAT:Ki Blast	PREATT:6																																																														
# CATEGORY=Special Ability|Improved Disarm.MOD		!PREABILITY:1,CATEGORY=Special Ability,Ki Blast																																																																				
# CATEGORY=Special Ability|Improved Trip.MOD		!PREABILITY:1,CATEGORY=Special Ability,Ki Blast																																																																				
Ki Blast	CATEGORY:Special Ability	TYPE:MonkBonusFeat.MonkCombatCircle3	VISIBLE:DISPLAY		PREMULT:2,[PREABILITY:1,CATEGORY=Special Ability,Fiery Fist],[PREABILITY:1,CATEGORY=Special Ability,Stunning Fist]	PREVARGTEQ:MonkBonusFeatLVL,6	VFEAT:Ki Blast	PREATT:6																																																														
CATEGORY=Special Ability|Improved Disarm.MOD	TYPE:MonkCombatCircle3	!PREABILITY:1,CATEGORY=Special Ability,TYPE.MonCombatCircle3
CATEGORY=Special Ability|Improved Trip.MOD	TYPE:MonkCombatCircle3	!PREABILITY:1,CATEGORY=Special Ability,TYPE.MonCombatCircle3

Water Splitting Stone	CATEGORY:Special Ability	TYPE:MonkBonusFeat	VISIBLE:DISPLAY		PREABILITY:1,CATEGORY=Special Ability,Stunning Fist	PREVARGTEQ:MonkBonusFeatLVL,9	VFEAT:Water Splitting Stone	PREATT:9																																																														
#																																																																						
# Ranger																																																																						
Ranger Two-Weapon Fighting	CATEGORY:Two-Weapon Fighting Combat Style	TYPE:RangerCombatStyle2Weapon	VISIBLE:DISPLAY			PREVARGTEQ:RangerCombatTree,1	VFEAT:Two-Weapon Fighting|PREMULT:2,[PREVARGTEQ:RangerCombatTree,1],[!PREEQUIP:1,TYPE=Armor.Medium,TYPE=Armor.Heavy]																																																															
Ranger Improved Two-Weapon Fighting	CATEGORY:Two Weapon Fighting Combat Style	TYPE:RangerCombatStyle2Weapon	VISIBLE:DISPLAY			PREVARGTEQ:RangerCombatTree,2	VFEAT:Improved Two-Weapon Fighting|PREMULT:2,[PREVARGTEQ:RangerCombatTree,2],[!PREEQUIP:1,TYPE=Armor.Medium,TYPE=Armor.Heavy]																																																															
Ranger Greater Two-Weapon Fighting	CATEGORY:Two Weapon Fighting Combat Style	TYPE:RangerCombatStyle2Weapon	VISIBLE:DISPLAY			PREVARGTEQ:RangerCombatTree,3	VFEAT:Greater Two-Weapon Fighting|PREMULT:2,[PREVARGTEQ:RangerCombatTree,3],[!PREEQUIP:1,TYPE=Armor.Medium,TYPE=Armor.Heavy]																																																															
Ranger Two Weapon Pounce	CATEGORY:Two Weapon Fighting Combat Style	TYPE:RangerCombatStyle2Weapon	VISIBLE:DISPLAY			PREVARGTEQ:RangerCombatTree,2	VFEAT:Two Weapon Pounce|PREMULT:2,[PREVARGTEQ:RangerCombatTree,2],[!PREEQUIP:1,TYPE=Armor.Medium,TYPE=Armor.Heavy]																																																															
Ranger Two Weapon Rend	CATEGORY:Two Weapon Fighting Combat Style	TYPE:RangerCombatStyle2Weapon	VISIBLE:DISPLAY			PREVARGTEQ:RangerCombatTree,3	VFEAT:Two Weapon Rend|PREMULT:2,[PREVARGTEQ:RangerCombatTree,3],[!PREEQUIP:1,TYPE=Armor.Medium,TYPE=Armor.Heavy]																																																															
Ranger Rapid Shot	CATEGORY:Archery Combat Style	TYPE:RangerCombatStyleArchery	VISIBLE:DISPLAY			PREVARGTEQ:RangerCombatTree,1	VFEAT:Rapid Shot|PREMULT:2,[PREVARGTEQ:RangerCombatTree,1],[!PREEQUIP:1,TYPE=Armor.Medium,TYPE=Armor.Heavy]																																																															
Ranger Manyshot	CATEGORY:Archery Combat Style	TYPE:RangerCombatStyleArchery	VISIBLE:DISPLAY			PREVARGTEQ:RangerCombatTree,2	VFEAT:Manyshot|PREMULT:2,[PREVARGTEQ:RangerCombatTree,2],[!PREEQUIP:1,TYPE=Armor.Medium,TYPE=Armor.Heavy]																																																															
Ranger Improved Precise Shot	CATEGORY:Archery Combat Style	TYPE:RangerCombatStyleArchery	VISIBLE:DISPLAY			PREVARGTEQ:RangerCombatTree,3	VFEAT:Improved Precise Shot|PREMULT:2,[PREVARGTEQ:RangerCombatTree,3],[!PREEQUIP:1,TYPE=Armor.Medium,TYPE=Armor.Heavy]