SOURCELONG:Player's Handbook	SOURCESHORT:PHB2	SOURCEWEB:http://www.gozzilioni.net																								
																										
###Block: AB																										
# Spell Name	Output Name	Spell Variations	Type	CLASSES:	Domains granting the spell	SCHOOL:	Sub-School	Spell Descriptors	Components	Casting Time	Range	TARGETAREA:		Duration	SAVEINFO:	SPELLRES:	DESC:See text	Source Page	Item	COST:	XPCOST:	PPCOST	Combat bonus	Bonus to HP	Stat bonus	Choose
Alter Fortune			TYPE:Arcane.Divine	CLASSES:Bard=3|Cleric=3|Druid=3|Sorcerer,Wizard=3		SCHOOL:Divination			COMPS:V, XP	CASTTIME:1 immediate action	RANGE:Close	TARGETAREA:One creature		DURATION:Instantaneous	SAVEINFO:None	SPELLRES:No	DESC:See text	SOURCEPAGE:PHB2			XPCOST:200					
Animalistic Power			TYPE:Arcane.Divine	CLASSES:Cleric=2|Druid=2|Ranger=2|Sorcerer,Wizard=2		SCHOOL:Transmutation			COMPS:V, S, M	CASTTIME:1 standard action	RANGE:Touch	TARGETAREA:Creature touched		DURATION:1 minute/level	SAVEINFO:Will negates (harmless)	SPELLRES:Yes	DESC:See text	SOURCEPAGE:PHB2								
Animalistic Power (Mass)	OUTPUTNAME:Animalistic Power, Mass		TYPE:Arcane.Divine	CLASSES:Cleric=7|Druid=7|Sorcerer,Wizard=7		SCHOOL:Transmutation			COMPS:V, S, M	CASTTIME:1 standard action	RANGE:Close	TARGETAREA:One creature/level, no two of wich can be more than 30-ft apart		DURATION:1 minute/level	SAVEINFO:Will negates (harmless)	SPELLRES:Yes	DESC:See text	SOURCEPAGE:PHB2								
As the Frost			TYPE:Arcane.Divine	CLASSES:Druid=7|Sorcerer,Wizard=7		SCHOOL:Transmutation		DESCRIPTOR:Cold	COMPS:V, S, M	CASTTIME:1 standard action	RANGE:Personal	TARGETAREA:You		DURATION:1 round/level	SAVEINFO:None	SPELLRES:No	DESC:See text	SOURCEPAGE:PHB2								
Blaeful Blink			TYPE:Arcane	CLASSES:Bard=4|Sorcerer,Wizard=4		SCHOOL:Transmutation			COMPS:V	CASTTIME:1 standard action	RANGE:Close	TARGETAREA:One creature		DURATION:1 round/level	SAVEINFO:Fort negates	SPELLRES:No	DESC:See text	SOURCEPAGE:PHB2								
Bigby's Disrupting Hand			TYPE:Arcane	CLASSES:Sorcerer,Wizard=3		SCHOOL:Evocation		DESCRIPTOR:Force	COMPS:V, S, F	CASTTIME:1 standard action	RANGE:Medium	TARGETAREA:One hand of force		DURATION:1 minute	SAVEINFO:None	SPELLRES:No	DESC:See text	SOURCEPAGE:PHB2								
Bigby's Helpful Hand			TYPE:Arcane	CLASSES:Sorcerer,Wizard=1		SCHOOL:Evocation		DESCRIPTOR:Force	COMPS:V, S, F	CASTTIME:1 standard action	RANGE:0 ft.	TARGETAREA:One hand of force		DURATION:1 hour/level	SAVEINFO:None	SPELLRES:No	DESC:See text	SOURCEPAGE:PHB2								
Bigby's Striking Fist			TYPE:Arcane	CLASSES:Sorcerer,Wizard=2		SCHOOL:Evocation		DESCRIPTOR:Force	COMPS:V, S, M	CASTTIME:1 standard action	RANGE:Medium	TARGETAREA:One creature		DURATION:Instantaneous	SAVEINFO:Reflex partial	SPELLRES:Yes	DESC:See text	SOURCEPAGE:PHB2								
Bigby's Tripping Hand			TYPE:Arcane	CLASSES:Sorcerer,Wizard=1		SCHOOL:Evocation		DESCRIPTOR:Force	COMPS:V, S, M	CASTTIME:1 standard action	RANGE:Medium	TARGETAREA:One creature		DURATION:Instantaneous	SAVEINFO:Reflex negate	SPELLRES:Yes	DESC:See text	SOURCEPAGE:PHB2								
Bigby's Warding Hand			TYPE:Arcane	CLASSES:Sorcerer,Wizard=2		SCHOOL:Evocation		DESCRIPTOR:Force	COMPS:V, S, F	CASTTIME:1 standard action	RANGE:Medium	TARGETAREA:One hand of force		DURATION:1 round/level	SAVEINFO:None	SPELLRES:No	DESC:See text	SOURCEPAGE:PHB2								
Black Karma Curse			TYPE:Arcane.Divine	CLASSES:Cleric=2|Sorcerer,Wizard=2		SCHOOL:Enchantment	SUBSCHOOL:Compulsion	DESCRIPTOR:Mind-Affecting	COMPS:V, S	CASTTIME:1 standard action	RANGE:Close	TARGETAREA:One creature		DURATION:Instantaneous	SAVEINFO:Will negates	SPELLRES:Yes	DESC:See text	SOURCEPAGE:PHB2								
Blade of Blood			TYPE:Arcane.Divine	CLASSES:Cleric=1|Sorcerer,Wizard=1		SCHOOL:Necromancy			COMPS:V, S	CASTTIME:1 swift action	RANGE:Touch	TARGETAREA:Weapon touched		DURATION:1 round/level or until discharged	SAVEINFO:None	SPELLRES:No	DESC:See text	SOURCEPAGE:PHB2								
Blade Brothers			TYPE:Divine	CLASSES:Bard=2|Cleric=2		SCHOOL:Abjuration			COMPS:V, S	CASTTIME:1 standard action	RANGE:Touch	TARGETAREA:Two willing creatures		DURATION:1 minute/level or until discharged	SAVEINFO:Will negates (harmless)	SPELLRES:Yes	DESC:See text	SOURCEPAGE:PHB2								
Bleakness			TYPE:Arcane.Divine	CLASSES:Cleric=4|Sorcerer,Wizard=4		SCHOOL:Evocation		DESCRIPTOR:Darkness|Evil	COMPS:V, S, DF	CASTTIME:1 standard action	RANGE:Close	TARGETAREA:20-ft-radius emanation centered on a point in space		DURATION:1 round/level	SAVEINFO:None	SPELLRES:No	DESC:See text	SOURCEPAGE:PHB2								
Blessing of the Righteous			TYPE:Divine	CLASSES:Cleric=4|Paladin=4		SCHOOL:Evocation		DESCRIPTOR:Good	COMPS:V, S, DF	CASTTIME:1 standard action	RANGE:40 ft.	TARGETAREA:All allies in a 40-ft-radius burst centered on you		DURATION:1 round/level	SAVEINFO:Will negates (harmless)	SPELLRES:Yes	DESC:See text	SOURCEPAGE:PHB2								
Blinding Color Surge			TYPE:Arcane	CLASSES:Sorcerer,Wizard=2		SCHOOL:Illusion	SUBSCHOOL:Glamer		COMPS:V, S, F	CASTTIME:1 standard action	RANGE:Medium	TARGETAREA:You and one creature		DURATION:1 round/level	SAVEINFO:Will negates	SPELLRES:Yes	DESC:See text	SOURCEPAGE:PHB2								
Blood Creepers			TYPE:Divine	CLASSES:Druid=5		SCHOOL:Conjuration	SUBSCHOOL:Creation		COMPS:V, S, DF	CASTTIME:1 standard action	RANGE:Medium	TARGETAREA:One creature		DURATION:1 round/level	SAVEINFO:Fort negates	SPELLRES:Yes	DESC:See text	SOURCEPAGE:PHB2								
Bones of the Earth			TYPE:Divine	CLASSES:Druid=6		SCHOOL:Conjuration	SUBSCHOOL:Creation	DESCRIPTOR:Earth	COMPS:V, S, DF	CASTTIME:1 standard action	RANGE:60 ft.	TARGETAREA:One 5-ft diameter pillar of stone per round		DURATION:1 round/2 level	SAVEINFO:Reflex negate	SPELLRES:No	DESC:See text	SOURCEPAGE:PHB2								
Bright Worms			TYPE:Arcane	CLASSES:Sorcerer,Wizard=4		SCHOOL:Conjuration	SUBSCHOOL:Summoning	DESCRIPTOR:Fire	COMPS:V, S	CASTTIME:1 standard action	RANGE:Medium	TARGETAREA:20-ft-radius spread		DURATION:1 round/level	SAVEINFO:Reflex half	SPELLRES:No	DESC:See text	SOURCEPAGE:PHB2								
Burning Rage			TYPE:Arcane	CLASSES:Sorcerer,Wizard=1		SCHOOL:Transmutation			COMPS:V, S	CASTTIME:1 standard action	RANGE:Close	TARGETAREA:One creature		DURATION:1 round/level	SAVEINFO:Will negates	SPELLRES:Yes	DESC:See text	SOURCEPAGE:PHB2								
Call of Stone			TYPE:Arcane.Divine	CLASSES:Druid=4|Sorcerer,Wizard=4		SCHOOL:Transmutation			COMPS:V, S	CASTTIME:1 standard action	RANGE:Medium	TARGETAREA:One creature		DURATION:1 round/2 level	SAVEINFO:Fort partial	SPELLRES:Yes	DESC:See text	SOURCEPAGE:PHB2								
Celerity			TYPE:Arcane.Divine	CLASSES:Bard=4|Sorcerer,Wizard=4		SCHOOL:Transmutation			COMPS:V	CASTTIME:1 immediate action	RANGE:Personal	TARGETAREA:You		DURATION:Instantaneous	SAVEINFO:None	SPELLRES:No	DESC:See text	SOURCEPAGE:PHB2								
Celerity (Greater)	OUTPUTNAME:Celerity, Greater		TYPE:Arcane.Divine	CLASSES:Bard=8|Sorcerer,Wizard=8		SCHOOL:Transmutation			COMPS:V	CASTTIME:1 immediate action	RANGE:Personal	TARGETAREA:You		DURATION:Instantaneous	SAVEINFO:None	SPELLRES:No	DESC:See text	SOURCEPAGE:PHB2								
Celerity (Lesser)	OUTPUTNAME:Celerity, Lesser		TYPE:Arcane.Divine	CLASSES:Bard=2|Sorcerer,Wizard=2		SCHOOL:Transmutation			COMPS:V	CASTTIME:1 immediate action	RANGE:Personal	TARGETAREA:You		DURATION:Instantaneous	SAVEINFO:None	SPELLRES:No	DESC:See text	SOURCEPAGE:PHB2								
Chain Dispel			TYPE:Arcane.Divine	CLASSES:Cleric=8|Sorcerer,Wizard=8		SCHOOL:Abjuration			COMPS:V, S, M/DF	CASTTIME:1 standard action	RANGE:Close	TARGETAREA:One or more creatures, no two of wich are more than 30-ft apart		DURATION:Instantaneous	SAVEINFO:None	SPELLRES:No	DESC:See text	SOURCEPAGE:PHB2								
Channelled Divine Health			TYPE:Divine	CLASSES:Cleric=4		SCHOOL:Conjuration	SUBSCHOOL:Healing		COMPS:V, S	CASTTIME:See text	RANGE:See text	TARGETAREA:One creature		DURATION:Instantaneous	SAVEINFO:Will negates (harmless)	SPELLRES:Yes	DESC:See text	SOURCEPAGE:PHB2								
Channelled Divine Shield			TYPE:Divine	CLASSES:Cleric=3		SCHOOL:Abjuration			COMPS:V, S	CASTTIME:See text	RANGE:Personal	TARGETAREA:You		DURATION:1 round/level	SAVEINFO:None	SPELLRES:No	DESC:See text	SOURCEPAGE:PHB2								
Channelled Pyroburst			TYPE:Arcane	CLASSES:Sorcerer,Wizard=4		SCHOOL:Evocation		DESCRIPTOR:Fire	COMPS:V, S	CASTTIME:See text	RANGE:Medium	TARGETAREA:See text		DURATION:Instantaneous	SAVEINFO:Reflex half	SPELLRES:Yes	DESC:See text	SOURCEPAGE:PHB2								
Chasing Perfection			TYPE:Arcane.Divine	CLASSES:Cleric=6|Druid=6|Sorcerer,Wizard=6		SCHOOL:Transmutation			COMPS:V, S, M	CASTTIME:1 standard action	RANGE:Touch	TARGETAREA:Creature touched		DURATION:1 minute/level	SAVEINFO:Will negates (harmless)	SPELLRES:Yes	DESC:See text	SOURCEPAGE:PHB2		COST:50						
Cloud of Knives			TYPE:Arcane.Divine	CLASSES:Cleric=2|Sorcerer,Wizard=2		SCHOOL:Conjuration			COMPS:V, S, M	CASTTIME:1 standard action	RANGE:Personal	TARGETAREA:You		DURATION:1 round/level	SAVEINFO:None	SPELLRES:No	DESC:See text	SOURCEPAGE:PHB2								
Condemnation			TYPE:Arcane.Divine	CLASSES:Cleric=5|Sorcerer,Wizard=4		SCHOOL:Abjuration			COMPS:V	CASTTIME:1 standard action	RANGE:Close	TARGETAREA:One outsider		DURATION:1 round	SAVEINFO:Will negates	SPELLRES:Yes	DESC:See text	SOURCEPAGE:PHB2								
Crown of Clarity			TYPE:Arcane.Divine	CLASSES:Druid=3|Ranger=2|Sorcerer,Wizard=3		SCHOOL:Divination			COMPS:V, S, F	CASTTIME:1 standard action	RANGE:Touch	TARGETAREA:Creature touched		DURATION:1 hour/level or until discharged	SAVEINFO:Will negates (harmless)	SPELLRES:Yes	DESC:See text	SOURCEPAGE:PHB2								
Crown of the Grave			TYPE:Arcane.Divine	CLASSES:Cleric=3|Sorcerer,Wizard=3		SCHOOL:Necromancy			COMPS:V, S, M, F	CASTTIME:1 standard action	RANGE:Touch	TARGETAREA:Creature touched		DURATION:1 hour/level or until discharged	SAVEINFO:Will negates (harmless)	SPELLRES:Yes	DESC:See text	SOURCEPAGE:PHB2								
Crown of Might			TYPE:Arcane.Divine	CLASSES:Cleric=3|Sorcerer,Wizard=3		SCHOOL:Transmutation			COMPS:V, S, F	CASTTIME:1 standard action	RANGE:Touch	TARGETAREA:Creature touched		DURATION:1 hour/level or until discharged	SAVEINFO:Will negates (harmless)	SPELLRES:Yes	DESC:See text	SOURCEPAGE:PHB2								
Crown of Protection			TYPE:Arcane.Divine	CLASSES:Cleric=3|Sorcerer,Wizard=3		SCHOOL:Transmutation			COMPS:V, S, F	CASTTIME:1 standard action	RANGE:Touch	TARGETAREA:Creature touched		DURATION:1 hour/level or until discharged	SAVEINFO:Will negates (harmless)	SPELLRES:Yes	DESC:See text	SOURCEPAGE:PHB2								
Crown of Smiting			TYPE:Divine	CLASSES:Cleric=3|Paladin=2		SCHOOL:Evocation			COMPS:V, S, F	CASTTIME:1 standard action	RANGE:Touch	TARGETAREA:Creature touched		DURATION:1 hour/level or until discharged	SAVEINFO:Will negates (harmless)	SPELLRES:Yes	DESC:See text	SOURCEPAGE:PHB2		COST:25						
Crown of Veils			TYPE:Arcane.Divine	CLASSES:Bard=2|Sorcerer,Wizard=3		SCHOOL:Illusion	SUBSCHOOL:Figment		COMPS:V, S, F	CASTTIME:1 standard action	RANGE:Touch	TARGETAREA:Creature touched		DURATION:1 hour/level or until discharged	SAVEINFO:Will negates (harmless)	SPELLRES:Yes	DESC:See text	SOURCEPAGE:PHB2								
Crushing Grip			TYPE:Arcane	CLASSES:Sorcerer,Wizard=4		SCHOOL:Evocation			COMPS:V, S	CASTTIME:1 full round	RANGE:Close	TARGETAREA:One creature		DURATION:3 rounds	SAVEINFO:Fort negates; See text	SPELLRES:Yes	DESC:See text	SOURCEPAGE:PHB2								
Curse of Arrow Attraction			TYPE:Arcane.Divine	CLASSES:Cleric=3|Ranger=2|Sorcerer,Wizard=3		SCHOOL:Transmutation			COMPS:V, S, M	CASTTIME:1 standard action	RANGE:Medium	TARGETAREA:One creature		DURATION:1 round/level	SAVEINFO:Will negates	SPELLRES:Yes	DESC:See text	SOURCEPAGE:PHB2								
Dancing Blade			TYPE:Arcane	CLASSES:Bard=5|Sorcerer,Wizard=5		SCHOOL:Transmutation			COMPS:V, S, F	CASTTIME:1 standard action	RANGE:Touch	TARGETAREA:Weapon touched		DURATION:1 round/level	SAVEINFO:None	SPELLRES:No	DESC:See text	SOURCEPAGE:PHB2								
Deflect			TYPE:Arcane	CLASSES:Sorcerer,Wizard=2		SCHOOL:Abjuration		DESCRIPTOR:Force	COMPS:V	CASTTIME:1 immediate action	RANGE:Personal	TARGETAREA:You		DURATION:1 round or until discharged	SAVEINFO:None	SPELLRES:No	DESC:See text	SOURCEPAGE:PHB2								
Deflect (Lesser)	OUTPUTNAME:Deflect, Lesser		TYPE:Arcane	CLASSES:Sorcerer,Wizard=1		SCHOOL:Abjuration		DESCRIPTOR:Force	COMPS:V	CASTTIME:1 immediate action	RANGE:Personal	TARGETAREA:You		DURATION:1 round or until discharged	SAVEINFO:None	SPELLRES:No	DESC:See text	SOURCEPAGE:PHB2								
Detonate			TYPE:Arcane	CLASSES:Sorcerer,Wizard=9		SCHOOL:Evocation		DESCRIPTOR:Death|Fire	COMPS:V, S, M	CASTTIME:1 standard action	RANGE:Medium	TARGETAREA:One creature		DURATION:Instantaneous	SAVEINFO:Fort partial; See text	SPELLRES:Yes	DESC:See text	SOURCEPAGE:PHB2								
Dimension Hop			TYPE:Arcane	CLASSES:Sorcerer,Wizard=2		SCHOOL:Conjuration	SUBSCHOOL:Teleportation		COMPS:V	CASTTIME:1 standard action	RANGE:Touch	TARGETAREA:Creature touched		DURATION:Instantaneous	SAVEINFO:Will negates	SPELLRES:Yes	DESC:See text	SOURCEPAGE:PHB2								
Dimension Shuffle			TYPE:Arcane	CLASSES:Sorcerer,Wizard=5		SCHOOL:Conjuration	SUBSCHOOL:Teleportation		COMPS:V	CASTTIME:1 standard action	RANGE:Close	TARGETAREA:One creature/level, no two of wich can be more than 30-ft apart		DURATION:Instantaneous	SAVEINFO:Will negates; See text	SPELLRES:Yes	DESC:See text	SOURCEPAGE:PHB2								
Dimension Step			TYPE:Arcane	CLASSES:Sorcerer,Wizard=3		SCHOOL:Conjuration	SUBSCHOOL:Teleportation		COMPS:V, S	CASTTIME:1 standard action	RANGE:Close	TARGETAREA:One creature/level, no two of wich can be more than 30-ft apart		DURATION:Instantaneous	SAVEINFO:Fort negates (harmless)	SPELLRES:Yes	DESC:See text	SOURCEPAGE:PHB2								
Dispelling Touch			TYPE:Arcane	CLASSES:Sorcerer,Wizard=2		SCHOOL:Abjuration			COMPS:V, S	CASTTIME:1 standard action	RANGE:Touch	TARGETAREA:One touched creature, object or spell effect		DURATION:Instantaneous	SAVEINFO:None	SPELLRES:No	DESC:See text	SOURCEPAGE:PHB2								
Divine Retaliation			TYPE:Divine	CLASSES:Cleric=3|Paladin=4		SCHOOL:Evocation		DESCRIPTOR:Force	COMPS:V, S, DF	CASTTIME:1 swift action	RANGE:0 ft.	TARGETAREA:Magic weapon of force		DURATION:1 round	SAVEINFO:None	SPELLRES:No	DESC:See text	SOURCEPAGE:PHB2								
Doom Scarabs			TYPE:Arcane	CLASSES:Sorcerer,Wizard=4		SCHOOL:Conjuration|Necromancy			COMPS:V, S	CASTTIME:1 standard action	RANGE:60 ft.	TARGETAREA:Cone shaped burst		DURATION:Instantaneous	SAVEINFO:Will half	SPELLRES:See Text	DESC:See text	SOURCEPAGE:PHB2								
Dragonshape			TYPE:Arcane	CLASSES:Sorcerer,Wizard=9		SCHOOL:Transmutation	SUBSCHOOL:Polymorph		COMPS:V, S	CASTTIME:1 swift action	RANGE:Personal	TARGETAREA:You		DURATION:1 round/level	SAVEINFO:None	SPELLRES:No	DESC:See text	SOURCEPAGE:PHB2								
Drift of the Shalm			TYPE:Divine	CLASSES:Druid=2		SCHOOL:Evocation			COMPS:V, S	CASTTIME:1 standard action	RANGE:Medium	TARGETAREA:One 5-ft square/level		DURATION:1 round/level	SAVEINFO:None	SPELLRES:No	DESC:See text	SOURCEPAGE:PHB2								
Electric Vengeance			TYPE:Arcane	CLASSES:Sorcerer,Wizard=2		SCHOOL:Evocation		DESCRIPTOR:Electricity	COMPS:V, S	CASTTIME:1 immediate action	RANGE:5 ft	TARGETAREA:One creature		DURATION:Instantaneous	SAVEINFO:None	SPELLRES:No	DESC:See text	SOURCEPAGE:PHB2								
Electric Vengeance (Greater)	OUTPUTNAME:Electric Vengeance, Greater		TYPE:Arcane	CLASSES:Sorcerer,Wizard=5		SCHOOL:Evocation		DESCRIPTOR:Electricity	COMPS:V, S	CASTTIME:1 immediate action	RANGE:5 ft	TARGETAREA:One creature		DURATION:Instantaneous	SAVEINFO:Fort partial	SPELLRES:No	DESC:See text	SOURCEPAGE:PHB2								
Energy Aegis			TYPE:Arcane.Divine	CLASSES:Cleric=3|Sorcerer,Wizard=3		SCHOOL:Abjuration			COMPS:V, DF	CASTTIME:1 immediate action	RANGE:Close	TARGETAREA:One creature		DURATION:1 round	SAVEINFO:Will negates (harmless)	SPELLRES:Yes	DESC:See text	SOURCEPAGE:PHB2								
Energy Surge			TYPE:Arcane	CLASSES:Sorcerer,Wizard=3		SCHOOL:Transmutation		DESCRIPTOR:See text	COMPS:V	CASTTIME:1 swift action	RANGE:Close	TARGETAREA:One weapon		DURATION:1 round	SAVEINFO:Will negates (harmless)	SPELLRES:Yes	DESC:See text	SOURCEPAGE:PHB2								
Energy Surge (Greater)			TYPE:Arcane	CLASSES:Sorcerer,Wizard=6		SCHOOL:Transmutation		DESCRIPTOR:See text	COMPS:V	CASTTIME:1 swift action	RANGE:Close	TARGETAREA:One weapon		DURATION:1 round	SAVEINFO:Will negates (harmless)	SPELLRES:Yes	DESC:See text	SOURCEPAGE:PHB2								
Energy Surge (Lesser)			TYPE:Arcane	CLASSES:Sorcerer,Wizard=2		SCHOOL:Transmutation		DESCRIPTOR:See text	COMPS:V	CASTTIME:1 swift action	RANGE:Close	TARGETAREA:One weapon		DURATION:1 round	SAVEINFO:Will negates (harmless)	SPELLRES:Yes	DESC:See text	SOURCEPAGE:PHB2								
Energy Vulnerability			TYPE:Arcane.Divine	CLASSES:Sorcerer,Wizard=3		SCHOOL:Abjuration			COMPS:V, S, M/DF	CASTTIME:1 standard action	RANGE:Medium	TARGETAREA:One or more creatures within 10-ft radius burst		DURATION:1 round/level	SAVEINFO:Will negates	SPELLRES:Yes	DESC:See text	SOURCEPAGE:PHB2								
Etherealness (Swift)	OUTPUTNAME:Etherealness, Swift		TYPE:Arcane.Divine	CLASSES:Cleric=5|Sorcerer,Wizard=5		SCHOOL:Transmutation			COMPS:V, S	CASTTIME:1 swift action	RANGE:Close	TARGETAREA:One willing creature		DURATION:1 round	SAVEINFO:Will negates	SPELLRES:Yes	DESC:See text	SOURCEPAGE:PHB2								
Evard's Menacing Tentacles			TYPE:Arcane.Divine	CLASSES:Druid=3|Sorcerer,Wizard=3		SCHOOL:Transmutation			COMPS:V, S, M	CASTTIME:1 standard action	RANGE:Personal	TARGETAREA:You		DURATION:1 round/level	SAVEINFO:None	SPELLRES:No	DESC:See text	SOURCEPAGE:PHB2								
Explosive Rune Field			TYPE:Arcane	CLASSES:Sorcerer,Wizard=4		SCHOOL:Conjuration		DESCRIPTOR:Fire	COMPS:V, S, M	CASTTIME:1 standard action	RANGE:Medium	TARGETAREA:20-ft-radius burst		DURATION:1 round/level	SAVEINFO:Reflex negate	SPELLRES:No	DESC:See text	SOURCEPAGE:PHB2		COST:25						
Field of Resistance			TYPE:Arcane	CLASSES:Sorcerer,Wizard=5		SCHOOL:Abjuration			COMPS:V, S	CASTTIME:1 standard action	RANGE:Medium	TARGETAREA:20-ft-radius emanation centered on a point in space		DURATION:1 round/level	SAVEINFO:None	SPELLRES:No	DESC:See text	SOURCEPAGE:PHB2								
Friend to Foe			TYPE:Arcane.Divine	CLASSES:Bard=5|Sorcerer,Wizard=5		SCHOOL:Illusion	SUBSCHOOL:Phantasm	DESCRIPTOR:Mind-Affecting	COMPS:V, S, M	CASTTIME:1 standard action	RANGE:Medium	TARGETAREA:One creature/level, no two of wich can be more than 30-ft apart		DURATION:1 round/level	SAVEINFO:Will negates	SPELLRES:Yes	DESC:See text	SOURCEPAGE:PHB2								
Halt			TYPE:Arcane.Divine	CLASSES:Bard=3|Sorcerer,Wizard=3		SCHOOL:Transmutation			COMPS:V	CASTTIME:1 immediate action	RANGE:Close	TARGETAREA:One creature		DURATION:1 round	SAVEINFO:Will negates	SPELLRES:Yes	DESC:See text	SOURCEPAGE:PHB2								
Healing Spirit			TYPE:Divine	CLASSES:Bard=4|Cleric=4|Druid=4|Paladin=3		SCHOOL:Conjuration	SUBSCHOOL:Healing		COMPS:V, S	CASTTIME:1 standard action	RANGE:Close	TARGETAREA:One conjured healing spirit		DURATION:1 round/2 level	SAVEINFO:Will half (harmless); See text	SPELLRES:Yes	DESC:See text	SOURCEPAGE:PHB2								
Hesitate			TYPE:Arcane.Divine	CLASSES:Bard=3|Cleric=3|Sorcerer,Wizard=3		SCHOOL:Enchantment	SUBSCHOOL:Compulsion	DESCRIPTOR:Mind-Affecting	COMPS:V, S	CASTTIME:1 immediate action	RANGE:Close	TARGETAREA:One living creature		DURATION:1 round/level	SAVEINFO:Will negates; See text	SPELLRES:Yes	DESC:See text	SOURCEPAGE:PHB2								
Hunter's Eye			TYPE:Divine	CLASSES:Ranger=2		SCHOOL:Divination			COMPS:V, S	CASTTIME:1 swift action	RANGE:Personal	TARGETAREA:You		DURATION:1 round	SAVEINFO:None	SPELLRES:No	DESC:See text	SOURCEPAGE:PHB2								
Incite Riot			TYPE:Arcane.Divine	CLASSES:Bard=5|Sorcerer,Wizard=5		SCHOOL:Enchantment		DESCRIPTOR:Mind-Affecting	COMPS:V	CASTTIME:1 standard action	RANGE:Close	TARGETAREA:One creature/level, no two of wich can be more than 30-ft apart		DURATION:1 round	SAVEINFO:Will negates	SPELLRES:Yes	DESC:See text	SOURCEPAGE:PHB2								
Increase Virulence			TYPE:Arcane.Divine	CLASSES:Bard=2|Sorcerer,Wizard=2		SCHOOL:Transmutation			COMPS:V, S, M	CASTTIME:1 minute	RANGE:Touch	TARGETAREA:Vial of poison or creature touched		DURATION:1 minute/level	SAVEINFO:None	SPELLRES:No	DESC:See text	SOURCEPAGE:PHB2								
Inevitable Defeat			TYPE:Arcane	CLASSES:Sorcerer,Wizard=3		SCHOOL:Enchantment	SUBSCHOOL:Compulsion	DESCRIPTOR:Mind-Affecting	COMPS:V, S	CASTTIME:1 standard action	RANGE:Touch	TARGETAREA:One creature		DURATION:1 round/level	SAVEINFO:See text	SPELLRES:Yes	DESC:See text	SOURCEPAGE:PHB2								
Insight of Good Fortune			TYPE:Arcane.Divine	CLASSES:Bard=2|Cleric=2|Sorcerer,Wizard=2		SCHOOL:Divination			COMPS:V, S, M	CASTTIME:1 standard action	RANGE:Close	TARGETAREA:One creature		DURATION:1 minute/level or until discharged	SAVEINFO:Will negates (harmless)	SPELLRES:Yes	DESC:See text	SOURCEPAGE:PHB2		COST:20						
Invest Heavy Protection			TYPE:Divine	CLASSES:Cleric=5		SCHOOL:Conjuration	SUBSCHOOL:Healing		COMPS:V, S	CASTTIME:1 standard action	RANGE:Touch	TARGETAREA:Creature touched		DURATION:Instantaneous; See text	SAVEINFO:Will half (harmless); See text	SPELLRES:Yes	DESC:See text	SOURCEPAGE:PHB2								
Invest Light Protection			TYPE:Divine	CLASSES:Cleric=1		SCHOOL:Conjuration	SUBSCHOOL:Healing		COMPS:V, S	CASTTIME:1 standard action	RANGE:Touch	TARGETAREA:Creature touched		DURATION:Instantaneous; See text	SAVEINFO:Will half (harmless); See text	SPELLRES:Yes	DESC:See text	SOURCEPAGE:PHB2								
Invest Moderate Protection			TYPE:Divine	CLASSES:Cleric=3		SCHOOL:Conjuration	SUBSCHOOL:Healing		COMPS:V, S	CASTTIME:1 standard action	RANGE:Touch	TARGETAREA:Creature touched		DURATION:Instantaneous; See text	SAVEINFO:Will half (harmless); See text	SPELLRES:Yes	DESC:See text	SOURCEPAGE:PHB2								
Kelgore's Fire Bolt			TYPE:Arcane	CLASSES:Sorcerer,Wizard=1		SCHOOL:Conjuration|Evocation		DESCRIPTOR:Fire	COMPS:V, S, M	CASTTIME:1 standard action	RANGE:Medium	TARGETAREA:One creature		DURATION:Instantaneous	SAVEINFO:Reflex half	SPELLRES:See Text	DESC:See text	SOURCEPAGE:PHB2								
Kelgore's Grave Mist			TYPE:Arcane	CLASSES:Sorcerer,Wizard=2		SCHOOL:Conjuration|Necromancy		DESCRIPTOR:Cold	COMPS:V, S, M	CASTTIME:1 standard action	RANGE:Medium	TARGETAREA:20-ft-radius spread, 20-ft high		DURATION:1 round/level	SAVEINFO:None	SPELLRES:See Text	DESC:See text	SOURCEPAGE:PHB2								
Legion of Sentinels			TYPE:Arcane	CLASSES:Sorcerer,Wizard=3		SCHOOL:Illusion	SUBSCHOOL:Shadow		COMPS:V, S, M	CASTTIME:1 standard action	RANGE:Close	TARGETAREA:10-ft-radius emanation centered on a point in space		DURATION:1 round/level	SAVEINFO:None	SPELLRES:No	DESC:See text	SOURCEPAGE:PHB2								
Linked Perception			TYPE:Divine	CLASSES:Druid=2|Ranger=1		SCHOOL:Divination			COMPS:V, DF	CASTTIME:1 standard action	RANGE:20 ft.	TARGETAREA:20-ft-radius emanation centered on you		DURATION:1 minute/level	SAVEINFO:Will negates (harmless)	SPELLRES:Yes	DESC:See text	SOURCEPAGE:PHB2								
Longstrider (Mass)	OUTPUTNAME:Longstrider, Mass		TYPE:Divine	CLASSES:Druid=5|Ranger=4		SCHOOL:Transmutation			COMPS:V	CASTTIME:1 swift action	RANGE:60 ft.	TARGETAREA:60-ft-radius emanation centered on you		DURATION:1 hour/level	SAVEINFO:Fort negates (harmless)	SPELLRES:Yes	DESC:See text	SOURCEPAGE:PHB2								
Luminous Assassin			TYPE:Arcane	CLASSES:Sorcerer,Wizard=5		SCHOOL:Conjuration	SUBSCHOOL:Summoning		COMPS:V, S, F	CASTTIME:1 standard action	RANGE:Medium	TARGETAREA:One summoned assassin		DURATION:1 round/level	SAVEINFO:None	SPELLRES:No	DESC:See text	SOURCEPAGE:PHB2								
Luminous Assassin (Greater)			TYPE:Arcane	CLASSES:Sorcerer,Wizard=7		SCHOOL:Conjuration	SUBSCHOOL:Summoning		COMPS:V, S, F	CASTTIME:1 standard action	RANGE:Medium	TARGETAREA:One summoned assassin		DURATION:1 round/level	SAVEINFO:None	SPELLRES:No	DESC:See text	SOURCEPAGE:PHB2								
Luminous Assassin (Lesser)			TYPE:Arcane	CLASSES:Sorcerer,Wizard=3		SCHOOL:Conjuration	SUBSCHOOL:Summoning		COMPS:V, S, F	CASTTIME:1 standard action	RANGE:Medium	TARGETAREA:One summoned assassin		DURATION:1 round/level	SAVEINFO:None	SPELLRES:No	DESC:See text	SOURCEPAGE:PHB2								
Magic Convalescence			TYPE:Divine	CLASSES:Bard=5|Cleric=5|Druid=5		SCHOOL:Conjuration	SUBSCHOOL:Healing		COMPS:V, S, M	CASTTIME:1 standard action	RANGE:20 ft.	TARGETAREA:20-ft-radius emanation centered on you		DURATION:1 round/level	SAVEINFO:None	SPELLRES:No	DESC:See text	SOURCEPAGE:PHB2								
Mana Flux			TYPE:Arcane.Divine	CLASSES:Cleric=5|Sorcerer,Wizard=5		SCHOOL:Abjuration			COMPS:V, S	CASTTIME:1 standard action	RANGE:Medium	TARGETAREA:20-ft-radius emanation centered on a point in space		DURATION:1 round/level	SAVEINFO:None	SPELLRES:No	DESC:See text	SOURCEPAGE:PHB2								
Mark of Doom			TYPE:Divine	CLASSES:Cleric=3|Paladin=2		SCHOOL:Necromancy			COMPS:V, S, DF	CASTTIME:1 standard action	RANGE:Medium	TARGETAREA:One creature		DURATION:1 round/level	SAVEINFO:None	SPELLRES:No	DESC:See text	SOURCEPAGE:PHB2								
Mark of Judgement			TYPE:Divine	CLASSES:Cleric=2		SCHOOL:Necromancy			COMPS:V, S, DF	CASTTIME:1 standard action	RANGE:Medium	TARGETAREA:One creature/3  level, no two of wich can be more than 30-ft apart		DURATION:1 round/level	SAVEINFO:Will negates	SPELLRES:Yes	DESC:See text	SOURCEPAGE:PHB2								
Master's Touch			TYPE:Arcane.Divine	CLASSES:Bard=2|Cleric=2|Sorcerer,Wizard=2		SCHOOL:Divination			COMPS:V	CASTTIME:1 immediate action	RANGE:Close	TARGETAREA:One creature		DURATION:Instantaneous	SAVEINFO:Will negates (harmless)	SPELLRES:Yes	DESC:See text	SOURCEPAGE:PHB2								
Melf's Unicorn Arrow			TYPE:Arcane	CLASSES:Sorcerer,Wizard=3		SCHOOL:Conjuration			COMPS:V, S, F	CASTTIME:1 standard action	RANGE:Medium	TARGETAREA:One creature or up to five creatures, no two of wich can be more than 15-ft apart		DURATION:Instantaneous	SAVEINFO:None	SPELLRES:No	DESC:See text	SOURCEPAGE:PHB2		COST:25						
Meteoric Strike			TYPE:Divine	CLASSES:Cleric=5|Druid=4|Paladin=4		SCHOOL:Transmutation			COMPS:V, S	CASTTIME:1 swift action	RANGE:0 ft.	TARGETAREA:Your melee weapon		DURATION:1 round or until discharged	SAVEINFO:See text	SPELLRES:See Text	DESC:See text	SOURCEPAGE:PHB2								
Mirror Image (Greater)	OUTPUTNAME:Mirror Image, Greater		TYPE:Arcane.Divine	CLASSES:Bard=4|Sorcerer,Wizard=4		SCHOOL:Illusion	SUBSCHOOL:Figment		COMPS:V, S	CASTTIME:1 immediate action	RANGE:Personal	TARGETAREA:You		DURATION:1 minute/level	SAVEINFO:None	SPELLRES:No	DESC:See text	SOURCEPAGE:PHB2								
Mystic Aegis			TYPE:Divine	CLASSES:Cleric=4		SCHOOL:Abjuration			COMPS:V, DF	CASTTIME:1 immediate action	RANGE:Personal	TARGETAREA:You		DURATION:Instantaneous	SAVEINFO:None	SPELLRES:No	DESC:See text	SOURCEPAGE:PHB2								
Mystic Surge			TYPE:Arcane	CLASSES:Sorcerer,Wizard=4		SCHOOL:Universal			COMPS:V	CASTTIME:1 standard action	RANGE:Close	TARGETAREA:One creature		DURATION:1 round	SAVEINFO:Will negates (harmless)	SPELLRES:Yes	DESC:See text	SOURCEPAGE:PHB2								
Overwhelm			TYPE:Arcane	CLASSES:Sorcerer,Wizard=6		SCHOOL:Enchantment	SUBSCHOOL:Compulsion	DESCRIPTOR:Mind-Affecting	COMPS:V, S	CASTTIME:1 standard action	RANGE:Touch	TARGETAREA:One creature		DURATION:Instantaneous	SAVEINFO:Will negates	SPELLRES:Yes	DESC:See text	SOURCEPAGE:PHB2								
Phantom Battle			TYPE:Arcane.Divine	CLASSES:Bard=3|Sorcerer,Wizard=4		SCHOOL:Illusion	SUBSCHOOL:Figment		COMPS:V, S	CASTTIME:1 standard action	RANGE:Medium	TARGETAREA:20-ft-radius spread		DURATION:1 round/level	SAVEINFO:Will negates	SPELLRES:Yes	DESC:See text	SOURCEPAGE:PHB2								
Plague			TYPE:Arcane.Divine	CLASSES:Cleric=7|Druid=7|Sorcerer,Wizard=8		SCHOOL:Necromancy		DESCRIPTOR:Evil	COMPS:V, S	CASTTIME:1 standard action	RANGE:Close	TARGETAREA:One living creature/level, no two of which can be more than 30-ft apart		DURATION:1 round/level	SAVEINFO:Fort negates	SPELLRES:Yes	DESC:See text	SOURCEPAGE:PHB2								
Prismatic Mist			TYPE:Arcane	CLASSES:Sorcerer,Wizard=3		SCHOOL:Evocation			COMPS:V	CASTTIME:1 standard action	RANGE:Medium	TARGETAREA:30-ft-radius spread		DURATION:1 minute/level	SAVEINFO:See text	SPELLRES:No	DESC:See text	SOURCEPAGE:PHB2								
Pulse of Hate			TYPE:Arcane.Divine	CLASSES:Cleric=7|Sorcerer,Wizard=7		SCHOOL:Necromancy		DESCRIPTOR:Evil	COMPS:V, S, M/DF	CASTTIME:1 standard action	RANGE:20 ft.	TARGETAREA:20-ft-radius emanation centered on you		DURATION:1 round/level	SAVEINFO:Will half	SPELLRES:Yes	DESC:See text	SOURCEPAGE:PHB2								
Radiance			TYPE:Arcane.Divine	CLASSES:Cleric=5|Druid=5|Sorcerer,Wizard=5		SCHOOL:Evocation		DESCRIPTOR:Good|Light	COMPS:V, S, DF	CASTTIME:1 standard action	RANGE:60 ft.	TARGETAREA:60-ft-radius emanation centered on you		DURATION:1 round/level; See text	SAVEINFO:None	SPELLRES:No	DESC:See text	SOURCEPAGE:PHB2								
Ray of the Python			TYPE:Arcane.Divine	CLASSES:Bard=2|Sorcerer,Wizard=3		SCHOOL:Evocation			COMPS:V, S	CASTTIME:1 standard action	RANGE:Close	TARGETAREA:One creature		DURATION:1 minute	SAVEINFO:Reflex negate; See text	SPELLRES:Yes	DESC:See text	SOURCEPAGE:PHB2								
Regroup			TYPE:Arcane	CLASSES:Sorcerer,Wizard=3		SCHOOL:Conjuration	SUBSCHOOL:Teleportation		COMPS:V, S	CASTTIME:1 standard action	RANGE:Close	TARGETAREA:One willing creature/level		DURATION:Instantaneous	SAVEINFO:None	SPELLRES:No	DESC:See text	SOURCEPAGE:PHB2								
Renewed Vigor			TYPE:Divine	CLASSES:Bard=5|Cleric=4|Druid=4		SCHOOL:Transmutation			COMPS:V, S	CASTTIME:1 standard action	RANGE:30 ft.	TARGETAREA:30-ft-radius emanation centered on you		DURATION:Instantaneous; See text	SAVEINFO:Fort negates (harmless)	SPELLRES:Yes	DESC:See text	SOURCEPAGE:PHB2								
Righteous Burst			TYPE:Divine	CLASSES:Cleric=7		SCHOOL:Evocation		DESCRIPTOR:Good	COMPS:V, S, M, DF	CASTTIME:1 standard action	RANGE:30 ft.	TARGETAREA:30-ft-radius emanation centered on you		DURATION:Instantaneous	SAVEINFO:See text	SPELLRES:See Text	DESC:See text	SOURCEPAGE:PHB2		COST:15						
Rouse			TYPE:Arcane	CLASSES:Sorcerer,Wizard=1		SCHOOL:Enchantment	SUBSCHOOL:Compulsion	DESCRIPTOR:Mind-Affecting	COMPS:V, S	CASTTIME:1 standard action	RANGE:Close	TARGETAREA:10-ft-radius burst		DURATION:Instantaneous	SAVEINFO:None	SPELLRES:No	DESC:See text	SOURCEPAGE:PHB2								
Scattering Trap			TYPE:Arcane	CLASSES:Sorcerer,Wizard=3		SCHOOL:Conjuration	SUBSCHOOL:Teleportation		COMPS:V, S, M	CASTTIME:1 standard action	RANGE:Close	TARGETAREA:One 5-ft square/2 level		DURATION:1 round/level	SAVEINFO:Reflex negate	SPELLRES:Yes	DESC:See text	SOURCEPAGE:PHB2								
Seeking Ray			TYPE:Arcane	CLASSES:Sorcerer,Wizard=2		SCHOOL:Evocation			COMPS:V, S	CASTTIME:1 standard action	RANGE:Medium	TARGETAREA:Ray		DURATION:Instantaneous; See text	SAVEINFO:None	SPELLRES:No	DESC:See text	SOURCEPAGE:PHB2								
Share Talents			TYPE:Arcane.Divine	CLASSES:Bard=1|Cleric=2|Ranger=2|Sorcerer,Wizard=2		SCHOOL:Transmutation			COMPS:V, S, M	CASTTIME:1 full round	RANGE:Touch	TARGETAREA:Two willing creatures touched		DURATION:10 minutes/level	SAVEINFO:Will negates (harmless)	SPELLRES:Yes	DESC:See text	SOURCEPAGE:PHB2								
Slashing Dispel			TYPE:Arcane	CLASSES:Sorcerer,Wizard=4		SCHOOL:Abjuration|Evocation			COMPS:V, S	CASTTIME:1 standard action	RANGE:Medium	TARGETAREA:One creature or 20-ft-radius burst		DURATION:Instantaneous	SAVEINFO:None	SPELLRES:No	DESC:See text	SOURCEPAGE:PHB2								
Sonic Shield			TYPE:Arcane.Divine	CLASSES:Bard=3|Sorcerer,Wizard=5		SCHOOL:Evocation			COMPS:V, S	CASTTIME:1 standard action	RANGE:Personal	TARGETAREA:You		DURATION:1 round/level	SAVEINFO:None	SPELLRES:No	DESC:See text	SOURCEPAGE:PHB2								
Stand			TYPE:Arcane	CLASSES:Sorcerer,Wizard=1		SCHOOL:Conjuration	SUBSCHOOL:Teleportation		COMPS:V, S	CASTTIME:1 immediate action	RANGE:Close	TARGETAREA:One willing prone creature		DURATION:Instantaneous	SAVEINFO:Will negates (harmless)	SPELLRES:Yes	DESC:See text	SOURCEPAGE:PHB2								
Stay the Hand			TYPE:Arcane.Divine	CLASSES:Bard=1|Cleric=2|Sorcerer,Wizard=2		SCHOOL:Enchantment	SUBSCHOOL:Charm	DESCRIPTOR:Mind-Affecting	COMPS:V	CASTTIME:1 immediate action	RANGE:Medium	TARGETAREA:One humanoid		DURATION:Instantaneous	SAVEINFO:Will negates	SPELLRES:Yes	DESC:See text	SOURCEPAGE:PHB2								
Stifle Spell			TYPE:Arcane.Divine	CLASSES:Cleric=4|Sorcerer,Wizard=4		SCHOOL:Abjuration			COMPS:V	CASTTIME:1 immediate action	RANGE:Close	TARGETAREA:One creature casting a spell		DURATION:Instantaneous	SAVEINFO:See text	SPELLRES:Yes	DESC:See text	SOURCEPAGE:PHB2								
Stretch Weapon			TYPE:Arcane.Divine	CLASSES:Bard=2|Cleric=2|Sorcerer,Wizard=2		SCHOOL:Transmutation			COMPS:V	CASTTIME:1 swift action	RANGE:0 ft.	TARGETAREA:Melee weapon wielded		DURATION:One attack	SAVEINFO:Will negates (harmless, object)	SPELLRES:Yes	DESC:See text	SOURCEPAGE:PHB2								
Summon Golem			TYPE:Arcane.Divine	CLASSES:Cleric=9|Sorcerer,Wizard=9		SCHOOL:Conjuration	SUBSCHOOL:Summoning		COMPS:V, S, F	CASTTIME:1 full round	RANGE:Close	TARGETAREA:One summoned golem		DURATION:1 minute/level	SAVEINFO:None	SPELLRES:No	DESC:See text	SOURCEPAGE:PHB2								
Sure Strike			TYPE:Arcane	CLASSES:Sorcerer,Wizard=2		SCHOOL:Divination			COMPS:V	CASTTIME:1 swift action	RANGE:Personal	TARGETAREA:You		DURATION:1 round or until discharged	SAVEINFO:None	SPELLRES:No	DESC:See text	SOURCEPAGE:PHB2								
Thunder Field			TYPE:Arcane.Divine	CLASSES:Bard=4|Druid=6|Sorcerer,Wizard=6		SCHOOL:Evocation			COMPS:V, S	CASTTIME:1 standard action	RANGE:Medium	TARGETAREA:20-ft-radius spread		DURATION:1 round/level	SAVEINFO:See text	SPELLRES:Yes	DESC:See text	SOURCEPAGE:PHB2								
Toxic Weapon			TYPE:Arcane	CLASSES:Sorcerer,Wizard=5		SCHOOL:Conjuration	SUBSCHOOL:Creation		COMPS:V, S	CASTTIME:1 standard action	RANGE:Touch	TARGETAREA:Piercing or Slashing weapon touched		DURATION:1 hour or until discharged	SAVEINFO:Fort negates; See text	SPELLRES:No	DESC:See text	SOURCEPAGE:PHB2								
Trollshape			TYPE:Arcane	CLASSES:Sorcerer,Wizard=4		SCHOOL:Transmutation	SUBSCHOOL:Polymorph		COMPS:V, S	CASTTIME:1 swift action	RANGE:Personal	TARGETAREA:You		DURATION:1 round/level	SAVEINFO:None	SPELLRES:No	DESC:See text	SOURCEPAGE:PHB2								
Vertigo			TYPE:Arcane.Divine	CLASSES:Bard=2|Sorcerer,Wizard=2		SCHOOL:Illusion	SUBSCHOOL:Phantasm	DESCRIPTOR:Fear|Mind-Affecting	COMPS:V, S	CASTTIME:1 standard action	RANGE:Close	TARGETAREA:One living creature		DURATION:1 round/level	SAVEINFO:Will disbelief	SPELLRES:No	DESC:See text	SOURCEPAGE:PHB2								
Vertigo Field			TYPE:Arcane	CLASSES:Sorcerer,Wizard=3		SCHOOL:Illusion	SUBSCHOOL:Pattern		COMPS:V, S	CASTTIME:1 standard action	RANGE:Medium	TARGETAREA:20-ft-radius spread		DURATION:1 round/level	SAVEINFO:Fort partial; See text	SPELLRES:Yes	DESC:See text	SOURCEPAGE:PHB2								
Visions of the Future			TYPE:Divine	CLASSES:Cleric=8		SCHOOL:Divination			COMPS:V, S	CASTTIME:10 minutes	RANGE:Personal	TARGETAREA:You		DURATION:1 hour/level or until discharged	SAVEINFO:None	SPELLRES:No	DESC:See text	SOURCEPAGE:PHB2								
Whelm			TYPE:Arcane	CLASSES:Sorcerer,Wizard=1		SCHOOL:Enchantment	SUBSCHOOL:Compulsion	DESCRIPTOR:Mind-Affecting	COMPS:V, S	CASTTIME:1 standard action	RANGE:Close	TARGETAREA:One living creature		DURATION:Instantaneous	SAVEINFO:Will negates	SPELLRES:Yes	DESC:See text	SOURCEPAGE:PHB2								
Whelm (Mass)	OUTPUTNAME:Whelm, Mass		TYPE:Arcane	CLASSES:Sorcerer,Wizard=4		SCHOOL:Enchantment	SUBSCHOOL:Compulsion	DESCRIPTOR:Mind-Affecting	COMPS:V, S	CASTTIME:1 standard action	RANGE:Close	TARGETAREA:One living creature/level		DURATION:Instantaneous	SAVEINFO:Will negates	SPELLRES:Yes	DESC:See text	SOURCEPAGE:PHB2								
Whelming Blast			TYPE:Arcane	CLASSES:Sorcerer,Wizard=2		SCHOOL:Enchantment	SUBSCHOOL:Compulsion	DESCRIPTOR:Mind-Affecting	COMPS:V, S	CASTTIME:1 standard action	RANGE:30 ft.	TARGETAREA:Cone shaped burst		DURATION:Instantaneous	SAVEINFO:Will negates	SPELLRES:Yes	DESC:See text	SOURCEPAGE:PHB2								
Wrack Earth			TYPE:Divine	CLASSES:Druid=7		SCHOOL:Evocation		DESCRIPTOR:Earth	COMPS:V, S, DF	CASTTIME:1 standard action	RANGE:30 ft.	TARGETAREA:30-ft line		DURATION:Instantaneous	SAVEINFO:Reflex half; See text	SPELLRES:No	DESC:See text	SOURCEPAGE:PHB2								
