SOURCELONG:Player's Handbook 2	SOURCESHORT:PHB2	SOURCEWEB:http://www.gozzilioni.net

STARTPACK:Panther Dark Companion	TYPE:Companion	VISIBLE:NO
RACE:Panther	!PRERACE:1,%
ALIGN:TN
SKILL:Listen	RANK:3
SKILL:Spot		RANK:3
FEAT:Alertness
FEAT:Weapon Finesse
STAT:DEX=11|CON=11|STR=10|INT=10|WIS=10|CHA=10

STARTPACK:Axebeak Companion	TYPE:Companion	VISIBLE:NO
RACE:Axebeak	!PRERACE:1,%
ALIGN:TN
SKILL:Listen	RANK:3
SKILL:Jump	RANK:3
STAT:STR=11|DEX=11|CON=11|INT=10|WIS=11|CHA=10

STARTPACK:Brixashulty Companion	TYPE:Companion	VISIBLE:NO
RACE:Brixashulty	!PRERACE:1,%
ALIGN:TN
FEAT:Endurance
SKILL:Jump	RANK:5
STAT:STR=11|DEX=11|CON=10|INT=10|WIS=11|CHA=10

STARTPACK:Chordevoc Companion	TYPE:Companion	VISIBLE:NO
RACE:Chordevoc	!PRERACE:1,%
ALIGN:TN
FEAT:Flyby Attack
SKILL:Listen	RANK:2
SKILL:Move Silently	RANK:2
STAT:STR=11|DEX=10|CON=10|INT=10|WIS=11|CHA=11

