SOURCELONG:Fiend Folio	SOURCESHORT:FFo	SOURCEWEB:http://www.gozzilioni.net																								
#																										
###Block: Creature Subtypes																										
# Template Name	outputname	Visible	Source Page	Special Ability																						
Canomorph (Hell Hound Form)		VISIBLE:YES	SOURCEPAGE:FFo	PRERACE:1,Canomorph (Haraknin)	LEGS:4	HANDS:0	NATURALATTACKS:Bite,Weapon.Natural.Melee.Finesseable.Bludgeoning.Piercing.Slashing,*1,1d8																			
Canomorph (Shadow Mastiff Form)		VISIBLE:YES	SOURCEPAGE:FFo	PRERACE:1,Canomorph (Shadurakul)	LEGS:4	HANDS:0	NATURALATTACKS:Bite,Weapon.Natural.Melee.Finesseable.Bludgeoning.Piercing.Slashing,*1,1d6																			
Canomorph (Vorr Form)		VISIBLE:YES	SOURCEPAGE:FFo	PRERACE:1,Canomorph (Vultivor)	LEGS:4	HANDS:0	NATURALATTACKS:Bite,Weapon.Natural.Melee.Finesseable.Bludgeoning.Piercing.Slashing,*1,2d4|Claw,Weapon.Natural.Melee.Finesseable.Piercing.Slashing.Paralysis,*2,1d3	ABILITY:Special Ability|AUTOMATIC|Trip|Trap Sense Ability	BONUS:VAR|TrapSense|1																	
Half Fey	OUTPUTNAME:Half-Fey	VISIBLE:YES	SOURCEPAGE:FFo	!PRETEMPLATE:1,Incorporeal	HITDIE:6|CLASS.TYPE=Monster		TEMPLATE:CHOOSE:Half Fey Creature Wingless|Half Fey Creature Winged	ABILITY:Special Ability|AUTOMATIC|Half Fey Spell-Like|Immunity To Enchantment	VISION:Low-Light	BONUS:STAT|DEX|2	BONUS:STAT|CON|-2	BONUS:STAT|WIS|2	BONUS:STAT|CHA|4	CR:1	LEVELADJUSTMENT:2											
Half Fey Creature Wingless		VISIBLE:NO	SOURCEPAGE:FFo	PRETEXT:Base creature has not wings	MOVECLONE:Walk,Fly,*2	ABILITY:Special Ability|AUTOMATIC|Flight Maneuverability	DEFINE:Maneuverability|4																			
Half Fey Creature Winged		VISIBLE:NO	SOURCEPAGE:FFo	PRETEXT:Base creature has wings																						
Half Fey Spell Like 1		VISIBLE:NO	SOURCEPAGE:FFo	PREHD:MIN=1	SPELLS:Half Fey|TIMES=ATWILL|CASTERLEVEL=HD|Charm Person,10+CHA	SPELLS:Half Fey|TIMES=1|CASTERLEVEL=HD|Hypnotism,11+CHA|Faerie Fire|Glitterdust,12+CHA																				
Half Fey Spell Like 2		VISIBLE:NO	SOURCEPAGE:FFo	PREHD:MIN=3	SPELLS:Half Fey|TIMES=3|CASTERLEVEL=HD|Detect Law	SPELLS:Half Fey|TIMES=1|CASTERLEVEL=HD|Sleep,11+CHA|Enthrall,12+CHA																				
Half Fey Spell Like 3		VISIBLE:NO	SOURCEPAGE:FFo	PREHD:MIN=5	SPELLS:Half Fey|TIMES=3|CASTERLEVEL=HD|Protection from Law	SPELLS:Half Fey|TIMES=1|CASTERLEVEL=HD|Hideous Laughter,11+CHA|Suggestion,12+CHA																				
Half Fey Spell Like 4		VISIBLE:NO	SOURCEPAGE:FFo	PREHD:MIN=7	SPELLS:Half Fey|TIMES=1|CASTERLEVEL=HD|Confusion,13+CHA|Crushing Despair,13+CHA|Good Hope,13+CHA																					
Half Fey Spell Like 5		VISIBLE:NO	SOURCEPAGE:FFo	PREHD:MIN=9	SPELLS:Half Fey|TIMES=1|CASTERLEVEL=HD|Eyebite,16+CHA|Geas (Lesser),13+CHA																					
Half Fey Spell Like 6		VISIBLE:NO	SOURCEPAGE:FFo	PREHD:MIN=11	SPELLS:Half Fey|TIMES=1|CASTERLEVEL=HD|Dominate Person,14+CHA|Hold Monster,14+CHA																					
Half Fey Spell Like 7		VISIBLE:NO	SOURCEPAGE:FFo	PREHD:MIN=13	SPELLS:Half Fey|TIMES=1|CASTERLEVEL=HD|Invisibility (Mass),17+CHA																					
Half Fey Spell Like 8		VISIBLE:NO	SOURCEPAGE:FFo	PREHD:MIN=15	SPELLS:Half Fey|TIMES=1|CASTERLEVEL=HD|Geas/Quest|Suggestion (Mass),15+CHA																					
Half Fey Spell Like 9		VISIBLE:NO	SOURCEPAGE:FFo	PREHD:MIN=17	SPELLS:Half Fey|TIMES=1|CASTERLEVEL=HD|Insanity,17+CHA|Charm Monster (Mass),16+CHA																					
Half Fey Spell Like 10		VISIBLE:NO	SOURCEPAGE:FFo	PREHD:MIN=19	SPELLS:Half Fey|TIMES=1|CASTERLEVEL=HD|Irresistible Dance,16+CHA																					
Half Illithid	OUTPUTNAME:Half-Illithid	VISIBLE:YES	SOURCEPAGE:FFo	PRERACE:1,RACETYPE=Humanoid	!PRETEMPLATE:1,Incorporeal	!PRERACE:1,PRERACESUBTYPE=Human	RACETYPE:Aberration	HITDIE:8|CLASS.TYPE=Monster	BONUS:COMBAT|AC|1|TYPE=NaturalArmor.STACK	TEMPLATE:CHOOSE:Half Illithid Tentacle (Diminutive)|Half Illithid Tentacle (Tiny)|Half Illithid Tentacle (Small)|Half Illithid Tentacle (Medium)|Half Illithid Tentacle (Large)|Half Illithid Tentacle (Huge)|Half Illithid Tentacle (Gargantuan)|Half Illithid Tentacle (Colossal)	ABILITY:Special Ability|AUTOMATIC|Mind Blast (Sp)|Improved Grab|Extract|Half Illithid Spell-Like|Telepathy	VISION:Darkvision (60')	SR:10+HD	DEFINE:TelepathyRange|100	BONUS:STAT|INT|4	BONUS:STAT|WIS|4	BONUS:STAT|CHA|4	CR:1	LEVELADJUSTMENT:2							
Half Illithid Tentacle (Diminutive)		VISIBLE:NO	SOURCEPAGE:FFo	PRESIZEEQ:D	NATURALATTACKS:Tentacle,Weapon.Natural.Melee.Finesseable.Bludgeoning,*1,1																					
Half Illithid Tentacle (Tiny)		VISIBLE:NO	SOURCEPAGE:FFo	PRESIZEEQ:T	NATURALATTACKS:Tentacle,Weapon.Natural.Melee.Finesseable.Bludgeoning,*1,1d2																					
Half Illithid Tentacle (Small)		VISIBLE:NO	SOURCEPAGE:FFo	PRESIZEEQ:S	NATURALATTACKS:Tentacle,Weapon.Natural.Melee.Finesseable.Bludgeoning,*1,1d3																					
Half Illithid Tentacle (Medium)		VISIBLE:NO	SOURCEPAGE:FFo	PRESIZEEQ:M	NATURALATTACKS:Tentacle,Weapon.Natural.Melee.Finesseable.Bludgeoning,*1,1d4																					
Half Illithid Tentacle (Large)		VISIBLE:NO	SOURCEPAGE:FFo	PRESIZEEQ:L	NATURALATTACKS:Tentacle,Weapon.Natural.Melee.Finesseable.Bludgeoning,*1,1d6																					
Half Illithid Tentacle (Huge)		VISIBLE:NO	SOURCEPAGE:FFo	PRESIZEEQ:H	NATURALATTACKS:Tentacle,Weapon.Natural.Melee.Finesseable.Bludgeoning,*1,1d8																					
Half Illithid Tentacle (Gargantuan)		VISIBLE:NO	SOURCEPAGE:FFo	PRESIZEEQ:G	NATURALATTACKS:Tentacle,Weapon.Natural.Melee.Finesseable.Bludgeoning,*1,2d6																					
Half Illithid Tentacle (Colossal)		VISIBLE:NO	SOURCEPAGE:FFo	PRESIZEEQ:C	NATURALATTACKS:Tentacle,Weapon.Natural.Melee.Finesseable.Bludgeoning,*1,2d8																					
Half Illithid Spell Like 1		VISIBLE:NO	SOURCEPAGE:FFo	PREHD:MIN=1	SPELLS:Half Illithid|TIMES=3|CASTERLEVEL=8|Detect Thoughts,12+CHA																					
Half Illithid Spell Like 2		VISIBLE:NO	SOURCEPAGE:FFo	PREHD:MIN=3	SPELLS:Half Illithid|TIMES=1|CASTERLEVEL=8|Suggestion,12+CHA																					
Half Illithid Spell Like 3		VISIBLE:NO	SOURCEPAGE:FFo	PREHD:MIN=5	SPELLS:Half Illithid|TIMES=1|CASTERLEVEL=8|Levitate																					
Half Illithid Spell Like 4		VISIBLE:NO	SOURCEPAGE:FFo	PREHD:MIN=7	SPELLS:Half Illithid|TIMES=1|CASTERLEVEL=8|Charm Monster,13+CHA																					
Half Troll	OUTPUTNAME:Half-Troll	VISIBLE:YES	SOURCEPAGE:FFo	PREMULT:1,[PRERACE:1,RACETYPE=Animal],[PRERACE:1,RACETYPE=Dragon],[PRERACE:1,RACETYPE=Fey],[PRERACE:1,RACETYPE=Giant],[PRERACE:1,RACETYPE=Humanoid],[PRERACE:1,RACETYPE=Magical Beast],[PRERACE:1,RACETYPE=Monstrous Humanoid],[PRERACE:1,RACETYPE=Outsider]	RACETYPE:Giant	HITDIE:8|CLASS.TYPE=Monster	TEMPLATE:CHOOSE:Half Troll Bite ~ Claw (Fine)|Half Troll Bite ~ Claw (Diminutive)|Half Troll Bite ~ Claw (Tiny)|Half Troll Bite ~ Claw (Small)|Half Troll Bite ~ Claw (Medium)|Half Troll Bite ~ Claw (Large)|Half Troll Bite ~ Claw (Huge)|Half Troll Bite ~ Claw (Gargantuan)|Half Troll Bite ~ Claw (Colossal)	BONUS:COMBAT|AC|4|TYPE=NaturalArmor.STACK	ABILITY:Special Ability|AUTOMATIC|Rend|Fast Healing|Scent	DEFINE:FastHealing|5	BONUS:STAT|STR|6	BONUS:STAT|DEX|2	BONUS:STAT|CON|6	BONUS:STAT|INT|-2	BONUS:STAT|CHA|-2	CR:2	LEVELADJUSTMENT:4									
Half Troll Bite ~ Claw (Fine)		VISIBLE:NO	SOURCEPAGE:FFo	PRESIZEEQ:F	NATURALATTACKS:Bite,Weapon.Natural.Melee.Finesseable.Bludgeoning.Piercing.Slashing,*1,1																					
Half Troll Bite ~ Claw (Diminutive)		VISIBLE:NO	SOURCEPAGE:FFo	PRESIZEEQ:D	NATURALATTACKS:Bite,Weapon.Natural.Melee.Finesseable.Bludgeoning.Piercing.Slashing,*1,1d2|Claw,Weapon.Natural.Melee.Finesseable.Piercing.Slashing,*2,1																					
Half Troll Bite ~ Claw (Tiny)		VISIBLE:NO	SOURCEPAGE:FFo	PRESIZEEQ:T	NATURALATTACKS:Bite,Weapon.Natural.Melee.Finesseable.Bludgeoning.Piercing.Slashing,*1,1d3|Claw,Weapon.Natural.Melee.Finesseable.Piercing.Slashing,*2,1d2																					
Half Troll Bite ~ Claw (Small)		VISIBLE:NO	SOURCEPAGE:FFo	PRESIZEEQ:S	NATURALATTACKS:Bite,Weapon.Natural.Melee.Finesseable.Bludgeoning.Piercing.Slashing,*1,1d4|Claw,Weapon.Natural.Melee.Finesseable.Piercing.Slashing,*2,1d3																					
Half Troll Bite ~ Claw (Medium)		VISIBLE:NO	SOURCEPAGE:FFo	PRESIZEEQ:M	NATURALATTACKS:Bite,Weapon.Natural.Melee.Finesseable.Bludgeoning.Piercing.Slashing,*1,1d6|Claw,Weapon.Natural.Melee.Finesseable.Piercing.Slashing,*2,1d4																					
Half Troll Bite ~ Claw (Large)		VISIBLE:NO	SOURCEPAGE:FFo	PRESIZEEQ:L	NATURALATTACKS:Bite,Weapon.Natural.Melee.Finesseable.Bludgeoning.Piercing.Slashing,*1,1d8|Claw,Weapon.Natural.Melee.Finesseable.Piercing.Slashing,*2,1d6																					
Half Troll Bite ~ Claw (Huge)		VISIBLE:NO	SOURCEPAGE:FFo	PRESIZEEQ:H	NATURALATTACKS:Bite,Weapon.Natural.Melee.Finesseable.Bludgeoning.Piercing.Slashing,*1,2d6|Claw,Weapon.Natural.Melee.Finesseable.Piercing.Slashing,*2,1d8																					
Half Troll Bite ~ Claw (Gargantuan)		VISIBLE:NO	SOURCEPAGE:FFo	PRESIZEEQ:G	NATURALATTACKS:Bite,Weapon.Natural.Melee.Finesseable.Bludgeoning.Piercing.Slashing,*1,2d8|Claw,Weapon.Natural.Melee.Finesseable.Piercing.Slashing,*2,2d6																					
Half Troll Bite ~ Claw (Colossal)		VISIBLE:NO	SOURCEPAGE:FFo	PRESIZEEQ:C	NATURALATTACKS:Bite,Weapon.Natural.Melee.Finesseable.Bludgeoning.Piercing.Slashing,*1,4d6|Claw,Weapon.Natural.Melee.Finesseable.Piercing.Slashing,*2,2d8																					
Half Scrag	OUTPUTNAME:Half-Scrag	VISIBLE:YES	SOURCEPAGE:FFo	PREMULT:1,[PRERACE:1,RACETYPE=Animal],[PRERACE:1,RACETYPE=Dragon],[PRERACE:1,RACETYPE=Fey],[PRERACE:1,RACETYPE=Giant],[PRERACE:1,RACETYPE=Humanoid],[PRERACE:1,RACETYPE=Magical Beast],[PRERACE:1,RACETYPE=Monstrous Humanoid],[PRERACE:1,RACETYPE=Outsider]	RACETYPE:Giant	HITDIE:8|CLASS.TYPE=Monster	BONUS:COMBAT|AC|4|TYPE=NaturalArmor.STACK	ABILITY:Special Ability|AUTOMATIC|Rend|Fast Healing|Scent	DEFINE:FastHealing|5	BONUS:STAT|STR|6	BONUS:STAT|DEX|2	BONUS:STAT|CON|6	BONUS:STAT|INT|-2	BONUS:STAT|CHA|-2	CR:2	LEVELADJUSTMENT:4	BONUS:MOVEADD|TYPE.Walk|-5	MOVE:Swim,20								
Heucuva		VISIBLE:YES	SOURCEPAGE:FFo	PRERACE:1,RACETYPE=Humanoid	PRECLASS:1,Cleric=1,Druid=1,Paladin=1,Monk=1	RACETYPE:Undead	HITDIE:12|CLASS.TYPE=Monster	BONUS:COMBAT|AC|4|TYPE=NaturalArmor.STACK	TEMPLATE:CHOOSE:Heucuva Slam (Fine)|Heucuva Slam (Diminutive)|Heucuva Slam (Tiny)|Heucuva Slam (Small)|Heucuva Slam (Medium)|Heucuva Slam (Large)|Heucuva Slam (Huge)|Heucuva Slam (Gargantuan)|Heucuva Slam (Colossal)																	
Heucuva Slam (Fine)		VISIBLE:NO	SOURCEPAGE:FFo	PRESIZEEQ:F	NATURALATTACKS:Slam,Weapon.Natural.Melee.Finesseable.Bludgeoning,*1,1																					
Heucuva Slam (Diminutive)		VISIBLE:NO	SOURCEPAGE:FFo	PRESIZEEQ:D	NATURALATTACKS:Slam,Weapon.Natural.Melee.Finesseable.Bludgeoning,*1,1d2																					
Heucuva Slam (Tiny)		VISIBLE:NO	SOURCEPAGE:FFo	PRESIZEEQ:T	NATURALATTACKS:Slam,Weapon.Natural.Melee.Finesseable.Bludgeoning,*1,1d3																					
Heucuva Slam (Small)		VISIBLE:NO	SOURCEPAGE:FFo	PRESIZEEQ:S	NATURALATTACKS:Slam,Weapon.Natural.Melee.Finesseable.Bludgeoning,*1,1d4																					
Heucuva Slam (Medium)		VISIBLE:NO	SOURCEPAGE:FFo	PRESIZEEQ:M	NATURALATTACKS:Slam,Weapon.Natural.Melee.Finesseable.Bludgeoning,*1,1d6																					
Heucuva Slam (Large)		VISIBLE:NO	SOURCEPAGE:FFo	PRESIZEEQ:L	NATURALATTACKS:Slam,Weapon.Natural.Melee.Finesseable.Bludgeoning,*1,1d8																					
Heucuva Slam (Huge)		VISIBLE:NO	SOURCEPAGE:FFo	PRESIZEEQ:H	NATURALATTACKS:Slam,Weapon.Natural.Melee.Finesseable.Bludgeoning,*1,2d6																					
Heucuva Slam (Gargantuan)		VISIBLE:NO	SOURCEPAGE:FFo	PRESIZEEQ:G	NATURALATTACKS:Slam,Weapon.Natural.Melee.Finesseable.Bludgeoning,1,2d8																					
Heucuva Slam (Colossal)		VISIBLE:NO	SOURCEPAGE:FFo	PRESIZEEQ:C	NATURALATTACKS:Slam,Weapon.Natural.Melee.Finesseable.Bludgeoning,*1,4d6																					
Specialized Imp		VISIBLE:NO	SOURCEPAGE:FFo	PRERACE:1,RACESUBTYPE=Imp	ABILITY:Special Ability|AUTOMATIC|Alternate Form|Fast Healing|See in Darkness	RACESUBTYPE:Imp																				
Inevitable		VISIBLE:NO	SOURCEPAGE:FFo	PRERACE:1,RACESUBTYPE=Inevitable	LANGAUTO:Abyssal,Celestial,Infernal	LANGBONUS:ALL	ABILITY:Special Ability|AUTOMATIC|Fast Healing																			
Kaorti		VISIBLE:YES	SOURCEPAGE:FFo	PREALIGN:NE	PRERACE:1,RACETYPE=Humanoid	BONUS:STAT|STR|-4	BONUS:STAT|DEX|4	BONUS:STAT|INT|4	BONUS:STAT|CHA|6	RACESUBTYPE:Kaorti	ABILITY:Special Ability|AUTOMATIC|Vile Transformation	ABILITY:Special Ability|AUTOMATIC|Vulnerability To Material Plane|Immunity To Poison	BONUS:SKILL|Heal|8|TYPE=Racial													
Kaorti Thrall (Fiendish)		VISIBLE:YES	SOURCEPAGE:FFo	DR:5/Magic|PRELEVEL:MIN=4	DR:10/Magic|PRELEVEL:MIN=12	LEVELADJUSTMENT:2	TEMPLATE:CHOOSE:Kaorti Thrall (Fiendish Animal)|Kaorti Thrall (Fiendish Vermin)	TEMPLATE:CHOOSE:Int Bonus +1|Int Bonus +2|Int Bonus +3	DEFINE:KaortiThrallSR|0	PRERACE:1,RACETYPE=Animal,RACETYPE=Aberration,RACETYPE=Dragon,RACETYPE=Fey,RACETYPE=Giant,RACETYPE=Magical Beast,RACETYPE=Monstrous Humanoid,RACETYPE=Ooze,RACETYPE=Plant,RACETYPE=Vermin	!PRETEMPLATE:1,Incorporeal,Humanoid	BONUS:MISC|CR|1|PRELEVEL:MIN=4	BONUS:MISC|CR|1|PRELEVEL:MIN=8	BONUS:VAR|ColdResistanceBonus,FireResistanceBonus|5+((TL>=8)*5)	BONUS:VAR|KaortiThrallSR|min(TL+5,25)	ABILITY:Special Ability|AUTOMATIC|Resistance To Cold|Resistance To Fire|True Strike	SR:KaortiThrallSR	RACESUBTYPE:Extraplanar|Kaorti	VISION:Darkvision (60')	DEFINE:TrueStrikePerDay|1						
Kaorti Thrall (Fiendish Animal)		VISIBLE:NO	SOURCEPAGE:FFo	PRERACE:1,RACETYPE=Animal		RACETYPE:Magical Beast	RACESUBTYPE:Augmented Animal|Kaorti																			
Kaorti Thrall (Fiendish Vermin)		VISIBLE:NO	SOURCEPAGE:FFo	PRERACE:1,RACETYPE=Vermin		RACETYPE:Magical Beast	RACESUBTYPE:Augmented Vermin|Kaorti	DEFINE:UNLOCK.INT	KIT:1|Vermin Intelligence																	
Kaorti Thrall (Pseudonatural)		VISIBLE:YES	SOURCEPAGE:FFo	HD:4-11:CR:1	HD:12+:CR:2	TEMPLATE:CHOOSE:Int Bonus +1|Int Bonus +2|Int Bonus +3	ABILITY:Special Ability|AUTOMATIC|True Strike|Resistance to Acid|Resistance to Electricity|Alternate Form	BONUS:VAR|AcidResistanceBonus|5+((HD>=8)*5)	BONUS:VAR|ElectricityResistanceBonus|5+((HD>=8)*5)	BONUS:VAR|KaortiThrallSR|min(25,10+HD)	DR:5/Magic|PRELEVEL:MIN=4	DR:10/Magic|PRELEVEL:MIN=12	SR:KaortiThrallSR	!PRERACE:1,RACESUBTYPE=Incorporeal	TYPE:Outsider	RACETYPE:Outsider	RACESUBTYPE:Shapechanger|Kaorti	TEMPLATE:Outsider	TEMPLATE:Shapechanger		DEFINE:TrueStrikePerDay|1	DEFINE:KaortiThrallSR|0				
Swordwraith		VISIBLE:YES	SOURCEPAGE:FFo	PRERACE:1,RACETYPE=Humanoid,RACETYPE=Monstrous Humanoid	PRECLASS:1,Warrior=1	RACETYPE:Undead	HITDIE:12|CLASS.TYPE=Monster	ABILITY:Special Ability|AUTOMATIC|Strength Damage|Turn Resistance	DR:10/Magic and Slashing	BONUS:VAR|TurnResistBonus|2	DEFINE:LOCK.CON|10	BONUS:SKILL|Hide,Move Silently|4|TYPE=Racial	AUTO:FEAT|Alertness|Iron Will	CR:2												
Ti-Khana		VISIBLE:YES	SOURCEPAGE:FFo	PRERACE:1,RACETYPE=Animal,RACETYPE=Magical Beast	PRERACE:1,RACESUBTYPE=Lizard	PRETEXT:only Lizards, Dinosaurs and Snake.	PREALIGN:CE	BONUS:COMBAT|AC|4|TYPE=NaturalArmor.STACK	BONUS:COMBAT|BAB|HD|TYPE=Base.REPLACE	TEMPLATE:CHOOSE:Ti Khana Bite (Fine)|Ti Khana Bite (Diminutive)|Ti Khana Bite (Tiny)|Ti Khana Bite (Small)|Ti Khana Bite (Medium)|Ti Khana Bite (Large)|Ti Khana Bite (Huge)|Ti Khana Bite (Gargantuan)|Ti Khana Bite (Colossal)	ABILITY:Special Ability|AUTOMATIC|Poison|Detect Poison (Sp)|Alternate Form|Aversion (Sp/atwill)	DEFINE:DetectPoisonLVL|6	DEFINE:AversionLVL|16	SR:13+CR	BONUS:STAT|DEX|2	BONUS:STAT|INT|2	TEMPLATE:CHOOSE:Ti Khana Animal|Ti Khana Magical Beast	CR:2	LEVELADJUSTMENT:4							
Ti Khana Bite (Fine)		VISIBLE:NO	SOURCEPAGE:FFo	PRESIZEEQ:F		NATURALATTACKS:Bite,Weapon.Natural.Finesseable.Melee.Piercing.Slashing,*1,1																				
Ti Khana Bite (Diminutive)		VISIBLE:NO	SOURCEPAGE:FFo	PRESIZEEQ:D		NATURALATTACKS:Bite,Weapon.Natural.Finesseable.Melee.Piercing.Slashing,*1,1d2																				
Ti Khana Bite (Tiny)		VISIBLE:NO	SOURCEPAGE:FFo	PRESIZEEQ:T		NATURALATTACKS:Bite,Weapon.Natural.Finesseable.Melee.Piercing.Slashing,*1,1d3																				
Ti Khana Bite (Small)		VISIBLE:NO	SOURCEPAGE:FFo	PRESIZEEQ:S		NATURALATTACKS:Bite,Weapon.Natural.Finesseable.Melee.Piercing.Slashing,*1,1d4																				
Ti Khana Bite (Medium)		VISIBLE:NO	SOURCEPAGE:FFo	PRESIZEEQ:M		NATURALATTACKS:Bite,Weapon.Natural.Finesseable.Melee.Piercing.Slashing,*1,1d6																				
Ti Khana Bite (Large)		VISIBLE:NO	SOURCEPAGE:FFo	PRESIZEEQ:L		NATURALATTACKS:Bite,Weapon.Natural.Finesseable.Melee.Piercing.Slashing,*1,2d4																				
Ti Khana Bite (Huge)		VISIBLE:NO	SOURCEPAGE:FFo	PRESIZEEQ:H		NATURALATTACKS:Bite,Weapon.Natural.Finesseable.Melee.Piercing.Slashing,*1,2d6																				
Ti Khana Bite (Gargantuan)		VISIBLE:NO	SOURCEPAGE:FFo	PRESIZEEQ:G		NATURALATTACKS:Bite,Weapon.Natural.Finesseable.Melee.Piercing.Slashing,*1,2d8																				
Ti Khana Bite (Colossal)		VISIBLE:NO	SOURCEPAGE:FFo	PRESIZEEQ:C		NATURALATTACKS:Bite,Weapon.Natural.Finesseable.Melee.Piercing.Slashing,*1,4d6																				
Ti Khana Animal		VISIBLE:NO	SOURCEPAGE:FFo	PRERACE:1,RACETYPE=Animal																						
Ti Khana Magical Beast		VISIBLE:NO	SOURCEPAGE:FFo	PRERACE:1,RACETYPE=Magical Beast																						
Wendigo		VISIBLE:YES	SOURCEPAGE:FFo	!PRETEMPLATE:1,Incorporeal	PREALIGN:CE	PREMULT:1,[PRERACE:1,RACETYPE=Animal],[PRERACE:1,RACETYPE=Giant],[PRERACE:1,RACETYPE=Humanoid],[PRERACE:1,RACETYPE=Magical Beast],[PRERACE:1,RACETYPE=Monstrous Humanoid]	HITDIE:6|CLASS.TYPE=Monster	RACETYPE:Fey	RACESUBTYPE:Cold	TEMPLATE:Cold	MOVE:Fly,120	DEFINE:Maneuverability|5	ABILITY:Special Ability|AUTOMATIC|Flight Maneuverability	BONUS:MOVEMULT|TYPE=Walk,TYPE=Climb,TYPE=Hover,TYPE=Swim|0	BONUS:COMBAT|AC|max(1,CHA)|TYPE=Deflection	TEMPLATE:CHOOSE:Wendigo Bite (Fine)|Wendigo Bite (Diminutive)|Wendigo Bite (Tiny)|Wendigo Bite (Small)|Wendigo Bite (Medium)|Wendigo Bite (Large)|Wendigo Bite (Huge)|Wendigo Bite (Gargantuan)|Wendigo Bite (Colossal)	ABILITY:Special Ability|AUTOMATIC|Disease (Su)|Maddening Whisper|Ravenous Bite	ABILITY:Special Ability|AUTOMATIC|Corner of the Eye|Regeneration	DEFINE:RegenerationRate|5	BONUS:STAT|STR|4	BONUS:STAT|DEX|8	BONUS:STAT|CON|4	BONUS:STAT|WIS|2	BONUS:STAT|CHA|4	BONUS:SKILL|Hide,Move Silently,Survival|8|TYPE=Racial	CR:2
Wendigo Bite (Fine)		VISIBLE:NO	SOURCEPAGE:FFo	PRESIZEEQ:F		NATURALATTACKS:Bite,Weapon.Natural.Finesseable.Melee.Piercing.Slashing,*1,1																				
Wendigo Bite (Diminutive)		VISIBLE:NO	SOURCEPAGE:FFo	PRESIZEEQ:D		NATURALATTACKS:Bite,Weapon.Natural.Finesseable.Melee.Piercing.Slashing,*1,1d2																				
Wendigo Bite (Tiny)		VISIBLE:NO	SOURCEPAGE:FFo	PRESIZEEQ:T		NATURALATTACKS:Bite,Weapon.Natural.Finesseable.Melee.Piercing.Slashing,*1,1d3																				
Wendigo Bite (Small)		VISIBLE:NO	SOURCEPAGE:FFo	PRESIZEEQ:S		NATURALATTACKS:Bite,Weapon.Natural.Finesseable.Melee.Piercing.Slashing,*1,1d4																				
Wendigo Bite (Medium)		VISIBLE:NO	SOURCEPAGE:FFo	PRESIZEEQ:M		NATURALATTACKS:Bite,Weapon.Natural.Finesseable.Melee.Piercing.Slashing,*1,1d6																				
Wendigo Bite (Large)		VISIBLE:NO	SOURCEPAGE:FFo	PRESIZEEQ:L		NATURALATTACKS:Bite,Weapon.Natural.Finesseable.Melee.Piercing.Slashing,*1,2d4																				
Wendigo Bite (Huge)		VISIBLE:NO	SOURCEPAGE:FFo	PRESIZEEQ:H		NATURALATTACKS:Bite,Weapon.Natural.Finesseable.Melee.Piercing.Slashing,*1,2d6																				
Wendigo Bite (Gargantuan)		VISIBLE:NO	SOURCEPAGE:FFo	PRESIZEEQ:G		NATURALATTACKS:Bite,Weapon.Natural.Finesseable.Melee.Piercing.Slashing,*1,2d8																				
Wendigo Bite (Colossal)		VISIBLE:NO	SOURCEPAGE:FFo	PRESIZEEQ:C		NATURALATTACKS:Bite,Weapon.Natural.Finesseable.Melee.Piercing.Slashing,*1,4d6																				
Yellow Musk Zombie		VISIBLE:YES	SOURCEPAGE:FFo	PRETEXT:Living base creature with a brain.	PRESTAT:1,INT=1	PREALIGN:TN	HITDIE:8|CLASS.TYPE=Monster	RACETYPE:Plant	BONUS:COMBAT|AC|2|TYPE=NaturalArmor.STACK		ABILITY:Special Ability|AUTOMATIC|Creeper Loyalty|Deadend Mind	ABILITY:Special Ability|AUTOMATIC|Seeded	DEFINE:LOCK.INT|2	TEMPLATE:CHOOSE:Yellow Musk ~ Wisdom|Yellow Musk ~ Low Wisdom	TEMPLATE:CHOOSE:Yellow Musk ~ Charisma|Yellow Musk ~ Low Charisma											
Yellow Musk ~ Wisdom		VISIBLE:NO	SOURCEPAGE:FFo	PRESTAT:1,WIS=10	DEFINE:LOCK.WIS|10																					
Yellow Musk ~ Low Wisdom		VISIBLE:NO	SOURCEPAGE:FFo	!PRESTAT:1,WIS=10																						
Yellow Musk ~ Charisma		VISIBLE:NO	SOURCEPAGE:FFo	PRESTAT:1,CHA=10	DEFINE:LOCK.CHA|10																					
Yellow Musk ~ Low Charisma		VISIBLE:NO	SOURCEPAGE:FFo	!PRESTAT:1,CHA=10																						
Aboleth Graft ~ Tentacle	VISIBLE:NO	SOURCEPAGE:FFo	PREEQUIP:1,Aboleth Graft (Aboleth Tentacle)													TEMPLATE:CHOOSE:Aboleth Tentacle (Fine)|Aboleth Tentacle (Diminutive)|Aboleth Tentacle (Tiny)|Aboleth Tentacle (Small)|Aboleth Tentacle (Medium)|Aboleth Tentacle (Large)|Aboleth Tentacle (Huge)|Aboleth Tentacle (Gargantuan)|Aboleth Tentacle (Colossal)										
Aboleth Tentacle (Fine)		VISIBLE:NO	SOURCEPAGE:FFo	PRESIZEEQ:F	NATURALATTACKS:Tentacle,Weapon.Natural.Melee.Finesseable.Bludgeoning,*1,3																					
Aboleth Tentacle (Diminutive)		VISIBLE:NO	SOURCEPAGE:FFo	PRESIZEEQ:D	NATURALATTACKS:Tentacle,Weapon.Natural.Melee.Finesseable.Bludgeoning,*1,1d2+2																					
Aboleth Tentacle (Tiny)		VISIBLE:NO	SOURCEPAGE:FFo	PRESIZEEQ:T	NATURALATTACKS:Tentacle,Weapon.Natural.Melee.Finesseable.Bludgeoning,*1,1d3+2																					
Aboleth Tentacle (Small)		VISIBLE:NO	SOURCEPAGE:FFo	PRESIZEEQ:S	NATURALATTACKS:Tentacle,Weapon.Natural.Melee.Finesseable.Bludgeoning,*1,1d4+2																					
Aboleth Tentacle (Medium)		VISIBLE:NO	SOURCEPAGE:FFo	PRESIZEEQ:M	NATURALATTACKS:Tentacle,Weapon.Natural.Melee.Finesseable.Bludgeoning,*1,1d6+2																					
Aboleth Tentacle (Large)		VISIBLE:NO	SOURCEPAGE:FFo	PRESIZEEQ:L	NATURALATTACKS:Tentacle,Weapon.Natural.Melee.Finesseable.Bludgeoning,*1,1d8+2																					
Aboleth Tentacle (Huge)		VISIBLE:NO	SOURCEPAGE:FFo	PRESIZEEQ:H	NATURALATTACKS:Tentacle,Weapon.Natural.Melee.Finesseable.Bludgeoning,*1,2d6+2																					
Aboleth Tentacle (Gargantuan)		VISIBLE:NO	SOURCEPAGE:FFo	PRESIZEEQ:G	NATURALATTACKS:Tentacle,Weapon.Natural.Melee.Finesseable.Bludgeoning,*1,2d8+2																					
Aboleth Tentacle (Colossal)		VISIBLE:NO	SOURCEPAGE:FFo	PRESIZEEQ:C	NATURALATTACKS:Tentacle,Weapon.Natural.Melee.Finesseable.Bludgeoning,*1,4d6+2																					
Fiendish Graft ~ Clawed Arm	VISIBLE:NO	SOURCEPAGE:FFo	PREEQUIP:1,Fiendish Graft (Fiendish Clawed Arm)													TEMPLATE:CHOOSE:Fiendish Clawed Arm (Fine)|Fiendish Clawed Arm (Diminutive)|Fiendish Clawed Arm (Tiny)|Fiendish Clawed Arm (Small)|Fiendish Clawed Arm (Medium)|Fiendish Clawed Arm (Large)|Fiendish Clawed Arm (Huge)|Fiendish Clawed Arm (Gargantuan)|Fiendish Clawed Arm (Colossal)										
Fiendish Clawed Arm (Fine)		VISIBLE:NO	SOURCEPAGE:FFo	PRESIZEEQ:F	NATURALATTACKS:Tentacle,Weapon.Natural.Melee.Finesseable.Bludgeoning,*1,3																					
Fiendish Clawed Arm (Diminutive)		VISIBLE:NO	SOURCEPAGE:FFo	PRESIZEEQ:D	NATURALATTACKS:Tentacle,Weapon.Natural.Melee.Finesseable.Bludgeoning,*1,1d2+2																					
Fiendish Clawed Arm (Tiny)		VISIBLE:NO	SOURCEPAGE:FFo	PRESIZEEQ:T	NATURALATTACKS:Tentacle,Weapon.Natural.Melee.Finesseable.Bludgeoning,*1,1d3+2																					
Fiendish Clawed Arm (Small)		VISIBLE:NO	SOURCEPAGE:FFo	PRESIZEEQ:S	NATURALATTACKS:Tentacle,Weapon.Natural.Melee.Finesseable.Bludgeoning,*1,1d4+2																					
Fiendish Clawed Arm (Medium)		VISIBLE:NO	SOURCEPAGE:FFo	PRESIZEEQ:M	NATURALATTACKS:Tentacle,Weapon.Natural.Melee.Finesseable.Bludgeoning,*1,1d6+2																					
Fiendish Clawed Arm (Large)		VISIBLE:NO	SOURCEPAGE:FFo	PRESIZEEQ:L	NATURALATTACKS:Tentacle,Weapon.Natural.Melee.Finesseable.Bludgeoning,*1,1d8+2																					
Fiendish Clawed Arm (Huge)		VISIBLE:NO	SOURCEPAGE:FFo	PRESIZEEQ:H	NATURALATTACKS:Tentacle,Weapon.Natural.Melee.Finesseable.Bludgeoning,*1,2d6+2																					
Fiendish Clawed Arm (Gargantuan)		VISIBLE:NO	SOURCEPAGE:FFo	PRESIZEEQ:G	NATURALATTACKS:Tentacle,Weapon.Natural.Melee.Finesseable.Bludgeoning,*1,2d8+2																					
Fiendish Clawed Arm (Colossal)		VISIBLE:NO	SOURCEPAGE:FFo	PRESIZEEQ:C	NATURALATTACKS:Tentacle,Weapon.Natural.Melee.Finesseable.Bludgeoning,*1,4d6+2																					
Fiendish Graft ~ Jaws	VISIBLE:NO	SOURCEPAGE:FFo	PREEQUIP:1,Fiendish Graft (Fiendish Jaws)													TEMPLATE:CHOOSE:Fiendish Jaws (Fine)|Fiendish Jaws (Diminutive)|Fiendish Jaws (Tiny)|Fiendish Jaws (Small)|Fiendish Jaws (Medium)|Fiendish Jaws (Large)|Fiendish Jaws (Huge)|Fiendish Jaws (Gargantuan)|Fiendish Jaws (Colossal)										
Fiendish Jaws (Fine)		VISIBLE:NO	SOURCEPAGE:FFo	PRESIZEEQ:F	NATURALATTACKS:Jaws,Weapon.Natural.Melee.Finesseable.Bludgeoning,*1,0	BONUS:WEAPONPROF=Jaws|DAMAGE|max(0,(STR/2))																				
Fiendish Jaws (Diminutive)		VISIBLE:NO	SOURCEPAGE:FFo	PRESIZEEQ:D	NATURALATTACKS:Jaws,Weapon.Natural.Melee.Finesseable.Bludgeoning,*1,1	BONUS:WEAPONPROF=Jaws|DAMAGE|max(0,(STR/2))																				
Fiendish Jaws (Tiny)		VISIBLE:NO	SOURCEPAGE:FFo	PRESIZEEQ:T	NATURALATTACKS:Jaws,Weapon.Natural.Melee.Finesseable.Bludgeoning,*1,1d2	BONUS:WEAPONPROF=Jaws|DAMAGE|max(0,(STR/2))																				
Fiendish Jaws (Small)		VISIBLE:NO	SOURCEPAGE:FFo	PRESIZEEQ:S	NATURALATTACKS:Jaws,Weapon.Natural.Melee.Finesseable.Bludgeoning,*1,1d3	BONUS:WEAPONPROF=Jaws|DAMAGE|max(0,(STR/2))																				
Fiendish Jaws (Medium)		VISIBLE:NO	SOURCEPAGE:FFo	PRESIZEEQ:M	NATURALATTACKS:Jaws,Weapon.Natural.Melee.Finesseable.Bludgeoning,*1,1d4	BONUS:WEAPONPROF=Jaws|DAMAGE|max(0,(STR/2))																				
Fiendish Jaws (Large)		VISIBLE:NO	SOURCEPAGE:FFo	PRESIZEEQ:L	NATURALATTACKS:Jaws,Weapon.Natural.Melee.Finesseable.Bludgeoning,*1,1d6	BONUS:WEAPONPROF=Jaws|DAMAGE|max(0,(STR/2))																				
Fiendish Jaws (Huge)		VISIBLE:NO	SOURCEPAGE:FFo	PRESIZEEQ:H	NATURALATTACKS:Jaws,Weapon.Natural.Melee.Finesseable.Bludgeoning,*1,1d8	BONUS:WEAPONPROF=Jaws|DAMAGE|max(0,(STR/2))																				
Fiendish Jaws (Gargantuan)		VISIBLE:NO	SOURCEPAGE:FFo	PRESIZEEQ:G	NATURALATTACKS:Jaws,Weapon.Natural.Melee.Finesseable.Bludgeoning,*1,2d6	BONUS:WEAPONPROF=Jaws|DAMAGE|max(0,(STR/2))																				
Fiendish Jaws (Colossal)		VISIBLE:NO	SOURCEPAGE:FFo	PRESIZEEQ:C	NATURALATTACKS:Jaws,Weapon.Natural.Melee.Finesseable.Bludgeoning,*1,2d8	BONUS:WEAPONPROF=Jaws|DAMAGE|max(0,(STR/2))																				
Fiendish Graft ~ Flexible Arm	VISIBLE:NO	SOURCEPAGE:FFo	PREEQUIP:1,Fiendish Graft (Fiendish Flexible Arm)													TEMPLATE:CHOOSE:Fiendish Flexible Arm (Fine)|Fiendish Flexible Arm (Diminutive)|Fiendish Flexible Arm (Tiny)|Fiendish Flexible Arm (Small)|Fiendish Flexible Arm (Medium)|Fiendish Flexible Arm (Large)|Fiendish Flexible Arm (Huge)|Fiendish Flexible Arm (Gargantuan)|Fiendish Flexible Arm (Colossal)										
Fiendish Flexible Arm (Fine)		VISIBLE:NO	SOURCEPAGE:FFo	PRESIZEEQ:F	NATURALATTACKS:Flexible Arm,Weapon.Natural.Melee.Finesseable.Bludgeoning,*1,0	BONUS:WEAPONPROF=Flexible Arm|TOHIT|-2																				
Fiendish Flexible Arm (Diminutive)		VISIBLE:NO	SOURCEPAGE:FFo	PRESIZEEQ:D	NATURALATTACKS:Flexible Arm,Weapon.Natural.Melee.Finesseable.Bludgeoning,*1,1	BONUS:WEAPONPROF=Flexible Arm|TOHIT|-2																				
Fiendish Flexible Arm (Tiny)		VISIBLE:NO	SOURCEPAGE:FFo	PRESIZEEQ:T	NATURALATTACKS:Flexible Arm,Weapon.Natural.Melee.Finesseable.Bludgeoning,*1,1d2	BONUS:WEAPONPROF=Flexible Arm|TOHIT|-2																				
Fiendish Flexible Arm (Small)		VISIBLE:NO	SOURCEPAGE:FFo	PRESIZEEQ:S	NATURALATTACKS:Flexible Arm,Weapon.Natural.Melee.Finesseable.Bludgeoning,*1,1d3	BONUS:WEAPONPROF=Flexible Arm|TOHIT|-2																				
Fiendish Flexible Arm (Medium)		VISIBLE:NO	SOURCEPAGE:FFo	PRESIZEEQ:M	NATURALATTACKS:Flexible Arm,Weapon.Natural.Melee.Finesseable.Bludgeoning,*1,1d4	BONUS:WEAPONPROF=Flexible Arm|TOHIT|-2																				
Fiendish Flexible Arm (Large)		VISIBLE:NO	SOURCEPAGE:FFo	PRESIZEEQ:L	NATURALATTACKS:Flexible Arm,Weapon.Natural.Melee.Finesseable.Bludgeoning,*1,1d6	BONUS:WEAPONPROF=Flexible Arm|TOHIT|-2																				
Fiendish Flexible Arm (Huge)		VISIBLE:NO	SOURCEPAGE:FFo	PRESIZEEQ:H	NATURALATTACKS:Flexible Arm,Weapon.Natural.Melee.Finesseable.Bludgeoning,*1,1d8	BONUS:WEAPONPROF=Flexible Arm|TOHIT|-2																				
Fiendish Flexible Arm (Gargantuan)		VISIBLE:NO	SOURCEPAGE:FFo	PRESIZEEQ:G	NATURALATTACKS:Flexible Arm,Weapon.Natural.Melee.Finesseable.Bludgeoning,*1,2d6	BONUS:WEAPONPROF=Flexible Arm|TOHIT|-2																				
Fiendish Flexible Arm (Colossal)		VISIBLE:NO	SOURCEPAGE:FFo	PRESIZEEQ:C	NATURALATTACKS:Flexible Arm,Weapon.Natural.Melee.Finesseable.Bludgeoning,*1,2d8	BONUS:WEAPONPROF=Flexible Arm|TOHIT|-2																				
Fiendish Graft ~ Grappling Tentacle	VISIBLE:NO	SOURCEPAGE:FFo	PREEQUIP:1,Fiendish Graft (Fiendish Grappling Tentacle)													TEMPLATE:CHOOSE:Fiendish Grappling Tentacle (Fine)|Fiendish Grappling Tentacle (Diminutive)|Fiendish Grappling Tentacle (Tiny)|Fiendish Grappling Tentacle (Small)|Fiendish Grappling Tentacle (Medium)|Fiendish Grappling Tentacle (Large)|Fiendish Grappling Tentacle (Huge)|Fiendish Grappling Tentacle (Gargantuan)|Fiendish Grappling Tentacle (Colossal)										
Fiendish Grappling Tentacle (Fine)		VISIBLE:NO	SOURCEPAGE:FFo	PRESIZEEQ:F	NATURALATTACKS:Grappling Tentacle,Weapon.Natural.Melee.Finesseable.Bludgeoning,*1,3																					
Fiendish Grappling Tentacle (Diminutive)		VISIBLE:NO	SOURCEPAGE:FFo	PRESIZEEQ:D	NATURALATTACKS:Grappling Tentacle,Weapon.Natural.Melee.Finesseable.Bludgeoning,*1,1d2+2																					
Fiendish Grappling Tentacle (Tiny)		VISIBLE:NO	SOURCEPAGE:FFo	PRESIZEEQ:T	NATURALATTACKS:Grappling Tentacle,Weapon.Natural.Melee.Finesseable.Bludgeoning,*1,1d3+2																					
Fiendish Grappling Tentacle (Small)		VISIBLE:NO	SOURCEPAGE:FFo	PRESIZEEQ:S	NATURALATTACKS:Grappling Tentacle,Weapon.Natural.Melee.Finesseable.Bludgeoning,*1,1d4+2																					
Fiendish Grappling Tentacle (Medium)		VISIBLE:NO	SOURCEPAGE:FFo	PRESIZEEQ:M	NATURALATTACKS:Grappling Tentacle,Weapon.Natural.Melee.Finesseable.Bludgeoning,*1,1d6+2																					
Fiendish Grappling Tentacle (Large)		VISIBLE:NO	SOURCEPAGE:FFo	PRESIZEEQ:L	NATURALATTACKS:Grappling Tentacle,Weapon.Natural.Melee.Finesseable.Bludgeoning,*1,1d8+2																					
Fiendish Grappling Tentacle (Huge)		VISIBLE:NO	SOURCEPAGE:FFo	PRESIZEEQ:H	NATURALATTACKS:Grappling Tentacle,Weapon.Natural.Melee.Finesseable.Bludgeoning,*1,2d6+2																					
Fiendish Grappling Tentacle (Gargantuan)		VISIBLE:NO	SOURCEPAGE:FFo	PRESIZEEQ:G	NATURALATTACKS:Grappling Tentacle,Weapon.Natural.Melee.Finesseable.Bludgeoning,*1,2d8+2																					
Fiendish Grappling Tentacle (Colossal)		VISIBLE:NO	SOURCEPAGE:FFo	PRESIZEEQ:C	NATURALATTACKS:Grappling Tentacle,Weapon.Natural.Melee.Finesseable.Bludgeoning,*1,4d6+2																					
Fiendish Graft ~ Long Arm	VISIBLE:NO	SOURCEPAGE:FFo	PREEQUIP:1,Fiendish Graft (Fiendish Long Arm)													TEMPLATE:CHOOSE:Fiendish Long Arm (Fine)|Fiendish Long Arm (Diminutive)|Fiendish Long Arm (Tiny)|Fiendish Long Arm (Small)|Fiendish Long Arm (Medium)|Fiendish Long Arm (Large)|Fiendish Long Arm (Huge)|Fiendish Long Arm (Gargantuan)|Fiendish Long Arm (Colossal)										
Fiendish Long Arm (Fine)		VISIBLE:NO	SOURCEPAGE:FFo	PRESIZEEQ:F	NATURALATTACKS:Long Arm,Weapon.Natural.Melee.Finesseable.Bludgeoning,*1,0																					
Fiendish Long Arm (Diminutive)		VISIBLE:NO	SOURCEPAGE:FFo	PRESIZEEQ:D	NATURALATTACKS:Long Arm,Weapon.Natural.Melee.Finesseable.Bludgeoning,*1,1																					
Fiendish Long Arm (Tiny)		VISIBLE:NO	SOURCEPAGE:FFo	PRESIZEEQ:T	NATURALATTACKS:Long Arm,Weapon.Natural.Melee.Finesseable.Bludgeoning,*1,1d2																					
Fiendish Long Arm (Small)		VISIBLE:NO	SOURCEPAGE:FFo	PRESIZEEQ:S	NATURALATTACKS:Long Arm,Weapon.Natural.Melee.Finesseable.Bludgeoning,*1,1d3																					
Fiendish Long Arm (Medium)		VISIBLE:NO	SOURCEPAGE:FFo	PRESIZEEQ:M	NATURALATTACKS:Long Arm,Weapon.Natural.Melee.Finesseable.Bludgeoning,*1,1d4																					
Fiendish Long Arm (Large)		VISIBLE:NO	SOURCEPAGE:FFo	PRESIZEEQ:L	NATURALATTACKS:Long Arm,Weapon.Natural.Melee.Finesseable.Bludgeoning,*1,1d6																					
Fiendish Long Arm (Huge)		VISIBLE:NO	SOURCEPAGE:FFo	PRESIZEEQ:H	NATURALATTACKS:Long Arm,Weapon.Natural.Melee.Finesseable.Bludgeoning,*1,1d8																					
Fiendish Long Arm (Gargantuan)		VISIBLE:NO	SOURCEPAGE:FFo	PRESIZEEQ:G	NATURALATTACKS:Long Arm,Weapon.Natural.Melee.Finesseable.Bludgeoning,*1,2d6																					
Fiendish Long Arm (Colossal)		VISIBLE:NO	SOURCEPAGE:FFo	PRESIZEEQ:C	NATURALATTACKS:Long Arm,Weapon.Natural.Melee.Finesseable.Bludgeoning,*1,2d8																					
Fiendish Graft ~ Sting Tail	VISIBLE:NO	SOURCEPAGE:FFo	PREEQUIP:1,Fiendish Graft (Fiendish Sting Tail)		NATURALATTACKS:Sting Tail,Weapon.Natural.Melee.Finesseable.Piercing.Poison,*1,2d4																					
Fiendish Graft ~ Trampling Leg	VISIBLE:NO	SOURCEPAGE:FFo	PREEQUIP:1,Fiendish Graft (Fiendish Trampling Leg)													TEMPLATE:CHOOSE:Fiendish Trampling Leg (Fine)|Fiendish Trampling Leg (Diminutive)|Fiendish Trampling Leg (Tiny)|Fiendish Trampling Leg (Small)|Fiendish Trampling Leg (Medium)|Fiendish Trampling Leg (Large)|Fiendish Trampling Leg (Huge)|Fiendish Trampling Leg (Gargantuan)|Fiendish Trampling Leg (Colossal)										
Fiendish Trampling Leg (Fine)		VISIBLE:NO	SOURCEPAGE:FFo	PRESIZEEQ:F	NATURALATTACKS:Trampling Leg,Weapon.Natural.Melee.Finesseable.Bludgeoning,*1,1																					
Fiendish Trampling Leg (Diminutive)		VISIBLE:NO	SOURCEPAGE:FFo	PRESIZEEQ:D	NATURALATTACKS:Trampling Leg,Weapon.Natural.Melee.Finesseable.Bludgeoning,*1,1d2																					
Fiendish Trampling Leg (Tiny)		VISIBLE:NO	SOURCEPAGE:FFo	PRESIZEEQ:T	NATURALATTACKS:Trampling Leg,Weapon.Natural.Melee.Finesseable.Bludgeoning,*1,1d3																					
Fiendish Trampling Leg (Small)		VISIBLE:NO	SOURCEPAGE:FFo	PRESIZEEQ:S	NATURALATTACKS:Trampling Leg,Weapon.Natural.Melee.Finesseable.Bludgeoning,*1,1d4																					
Fiendish Trampling Leg (Medium)		VISIBLE:NO	SOURCEPAGE:FFo	PRESIZEEQ:M	NATURALATTACKS:Trampling Leg,Weapon.Natural.Melee.Finesseable.Bludgeoning,*1,1d6																					
Fiendish Trampling Leg (Large)		VISIBLE:NO	SOURCEPAGE:FFo	PRESIZEEQ:L	NATURALATTACKS:Trampling Leg,Weapon.Natural.Melee.Finesseable.Bludgeoning,*1,1d8																					
Fiendish Trampling Leg (Huge)		VISIBLE:NO	SOURCEPAGE:FFo	PRESIZEEQ:H	NATURALATTACKS:Trampling Leg,Weapon.Natural.Melee.Finesseable.Bludgeoning,*1,2d6																					
Fiendish Trampling Leg (Gargantuan)		VISIBLE:NO	SOURCEPAGE:FFo	PRESIZEEQ:G	NATURALATTACKS:Trampling Leg,Weapon.Natural.Melee.Finesseable.Bludgeoning,*1,2d8																					
Fiendish Trampling Leg (Colossal)		VISIBLE:NO	SOURCEPAGE:FFo	PRESIZEEQ:C	NATURALATTACKS:Trampling Leg,Weapon.Natural.Melee.Finesseable.Bludgeoning,*1,4d6																					
Fiendish Graft ~ Whip Tail	VISIBLE:NO	SOURCEPAGE:FFo	PREEQUIP:1,Fiendish Graft (Fiendish Whip Tail)		NATURALATTACKS:Whip Tail,Weapon.Natural.Melee.Finesseable.Piercing,*1,1d6																					
Illithid Graft ~ Goring Horn	VISIBLE:NO	SOURCEPAGE:FFo	PREEQUIP:1,Illithid Graft (Illithid Goring Horn)													TEMPLATE:CHOOSE:Illithid Goring Horn (Fine)|Illithid Goring Horn (Diminutive)|Illithid Goring Horn (Tiny)|Illithid Goring Horn (Small)|Illithid Goring Horn (Medium)|Illithid Goring Horn (Large)|Illithid Goring Horn (Huge)|Illithid Goring Horn (Gargantuan)|Illithid Goring Horn (Colossal)										
Illithid Goring Horn (Fine)		VISIBLE:NO	SOURCEPAGE:FFo	PRESIZEEQ:F	NATURALATTACKS:Goring Horn,Weapon.Natural.Melee.Finesseable.Bludgeoning,*1,1d2																					
Illithid Goring Horn (Diminutive)		VISIBLE:NO	SOURCEPAGE:FFo	PRESIZEEQ:D	NATURALATTACKS:Goring Horn,Weapon.Natural.Melee.Finesseable.Bludgeoning,*1,1d3																					
Illithid Goring Horn (Tiny)		VISIBLE:NO	SOURCEPAGE:FFo	PRESIZEEQ:T	NATURALATTACKS:Goring Horn,Weapon.Natural.Melee.Finesseable.Bludgeoning,*1,1d4																					
Illithid Goring Horn (Small)		VISIBLE:NO	SOURCEPAGE:FFo	PRESIZEEQ:S	NATURALATTACKS:Goring Horn,Weapon.Natural.Melee.Finesseable.Bludgeoning,*1,1d6																					
Illithid Goring Horn (Medium)		VISIBLE:NO	SOURCEPAGE:FFo	PRESIZEEQ:M	NATURALATTACKS:Goring Horn,Weapon.Natural.Melee.Finesseable.Bludgeoning,*1,1d8																					
Illithid Goring Horn (Large)		VISIBLE:NO	SOURCEPAGE:FFo	PRESIZEEQ:L	NATURALATTACKS:Goring Horn,Weapon.Natural.Melee.Finesseable.Bludgeoning,*1,2d6																					
Illithid Goring Horn (Huge)		VISIBLE:NO	SOURCEPAGE:FFo	PRESIZEEQ:H	NATURALATTACKS:Goring Horn,Weapon.Natural.Melee.Finesseable.Bludgeoning,*1,2d8																					
Illithid Goring Horn (Gargantuan)		VISIBLE:NO	SOURCEPAGE:FFo	PRESIZEEQ:G	NATURALATTACKS:Goring Horn,Weapon.Natural.Melee.Finesseable.Bludgeoning,*1,4d6																					
Illithid Goring Horn (Colossal)		VISIBLE:NO	SOURCEPAGE:FFo	PRESIZEEQ:C	NATURALATTACKS:Goring Horn,Weapon.Natural.Melee.Finesseable.Bludgeoning,*1,4d8																					
Undead Graft ~ Demon Claw	VISIBLE:NO	SOURCEPAGE:FFo			NATURALATTACKS:Claw,Weapon.Natural.Melee.Finesseable.Piercing.Slashing,*1,2d6																					
Undead Graft ~ Whip Tail	VISIBLE:NO	SOURCEPAGE:FFo			NATURALATTACKS:Tail Lash,Weapon.Natural.Melee.Finesseable.Bludgeoning,*1,1d6																					
