SOURCELONG:Complete Arcane	SOURCESHORT:CA	SOURCEWEB:http://www.gozzilioni.net													
															
###Block								mods	eqmods						
Aroma of Curdled Death		TYPE:Magic.Wondrous.Poison	COST:4500	WT:1		SOURCEPAGE:CA				SPROP:creature with 3HD or less die. Fort DC 17 for 1d4 CON damage or death if 6HD or less. 7HD or more Fort DC 17 or 1d4 CON damage.					
Aroma of Dreams		TYPE:Magic.Wondrous.Poison	COST:1500	WT:1		SOURCEPAGE:CA				SPROP:Fort DC 14.					
Belt of Many Pockets		TYPE:Magic.Wondrous.Belt.Container	COST:11000	WT:1		SOURCEPAGE:CA				CONTAINS:*80					
Belt of Spell Resistance		TYPE:Magic.Wondrous.Belt	COST:90000	WT:1		SOURCEPAGE:CA				SR:21					
Book of Blood		TYPE:Magic.Wondrous.Book.Spellbook	COST:21300	WT:1		SOURCEPAGE:CA			EQMOD:LEATHER_BK.BK_WTR_PRF.BK_FIR_PRF.BK_LOCK_VS	SPROP:bronze clasp with lock. 1/day Summon Monster (Yeth Hound). 1/day Finger of Death at cost of 1 permanently drained hp.	NUMPAGES:45	PAGEUSAGE:1			
Chasuble of Fell Power (Lesser)	OUTPUTNAME:Lesser Chasuble of Fell Power	TYPE:Magic.Wondrous.Amulet	COST:8000	WT:0		SOURCEPAGE:CA				SPROP:+1d6 points of damage to Eldritch Blast or any spell with chaotic descriptor that deals damage	BONUS:VAR|EldritchBlast|1				
Chasuble of Fell Power (Greater)	OUTPUTNAME:Greater Chasuble of Fell Power	TYPE:Magic.Wondrous.Amulet	COST:18000	WT:0		SOURCEPAGE:CA				SPROP:+2d6 points of damage to Eldritch Blast or any spell with chaotic descriptor that deals damage	BONUS:VAR|EldritchBlast|2				
Contract of Nepthas		TYPE:Magic.Wondrous.Scroll	COST:1400	WT:0		SOURCEPAGE:CA									
Dust of Dispersion		TYPE:Magic.Wondrous	COST:2100	WT:0		SOURCEPAGE:CA				SPROP:concealment 50% chance					
Dyrr's Impervious Vestment		TYPE:Magic.Wondrous.Robe	COST:123000	WT:3		SOURCEPAGE:CA				SPROP:1/day Blade Barrier	BONUS:COMBAT|AC|9|TYPE=Armor				
Musical Instrument (Fochluchan Bandore)		TYPE:Magic.Tools.Instrument.String.Resizable	COST:1900	WT:3		SOURCEPAGE:CA			EQMOD:MWORKI	SPROP:+1 competence bonus on bardic music check for countersong, fascinate and suggestion			BONUS:SKILL|Perform (String Instruments)|2|TYPE=Circumstance|PRETYPE:1,Masterwork	ABILITY:Special Ability|AUTOMATIC|Negative Levels	BONUS:VAR|NegLevels|1|!PRESKILL:1,Perform (String Instruments)=2
Musical Instrument (Max Fuirmidh Cithern)		TYPE:Magic.Tools.Instrument.String.Resizable	COST:2900	WT:3		SOURCEPAGE:CA			EQMOD:MWORKI	SPROP:+2 competence bonus on bardic music check for countersong, fascinate and suggestion			BONUS:SKILL|Perform (String Instruments)|2|TYPE=Circumstance|PRETYPE:1,Masterwork	ABILITY:Special Ability|AUTOMATIC|Negative Levels	BONUS:VAR|NegLevels|1|!PRESKILL:1,Perform (String Instruments)=4
Musical Instrument (Doss Lute)		TYPE:Magic.Tools.Instrument.String.Resizable	COST:9800	WT:3		SOURCEPAGE:CA			EQMOD:MWORKI	SPROP:+3 competence bonus on bardic music check for countersong, fascinate and suggestion			BONUS:SKILL|Perform (String Instruments)|2|TYPE=Circumstance|PRETYPE:1,Masterwork	ABILITY:Special Ability|AUTOMATIC|Negative Levels	BONUS:VAR|NegLevels|1|!PRESKILL:1,Perform (String Instruments)=6
Musical Instrument (Canaith Mandolin)		TYPE:Magic.Tools.Instrument.String.Resizable	COST:23400	WT:3		SOURCEPAGE:CA			EQMOD:MWORKI	SPROP:+4 competence bonus on bardic music check for countersong, fascinate and suggestion			BONUS:SKILL|Perform (String Instruments)|2|TYPE=Circumstance|PRETYPE:1,Masterwork	ABILITY:Special Ability|AUTOMATIC|Negative Levels	BONUS:VAR|NegLevels|1|!PRESKILL:1,Perform (String Instruments)=8
Musical Instrument (Cli Lyre)		TYPE:Magic.Tools.Instrument.String.Resizable	COST:37600	WT:3		SOURCEPAGE:CA			EQMOD:MWORKI	SPROP:+5 competence bonus on bardic music check for countersong, fascinate and suggestion			BONUS:SKILL|Perform (String Instruments)|2|TYPE=Circumstance|PRETYPE:1,Masterwork	ABILITY:Special Ability|AUTOMATIC|Negative Levels	BONUS:VAR|NegLevels|1|!PRESKILL:1,Perform (String Instruments)=10
Musical Instrument (Anstruth Harp)		TYPE:Magic.Tools.Instrument.String.Resizable	COST:60000	WT:3		SOURCEPAGE:CA			EQMOD:MWORKI	SPROP:+6 competence bonus on bardic music check for countersong, fascinate and suggestion			BONUS:SKILL|Perform (String Instruments)|2|TYPE=Circumstance|PRETYPE:1,Masterwork	ABILITY:Special Ability|AUTOMATIC|Negative Levels	BONUS:VAR|NegLevels|1|!PRESKILL:1,Perform (String Instruments)=12
Musical Instrument (Ollamh Harp)		TYPE:Magic.Tools.Instrument.String.Resizable	COST:83000	WT:3		SOURCEPAGE:CA			EQMOD:MWORKI	SPROP:+7 competence bonus on bardic music check for countersong, fascinate and suggestion			BONUS:SKILL|Perform (String Instruments)|2|TYPE=Circumstance|PRETYPE:1,Masterwork	ABILITY:Special Ability|AUTOMATIC|Negative Levels	BONUS:VAR|NegLevels|1|!PRESKILL:1,Perform (String Instruments)=14
Lenses of Darkness		TYPE:Magic.Wondrous.Eyegear	COST:7700	WT:0		SOURCEPAGE:CA				SPROP:+4 saving throw against illusion (pattern) spells, spells with light descriptor and light effects that causes blindness.					
Phoenix Helm		TYPE:Magic.Wondrous.Headgear	COST:53000	WT:3		SOURCEPAGE:CA				VISION:Low-Light					
Powder of Black Veil		TYPE:Magic.Wondrous	COST:750	WT:0		SOURCEPAGE:CA				SPROP:blind for 1d4 rounds (Will DC 13 to negate)					
Rug of Welcome		TYPE:Magic.Wondrous	COST:30000	WT:15		SOURCEPAGE:CA									
Sending Stones		TYPE:Magic.Wondrous	COST:15000	WT:0		SOURCEPAGE:CA									
Thought Bottle		TYPE:Magic.Wondrous.Flask	COST:20000	WT:0		SOURCEPAGE:CA									
Vest of Resistance +1		TYPE:Magic.Wondrous.Robe	COST:1000	WT:0		SOURCEPAGE:CA					BONUS:CHECKS|ALL|1|TYPE=Resistance				
Vest of Resistance +2		TYPE:Magic.Wondrous.Robe	COST:4000	WT:0		SOURCEPAGE:CA					BONUS:CHECKS|ALL|2|TYPE=Resistance				
Vest of Resistance +3		TYPE:Magic.Wondrous.Robe	COST:9000	WT:0		SOURCEPAGE:CA					BONUS:CHECKS|ALL|3|TYPE=Resistance				
Vest of Resistance +4		TYPE:Magic.Wondrous.Robe	COST:16000	WT:0		SOURCEPAGE:CA					BONUS:CHECKS|ALL|4|TYPE=Resistance				
Vest of Resistance +5		TYPE:Magic.Wondrous.Robe	COST:25000	WT:0		SOURCEPAGE:CA					BONUS:CHECKS|ALL|5|TYPE=Resistance				
