SOURCELONG:Complete Arcane	SOURCESHORT:CA	SOURCEWEB:http://www.gozzilioni.net																																																																																																																																																																											
#																																																																																																																																																																													
###Block:Book abilities																																																																																																																																																																													
# Modifier Name				Unique Key		Type						Plus		Cost		Visible		Type granted	Keys to replace			Source Page					Multiple Requirements										Required Type							Prohibited Type	Spell Res.	Damage Reduction	BONUS:EQM				BONUS:EQMWEAPON								Bonus to skill						Modify VAR						Special Property																			Virtual Feat		Choose																																																																																	Apply to both heads
Grimoire Arcanamacha				TYPE:Book	COST:0	WT:2		SOURCEPAGE:CA																																																																																																																																																																					
Spellbook (Geometer/Blank)				TYPE:Goods.Tools.Spellbook	COST:15	WT:3		SOURCEPAGE:CA	NUMPAGES:100	PAGEUSAGE:1																																																																																																																																																																			
Spellbook (Tatoo/Hand)				TYPE:Goods.Tools.Spellbook	COST:200	WT:0		SOURCEPAGE:CA	NUMPAGES:1	PAGEUSAGE:max(SPELLLEVEL,1)																																																																																																																																																																			
Spellbook (Tatoo/Forearm)				TYPE:Goods.Tools.Spellbook	COST:600	WT:0		SOURCEPAGE:CA	NUMPAGES:3	PAGEUSAGE:max(SPELLLEVEL,1)																																																																																																																																																																			
Spellbook (Tatoo/Upperarm)				TYPE:Goods.Tools.Spellbook	COST:600	WT:0		SOURCEPAGE:CA	NUMPAGES:3	PAGEUSAGE:max(SPELLLEVEL,1)																																																																																																																																																																			
Spellbook (Tatoo/Chest)				TYPE:Goods.Tools.Spellbook	COST:1200	WT:0		SOURCEPAGE:CA	NUMPAGES:6	PAGEUSAGE:max(SPELLLEVEL,1)																																																																																																																																																																			
Spellbook (Tatoo/Abdomen)				TYPE:Goods.Tools.Spellbook	COST:1200	WT:0		SOURCEPAGE:CA	NUMPAGES:6	PAGEUSAGE:max(SPELLLEVEL,1)																																																																																																																																																																			
Spellbook (Tatoo/Upper leg)				TYPE:Goods.Tools.Spellbook	COST:1000	WT:0		SOURCEPAGE:CA	NUMPAGES:5	PAGEUSAGE:max(SPELLLEVEL,1)																																																																																																																																																																			
Spellbook (Tatoo/Lower leg)				TYPE:Goods.Tools.Spellbook	COST:1000	WT:0		SOURCEPAGE:CA	NUMPAGES:5	PAGEUSAGE:max(SPELLLEVEL,1)																																																																																																																																																																			
Spellbook (Tatoo/Foot)				TYPE:Goods.Tools.Spellbook	COST:200	WT:0		SOURCEPAGE:CA	NUMPAGES:1	PAGEUSAGE:max(SPELLLEVEL,1)																																																																																																																																																																			
Spellbook (Tatoo/Face)				TYPE:Goods.Tools.Spellbook	COST:400	WT:0		SOURCEPAGE:CA	NUMPAGES:2	PAGEUSAGE:max(SPELLLEVEL,1)																																																																																																																																																																			
Spellbook (Tatoo/Scalp)				TYPE:Goods.Tools.Spellbook	COST:800	WT:0		SOURCEPAGE:CA	NUMPAGES:4	PAGEUSAGE:max(SPELLLEVEL,1)																																																																																																																																																																			
Spellbook (Tatoo/Back upper)				TYPE:Goods.Tools.Spellbook	COST:2000	WT:0		SOURCEPAGE:CA	NUMPAGES:10	PAGEUSAGE:max(SPELLLEVEL,1)																																																																																																																																																																			
Spellbook (Tatoo/Back lower)				TYPE:Goods.Tools.Spellbook	COST:800	WT:0		SOURCEPAGE:CA	NUMPAGES:4	PAGEUSAGE:max(SPELLLEVEL,1)																																																																																																																																																																			
Spellbook (Tatoo/Leg posterior)				TYPE:Goods.Tools.Spellbook	COST:800	WT:0		SOURCEPAGE:CA	NUMPAGES:4	PAGEUSAGE:max(SPELLLEVEL,1)																																																																																																																																																																			
Spellbook (Tatoo/Arm posterior)				TYPE:Goods.Tools.Spellbook	COST:400	WT:0		SOURCEPAGE:CA	NUMPAGES:2	PAGEUSAGE:max(SPELLLEVEL,1)																																																																																																																																																																			
Spellbook (Token/Slingstone)				TYPE:Goods.Tools.Spellbook	COST:1	WT:0		SOURCEPAGE:CA	NUMPAGES:1	PAGEUSAGE:max(SPELLLEVEL,1)																																																																																																																																																																			
Spellbook (Token/Cobblestone)				TYPE:Goods.Tools.Spellbook	COST:1	WT:0		SOURCEPAGE:CA	NUMPAGES:4	PAGEUSAGE:max(SPELLLEVEL,1)																																																																																																																																																																			
Spellbook (Token/Rod)				TYPE:Goods.Tools.Spellbook	COST:1	WT:0		SOURCEPAGE:CA	NUMPAGES:4	PAGEUSAGE:max(SPELLLEVEL,1)																																																																																																																																																																			
Spellbook (Token/Club)				TYPE:Goods.Tools.Spellbook	COST:1	WT:0		SOURCEPAGE:CA	NUMPAGES:6	PAGEUSAGE:max(SPELLLEVEL,1)																																																																																																																																																																			
Spellbook (Token/Staff)				TYPE:Goods.Tools.Spellbook	COST:1	WT:0		SOURCEPAGE:CA	NUMPAGES:9	PAGEUSAGE:max(SPELLLEVEL,1)																																																																																																																																																																			
Spellbook (Parchment/Blank)				TYPE:Goods.Tools.Spellbook	COST:10	WT:2		SOURCEPAGE:CA	NUMPAGES:100	PAGEUSAGE:max(SPELLLEVEL,1)																																																																																																																																																																			
Spellbook (Paper Linen/Blank)				TYPE:Goods.Tools.Spellbook	COST:20	WT:2		SOURCEPAGE:CA	NUMPAGES:100	PAGEUSAGE:max(SPELLLEVEL,1)																																																																																																																																																																			
Spellbook (Vellum/Blank)				TYPE:Goods.Tools.Spellbook	COST:50	WT:2		SOURCEPAGE:CA	NUMPAGES:100	PAGEUSAGE:max(SPELLLEVEL,1)																																																																																																																																																																			
Spellbook (Bone/Blank)				TYPE:Goods.Tools.Spellbook	COST:100	WT:4		SOURCEPAGE:CA	NUMPAGES:100	PAGEUSAGE:max(SPELLLEVEL,1)																																																																																																																																																																			
Spellbook (Ivory/Blank)				TYPE:Goods.Tools.Spellbook	COST:100	WT:4		SOURCEPAGE:CA	NUMPAGES:100	PAGEUSAGE:max(SPELLLEVEL,1)																																																																																																																																																																			
Spellbook (Metal foil/Blank)				TYPE:Goods.Tools.Spellbook	COST:500	WT:20		SOURCEPAGE:CA	NUMPAGES:100	PAGEUSAGE:max(SPELLLEVEL,1)																																																																																																																																																																			
