SOURCELONG:Complete Arcane	SOURCESHORT:CA	SOURCEWEB:http://www.gozzilioni.net	
#
STARTPACK:Default Elemental Grue (Chaggrin/Earth Grue)	VISIBLE:QUALIFY	EQUIPBUY:0	PREMULT:1,[!PRERACE:1,%],[PRERACE:1,Elemental Grue (Chaggrin/Earth Grue)]
RACE:Elemental Grue (Chaggrin/Earth Grue)	!PRERACE:1,%		
NAME:Chaggrin (Earth Grue)
STAT:STR=11|DEX=10|CON=10|INT=11|WIS=11|CHA=10
SKILL:Hide	RANK:2		
SKILL:Listen	RANK:2		
SKILL:Spot	RANK:2		
FEAT:Alertness
FEAT:Toughness
#
STARTPACK:Default Elemental Grue (Harginn/Fire Grue)	VISIBLE:QUALIFY	EQUIPBUY:0	PREMULT:1,[!PRERACE:1,%],[PRERACE:1,Elemental Grue (Harginn/Fire Grue)]
RACE:Elemental Grue (Harginn/Fire Grue)	!PRERACE:1,%		
NAME:Harginn (Fire Grue)
STAT:STR=11|DEX=10|CON=10|INT=11|WIS=11|CHA=10
SKILL:Jump	RANK:2		
SKILL:Listen	RANK:2		
SKILL:Spot	RANK:2		
FEAT:Alertness
FEAT:Weapon Finesse
#
STARTPACK:Default Elemental Grue (Ildriss/Air Grue)	VISIBLE:QUALIFY	EQUIPBUY:0	PREMULT:1,[!PRERACE:1,%],[PRERACE:1,Elemental Grue (Ildriss/Air Grue)]
RACE:Elemental Grue (Ildriss/Air Grue)	!PRERACE:1,%		
NAME:Ildriss (Air Grue)
STAT:STR=11|DEX=10|CON=10|INT=11|WIS=11|CHA=10
SKILL:Move Silently	RANK:2		
SKILL:Listen	RANK:2		
SKILL:Spot	RANK:2		
FEAT:Alertness
FEAT:Weapon Finesse
#
STARTPACK:Default Elemental Grue (Vardigg/Water Grue)	VISIBLE:QUALIFY	EQUIPBUY:0	PREMULT:1,[!PRERACE:1,%],[PRERACE:1,Elemental Grue (Vardigg/Water Grue)]
RACE:Elemental Grue (Vardigg/Water Grue)	!PRERACE:1,%		
NAME:Vardigg (Water Grue)
STAT:STR=10|DEX=10|CON=10|INT=11|WIS=11|CHA=10
SKILL:Hide	RANK:2		
SKILL:Listen	RANK:2		
SKILL:Spot	RANK:2		
SKILL:Swim	RANK:0		
FEAT:Alertness
FEAT:Lightning Reflexes
#
STARTPACK:Default Elemental Monolith (Air)	VISIBLE:QUALIFY	EQUIPBUY:0	PREMULT:1,[!PRERACE:1,%],[PRERACE:1,Elemental Monolith (Air)]
RACE:Elemental Monolith (Air)	!PRERACE:1,%		
NAME:Air Elemental Monolith
STAT:STR=10|DEX=11|CON=10|INT=10|WIS=11|CHA=11
SKILL:Balance	RANK:2		
SKILL:Diplomacy	RANK:2		
SKILL:Intimidate	RANK:13		
SKILL:Jump	RANK:30		
SKILL:Listen	RANK:39		
SKILL:Sense Motive	RANK:13		
SKILL:Spot	RANK:39		
SKILL:Tumble	RANK:13		
FEAT:Alertness
FEAT:Blind-Fight
FEAT:Cleave
FEAT:Combat Reflexes
FEAT:Dodge
FEAT:Flyby Attack
FEAT:Great Cleave
FEAT:Improved Critical(Slam)
FEAT:Improved Initiative
FEAT:Improved Natural Attack(Slam)
FEAT:Iron Will
FEAT:Mobility
FEAT:Power Attack
FEAT:Spring Attack
#
STARTPACK:Default Elemental Monolith (Earth)	VISIBLE:QUALIFY	EQUIPBUY:0	PREMULT:1,[!PRERACE:1,%],[PRERACE:1,Elemental Monolith (Earth)]
RACE:Elemental Monolith (Earth)	!PRERACE:1,%		
NAME:Earth Elemental Monolith
STAT:STR=11|DEX=10|CON=11|INT=10|WIS=11|CHA=10
SKILL:Diplomacy	RANK:2		
SKILL:Intimidate	RANK:13		
SKILL:Jump	RANK:13		
SKILL:Listen	RANK:39		
SKILL:Sense Motive	RANK:13		
SKILL:Spot	RANK:39		
FEAT:Alertness
FEAT:Awesome Blow
FEAT:Cleave
FEAT:Great Cleave
FEAT:Improved Bull Rush
FEAT:Improved Critical(Slam)
FEAT:Improved Natural Attack(Slam)
FEAT:Improved Overrun
FEAT:Improved Sunder
FEAT:Iron Will
FEAT:Power Attack
FEAT:Toughness
FEAT:Weapon Focus(Slam)
#
STARTPACK:Default Elemental Monolith (Fire)	VISIBLE:QUALIFY	EQUIPBUY:0	PREMULT:1,[!PRERACE:1,%],[PRERACE:1,Elemental Monolith (Fire)]
RACE:Elemental Monolith (Fire)	!PRERACE:1,%		
NAME:Fire Elemental Monolith
STAT:STR=10|DEX=11|CON=10|INT=10|WIS=11|CHA=11
SKILL:Balance	RANK:4		
SKILL:Diplomacy	RANK:2		
SKILL:Intimidate	RANK:13		
SKILL:Jump	RANK:14		
SKILL:Listen	RANK:39		
SKILL:Sense Motive	RANK:13		
SKILL:Spot	RANK:39		
SKILL:Tumble	RANK:15		
FEAT:Alertness
FEAT:Blind-Fight
FEAT:Cleave
FEAT:Combat Reflexes
FEAT:Dodge
FEAT:Great Fortitude
FEAT:Improved Critical(Slam)
FEAT:Improved Initiative
FEAT:Improved Natural Attack(Slam)
FEAT:Iron Will
FEAT:Mobility
FEAT:Power Attack
FEAT:Spring Attack
FEAT:Weapon Focus(Slam)
#
STARTPACK:Default Elemental Monolith (Water)	VISIBLE:QUALIFY	EQUIPBUY:0	PREMULT:1,[!PRERACE:1,%],[PRERACE:1,Elemental Monolith (Water)]
RACE:Elemental Monolith (Water)	!PRERACE:1,%		
NAME:Water Elemental Monolith
STAT:STR=10|DEX=10|CON=11|INT=10|WIS=11|CHA=11
SKILL:Diplomacy	RANK:2		
SKILL:Intimidate	RANK:13
SKILL:Jump	RANK:13
SKILL:Listen	RANK:39
SKILL:Sense Motive	RANK:15
SKILL:Spot	RANK:39
SKILL:Swim	RANK:0
FEAT:Alertness
FEAT:Awesome Blow
FEAT:Cleave
FEAT:Dodge
FEAT:Great Cleave
FEAT:Improved Bull Rush
FEAT:Improved Critical(Slam)
FEAT:Improved Natural Attack(Slam)
FEAT:Improved Sunder
FEAT:Iron Will
FEAT:Lightning Reflexes
FEAT:Power Attack
FEAT:Weapon Focus(Slam)
