SOURCELONG:Complete Arcane	SOURCESHORT:CA	SOURCEWEB:http://www.gozzilioni.net																																				
#																																						
# type		HITDIE:12		CR:2	DR:10/Silver and Magic		LEVELADJUSTMENT:8	TEMPLATE:Undead	TEMPLATE:CHOOSE:Slam (Fine)|Slam (Diminutive)|Slam (Tiny)|Slam (Small)|Slam (Medium)|Slam (Large)|Slam (Huge)|Slam (Gargantuan)|Slam (Colossal)	SOURCEPAGE:MonstersT-Z.rtf	SAB:Blood Drain (Ex)	SAB:Children of the Night (Su)	SAB:Dominate (Su) DC%|VampireAbilityDC	SAB:Energy Drain (Su)	SAB:Create Spawn (Su)	SAB:Alternate Form (Su)	SAB:Fast Healing 5 (Ex)	SAB:Gaseous Form (Su)	SAB:Energy Resistance Cold/Electricity 10	SAB:Turn Resistance +4 (Ex)	SAB:Spider Climb (Ex)	DEFINE:VampireAbilityDC|0		PREALIGN:2,5,8		BONUS:COMBAT|AC|6|TYPE=NaturalArmor.REPLACE		BONUS:SKILL|Bluff,Hide,Listen,Move Silently,Search,Sense Motive,Spot|8|TYPE=Racial	BONUS:STAT|STR|6	BONUS:STAT|DEX|4	BONUS:STAT|INT|2	BONUS:STAT|WIS|2	BONUS:STAT|CHA|4	BONUS:VAR|VampireAbilityDC|15+CHA		FEAT:Alertness,Combat Reflexes,Dodge,Improved Initiative,Lightning Reflexes		TYPE:Undead
#																																						
Fiendish Symbiosis	VISIBLE:NO		PRECLASS:1,Acolyte of the Skin=10	TYPE:Outsider	DR:10/Good	RACETYPE:Outsider																																
Alienist Timeless Body	VISIBLE:DISPLAY		TEMPLATE:CHOOSE:Timeless Body ~ Adult|Timeless Body ~ Middle Age|Timeless Body ~ Old|Timeless Body ~ Venerable	PRECLASS:1,Alienist=9																																		
Alienist Alien Trascendence	VISIBLE:NO		PRECLASS:1,Alienist=10	TYPE:Outsider	DR:10/Magic	RACETYPE:Outsider	ABILITY:Special Ability|VIRTUAL|Resistance To Acid|Resistance to Electricity	BONUS:VAR|AcidResistanceBonus|10	BONUS:VAR|ElectricityResistanceBonus|10	BONUS:SKILL|Disguise|-4																												
#																																						
# Elemental Savant																																						
Elemental Perfection	VISIBLE:NO		PRECLASS:1,Elemental Savant=10	TYPE:Elemental		RACETYPE:Elemental		ABILITY:Special Ability|AUTOMATIC|Immunity To Stunning|Immunity To Critical Hits																														
#																																						
# Green Star Adept																																						
Green Star Adept Attacks	VISIBLE:NO	TEMPLATE:CHOOSE:Green Star Adept Attacks Small|Green Star Adept Attacks Medium|Green Star Adept Attacks Large																																				
Green Star Adept Attacks Small	VISIBLE:NO	PRESIZEEQ:S	NATURALATTACKS:Slam,Weapon.Natural.Finesseable.Melee.Bludgeoning,*1,1d4																																			
Green Star Adept Attacks Medium	VISIBLE:NO	PRESIZEEQ:M	NATURALATTACKS:Slam,Weapon.Natural.Finesseable.Melee.Bludgeoning,*1,1d6																																			
Green Star Adept Attacks Large	VISIBLE:NO	PRESIZEEQ:L	NATURALATTACKS:Slam,Weapon.Natural.Finesseable.Melee.Bludgeoning,*1,1d8																																			
Emerald Perfection	VISIBLE:NO		PRECLASS:1,Green Star Adept=10	TEMPLATE:Construct	TYPE:Construct		RACETYPE:Construct	DEFINE:LOCK.CON|10	ABILITY:Special Ability|AUTOMATIC|Immunity To Poison|Immunity To Stunning|Immunity To Disease|Immunity To Death Effects|Immunity to Necromantic Effetcs|Immunity to Sneak Attack	BONUS:HP|CURRENTMAX|max(SIZE-2,0)*10	BONUS:HP|CURRENTMAX|max(SIZE-6,0)*10																											
#																																						
# Master Transmogrifist																																						
Transmogrifist Shapechanger	VISIBLE:NO	RACESUBTYPE:Shapechanger																																				
																																						
# Elemental Grue																																						
Elemental Grue	VISIBLE:NO		ABILITY:Special Ability|AUTOMATIC|Spell Disruption																																			
																																						
#																																						
Draconic Heritage ~ Claw (Small)	VISIBLE:NO	PRESIZELTEQ:S	NATURALATTACKS:Draconic Claw,Weapon.Natural.Melee.Finesseable.Piercing.Slashing,*1,1d4																																			
Draconic Heritage ~ Claw (Medium)	VISIBLE:NO	PRESIZEEQ:M	NATURALATTACKS:Draconic Claw,Weapon.Natural.Melee.Finesseable.Piercing.Slashing,*1,1d6																																			
Draconic Heritage ~ Claw (Large)	VISIBLE:NO	PRESIZEGTEQ:L	NATURALATTACKS:Draconic Claw,Weapon.Natural.Melee.Finesseable.Piercing.Slashing,*1,1d8																																			
