SOURCELONG:Monster Manual 3	SOURCESHORT:MM3	SOURCEWEB:http://www.gozzilioni.net									
#											
CLASS:Protean Scourge	HD:8	TYPE:Monster	MAXLEVEL:13	SOURCEPAGE:MM3	BONUS:CHECKS|BASE.Fortitude|CL/3	BONUS:CHECKS|BASE.Reflex|CL/2+2	BONUS:CHECKS|BASE.Will|CL/2+2	BONUS:COMBAT|BAB|CL|TYPE=Base.REPLACE			
# Class Name	Required Race		Reg. Race Type								
CLASS:Protean Scourge		PRERACE:1,Protean Scourge	PRERACETYPE:Monstrous Humanoid								
# Class Name	Skill Pts/Lvl	Add INT to Skill Points?									
CLASS:Protean Scourge	STARTSKILLPTS:2	MODTOSKILLS:NO									
1	
2			ADD:SPELLCASTER|1|Sorcerer								
3	BONUS:PCLEVEL|Sorcerer|1										
4	
5	BONUS:PCLEVEL|Sorcerer|1										
6	BONUS:PCLEVEL|Sorcerer|1										
7	
8	BONUS:PCLEVEL|Sorcerer|1										
9	BONUS:PCLEVEL|Sorcerer|1										
10	
11	BONUS:PCLEVEL|Sorcerer|1										
12	BONUS:PCLEVEL|Sorcerer|1										
13	
#
CLASS:Rakshasa Akchazar	HD:8		TYPE:Monster	MAXLEVEL:17	SOURCEPAGE:MM3	ABILITY:Special Ability|AUTOMATIC|Outsider Proficiencies|PREVAREQ:NoTypeProficiencies,0	ABILITY:Special Ability|AUTOMATIC|Outsider Traits|PREVAREQ:NoTypeTraits,0	BONUS:CHECKS|BASE.Fortitude|CL/2+2	BONUS:CHECKS|BASE.Reflex|CL/2+2	BONUS:CHECKS|BASE.Will|CL/2+2	BONUS:COMBAT|BAB|CL|TYPE=Base.REPLACE
# Class Name	Reg. Race Type
CLASS:Rakshasa Akchazar	PRERACE:1,Rakshasa (Ak'Chazar)	PRERACETYPE:Outsider
# Class Name	Skill Pts/Lvl	Add INT to Skill Points?
CLASS:Rakshasa Akchazar	STARTSKILLPTS:8	MODTOSKILLS:YES
1		ADD:SPELLCASTER|1|Sorcerer								
2	BONUS:PCLEVEL|Sorcerer|1										
3	
4	BONUS:PCLEVEL|Sorcerer|1										
5	BONUS:PCLEVEL|Sorcerer|1										
6
7	BONUS:PCLEVEL|Sorcerer|1										
8	BONUS:PCLEVEL|Sorcerer|1										
9
10	BONUS:PCLEVEL|Sorcerer|1										
11	BONUS:PCLEVEL|Sorcerer|1										
12
13	BONUS:PCLEVEL|Sorcerer|1										
14	BONUS:PCLEVEL|Sorcerer|1										
15
16	BONUS:PCLEVEL|Sorcerer|1										
17	BONUS:PCLEVEL|Sorcerer|1										
#
# Class Name			Output Name		Hit Dice	Type			Max Level		Source Page					Ability											Save checks bonus								Combat bonus
CLASS:Summoning Ooze	HD:10		TYPE:Monster	MAXLEVEL:15	SOURCEPAGE:MM3	ABILITY:Special Ability|AUTOMATIC|Ooze Traits|PREVAREQ:NoTypeTraits,0	BONUS:CHECKS|BASE.Fortitude|CL/3	BONUS:CHECKS|BASE.Reflex|CL/3	BONUS:CHECKS|BASE.Will|CL/3	BONUS:COMBAT|BAB|CL*3/4|TYPE=Base.REPLACE
# Class Name			Reg. Race Type
CLASS:Summoning Ooze	PRERACE:1,Ooze (Summoning Ooze)	PRERACETYPE:Ooze
# Class Name			Skill Pts/Lvl	Add INT to Skill Points?
CLASS:Summoning Ooze	STARTSKILLPTS:2	MODTOSKILLS:YES
1
2
3
4
5	BONUS:VAR|SummonMonsterLVL|1
6
7	BONUS:VAR|SummonMonsterLVL|1	BONUS:MISC|CR|1
8
9	BONUS:VAR|SummonMonsterLVL|1	
10
11	BONUS:VAR|SummonMonsterLVL|1	BONUS:MISC|CR|1
12
13	BONUS:VAR|SummonMonsterLVL|1	
14
15	BONUS:VAR|SummonMonsterLVL|1	BONUS:MISC|CR|1
#