SOURCELONG:Planar Handbook	SOURCESHORT:PH	SOURCEWEB:http://www.gozzilioni.net											
# Class Name	Hit Dice (HD)	Type (TYPE:)	Abbreviation (ABB)	Max Level (MAXLEVEL)	Source Page (SOURCEPAGE)	Save checks bonus (Fortitude) (BONUS:CHECKS)	Save checks bonus (Reflex)	Save checks bonus (Willpower)	Combat bonus	EXCLASS	FINE		
# Class Name	Requirements	FINE											
# Class Name	Skill Pts/Lvl (STARTSKILLPTS)	Class Skill (CSKILL)						define class variables (DEFINE:variable|value	FINE				
# Class Name	Spell Statistic (SPELLSTAT)	Spell type (SPELLTYPE)	Spellbook (SPELLBOOK/MEMORIZE)	knowspell (KNOWNSPELLS)	spell level increases (BONUS:CASTERLEVEL)								
#(level number)	ADD:SPELLCASTER o CAST	AUTO:WEAPONPROF	(FEATAUTO)	ABILITY:Special Ability|AUTOMATIC|	ABILITY:Special Ability|AUTOMATIC|	(DOMAIN)	(BONUS)			(DEFINE)			
CLASS:Barbarian.MOD													
SUBSTITUTIONCLASS:Portal Sense		CSKILL:Knowledge (The Planes)											
SUBSTITUTIONLEVEL:3				ABILITY:Special Ability|AUTOMATIC|Portal Sense									
SUBSTITUTIONLEVEL:6				ABILITY:Special Ability|AUTOMATIC|Trap Sense Ability			BONUS:VAR|TrapSenseBonus|(CL/3)-1						
SUBSTITUTIONCLASS:Planar DR		CSKILL:Knowledge (The Planes)											
SUBSTITUTIONLEVEL:7				ABILITY:Special Ability|AUTOMATIC|Planar Damage Reduction									
SUBSTITUTIONLEVEL:10				ABILITY:Special Ability|AUTOMATIC|Barbarian DR			BONUS:VAR|BarbarianDRLVL|CL-3						
SUBSTITUTIONCLASS:Menacing Rage		CSKILL:Knowledge (The Planes)											
SUBSTITUTIONLEVEL:11				ABILITY:Special Ability|AUTOMATIC|Menacing Rage			BONUS:VAR|MenacingRageDC|CL/2	BONUS:VAR|GreaterRage|-1					
#													
CLASS:Cleric.MOD		EXCLASS:Ex Cleric											
SUBSTITUTIONCLASS:Planar Dismissal													
SUBSTITUTIONLEVEL:4	CAST:5,3,2			ABILITY:Special Ability|AUTOMATIC|Planar Dismissal									
SUBSTITUTIONCLASS:Planar Domain													
SUBSTITUTIONLEVEL:7	CAST:6,4,3,2,1					DOMAIN:Abyss[PREALIGN:CE]|Arborea[PREALIGN:CG]|Baator[PREALIGN:LE]|Celestia[PREALIGN:LG]|Elysium[PREALIGN:NG]|Hades[PREALIGN:NE]|Limbo[PREALIGN:CN]|Mechanus[PREALIGN:LN]							
SUBSTITUTIONCLASS:Planar Banishment													
SUBSTITUTIONLEVEL:11				ABILITY:Special Ability|AUTOMATIC|Spontaneous casting ~ Banishment									
#													
CLASS:Ex Cleric		HD:8		TYPE:Base.PC	ABB:XClr			SOURCEPAGE:PH		BONUS:CHECKS|BASE.Fortitude,BASE.Will|CL/2+2	BONUS:CHECKS|BASE.Reflex|CL/3	BONUS:COMBAT|BAB|CL*3/4|TYPE=Base.REPLACE	VISIBLE:NO
CLASS:Ex Cleric	STARTSKILLPTS:2	CSKILL:Concentration|TYPE.Craft|Diplomacy|Heal|Knowledge (Arcana)|Knowledge (History)|Knowledge (Religion)|Knowledge (The Planes)|TYPE.Profession|Spellcraft											
1	ABILITY:Special Ability|AUTOMATIC|Weapon and Armor Proficiency ~ Cleric|!PREABILITY:1,CATEGORY=ACF,TYPE.ClericProficiences
#													
CLASS:Druid.MOD		CSKILL:Knowledge (The Planes)											
SUBSTITUTIONCLASS:Resist Extraplanar Might													
SUBSTITUTIONLEVEL:4	CAST:5,3,2			ABILITY:Special Ability|AUTOMATIC|Resist Extraplanar Might									
SUBSTITUTIONCLASS:Planar Tolerance													
SUBSTITUTIONLEVEL:9	CAST:6,4,4,3,2,1			ABILITY:Special Ability|AUTOMATIC|Planar Tolerance									
SUBSTITUTIONCLASS:Counter Summoning													
SUBSTITUTIONLEVEL:13	CAST:6,5,5,4,4,3,2,1			ABILITY:Special Ability|AUTOMATIC|Counter Summoning									
#													
CLASS:Fighter.MOD		CSKILL:Knowledge (The Planes)											
SUBSTITUTIONCLASS:Planar Study													
SUBSTITUTIONLEVEL:4				ABILITY:Special Ability|AUTOMATIC|Planar Study			BONUS:ABILITYPOOL|Fighter Feat|-1						
SUBSTITUTIONCLASS:Align Puissance													
SUBSTITUTIONLEVEL:8				ABILITY:Special Ability|AUTOMATIC|Align Puissance			BONUS:ABILITYPOOL|Fighter Feat|-1	BONUS:VAR|FighterAlignPuissanceLVL|FighterLVL					
SUBSTITUTIONCLASS:Aura of Stability													
SUBSTITUTIONLEVEL:12				ABILITY:Special Ability|AUTOMATIC|Aura of Stability			BONUS:ABILITYPOOL|Fighter Feat|-1						
#													
CLASS:Monk.MOD		CSKILL:Knowledge (The Planes)											
SUBSTITUTIONCLASS:Resistant Body													
SUBSTITUTIONLEVEL:5		UDAM:1d2,1d3,1d4,1d6,1d8,2d6,3d6,4d6,6d6					BONUS:ABILITYPOOL|Monk Resistance|1						
SUBSTITUTIONCLASS:Axiomatic Soul													
SUBSTITUTIONLEVEL:13		UDAM:1d4,1d6,1d8,1d10,2d6,3d6,4d6,6d6,8d6		ABILITY:Special Ability|AUTOMATIC|Axiomatic Soul|Monk Axiomatic Soul			BONUS:VAR|MonkAxiomaticSoulLVL|CL						
SUBSTITUTIONCLASS:Ki Strike													
SUBSTITUTIONLEVEL:16		UDAM:1d6,1d8,1d10,2d6,2d8,3d8,4d8,6d8,8d8		ABILITY:Special Ability|AUTOMATIC|Monk Ki Strike Cold Iron									
#													
CLASS:Paladin.MOD		CSKILL:Knowledge (The Planes)											
SUBSTITUTIONCLASS:Smite Evil Outsider													
SUBSTITUTIONLEVEL:4				ABILITY:Special Ability|AUTOMATIC|Smite Evil Outsider|Paladin Smite Evil Outsider			BONUS:VAR|PaladinSmiteEvilOutsidersLVL|CL						
SUBSTITUTIONCLASS:Celestial Mount													
SUBSTITUTIONLEVEL:6				ABILITY:Special Ability|AUTOMATIC|Remove Disease|Celestial Mount			BONUS:VAR|RemoveDiseaseLVL|CL	BONUS:VAR|RemoveDisease|-1	BONUS:VAR|CelestialMount|1				
SUBSTITUTIONCLASS:Alignment Purity													
SUBSTITUTIONLEVEL:10				ABILITY:Special Ability|AUTOMATIC|Alignment Purity									
#													
CLASS:Ranger.MOD		CSKILL:Knowledge (The Planes)											
SUBSTITUTIONCLASS:Planar Animal Companion													
SUBSTITUTIONLEVEL:4				ABILITY:Special Ability|AUTOMATIC|Planar Animal Companion			BONUS:VAR|RangerAnimalCompLVL|-1						
SUBSTITUTIONCLASS:Portal Intuition													
SUBSTITUTIONLEVEL:8				ABILITY:Special Ability|AUTOMATIC|Portal Intuition									
SUBSTITUTIONCLASS:Planar Tracking													
SUBSTITUTIONLEVEL:13				ABILITY:Special Ability|AUTOMATIC|Planar Tracking (Sp)			BONUS:VAR|PlanarTrackingLVL|CL	BONUS:VAR|PlanarTrackingTimes|1					
#													
CLASS:Rogue.MOD		CSKILL:Knowledge (The Planes)											
SUBSTITUTIONCLASS:Breach Sense													
SUBSTITUTIONLEVEL:6				ABILITY:Special Ability|AUTOMATIC|Breach Sense			BONUS:VAR|TrapSenseBonus|-1						
#													
CLASS:Sorcerer.MOD		CSKILL:Knowledge (The Planes)											
SUBSTITUTIONCLASS:Force Charged Energy													
SUBSTITUTIONLEVEL:5	CAST:6,6,4	KNOWN:6,4,2		ABILITY:Special Ability|AUTOMATIC|Force Charged Energy			BONUS:SPELLKNOWN|CLASS=Sorcerer;LEVEL=2|-1						
SUBSTITUTIONCLASS:Extraplanar Spell Penetration													
SUBSTITUTIONLEVEL:9	CAST:6,6,6,6,4	KNOWN:8,5,4,3,2		ABILITY:Special Ability|AUTOMATIC|Extraplanar Spell Penetration			BONUS:SPELLKNOWN|CLASS=Sorcerer;LEVEL=4|-1						
SUBSTITUTIONCLASS:Extraplanar Spell Penetration													
SUBSTITUTIONLEVEL:13	CAST:6,6,6,6,6,6,4	KNOWN:9,5,5,4,4,3,2		ABILITY:Special Ability|AUTOMATIC|Spontaneous casting ~ Summon			BONUS:SPELLKNOWN|CLASS=Sorcerer;LEVEL=6|-1						
#													
CLASS:Wizard.MOD													
SUBSTITUTIONCLASS:Unimpeded Magic													
SUBSTITUTIONLEVEL:6	CAST:4,3,3,2			ABILITY:Special Ability|AUTOMATIC|Unimpeded Magic			BONUS:SPELLCAST|CLASS=Wizard;LEVEL=3|-1						
SUBSTITUTIONCLASS:Planar Spellcasting													
SUBSTITUTIONLEVEL:10	CAST:4,4,4,3,3,2			ABILITY:Special Ability|AUTOMATIC|Planar Spellcasting			BONUS:ABILITYPOOL|Wizard Feat|-1						
SUBSTITUTIONCLASS:Enhanced Magic													
SUBSTITUTIONLEVEL:14	CAST:4,4,4,4,4,3,3,2			ABILITY:Special Ability|AUTOMATIC|Enhanced Magic			BONUS:SPELLCAST|CLASS=Wizard;LEVEL=7|-1						
