SOURCELONG:Planar Handbook	SOURCESHORT:PH	SOURCEWEB:http://www.gozzilioni.net																																																																																																																																																																											
#																																																																																																																																																																													
###Block																																																																																																																																																																													
# Modifier Name				Unique Key		Type						Plus		Cost		Visible		Type granted	Keys to replace			Source Page					Multiple Requirements										Required Type							Prohibited Type	Spell Res.	Damage Reduction	BONUS:EQM				BONUS:EQMWEAPON								Bonus to skill						Modify VAR						Special Property																			Virtual Feat		Choose																																																																																	Apply to both heads
Ether Harness			TYPE:Goods.Container.Nonmetal.Barding.Mount.Resizable	COST:20	WT:2		SOURCEPAGE:PH	CONTAINS:UNLIM|Cablespool=1|Weapon=2|Any=UNLIM																																																																																																																																																																					
Parchment (Sheet/Fireproof)	OUTPUTNAME:Fireproof Parchment (Sheet)		TYPE:Goods.General.Writing.Documents.Fireproof	COST:.8	WT:0		SOURCEPAGE:PH																																																																																																																																																																						
Gravity Tent			TYPE:Goods.General.Resizable	COST:25	WT:40		SOURCEPAGE:PH																																																																																																																																																																						
Ink (1 Oz. Vial/Fireproof)	OUTPUTNAME:Fireproof Ink (1 Oz. Vial)		TYPE:Goods.General.Writing.Liquid.Vial.Fireproof	COST:6	WT:0		SOURCEPAGE:PH																																																																																																																																																																						
Weight Suit			TYPE:Goods.Clothing.Resizable	COST:20	WT:100		SOURCEPAGE:PH																																																																																																																																																																						
Differential Hourglass			TYPE:Goods.Tools	COST:75	WT:4		SOURCEPAGE:PH																																																																																																																																																																						
Planar Atlas			TYPE:Goods.General	COST:25	WT:2		SOURCEPAGE:PH																																																																																																																																																																						
True Divine Focus			TYPE:Goods.Tools.DivineFocus	COST:1000	WT:0		SOURCEPAGE:PH	BONUS:CASTERLEVEL|Druid|1																																																																																																																																																																					
Holy Symbol (True)			TYPE:Goods.Tools.DivineFocus	COST:500	WT:1		SOURCEPAGE:PH	BONUS:VAR|TurnCheckBase|2																																																																																																																																																																					
Unholy Symbol (True)			TYPE:Goods.Tools.DivineFocus	COST:500	WT:1		SOURCEPAGE:PH	BONUS:VAR|TurnCheckBase|2																																																																																																																																																																					
#																																																																																																																																																																													
###Block																																																																																																																																																																													
# Modifier Name																																																																																																																																																																													
Elsewhale			TYPE:Goods.Transportation.Mount.Container	COST:8000	WT:122700	SIZE:C	SOURCEPAGE:PH	CONTAINS:*600|Any=UNLIM																																																																																																																																																																					
Gaspar			TYPE:Goods.Transportation.Mount.Container	COST:22500	WT:10000	SIZE:L	SOURCEPAGE:PH	CONTAINS:*100|Any=UNLIM																																																																																																																																																																					
Nightmare (Lesser)	OUTPUTNAME:Nightmare, Lesser		TYPE:Goods.Transportation.Mount.Container	COST:5500	WT:1800	SIZE:L	SOURCEPAGE:PH	CONTAINS:*600|Any=UNLIM																																																																																																																																																																					
Ur'Pona			TYPE:Goods.Transportation.Mount.Container	COST:32000	WT:2200	SIZE:L	SOURCEPAGE:PH	CONTAINS:*600|Any=UNLIM																																																																																																																																																																					
#																																																																																																																																																																													
Astral Skiff			TYPE:Goods.Transportation.Vehicle.Container	COST:10000	WT:0	SIZE:H	SOURCEPAGE:PH	CONTAINS:*1000|Any=UNLIM																																																																																																																																																																					
Ethereal Tunneler			TYPE:Goods.Transportation.Vehicle.Container	COST:140000	WT:0	SIZE:H	SOURCEPAGE:PH	CONTAINS:*2000|Any=UNLIM																																																																																																																																																																					
Gate Zeppelin			TYPE:Goods.Transportation.Vehicle.Container	COST:160000	WT:0	SIZE:C	SOURCEPAGE:PH	CONTAINS:*10000|Any=UNLIM																																																																																																																																																																					
Astral Ship (Living)			TYPE:Goods.Transportation.Vehicle.Container	COST:32000	WT:0	SIZE:C	SOURCEPAGE:PH	CONTAINS:*10000|Any=UNLIM																																																																																																																																																																					
Planar Sailer			TYPE:Goods.Transportation.Vehicle.Container	COST:25000	WT:0	SIZE:C	SOURCEPAGE:PH	CONTAINS:*150000|Any=UNLIM																																																																																																																																																																					
#																																																																																																																																																																													
###Block																																																																																																																																																																													
# Modifier Name																																																																																																																																																																													
Passage in independent Elsewhale 			TYPE:Service.Transportation	COST:150			SOURCEPAGE:PH																																																																																																																																																																						
Passage on Planar Salier			TYPE:Service.Transportation	COST:150			SOURCEPAGE:PH																																																																																																																																																																						
Passage on Gate Zeppelin			TYPE:Service.Transportation	COST:1530			SOURCEPAGE:PH																																																																																																																																																																						
Planar Guide (Per Day)			TYPE:Service	COST:25			SOURCEPAGE:PH																																																																																																																																																																						
Passage in independent Living Astral Ship			TYPE:Service.Transportation	COST:500			SOURCEPAGE:PH																																																																																																																																																																						
Cubic Gate (Established)	OUTPUTNAME:Cubic Gate, Established		TYPE:Service.Transportation	COST:1640			SOURCEPAGE:PH																																																																																																																																																																						
Planar Ring Gates (special commission)	OUTPUTNAME:Planar Ring Gate, special commission		TYPE:Service.Transportation	COST:1400			SOURCEPAGE:PH																																																																																																																																																																						
#																																																																																																																																																																													
###Block																																																																																																																																																																													
# Modifier Name																																																																																																																																																																													
Anarchic Water (Flask)			TYPE:Goods.Flask.MaterialComponent.Consumable.Weapon.Melee.Ranged.Thrown	COST:50	WT:1		SOURCEPAGE:PH						DAMAGE:2d4	CRITRANGE:1	CRITMULT:x2	RANGE:10																																																																																																																																																													
Axiomatic Water (Flask)			TYPE:Goods.Flask.MaterialComponent.Consumable.Weapon.Melee.Ranged.Thrown	COST:50	WT:1		SOURCEPAGE:PH						DAMAGE:2d4	CRITRANGE:1	CRITMULT:x2	RANGE:10																																																																																																																																																													
#
Antitrait Grease (Vial/Evil)			TYPE:Goods.Alchemical.Vial.Consumable	COST:50	WT:0		SOURCEPAGE:PH	SPROP:Craft (Alchemy) DC 20																																																																																																																																																																					
Antitrait Grease (Vial/Chaos)			TYPE:Goods.Alchemical.Vial.Consumable	COST:50	WT:0		SOURCEPAGE:PH	SPROP:Craft (Alchemy) DC 20																																																																																																																																																																					
Antitrait Grease (Vial/Good)			TYPE:Goods.Alchemical.Vial.Consumable	COST:50	WT:0		SOURCEPAGE:PH	SPROP:Craft (Alchemy) DC 20																																																																																																																																																																					
Antitrait Grease (Vial/Law)			TYPE:Goods.Alchemical.Vial.Consumable	COST:50	WT:0		SOURCEPAGE:PH	SPROP:Craft (Alchemy) DC 20																																																																																																																																																																					
Atramen Oil (Flask)			TYPE:Goods.Alchemical.Flask.Consumable.Weapon.Melee.Ranged.Thrown	COST:50	WT:1		SOURCEPAGE:PH	SPROP:Craft (Alchemy) DC 20					DAMAGE:2d4	CRITRANGE:1	CRITMULT:x2	RANGE:10																																																																																																																																																													
Bahamut's Breath (Flask)			TYPE:Goods.Alchemical.Flask.Consumable.Weapon.Melee.Ranged.Thrown	COST:120	WT:1		SOURCEPAGE:PH	SPROP:Craft (Alchemy) DC 25					DAMAGE:2d4	CRITRANGE:1	CRITMULT:x2	RANGE:10																																																																																																																																																													
Celestial Cloak			TYPE:Goods.Alchemical.Cape	COST:1000	WT:1		SOURCEPAGE:PH	SPROP:Craft (Leatherworking) DC 25	ABILITY:Special Ability|AUTOMATIC|Resistance To Acid|Resistance To Cold|Resistance To Electricity	DEFINE:AcidResistanceBonus|1	DEFINE:ColdResistanceBonus|1	DEFINE:ElectricityResistanceBonus|1																																																																																																																																																																	
Chaos Flask (Flask)			TYPE:Goods.Alchemical.Flask.Consumable	COST:100	WT:0.5		SOURCEPAGE:PH																																																																																																																																																																						
Elemental Lodestone			TYPE:Goods.Ammunition.SlingStone.Individual	COST:200	WT:50	MODS:YES	SOURCEPAGE:PH						BASEQTY:1																																																																																																																																																																
Liquid Ember (Flask)			TYPE:Goods.Alchemical.Flask.Consumable	COST:600	WT:1		SOURCEPAGE:PH	SPROP:Craft (Alchemy) DC 25																																																																																																																																																																					
Mechanus Eye			TYPE:Goods	COST:100	WT:0		SOURCEPAGE:PH		BONUS:SKILL|Search|1|TYPE=Competence																																																																																																																																																																				
Pure Element (Flask/Air)			TYPE:Goods.Alchemical.Flask.Consumable	COST:1000	WT:1		SOURCEPAGE:PH	SPROP:Craft (Alchemy) DC 25																																																																																																																																																																					
Pure Element (Flask/Earth)			TYPE:Goods.Alchemical.Flask.Consumable	COST:1000	WT:1		SOURCEPAGE:PH	SPROP:Craft (Alchemy) DC 25																																																																																																																																																																					
Pure Element (Flask/Fire)			TYPE:Goods.Alchemical.Flask.Consumable	COST:1000	WT:1		SOURCEPAGE:PH	SPROP:Craft (Alchemy) DC 25																																																																																																																																																																					
Pure Element (Flask/Water)			TYPE:Goods.Alchemical.Flask.Consumable	COST:1000	WT:1		SOURCEPAGE:PH	SPROP:Craft (Alchemy) DC 25																																																																																																																																																																					
Red Tidewater			TYPE:Goods.Alchemical.Flask.Consumable	COST:25	WT:0.5		SOURCEPAGE:PH																																																																																																																																																																						
