SOURCELONG:Planar Handbook	SOURCESHORT:PH	SOURCEWEB:http://www.gozzilioni.net																																											
																																													
# BASICS																																													
# Feat Name	Type	visible		Req. Att.	Required Class	Required Feat				Req. nb of Hand	Required Lvl	Required Skill	Req. Spellbook		Required Stat						Var. Min. Value	Special Ability	Define	Description	Stackable?	Multiple?	Choose	Automaticaly Gained Armor Prof.	Automaticaly Gained Shield Prof.	Automaticaly Gained Weapon Prof.	Add Spell Lvl	Save checks bonus	Combat bonus	BONUS:DC	Bonus to HP	% bonus to range	Bonus to skill	Modify VAR	Weapon prop. bonus	Weapon prof. bonus	Source Page				
Acheron Flurry	TYPE:General	VISIBLE:YES				PREFEAT:1,Improved Unarmed Strike			PRESTAT:2,DEX=15,WIS=15			PRESKILL:1,Knowledge (The Planes)=4												DESC:See Text																	SOURCEPAGE:PH				
Air Heritage	TYPE:Heritage	VISIBLE:YES																						DESC:See Text													BONUS:SKILL|Balance,Jump|2|PREVARLT:ENCUMBERANCE,2,var("COUNT[EQTYPE.ARMOR.EQUIPPED.IS.HEAVY]"),1				SOURCEPAGE:PH	DEFINE:AirHeritageFeats|0	BONUS:MOVEADD|TYPE.Fly|30		
Anarchic Heritage	TYPE:Heritage	VISIBLE:YES												PREALIGN:NG,TN,NE,CG,CN,CE								SAB:+2 bonus against spells or other effects created by lawful creatures.		DESC:See Text																	SOURCEPAGE:PH	DEFINE:AnarchicHeritageFeats|0	ABILITY:Special Ability|VIRTUAL|Resistance To Petrification|Resistance To Polymorph	BONUS:VAR|PolymorphResistanceBonus|4	BONUS:VAR|PetrificationResistanceBonus|4
Axiomatic Heritage	TYPE:Heritage	VISIBLE:YES												PREALIGN:LG,LN,LE,NG,TN,NE								SAB:+2 bonus against spells or other effects created by chaotic  creatures.		DESC:See Text																	SOURCEPAGE:PH	DEFINE:AxiomaticHeritageFeats|0	ABILITY:Special Ability|VIRTUAL|Resistance To Charm 2	BONUS:VAR|CharmResistanceBonus|4	
Celestial Heritage	TYPE:Heritage	VISIBLE:YES												PREALIGN:LG,LN,NG,TN,CG,CN								SAB:+2 bonus against spells or other effects created by evil creatures.		DESC:See Text																	SOURCEPAGE:PH	DEFINE:CelestialHeritageFeats|0	ABILITY:Special Ability|VIRTUAL|Resistance To Petrification|Resistance To Polymorph	BONUS:VAR|PolymorphResistanceBonus|4	BONUS:VAR|PetrificationResistanceBonus|4
Celestial Summoning Specialist	TYPE:General	VISIBLE:YES							PRETEXT:ability to cast any Summon Monster spell.			PRESKILL:2,Knowledge (The Planes)=2,Knowledge (Religion)=2		PREALIGN:LG,LN,NG,TN,CG,CN										DESC:See Text																	SOURCEPAGE:PH				
Earth Heritage	TYPE:Heritage	VISIBLE:YES																						DESC:See Text																	SOURCEPAGE:PH	DEFINE:EarthHeritageFeats|0	ABILITY:Special Ability|VIRTUAL|Earth Mastery|Resistance To Bull Rush	BONUS:VAR|BullRushResistanceBonus|4	
Elemental Spellcasting	TYPE:General	VISIBLE:YES										PRESKILL:1,Knowledge (The Planes)=2												DESC:See Text	STACK:NO	MULT:YES	CHOOSE:STRING|Air|Earth|Fire|Water														SOURCEPAGE:PH	BONUS:CASTERLEVEL|DESCRIPTO.%LIST|1			
Fiendish Heritage	TYPE:Heritage	VISIBLE:YES												PREALIGN:LN,LE,TN,NE,CN,CE								SAB:+2 bonus against spells or other effects created by good creatures.		DESC:See Text																	SOURCEPAGE:PH	DEFINE:FiendishHeritageFeats|0	ABILITY:Special Ability|VIRTUAL|Resistance To Poison	BONUS:VAR|PoisonResistanceBonus|4	
Fiendish Summoning Specialist	TYPE:General	VISIBLE:YES							PRETEXT:ability to cast any Summon Monster spell.			PRESKILL:2,Knowledge (The Planes)=2,Knowledge (Religion)=2		PREALIGN:LN,LE,TN,NE,CN,CE										DESC:See Text																	SOURCEPAGE:PH				
Fire Heritage	TYPE:Heritage	VISIBLE:YES																				SAB:Unarmed attacks deal +1 Fire damage.		DESC:See Text									BONUS:COMBAT|INITIATIVE|1								SOURCEPAGE:PH	DEFINE:FireHeritageFeats|0			
Improved Elemental Heritage	TYPE:Heritage	VISIBLE:YES				PREFEAT:1,Air Heritage,Earth Heritage,Fire Heritage,Water Heritage																		DESC:See Text																	SOURCEPAGE:PH	BONUS:ABILITYPOOL|Elemental Heritage Resistance|1			
Improved Outer Planar Heritage	TYPE:Heritage	VISIBLE:YES				PREFEAT:1,Anarchic Heritage,Axiomatic Heritage,Celestial Heritage,Fiendish Heritage																		DESC:See Text																	SOURCEPAGE:PH	BONUS:ABILITYPOOL|Outer Planar Heritage Reduction|1			
Natural Heavyweight	TYPE:Heritage	VISIBLE:YES																				SAB:carrying capacity is doubled. +2 circumstance bonus on Climb and Jump check and -2 penalty on Balance, Ride, Swim and Tumble checks on plane with normal gravity. On a plane with lighter gravity, these values are doubled.		DESC:See Text																	SOURCEPAGE:PH				
Neraph Charge	TYPE:General	VISIBLE:YES							PRESTAT:1,WIS=15			PRESKILL:1,Knowledge (The Planes)=5												DESC:See Text																	SOURCEPAGE:PH				
Neraph Throw	TYPE:General	VISIBLE:YES							PRESTAT:1,DEX=15			PRESKILL:1,Knowledge (The Planes)=5												DESC:See Text																	SOURCEPAGE:PH				
Nonverbal Spell	TYPE:General	VISIBLE:YES																						DESC:See Text																	SOURCEPAGE:PH				
###TODO: Personal Touchstone CHOOSE:EQUIPMENT|QUALIFIED[TYPE=PlanarTouchstone]
Personal Touchstone	TYPE:General	VISIBLE:YES							PRETEXT:you must own a Planar Touchstone native to the chosen plane.			PRESKILL:1,Knowledge (The Planes)=8												DESC:See Text	STACK:NO	MULT:YES	CHOOSE:NOCHOICE														SOURCEPAGE:PH				
Planar Familiar	TYPE:General	VISIBLE:YES				PREABILITY:1,CATEGORY=Special Ability,Summon Familiar						PRESKILL:1,Knowledge (The Planes)=5												DESC:See Text																	SOURCEPAGE:PH	DEFINE:PlanarFamiliar|1
###TODO: Planar Touchstone CHOOSE:EQUIPMENT|QUALIFIED[TYPE=PlanarTouchstone]
Planar Touchstone	TYPE:General	VISIBLE:YES										PRESKILL:1,Knowledge (The Planes)=8												DESC:See Text	STACK:NO	MULT:YES	CHOOSE:NOCHOICE														SOURCEPAGE:PH				
Shadow Heritage	TYPE:Heritage	VISIBLE:YES																				SAB:+3 bonus on Hide and Move Silently checks when in darkness or shadowy illumination.		DESC:See Text																	SOURCEPAGE:PH				
Stalwart Planar Ally	TYPE:General	VISIBLE:YES				PREFEAT:1,Planar Touchstone			PRESTAT:1,CHA=13			PRESKILL:1,Spellcraft=5												DESC:See Text																	SOURCEPAGE:PH				
Water Heritage	TYPE:Heritage	VISIBLE:YES																				SAB:+4 bonus on constitution checks made to hold your breath.		DESC:See Text																	SOURCEPAGE:PH	DEFINE:WaterHeritageFeats|0	BONUS:MOVEADD|TYPE.Swim|20		
#
Cleave.MOD	TYPE:DoomlordFeat
Diehard.MOD	TYPE:DoomlordFeat
Endurance.MOD	TYPE:DoomlordFeat
Great Cleave.MOD	TYPE:DoomlordFeat
Improved Critical.MOD	TYPE:DoomlordFeat
Toughness.MOD	TYPE:DoomlordFeat
Acrobatic.MOD	TYPE:CipherAdeptFeat
Alertness.MOD	TYPE:CipherAdeptFeat
Animal Affinity.MOD	TYPE:CipherAdeptFeat
Combat Reflexes.MOD	TYPE:CipherAdeptFeat
Deft Hands.MOD	TYPE:CipherAdeptFeat
Improved Critical.MOD	TYPE:CipherAdeptFeat
Improved Disarm.MOD	TYPE:CipherAdeptFeat
Improved Sunder.MOD	TYPE:CipherAdeptFeat
Lightning Reflexes.MOD	TYPE:CipherAdeptFeat
Mobility.MOD	TYPE:CipherAdeptFeat
Nimble Fingers.MOD	TYPE:CipherAdeptFeat
Precise Shot.MOD	TYPE:CipherAdeptFeat
Self Sufficient.MOD	TYPE:CipherAdeptFeat
Spring Attack.MOD	TYPE:CipherAdeptFeat