SOURCELONG:Planar Handbook	SOURCESHORT:PH	SOURCEWEB:http://www.gozzilioni.net															

#Weapon Groupings used to facilitate homebrews:
#	Sword, Spear, Axe, Bow, Unarmed
#	Melee, Ranged, Thrown, Spell
#	Bludgeoning, Slashing, Piercing
#	TwoHanded, DoubleWeapon, MeleeTwoHanded, Reach
#	MeleeSlashing, MeleePiercing, MeeleBludgeoning, RangedSlashing, RangedPiercing, RangedBludgeoning
#	RangedTouch

Muspelrule	TYPE:Simple.Melee.Bludgeoning.MeleeBludgeoning.Light.Club
Sickle (Heavy)	TYPE:Simple.Melee.Slashing.MeleeSlashing.Onehanded.Sickle
#
Lancet (Gehennan)	TYPE:Martial.Melee.Piercing.MeleePiercing.Light.Dagger
Stabaxe	TYPE:Martial.Melee.Piercing.MeleePiercing.Light.Axe
Straightblade	TYPE:Martial.Melee.Slashing.MeleeSlashing.Light.Sword
Ripper	TYPE:Martial.Melee.Piercing.MeleePiercing.TwoHanded.Spear
#
Jovar	TYPE:Exotic.Melee.Slashing.MeleeSlashing.TwoHanded.Sword
Ramhammer	TYPE:Exotic.Melee.Bludgeoning.MeleeBludgeoning.TwoHanded.Hammer.Reach.Polearm
#
Annulat	TYPE:Exotic.Ranged.Standard.Slashing.RangedSlashing.OneHanded