SOURCELONG:Gozzilioni	SOURCESHORT:G	SOURCEWEB:http://www.gozzilioni.net															
#duplication of the line for adding the bonus not written n the articles but present in the original template in  rsrd_template.lst																	
# Class Name	Hit Dice (HD)	Type (TYPE:)	Abbreviation (ABB)	Max Level (MAXLEVEL)	Source Page (SOURCEPAGE)	Save checks bonus (Fortitude) (BONUS:CHECKS)	Save checks bonus (Reflex)	Save checks bonus (Willpower)	Combat bonus	EXCLASS	FINE						
# Class Name	Requirements	FINE															
# Class Name	Skill Pts/Lvl (STARTSKILLPTS)	Class Skill (CSKILL)						define class variables (DEFINE:variable|value	FINE								
# Class Name	Spell Statistic (SPELLSTAT)	Spell type (SPELLTYPE)	Spellbook (SPELLBOOK/MEMORIZE)	knowspell (KNOWNSPELLS)	spell level increases (BONUS:CASTERLEVEL)												
#(level number)	ADD:SPELLCASTER o CAST	AUTO:WEAPONPROF	(FEATAUTO)	ABILITY:Special Ability|AUTOMATIC|	ABILITY:Special Ability|AUTOMATIC|	(DOMAIN)	(BONUS)			(DEFINE)							
CLASS:Vampire		TYPE:PC.Monster.Template	ABB:Vmp	MAXLEVEL:8	SOURCEPAGE:SP												
CLASS:Vampire	!PRETEMPLATE:1|Vampire	PRERACE:1,RACETYPE=Humanoid,RACETYPE=Monstrous Humandoid															
CLASS:Vampire	STARTSKILLPTS:0																
1	BONUS:HP|CURRENTMAX|-CON	BONUS:SKILLPOOL|CLASS.Vampire;LEVEL=1|-1|PRERACE:1,RACESUBTYPE=Human	AUTO:FEAT|Alertness|Dodge	ABILITY:Special Ability|AUTOMATIC|Blood Drain (Lesser) ~ Vampire|Resistances ~ Vampire|Spawn Slavery ~ Vampire|Spider Climb ~ VAMPIRE TEMPLATE	TEMPLATE:Assign Subtype ~ Vampire												
2	BONUS:HP|CURRENTMAX|-CON	BONUS:SKILLPOOL|CLASS.Vampire;LEVEL=2|-1|PRERACE:1,RACESUBTYPE=Human	AUTO:FEAT|Improved Initiative|Lightning Reflexes	ABILITY:Special Ability|AUTOMATIC|Blood Drain (Moderate) ~ Vampire|Fortification|Skills ~ Vampire			BONUS:STAT|STR|2	BONUS:VAR|FortificationPower|1	BONUS:VAR|VampireSkills|(CL/2)*2								
3	BONUS:HP|CURRENTMAX|-CON	BONUS:SKILLPOOL|CLASS.Vampire;LEVEL=3|-1|PRERACE:1,RACESUBTYPE=Human		ABILITY:Special Ability|AUTOMATIC|Coffin Sanctuary (Lesser) ~ Vampire|Dominate (Lesser) ~ Vampire|Gaseous Form (Lesser) ~ Vampire	TEMPLATE:CHOOSE:Slam (Fine)|Slam (Diminutive)|Slam (Tiny)|Slam (Small)|Slam (Medium)|Slam (Large)|Slam (Huge)|Slam (Gargantuan)|Slam (Colossal)		BONUS:STAT|CHA|2	BONUS:VAR|VampireResistances|5	BONUS:VAR|DominatePerDay|1	BONUS:VAR|GaseousFormPerDay|1							
4	BONUS:HP|CURRENTMAX|-CON	BONUS:SKILLPOOL|CLASS.Vampire;LEVEL=4|-1|PRERACE:1,RACESUBTYPE=Human		ABILITY:Special Ability|AUTOMATIC|Blood Drain ~ VAMPIRE TEMPLATE|Alternate Form|Vampire Aversions ~ Vampire			BONUS:STAT|STR|2	BONUS:VAR|DominatePerDay|2	BONUS:COMBAT|AC|2|TYPE=NaturalArmor.STACK								
5	BONUS:HP|CURRENTMAX|-CON	BONUS:SKILLPOOL|CLASS.Vampire;LEVEL=5|-1|PRERACE:1,RACESUBTYPE=Human		ABILITY:Special Ability|AUTOMATIC|Coffin Sanctuary ~ Vampire|Childrren of the Night (Lesser) ~ Vampire|Damage Reduction ~ Vampire|Vulnerability (Lesser) ~ Vampire			BONUS:STAT|WIS|2	BONUS:VAR|GaseousFormPerDay|2	BONUS:VAR|VampireDamageReduction|5								
6	BONUS:HP|CURRENTMAX|-CON	BONUS:SKILLPOOL|CLASS.Vampire;LEVEL=6|-1|PRERACE:1,RACESUBTYPE=Human		ABILITY:Special Ability|AUTOMATIC|Fast Healing (Lesser) ~ Vampire			BONUS:STAT|STR|2	BONUS:STAT|INT|2	BONUS:COMBAT|AC|2|TYPE=NaturalArmor.STACK	BONUS:VAR|FastHealing|1|TYPE=Racial							
7	BONUS:HP|CURRENTMAX|-CON	BONUS:SKILLPOOL|CLASS.Vampire;LEVEL=7|-1|PRERACE:1,RACESUBTYPE=Human	PREALIGN:LE,NE,CE	ABILITY:Special Ability|AUTOMATIC|Dominate ~ VAMPIRE TEMPLATE|Gaseous Form ~ VAMPIRE TEMPLATE|Children of the Night ~ VAMPIRE TEMPLATE|Vampire Weaknesses ~ VAMPIRE TEMPLATE|Energy Drain (Lesser) ~ Vampire|Undeath ~ Vampire|Create Spawn (Lesser) ~ Vampire			BONUS:STAT|DEX|2										
8	BONUS:HP|CURRENTMAX|-CON	BONUS:SKILLPOOL|CLASS.Vampire;LEVEL=8|-1|PRERACE:1,RACESUBTYPE=Human	PREALIGN:LE,NE,CE	ABILITY:Special Ability|AUTOMATIC|Energy Drain ~ VAMPIRE TEMPLATE|Create Spawn ~ VAMPIRE TEMPLATE|Turn Resistance ~ VAMPIRE TEMPLATE|Turn Resistance			BONUS:STAT|CHA|2	BONUS:COMBAT|AC|2|TYPE=NaturalArmor.STACK	BONUS:VAR|VampireDamageReduction|5	BONUS:VAR|FastHealing|5|TYPE=Racial	BONUS:VAR|TurnResistBonus|4						
																	
# Class Name																	
CLASS:Half Dragon		TYPE:PC.Monster.Template	ABB:HDrg	MAXLEVEL:3	SOURCEPAGE:SP												
CLASS:Half Dragon	!PREMULT:2,[PRETEMPLATE:1,Undead],[PRETEMPLATE:1,Incorporeal]																
CLASS:Half Dragon	STARTSKILLPTS:0																
SUBCLASS:Half Dragon (Black)																	
SUBCLASSLEVEL:1				ABILITY:Special Ability|AUTOMATIC|Resistance To Acid			BONUS:VAR|AcidResistanceBonus|HalfDragonResistances										
SUBCLASSLEVEL:2				ABILITY:Special Ability|AUTOMATIC|Breath Weapon ~ Line of Acid ~ Half Dragon													
SUBCLASSLEVEL:3				ABILITY:Special Ability|AUTOMATIC|Immunity To Acid													
SUBCLASS:Half Dragon (Blue)																	
SUBCLASSLEVEL:1				ABILITY:Special Ability|AUTOMATIC|Resistance To Electricity			BONUS:VAR|ElectricityResistanceBonus|HalfDragonResistances										
SUBCLASSLEVEL:2				ABILITY:Special Ability|AUTOMATIC|Breath Weapon ~ Line of Electricity ~ Half Dragon													
SUBCLASSLEVEL:3				ABILITY:Special Ability|AUTOMATIC|Immunity To Electricity													
SUBCLASS:Half Dragon (Brass)																	
SUBCLASSLEVEL:1				ABILITY:Special Ability|AUTOMATIC|Resistance To Fire			BONUS:VAR|FireResistanceBonus|HalfDragonResistances										
SUBCLASSLEVEL:2				ABILITY:Special Ability|AUTOMATIC|Breath Weapon ~ Line of Fire ~ Half Dragon													
SUBCLASSLEVEL:3				ABILITY:Special Ability|AUTOMATIC|Immunity To Fire													
SUBCLASS:Half Dragon (Bronze)																	
SUBCLASSLEVEL:1				ABILITY:Special Ability|AUTOMATIC|Resistance To Electricity			BONUS:VAR|ElectricityResistanceBonus|HalfDragonResistances										
SUBCLASSLEVEL:2				ABILITY:Special Ability|AUTOMATIC|Breath Weapon ~ Line of Electricity ~ Half Dragon													
SUBCLASSLEVEL:3				ABILITY:Special Ability|AUTOMATIC|Immunity To Electricity													
SUBCLASS:Half Dragon (Copper)																	
SUBCLASSLEVEL:1				ABILITY:Special Ability|AUTOMATIC|Resistance To Acid			BONUS:VAR|AcidResistanceBonus|HalfDragonResistances										
SUBCLASSLEVEL:2				ABILITY:Special Ability|AUTOMATIC|Breath Weapon ~ Line of Acid ~ Half Dragon													
SUBCLASSLEVEL:3				ABILITY:Special Ability|AUTOMATIC|Immunity To Acid													
SUBCLASS:Half Dragon (Gold)																	
SUBCLASSLEVEL:1				ABILITY:Special Ability|AUTOMATIC|Resistance To Fire			BONUS:VAR|FireResistanceBonus|HalfDragonResistances										
SUBCLASSLEVEL:2				ABILITY:Special Ability|AUTOMATIC|Breath Weapon ~ Cone of Fire ~ Half Dragon													
SUBCLASSLEVEL:3				ABILITY:Special Ability|AUTOMATIC|Immunity To Fire													
SUBCLASS:Half Dragon (Green)																	
SUBCLASSLEVEL:1				ABILITY:Special Ability|AUTOMATIC|Resistance To Acid			BONUS:VAR|AcidResistanceBonus|HalfDragonResistances										
SUBCLASSLEVEL:2				ABILITY:Special Ability|AUTOMATIC|Breath Weapon ~ Cone of Acid ~ Half Dragon													
SUBCLASSLEVEL:3				ABILITY:Special Ability|AUTOMATIC|Immunity To Acid													
SUBCLASS:Half Dragon (Red)																	
SUBCLASSLEVEL:1				ABILITY:Special Ability|AUTOMATIC|Resistance To Fire			BONUS:VAR|FireResistanceBonus|HalfDragonResistances										
SUBCLASSLEVEL:2				ABILITY:Special Ability|AUTOMATIC|Breath Weapon ~ Cone of Fire ~ Half Dragon													
SUBCLASSLEVEL:3				ABILITY:Special Ability|AUTOMATIC|Immunity To Fire													
SUBCLASS:Half Dragon (Silver)																	
SUBCLASSLEVEL:1				ABILITY:Special Ability|AUTOMATIC|Resistance To Cold			BONUS:VAR|ColdResistanceBonus|HalfDragonResistances										
SUBCLASSLEVEL:2				ABILITY:Special Ability|AUTOMATIC|Breath Weapon ~ Cone of Cold ~ Half Dragon													
SUBCLASSLEVEL:3				ABILITY:Special Ability|AUTOMATIC|Immunity To Cold													
SUBCLASS:Half Dragon (White)																	
SUBCLASSLEVEL:1				ABILITY:Special Ability|AUTOMATIC|Resistance To Cold			BONUS:VAR|ColdResistanceBonus|HalfDragonResistances										
SUBCLASSLEVEL:2				ABILITY:Special Ability|AUTOMATIC|Breath Weapon ~ Cone of Cold ~ Half Dragon													
SUBCLASSLEVEL:3				ABILITY:Special Ability|AUTOMATIC|Immunity To Cold													
1	BONUS:HP|CURRENTMAX|-CON	BONUS:SKILLPOOL|CLASS.Half Dragon;LEVEL=1|-1|PRERACE:1,RACESUBTYPE=Human	HITDIE:%up1|CLASS.TYPE=Monster	ABILITY:Special Ability|AUTOMATIC|Resistances (Lesser) ~ Half Dragon|Darkvision ~ Half Dragon|Low-Light Vision ~ Half Dragon			BONUS:STAT|STR|2	BONUS:STAT|INT|2	BONUS:VAR|HalfDragonResistances|10	BONUS:COMBAT|AC|2|TYPE=NaturalArmor.STACK							
2	BONUS:HP|CURRENTMAX|-CON	BONUS:SKILLPOOL|CLASS.Half Dragon;LEVEL=2|-1|PRERACE:1,RACESUBTYPE=Human		ABILITY:Special Ability|AUTOMATIC|Immunity To Sleep|Immunity To Paralysis		TEMPLATE:CHOOSE:Bite ~ Claw (Fine)|Bite ~ Claw (Diminutive)|Bite ~ Claw (Tiny)|Bite ~ Claw (Small)|Bite ~ Claw (Medium)|Bite ~ Claw (Large)|Bite ~ Claw (Huge)|Bite ~ Claw (Gargantuan)|Bite ~ Claw (Colossal)	BONUS:STAT|STR|2	BONUS:STAT|CON|2	BONUS:VAR|HalfDragonResistances|10	BONUS:COMBAT|AC|1|TYPE=NaturalArmor.STACK	BONUS:VAR|HalfDragonBreathDC|10+(HD/2)+CON	BONUS:VAR|BreathWeaponDice|3					
3	BONUS:HP|CURRENTMAX|-CON	BONUS:SKILLPOOL|CLASS.Half Dragon;LEVEL=3|-1|PRERACE:1,RACESUBTYPE=Human		ABILITY:Special Ability|AUTOMATIC|Dragonize ~ Half Dragon		TEMPLATE:CHOOSE:Half Dragon Wings ~ Normal|Half Dragon Wings ~ Fast	BONUS:STAT|STR|4	BONUS:STAT|CHA|2		BONUS:COMBAT|AC|1|TYPE=NaturalArmor.STACK		BONUS:VAR|BreathWeaponDice|3					
																	
CLASS:Half Fiend		TYPE:PC.Monster.Template	ABB:HFnd	MAXLEVEL:4	SOURCEPAGE:SP												
CLASS:Half Fiend	!PREMULT:2,[PRETEMPLATE:1|Undead],[PRETEMPLATE:1,Incorporeal]	!PRETEMPLATE:1,Half Fiend	PRESTAT:1,INT=4	PREALIGN:LE,NE,CE													
CLASS:Half Fiend	STARTSKILLPTS:0				DEFINE:SpellLikeCasterLVL|0	DEFINE:HalfFiendLVL|0	DEFINE:HalfFiendClassLVL|0										
1							BONUS:VAR|SpellLikeCasterLVL|TL-CL	BONUS:VAR|HalfFiendLVL|CL	BONUS:VAR|HalfFiendClassLVL|TL-CL								
#																	
1	BONUS:HP|CURRENTMAX|-CON	BONUS:SKILLPOOL|CLASS.Half Fiend;LEVEL=1|-1|PRERACE:1,RACESUBTYPE=Human		ABILITY:Special Ability|AUTOMATIC|Darkvision ~ Half Fiend|Spell-Like Abilities ~ Half Fiend	TEMPLATE:Assign Race Type ~ Outsider	TEMPLATE:CHOOSE:Claw (Fine)|Claw (Diminutive)|Claw (Tiny)|Claw (Small)|Claw (Medium)|Claw (Large)|Claw (Huge)|Claw (Gargantuan)|Claw (Colossal)	BONUS:STAT|DEX|2	BONUS:COMBAT|AC|1|TYPE=NaturalArmor.STACK									
2	BONUS:HP|CURRENTMAX|-CON	BONUS:SKILLPOOL|CLASS.Half Fiend;LEVEL=2|-1|PRERACE:1,RACESUBTYPE=Human		ABILITY:Special Ability|AUTOMATIC|Immunity To Poison|Resistances ~ Half Fiend|Spell Resistance ~ Half Fiend		TEMPLATE:CHOOSE:Bite (Fine)|Bite (Diminutive)|Bite (Tiny)|Bite (Small)|Bite (Medium)|Bite (Large)|Bite (Huge)|Bite (Gargantuan)|Bite (Colossal)	BONUS:VAR|HalfFiendResistances|5	BONUS:VAR|HalfFiendSpellResistance|min(TL-CL,25)|TYPE=Racial									
3	BONUS:HP|CURRENTMAX|-CON	BONUS:SKILLPOOL|CLASS.Half Fiend;LEVEL=3|-1|PRERACE:1,RACESUBTYPE=Human		ABILITY:Special Ability|AUTOMATIC|Damage Reduction ~ Half Fiend|Smite Good|Smite Good ~ Half Fiend			BONUS:VAR|HalfFiendResistances|5	BONUS:VAR|HalfFiendDamageReduction|5	BONUS:VAR|HalfFiendDamageReduction|5|PREVARGTEQ:HalfFiendClassLVL,12								
4	BONUS:HP|CURRENTMAX|-CON	BONUS:SKILLPOOL|CLASS.Half Fiend;LEVEL=4|-1|PRERACE:1,RACESUBTYPE=Human		ABILITY:Special Ability|AUTOMATIC|Bat Wings				BONUS:VAR|HalfFiendSpellResistance|min(TL-CL+10,35)|TYPE=Racial									
																	
CLASS:Lich		TYPE:PC.Monster.Template	ABB:Lch	MAXLEVEL:4	SOURCEPAGE:SP												
CLASS:Lich	!PRETEMPLATE:1|Lich	PRERACE:1,RACETYPE=Humanoid	PREFEAT:1,Craft Wondrous Item	PRETEXT:Must have a caster level 11.													
CLASS:Lich	STARTSKILLPTS:0									DEFINE:LichAbilityDC|0	DEFINE:VAR|LichLVL|0	DEFINE:VAR|LichClassLVL|0					
1	BONUS:HP|CURRENTMAX|-CON	BONUS:SKILLPOOL|CLASS.Lich;LEVEL=1|-1|PRERACE:1,RACESUBTYPE=Human		ABILITY:Special Ability|AUTOMATIC|Resistances ~ Lich|Skills ~ Lich|Touch Attack (Lesser) ~ Lich|Paralyzing Touch (Lesser) ~ Lich			BONUS:STAT|INT|2	BONUS:COMBAT|AC|2|TYPE=NaturalArmor	BONUS:VAR|LichResistances|5	BONUS:VAR|LichSkills|2	BONUS:VAR|LichAbilityDC|10+(LichClassLVL/2)+CHA	BONUS:VAR|LichLVL|CL	BONUS:VAR|LichClassLVL|TL-CL				
2	BONUS:HP|CURRENTMAX|-CON	BONUS:SKILLPOOL|CLASS.Lich;LEVEL=2|-1|PRERACE:1,RACESUBTYPE=Human		ABILITY:Special Ability|AUTOMATIC|Touch Attack ~ Lich|Paralyzing Touch (Medium) ~ Lich|Damage Reduction ~ Lich|Fear Aura|Fortification					BONUS:VAR|LichResistances|5	BONUS:VAR|LichSkills|2	BONUS:VAR|LichDamageReduction|5	BONUS:VAR|FearAuraRadius|10	BONUS:VAR|FearAuraDC|LichAbilityDC	BONUS:VAR|FortificationPower|1			
3	BONUS:HP|CURRENTMAX|-CON	BONUS:SKILLPOOL|CLASS.Lich;LEVEL=3|-1|PRERACE:1,RACESUBTYPE=Human		ABILITY:Special Ability|AUTOMATIC|Paralyzing Touch (Greater) ~ Lich			BONUS:STAT|WIS|2	BONUS:COMBAT|AC|4|TYPE=NaturalArmor	BONUS:VAR|LichResistances|10	BONUS:VAR|LichSkills|2	BONUS:VAR|LichDamageReduction|5	BONUS:VAR|FearAuraRadius|20	BONUS:VAR|FortificationPower|1				
4	BONUS:HP|CURRENTMAX|-CON	BONUS:SKILLPOOL|CLASS.Lich;LEVEL=4|-1|PRERACE:1,RACESUBTYPE=Human		ABILITY:Special Ability|AUTOMATIC|Paralyzing Touch ~ Lich Template|Turn Resistance|Immunity To Cold|Immunity To Electricity|Immunity To Polymorph		TEMPLATE:Undeath ~ Lich	BONUS:STAT|CHA|2	BONUS:COMBAT|AC|5|TYPE=NaturalArmor	BONUS:VAR|TurnResistBonus|4	BONUS:VAR|LichSkills|2	BONUS:VAR|LichDamageReduction|5	BONUS:VAR|FearAuraRadius|30					
																	
CLASS:Ghost		TYPE:PC.Monster.Template	ABB:Gho	MAXLEVEL:5	SOURCEPAGE:SP												
CLASS:Ghost	!PRETEMPLATE:1|Ghost	PRERACE:1,RACETYPE=Aberration,RACETYPE=Animal,RACETYPE=Dragon,RACETYPE=Giant,RACETYPE=Humanoid,RACETYPE=Magical Beast,RACETYPE=Monstrous Humanoid,RACETYPE=Plant	PRESTAT:1,CHA=6														
CLASS:Ghost	STARTSKILLPTS:0							DEFINE:GhostAbilityDC|0									
1	BONUS:HP|CURRENTMAX|-CON	BONUS:SKILLPOOL|CLASS.Ghost;LEVEL=1|-1|PRERACE:1,RACESUBTYPE=Human	AUTO:FEAT|Alertness|Dodge	ABILITY:Special Ability|AUTOMATIC|Flight Maneuverability|Skills ~ Ghost|Manifestation	TEMPLATE:Assign Subtype ~ Incorporeal|Undeath ~ Ghost		BONUS:VAR|Maneuverability|5	BONUS:VAR|GhostSkill|2	BONUS:VAR|GhostAbilityDC|10+(TL-CL)/2+CHA								
2				ABILITY:Special Ability|AUTOMATIC|Turn Resistance			BONUS:STAT|CHA|2	BONUS:VAR|TurnResistBonus|2	BONUS:ABILITYPOOL|Ghost Class Ability Lesser|1								
3				ABILITY:Special Ability|AUTOMATIC|Rejuvenation				BONUS:VAR|GhostSkill|2									
4							BONUS:STAT|CHA|2	BONUS:VAR|GhostSkill|2	BONUS:VAR|TurnResistBonus|2	BONUS:ABILITYPOOL|Ghost Class Ability Major|1							
5								BONUS:VAR|GhostSkill|2									
																	
CLASS:Half Fey		TYPE:PC.Monster.Template	ABB:HFey	MAXLEVEL:2	SOURCEPAGE:SP												
CLASS:Half Fey	!PRETEMPLATE:1,Incorporeal	!PRETEMPLATE:1,Half Fiend	PRESTAT:1,INT=4	PREALIGN:LE,NE,CE													
CLASS:Half Fey	STARTSKILLPTS:0				DEFINE:SpellLikeCasterLVL|0	DEFINE:HalfFeyLVL|0	DEFINE:HalfFeyClassLVL|0										
1							BONUS:VAR|SpellLikeCasterLVL|TL-CL	BONUS:VAR|HalfFiendLVL|CL	BONUS:VAR|HalfFiendClassLVL|TL-CL								
#																	
1	BONUS:HP|CURRENTMAX|-CON	BONUS:SKILLPOOL|CLASS.Half Fiend;LEVEL=1|-1|PRERACE:1,RACESUBTYPE=Human		ABILITY:Special Ability|AUTOMATIC|Darkvision ~ Half Fiend|Spell-Like Abilities ~ Half Fiend	TEMPLATE:Assign Race Type ~ Outsider	TEMPLATE:CHOOSE:Claw (Fine)|Claw (Diminutive)|Claw (Tiny)|Claw (Small)|Claw (Medium)|Claw (Large)|Claw (Huge)|Claw (Gargantuan)|Claw (Colossal)	BONUS:STAT|DEX|2	BONUS:COMBAT|AC|1|TYPE=NaturalArmor.STACK									
2	BONUS:HP|CURRENTMAX|-CON	BONUS:SKILLPOOL|CLASS.Half Fiend;LEVEL=2|-1|PRERACE:1,RACESUBTYPE=Human		ABILITY:Special Ability|AUTOMATIC|Immunity To Poison|Resistances ~ Half Fiend|Spell Resistance ~ Half Fiend		TEMPLATE:CHOOSE:Bite (Fine)|Bite (Diminutive)|Bite (Tiny)|Bite (Small)|Bite (Medium)|Bite (Large)|Bite (Huge)|Bite (Gargantuan)|Bite (Colossal)	BONUS:VAR|HalfFiendResistances|5	BONUS:VAR|HalfFiendSpellResistance|min(TL-CL,25)|TYPE=Racial									
3	BONUS:HP|CURRENTMAX|-CON	BONUS:SKILLPOOL|CLASS.Half Fiend;LEVEL=3|-1|PRERACE:1,RACESUBTYPE=Human		ABILITY:Special Ability|AUTOMATIC|Damage Reduction ~ Half Fiend|Smite Good|Smite Good ~ Half Fiend			BONUS:VAR|HalfFiendResistances|5	BONUS:VAR|HalfFiendDamageReduction|5	BONUS:VAR|HalfFiendDamageReduction|5|PREVARGTEQ:HalfFiendClassLVL,12								
4	BONUS:HP|CURRENTMAX|-CON	BONUS:SKILLPOOL|CLASS.Half Fiend;LEVEL=4|-1|PRERACE:1,RACESUBTYPE=Human		ABILITY:Special Ability|AUTOMATIC|Bat Wings				BONUS:VAR|HalfFiendSpellResistance|min(TL-CL+10,35)|TYPE=Racial									
																	
CLASS:Wererat		TYPE:PC.Monster.Template.Lycanthrope	ABB:LWRat	MAXLEVEL:3	SOURCEPAGE:SP												
CLASS:Wererat	!PRETEMPLATE:1|Wererat|Lycanthrope	PRERACE:1,RACETYPE=Humanoid,RACETYPE=Giant															
CLASS:Wererat	STARTSKILLPTS:0							DEFINE:NoTypeTraits|1									
SUBCLASS:Wererat ~ Natural Lycanthrope																	
SUBCLASSLEVEL:1						TEMPLATE:Natural Lycanthrope ~ Template Class											
SUBCLASSLEVEL:2																	
SUBCLASSLEVEL:3							BONUS:VAR|WereratDamageReduction|5										
SUBCLASS:Wererat ~ Afflicted Lycanthrope																	
SUBCLASSLEVEL:1				ABILITY:Special Ability|AUTOMATIC|Control Shape ~ Lycanthrope		TEMPLATE:Afflicted Lycanthrope ~ Template Class											
SUBCLASSLEVEL:2																	
1	BONUS:HP|CURRENTMAX|-CON	BONUS:SKILLPOOL|CLASS.Wererat;LEVEL=1|-1|PRERACE:1,RACESUBTYPE=Human	AUTO:FEAT|Alertness	ABILITY:Special Ability|AUTOMATIC|Alternate Form Dire Rat ~ Wererat|Low-Light Vision ~ Wererat	ABILITY:Special Ability|VIRTUAL|Disease|PRETEMPLATE:1,Lycanthrope (Animal Form),Lycanthrope (Hybrid Form)	TEMPLATE:Assign Subtype ~ Shapechanger	BONUS:STAT|WIS|2	BONUS:COMBAT|AC|2|TYPE=NaturalArmor.STACK	BONUS:HP|CURRENTMAX|(AnimalCon/2)*AnimalHD|!PRETEMPLATE:1,Lycanthrope (Animal Form),Lycanthrope (Hybrid Form)								
1				ABILITY:Special Ability|AUTOMATIC|Skills ~ Dire Rat			BONUS:MOVEADD|TYPE.Climb|-10|PRETEMPLATE:1,Lycanthrope (Animal Form)	BONUS:SKILL|Swim|8|TYPE=Racial	BONUS:SKILL|Climb,Swim|DEX-STR|PRETEMPLATE:1,Lycanthrope (Animal Form),Lycanthrope (Hybrid Form)								
2	BONUS:HP|CURRENTMAX|-CON	BONUS:SKILLPOOL|CLASS.Wererat;LEVEL=2|-1|PRERACE:1,RACESUBTYPE=Human	AUTO:FEAT|Iron Will|Weapon Finesse	ABILITY:Special Ability|AUTOMATIC|Damage Reduction ~ Wererat|Rat Empathy|Alternate Form Hybrid ~ Wererat			BONUS:VAR|WereratDamageReduction|5										
3	BONUS:HP|CURRENTMAX|-CON	BONUS:SKILLPOOL|CLASS.Wererat;LEVEL=3|-1|PRERACE:1,RACESUBTYPE=Human	PRECLASS:1,Wererat ~ Natural Lycanthrope														
CLASS:Dire Rat Lycanthrope	HD:8	TYPE:PC.Monster	ABB:LDRat	MAXLEVEL:1	SOURCEPAGE:SP	BONUS:CHECKS|BASE.Fortitude|CL/2+2	BONUS:CHECKS|BASE.Reflex|CL/2+2	BONUS:CHECKS|BASE.Will|CL/2+2	BONUS:COMBAT|BAB|CL*3/4|TYPE=Base.REPLACE								
CLASS:Dire Rat Lycanthrope	PRECLASS:1,Wererat																
CLASS:Dire Rat Lycanthrope	STARTSKILLPTS:2	CSKILL:Control Shape|Hide|Listen|Move Silently|Spot|Swim									DEFINE:AnimalCon|0	DEFINE:AnimalDex|0	DEFINE:AnimalAC|0	DEFINE:AnimalMove|40	DEFINE:AnimalHD|0	DEFINE:AnimalSize|0	
1				ABILITY:Special Ability|AUTOMATIC|Scent	ABILITY:Special Ability|VIRTUAL|Bite ~ Wererat|PRETEMPLATE:1,Lycanthrope (Animal Form),Lycanthrope (Hybrid Form)						BONUS:VAR|AnimalCon|2	BONUS:VAR|AnimalDex|6	BONUS:VAR|AnimalAC|1		BONUS:VAR|AnimalHD|1	BONUS:VAR|AnimalSize|3|TYPE=Racial	
1				ABILITY:Special Ability|VIRTUAL|Disease|PRETEMPLATE:1,Lycanthrope (Animal Form),Lycanthrope (Hybrid Form)			BONUS:MOVEADD|TYPE.Climb|-10|PRETEMPLATE:1,Lycanthrope (Animal Form)	BONUS:SKILL|Climb,Swim|DEX-STR|PRETEMPLATE:1,Lycanthrope (Animal Form),Lycanthrope (Hybrid Form)									
																	
CLASS:Wereboar		TYPE:PC.Monster.Template.Lycanthrope	ABB:LWBoar	MAXLEVEL:3	SOURCEPAGE:SP												
CLASS:Wereboar	!PRETEMPLATE:1|Wereboar|Lycanthrope	PRERACE:1,RACETYPE=Humanoid,RACETYPE=Giant															
CLASS:Wereboar	STARTSKILLPTS:0							DEFINE:NoTypeTraits|1									
SUBCLASS:Wereboar ~ Natural Lycanthrope																	
SUBCLASSLEVEL:1						TEMPLATE:Natural Lycanthrope ~ Template Class											
SUBCLASSLEVEL:2																	
SUBCLASSLEVEL:3							BONUS:VAR|WereboarDamageReduction|5										
SUBCLASS:Wereboar ~ Afflicted Lycanthrope																	
SUBCLASSLEVEL:1				ABILITY:Special Ability|AUTOMATIC|Control Shape ~ Lycanthrope		TEMPLATE:Afflicted Lycanthrope ~ Template Class											
SUBCLASSLEVEL:2																	
1	BONUS:HP|CURRENTMAX|-CON	BONUS:SKILLPOOL|CLASS.Wereboar;LEVEL=1|-1|PRERACE:1,RACESUBTYPE=Human	AUTO:FEAT|Alertness	ABILITY:Special Ability|AUTOMATIC|Alternate Form Boar ~ Wereboar|Low-Light Vision ~ Wereboar		TEMPLATE:Assign Subtype ~ Shapechanger	BONUS:STAT|WIS|2	BONUS:COMBAT|AC|2|TYPE=NaturalArmor.STACK	BONUS:HP|CURRENTMAX|(AnimalCon/2)*AnimalHD|!PRETEMPLATE:1,Lycanthrope (Animal Form),Lycanthrope (Hybrid Form)								
2	BONUS:HP|CURRENTMAX|-CON	BONUS:SKILLPOOL|CLASS.Wereboar;LEVEL=2|-1|PRERACE:1,RACESUBTYPE=Human	AUTO:FEAT|Iron Will|Toughness	ABILITY:Special Ability|AUTOMATIC|Alternate Form Hybrid ~ Wereboar|Boar Empathy|Damage Reduction ~ Wereboar			BONUS:VAR|WereboarDamageReduction|5										
3	BONUS:HP|CURRENTMAX|-CON	BONUS:SKILLPOOL|CLASS.Wereboar;LEVEL=3|-1|PRERACE:1,RACESUBTYPE=Human	PRECLASS:1,Wereboar ~ Natural Lycanthrope														
CLASS:Boar Lycanthrope	HD:8	TYPE:PC.Monster	ABB:LBoar	MAXLEVEL:3	SOURCEPAGE:SP	BONUS:CHECKS|BASE.Fortitude|CL/2+2	BONUS:CHECKS|BASE.Reflex|CL/2+2	BONUS:CHECKS|BASE.Will|CL/3	BONUS:COMBAT|BAB|CL*3/4|TYPE=Base.REPLACE								
CLASS:Boar Lycanthrope	PRECLASS:1,Wereboar	PREMULT:2,[PRESIZEGTEQ:M],[PRESIZELTEQ:H]															
CLASS:Boar Lycanthrope	STARTSKILLPTS:2	CSKILL:Control Shape|Listen|Spot									DEFINE:AnimalCon|0	DEFINE:AnimalSTR|0	DEFINE:AnimalAC|0		DEFINE:AnimalHD|0	DEFINE:AnimalSize|0	
1				ABILITY:Special Ability|VIRTUAL|Gore ~ Wereboar|PRETEMPLATE:1,Lycanthrope (Animal Form),Lycanthrope (Hybrid Form)							BONUS:VAR|AnimalCon|2		BONUS:VAR|AnimalAC|2	DEFINE:AnimalMove|40	BONUS:VAR|AnimalHD|1	BONUS:VAR|AnimalSize|4|TYPE=Racial	
2				ABILITY:Special Ability|AUTOMATIC|Scent							BONUS:VAR|AnimalCon|2	BONUS:VAR|AnimalSTR|2	BONUS:VAR|AnimalAC|2		BONUS:VAR|AnimalHD|1		
3				ABILITY:Special Ability|AUTOMATIC|Ferocity							BONUS:VAR|AnimalCon|2	BONUS:VAR|AnimalSTR|2	BONUS:VAR|AnimalAC|2		BONUS:VAR|AnimalHD|1		
CLASS:Dire Boar Lycanthrope	HD:8	TYPE:PC.Monster	ABB:LDBoar	MAXLEVEL:7	SOURCEPAGE:SP	BONUS:CHECKS|BASE.Fortitude|CL/2+2	BONUS:CHECKS|BASE.Reflex|CL/2+2	BONUS:CHECKS|BASE.Will|CL/2+2	BONUS:COMBAT|BAB|CL*3/4|TYPE=Base.REPLACE								
CLASS:Dire Boar Lycanthrope	PRECLASS:1,Wereboar	PREMULT:2,[PRESIZEGTEQ:M],[PRESIZELTEQ:H]															
CLASS:Dire Boar Lycanthrope	STARTSKILLPTS:2	CSKILL:Control Shape|Listen|Spot									DEFINE:AnimalCon|0	DEFINE:AnimalSTR|0	DEFINE:AnimalAC|0	DEFINE:AnimalMove|40	DEFINE:AnimalHD|0	DEFINE:AnimalSize|0	
1				ABILITY:Special Ability|VIRTUAL|Gore ~ Wereboar|PRETEMPLATE:1,Lycanthrope (Animal Form),Lycanthrope (Hybrid Form)	ABILITY:Special Ability|VIRTUAL|Claw ~ Wereboar|PRETEMPLATE:1,Lycanthrope (Hybrid Form)						BONUS:VAR|AnimalCon|2		BONUS:VAR|AnimalAC|2			BONUS:VAR|AnimalSize|4|TYPE=Racial	
2				ABILITY:Special Ability|AUTOMATIC|Scent							BONUS:VAR|AnimalCon|2	BONUS:VAR|AnimalSTR|2	BONUS:VAR|AnimalAC|2				
3				ABILITY:Special Ability|AUTOMATIC|Ferocity							BONUS:VAR|AnimalCon|2	BONUS:VAR|AnimalSTR|2	BONUS:VAR|AnimalAC|2				
4												BONUS:VAR|AnimalSTR|2					
5												BONUS:VAR|AnimalSTR|2					
6			AUTO:FEAT|Endurance									BONUS:VAR|AnimalSTR|4				BONUS:VAR|AnimalSize|1	
7												BONUS:VAR|AnimalSTR|4					
																	
CLASS:Werebear		TYPE:PC.Monster.Template.Lycanthrope	ABB:LWBear	MAXLEVEL:3	SOURCEPAGE:SP												
CLASS:Werebear	!PRETEMPLATE:1|Werebear|Lycanthrope	PRERACE:1,RACETYPE=Humanoid,RACETYPE=Giant															
CLASS:Werebear	STARTSKILLPTS:0							DEFINE:NoTypeTraits|1									
SUBCLASS:Werebear ~ Natural Lycanthrope																	
SUBCLASSLEVEL:1						TEMPLATE:Natural Lycanthrope ~ Template Class											
SUBCLASSLEVEL:2																	
SUBCLASSLEVEL:3							BONUS:VAR|WerebearDamageReduction|5										
SUBCLASS:Werebear ~ Afflicted Lycanthrope																	
SUBCLASSLEVEL:1				ABILITY:Special Ability|AUTOMATIC|Control Shape ~ Lycanthrope		TEMPLATE:Afflicted Lycanthrope ~ Template Class											
SUBCLASSLEVEL:2																	
1	BONUS:HP|CURRENTMAX|-CON	BONUS:SKILLPOOL|CLASS.Werebear;LEVEL=1|-1|PRERACE:1,RACESUBTYPE=Human	AUTO:FEAT|Run	ABILITY:Special Ability|AUTOMATIC|Alternate Form Brown Bear ~ Werebear|Low-Light Vision ~ Werebear		TEMPLATE:Assign Subtype ~ Shapechanger	BONUS:STAT|WIS|2	BONUS:COMBAT|AC|2|TYPE=NaturalArmor.STACK	BONUS:HP|CURRENTMAX|(AnimalCon/2)*AnimalHD|!PRETEMPLATE:1,Lycanthrope (Animal Form),Lycanthrope (Hybrid Form)								
2	BONUS:HP|CURRENTMAX|-CON	BONUS:SKILLPOOL|CLASS.Werebear;LEVEL=2|-1|PRERACE:1,RACESUBTYPE=Human	AUTO:FEAT|Iron Will|Endurance	ABILITY:Special Ability|AUTOMATIC|Alternate Form Hybrid ~ Wereboar|Bear Empathy|Damage Reduction ~ Werebear			BONUS:VAR|WerebearDamageReduction|5										
3	BONUS:HP|CURRENTMAX|-CON	BONUS:SKILLPOOL|CLASS.Werebear;LEVEL=3|-1|PRERACE:1,RACESUBTYPE=Human	PRECLASS:1,Werebear ~ Natural Lycanthrope														
CLASS:Brown Bear Lycanthrope	HD:8	TYPE:PC.Monster	ABB:LBear	MAXLEVEL:6	SOURCEPAGE:SP	BONUS:CHECKS|BASE.Fortitude|CL/2+2	BONUS:CHECKS|BASE.Reflex|CL/2+2	BONUS:CHECKS|BASE.Will|CL/3	BONUS:COMBAT|BAB|CL*3/4|TYPE=Base.REPLACE								
CLASS:Brown Bear Lycanthrope	PRECLASS:1,Werebear	PREMULT:2,[PRESIZEGTEQ:M],[PRESIZELTEQ:H]															
CLASS:Brown Bear Lycanthrope	STARTSKILLPTS:2	CSKILL:Control Shape|Listen|Spot|Swim									DEFINE:AnimalCon|0	DEFINE:AnimalDex|0	DEFINE:AnimalSTR|0	DEFINE:AnimalAC|0		DEFINE:AnimalHD|0	DEFINE:AnimalSize|0
1				ABILITY:Special Ability|VIRTUAL|Bite ~ Werebear|PRETEMPLATE:1,Lycanthrope (Animal Form),Lycanthrope (Hybrid Form)								BONUS:VAR|AnimalDex|2	BONUS:VAR|AnimalSTR|2	BONUS:VAR|AnimalAC|2	DEFINE:AnimalMove|40	BONUS:VAR|AnimalHD|1	BONUS:VAR|AnimalSize|4|TYPE=Racial
2				ABILITY:Special Ability|AUTOMATIC|Scent							BONUS:VAR|AnimalCon|2		BONUS:VAR|AnimalSTR|2			BONUS:VAR|AnimalHD|1	
3				ABILITY:Special Ability|VIRTUAL|Claw ~ Werebear|PRETEMPLATE:1,Lycanthrope (Animal Form),Lycanthrope (Hybrid Form)							BONUS:VAR|AnimalCon|2		BONUS:VAR|AnimalSTR|2	BONUS:VAR|AnimalAC|2		BONUS:VAR|AnimalHD|1	
4			AUTO:FEAT|Track	ABILITY:Special Ability|AUTOMATIC|Improved Grab							BONUS:VAR|AnimalCon|2		BONUS:VAR|AnimalSTR|2			BONUS:VAR|AnimalHD|1	
5											BONUS:VAR|AnimalCon|2		BONUS:VAR|AnimalSTR|4	BONUS:VAR|AnimalAC|1		BONUS:VAR|AnimalHD|1	
6													BONUS:VAR|AnimalSTR|4			BONUS:VAR|AnimalHD|1	BONUS:VAR|AnimalSize|1
																	
CLASS:Weretiger		TYPE:PC.Monster.Template.Lycanthrope	ABB:LWTiger	MAXLEVEL:3	SOURCEPAGE:SP												
CLASS:Weretiger	!PRETEMPLATE:1|Weretiger|Lycanthrope	PRERACE:1,RACETYPE=Humanoid,RACETYPE=Giant															
CLASS:Weretiger	STARTSKILLPTS:0							DEFINE:NoTypeTraits|1									
SUBCLASS:Weretiger ~ Natural Lycanthrope																	
SUBCLASSLEVEL:1						TEMPLATE:Natural Lycanthrope ~ Template Class											
SUBCLASSLEVEL:2																	
SUBCLASSLEVEL:3							BONUS:VAR|WeretigerDamageReduction|5										
SUBCLASS:Weretiger ~ Afflicted Lycanthrope																	
SUBCLASSLEVEL:1				ABILITY:Special Ability|AUTOMATIC|Control Shape ~ Lycanthrope		TEMPLATE:Afflicted Lycanthrope ~ Template Class											
SUBCLASSLEVEL:2																	
1	BONUS:HP|CURRENTMAX|-CON	BONUS:SKILLPOOL|CLASS.Weretiger;LEVEL=1|-1|PRERACE:1,RACESUBTYPE=Human	AUTO:FEAT|Alertness	ABILITY:Special Ability|AUTOMATIC|Alternate Form Tiger ~ Weretiger|Low-Light Vision ~ Weretiger		TEMPLATE:Assign Subtype ~ Shapechanger	BONUS:STAT|WIS|2	BONUS:COMBAT|AC|2|TYPE=NaturalArmor.STACK	BONUS:HP|CURRENTMAX|(AnimalCon/2)*AnimalHD|!PRETEMPLATE:1,Lycanthrope (Animal Form),Lycanthrope (Hybrid Form)								
2	BONUS:HP|CURRENTMAX|-CON	BONUS:SKILLPOOL|CLASS.Weretiger;LEVEL=2|-1|PRERACE:1,RACESUBTYPE=Human	AUTO:FEAT|Improved Natural Attack(Bite)|Improved Natural Attack(Claw)	ABILITY:Special Ability|AUTOMATIC|Alternate Form Hybrid ~ Weretiger|Tiger Empathy|Damage Reduction ~ Weretiger			BONUS:VAR|WeretigerDamageReduction|5										
3	BONUS:HP|CURRENTMAX|-CON	BONUS:SKILLPOOL|CLASS.Weretiger;LEVEL=3|-1|PRERACE:1,RACESUBTYPE=Human	PRECLASS:1,Werebear ~ Natural Lycanthrope														
CLASS:Tiger Lycanthrope	HD:8	TYPE:PC.Monster	ABB:LTiger	MAXLEVEL:6	SOURCEPAGE:SP	BONUS:CHECKS|BASE.Fortitude|CL/2+2	BONUS:CHECKS|BASE.Reflex|CL/2+2	BONUS:CHECKS|BASE.Will|CL/3	BONUS:COMBAT|BAB|CL*3/4|TYPE=Base.REPLACE								
CLASS:Tiger Lycanthrope	PRECLASS:1,Weretiger	PREMULT:2,[PRESIZEGTEQ:M],[PRESIZELTEQ:H]															
CLASS:Tiger Lycanthrope	STARTSKILLPTS:2	CSKILL:Control Shape|Balance|Hide|Listen|Move Silently|Spot|Swim									DEFINE:AnimalCon|0	DEFINE:AnimalDex|0	DEFINE:AnimalSTR|0	DEFINE:AnimalAC|0		DEFINE:AnimalHD|0	DEFINE:AnimalSize|0
1				ABILITY:Special Ability|VIRTUAL|Bite ~ Weretiger|PRETEMPLATE:1,Lycanthrope (Animal Form),Lycanthrope (Hybrid Form)									BONUS:VAR|AnimalSTR|2	BONUS:VAR|AnimalAC|2	DEFINE:AnimalMove|40	BONUS:VAR|AnimalHD|1	BONUS:VAR|AnimalSize|4|TYPE=Racial
1				ABILITY:Special Ability|AUTOMATIC|Skills ~ Tiger			BONUS:SKILL|Balance,Hide,Move Silently|4|TYPE=Racial										
2				ABILITY:Special Ability|AUTOMATIC|Scent								BONUS:VAR|AnimalDex|2	BONUS:VAR|AnimalSTR|2			BONUS:VAR|AnimalHD|1	
3				ABILITY:Special Ability|VIRTUAL|Claw ~ Weretiger|PRETEMPLATE:1,Lycanthrope (Animal Form),Lycanthrope (Hybrid Form)							BONUS:VAR|AnimalCon|2		BONUS:VAR|AnimalSTR|2	BONUS:VAR|AnimalAC|1		BONUS:VAR|AnimalHD|1	
4				ABILITY:Special Ability|AUTOMATIC|Improved Grab ~ Tiger							BONUS:VAR|AnimalCon|2		BONUS:VAR|AnimalSTR|2			BONUS:VAR|AnimalHD|1	BONUS:VAR|AnimalSize|1
5				ABILITY:Special Ability|VIRTUAL|Pounce ~ Tiger|PRETEMPLATE:1,Lycanthrope (Animal Form)								BONUS:VAR|AnimalDex|2	BONUS:VAR|AnimalSTR|4	BONUS:VAR|AnimalAC|1		BONUS:VAR|AnimalHD|1	
6				ABILITY:Special Ability|VIRTUAL|Rake ~ Tiger|PRETEMPLATE:1,Lycanthrope (Animal Form)							BONUS:VAR|AnimalCon|2		BONUS:VAR|AnimalSTR|4			BONUS:VAR|AnimalHD|1	
																	
CLASS:Werewolf		TYPE:PC.Monster.Template.Lycanthrope	ABB:LWWolf	MAXLEVEL:3	SOURCEPAGE:SP												
CLASS:Werewolf	!PRETEMPLATE:1|Werewolf|Lycanthrope	PRERACE:1,RACETYPE=Humanoid,RACETYPE=Giant															
CLASS:Werewolf	STARTSKILLPTS:0							DEFINE:NoTypeTraits|1									
SUBCLASS:Werewolf ~ Natural Lycanthrope																	
SUBCLASSLEVEL:1						TEMPLATE:Natural Lycanthrope ~ Template Class											
SUBCLASSLEVEL:2																	
SUBCLASSLEVEL:3							BONUS:VAR|WerewolfDamageReduction|5										
SUBCLASS:Werewolf ~ Afflicted Lycanthrope																	
SUBCLASSLEVEL:1				ABILITY:Special Ability|AUTOMATIC|Control Shape ~ Lycanthrope		TEMPLATE:Afflicted Lycanthrope ~ Template Class											
SUBCLASSLEVEL:2																	
1	BONUS:HP|CURRENTMAX|-CON	BONUS:SKILLPOOL|CLASS.Werewolf;LEVEL=1|-1|PRERACE:1,RACESUBTYPE=Human	AUTO:FEAT|Track	ABILITY:Special Ability|AUTOMATIC|Alternate Form Wolf ~ Werewolf|Low-Light Vision ~ Werewolf		TEMPLATE:Assign Subtype ~ Shapechanger	BONUS:STAT|WIS|2	BONUS:COMBAT|AC|2|TYPE=NaturalArmor.STACK	BONUS:HP|CURRENTMAX|(AnimalCon/2)*AnimalHD|!PRETEMPLATE:1,Lycanthrope (Animal Form),Lycanthrope (Hybrid Form)								
2	BONUS:HP|CURRENTMAX|-CON	BONUS:SKILLPOOL|CLASS.Werewolf;LEVEL=2|-1|PRERACE:1,RACESUBTYPE=Human	AUTO:FEAT|Iron Will|Weapon Focus(Bite)	ABILITY:Special Ability|AUTOMATIC|Alternate Form Hybrid ~ Werewolf|Wolf Empathy|Damage Reduction ~ Werewolf			BONUS:VAR|WerewolfDamageReduction|5										
3	BONUS:HP|CURRENTMAX|-CON	BONUS:SKILLPOOL|CLASS.Werewolf;LEVEL=3|-1|PRERACE:1,RACESUBTYPE=Human	PRECLASS:1,Werewolf ~ Natural Lycanthrope														
CLASS:Wolf Lycanthrope	HD:8	TYPE:PC.Monster	ABB:LBoar	MAXLEVEL:3	SOURCEPAGE:SP	BONUS:CHECKS|BASE.Fortitude|CL/2+2	BONUS:CHECKS|BASE.Reflex|CL/2+2	BONUS:CHECKS|BASE.Will|CL/3	BONUS:COMBAT|BAB|CL*3/4|TYPE=Base.REPLACE								
CLASS:Wolf Lycanthrope	PRECLASS:1,Wereboar	PREMULT:2,[PRESIZEGTEQ:M],[PRESIZELTEQ:H]															
CLASS:Wolf Lycanthrope	STARTSKILLPTS:2	CSKILL:Control Shape|Hide|Listen|Move Silently|Spot|Survival									DEFINE:AnimalCon|0	DEFINE:AnimalDex|0	DEFINE:AnimalSTR|0	DEFINE:AnimalAC|0		DEFINE:AnimalHD|0	DEFINE:AnimalSize|0
1				ABILITY:Special Ability|VIRTUAL|Bite ~ Werewolf|PRETEMPLATE:1,Lycanthrope (Animal Form),Lycanthrope (Hybrid Form)							BONUS:VAR|AnimalCon|2		BONUS:VAR|AnimalSTR|2	BONUS:VAR|AnimalAC|2	DEFINE:AnimalMove|50	BONUS:VAR|AnimalHD|1	BONUS:VAR|AnimalSize|4|TYPE=Racial
1				ABILITY:Special Ability|AUTOMATIC|Skills ~ Wolf													
2				ABILITY:Special Ability|AUTOMATIC|Scent	ABILITY:Special Ability|VIRTUAL|Trip ~ Wolf|PRETEMPLATE:1,Lycanthrope (Animal Form),Lycanthrope (Hybrid Form)						BONUS:VAR|AnimalCon|2	BONUS:VAR|AnimalDex|4				BONUS:VAR|AnimalHD|1	
CLASS:Dire Wolf Lycanthrope	HD:8	TYPE:PC.Monster	ABB:LDWolf	MAXLEVEL:6	SOURCEPAGE:SP	BONUS:CHECKS|BASE.Fortitude|CL/2+2	BONUS:CHECKS|BASE.Reflex|CL/2+2	BONUS:CHECKS|BASE.Will|CL/2+2	BONUS:COMBAT|BAB|CL*3/4|TYPE=Base.REPLACE								
CLASS:Dire Wolf Lycanthrope	PRECLASS:1,Werewolf	PREMULT:2,[PRESIZEGTEQ:M],[PRESIZELTEQ:H]															
CLASS:Dire Wolf Lycanthrope	STARTSKILLPTS:2	CSKILL:Control Shape|Hide|Listen|Move Silently|Spot|Survival									DEFINE:AnimalCon|0	DEFINE:AnimalDex|0	DEFINE:AnimalSTR|0	DEFINE:AnimalAC|0	DEFINE:AnimalMove|50	DEFINE:AnimalHD|0	DEFINE:AnimalSize|0
1				ABILITY:Special Ability|VIRTUAL|Bite ~ Werewolf|PRETEMPLATE:1,Lycanthrope (Animal Form),Lycanthrope (Hybrid Form)							BONUS:VAR|AnimalCon|2		BONUS:VAR|AnimalSTR|2	BONUS:VAR|AnimalAC|2		BONUS:VAR|AnimalHD|1	BONUS:VAR|AnimalSize|4|TYPE=Racial
2				ABILITY:Special Ability|AUTOMATIC|Scent	ABILITY:Special Ability|VIRTUAL|Trip ~ Dire Wolf|PRETEMPLATE:1,Lycanthrope (Animal Form),Lycanthrope (Hybrid Form)						BONUS:VAR|AnimalCon|2	BONUS:VAR|AnimalDex|4		BONUS:VAR|AnimalAC|1		BONUS:VAR|AnimalHD|1	
3			AUTO:FEAT|Run										BONUS:VAR|AnimalSTR|2			BONUS:VAR|AnimalHD|1	
4													BONUS:VAR|AnimalSTR|2			BONUS:VAR|AnimalHD|1	BONUS:VAR|AnimalSize|1
5													BONUS:VAR|AnimalSTR|4			BONUS:VAR|AnimalHD|1	
5				ABILITY:Special Ability|AUTOMATIC|Skills ~ Dire Wolf			BONUS:SKILL|Hide,Listen,Move Silently,Spot|2|TYPE=Racial										
6			AUTO:FEAT|Alertness								BONUS:VAR|AnimalCon|2		BONUS:VAR|AnimalSTR|4			BONUS:VAR|AnimalHD|1	
