SOURCELONG:Gozzilioni Houserules	SOURCESHORT:H	SOURCEWEB:http://www.gozzilioni.net	SOURCEDATE:2003-07

#

# Class Name		Hit Dice	Type			Class Type		Max Level		Source Page		Combat bonus								Misc bonus					Save bonus
CLASS:Animal (Dire)	HD:8		TYPE:Monster	CLASSTYPE:Monster	MAXLEVEL:NOLIMIT	SOURCEPAGE:H	BONUS:COMBAT|BASEAB|classlevel()*3/4|TYPE=Base.REPLACE	BONUS:MISC|CR|floor((HD-BASEHD)/3)	BONUS:SAVE|BASE.Fortitude|classlevel("APPLIEDAS=NONEPIC")/2+2	BONUS:SAVE|BASE.Reflex|classlevel("APPLIEDAS=NONEPIC")/2+2	BONUS:SAVE|BASE.Will|classlevel("APPLIEDAS=NONEPIC")/2+2
# Class Name	Prohibited Class			Reg. Race Type
CLASS:Animal (Dire)	!PRECLASS:1,Animal (Will)=1,Animal=1	PRERACETYPE:Animal
# Class Name	Skill Pts/Lvl	Add INT to Skill Points?
CLASS:Animal (Dire)	STARTSKILLPTS:3	MODTOSKILLS:YES

# Class Name			Hit Dice	Type			Class Type		Max Level		Source Page		Combat bonus								Misc bonus					Save bonus
CLASS:Animal (Legendary)	HD:8		TYPE:Monster	CLASSTYPE:Monster	MAXLEVEL:NOLIMIT	SOURCEPAGE:H	BONUS:COMBAT|BASEAB|classlevel()*3/4|TYPE=Base.REPLACE	BONUS:MISC|CR|floor((HD-BASEHD)/3)	BONUS:SAVE|BASE.Fortitude|classlevel("APPLIEDAS=NONEPIC")/2+2	BONUS:SAVE|BASE.Reflex|classlevel("APPLIEDAS=NONEPIC")/2+2	BONUS:SAVE|BASE.Will|classlevel("APPLIEDAS=NONEPIC")/2+2
# Class Name	Prohibited Class			Reg. Race Type
CLASS:Animal (Legendary)	!PRECLASS:1,Animal (Will)=1,Animal=1	PRERACETYPE:Animal
# Class Name	Skill Pts/Lvl	Add INT to Skill Points?
CLASS:Animal (Legendary)	STARTSKILLPTS:3	MODTOSKILLS:YES

#

# Class Name			Required Template
CLASS:Construct (Mindless)	PRETEMPLATE:1,Mindless
#

# Class Name	Define			Modify VAR
CLASS:Dragon.MOD	DEFINE:DragonLVL|0	BONUS:VAR|DragonLVL|CL
# Class Name	Required Var. value
CLASS:Dragon.MOD	PREVAREQ:DragonAdvancementCap,0
#

# Class Name				Required Template
CLASS:Elemental (Mindless).MOD	PRETEMPLATE:1,Mindless
#

# Class Name			Required Template
CLASS:Plant (Mindless).MOD	PRETEMPLATE:1,Mindless
#

# Class Name			Required Template
CLASS:Undead (Mindless).MOD	PRETEMPLATE:1,Mindless
