SOURCELONG:Magic of Faerun	SOURCESHORT:MoF	SOURCEWEB:http://www.gozzilioni.net																					
																							
#Banesword	COST:18315																						
#Berserker Blade (+1)	COST:6335																						
#Berserker Blade (+2)	COST:15335																						
#Blingdenstone Warpick	COST:8308																						
#Cormanthyrian Elfblade	COST:18315																						
#Dagger of Chaos	COST:106302																						
#Dagger of Defiance	COST:12302																						
#Gauntlet of the Valorous	COST:18302																						
#Golden Axe of the Great Rift	COST:18310																						
#Justice Blade	COST:32315																						
#Lance of Faerun	COST:98310																						
#Lit with Danger	COST:18302																						
#Mace of the Darkchildren	COST:17000																						
#Namarra	COST:30315																						
#Nightblade	COST:8702																						
#One Thousand Broken Dreams	COST:103315																						
#Prayer of Anger	COST:14350																						
#Quarterstaff of Battle	COST:162600																						
#Runehammer (Alhalbrin)	COST:11912																						
#Runehammer (Faerindyl)	COST:11712																						
#Runehammer (Thundaril)	COST:17912																						
#Scimitar of the Fool	COST:3000																						
#Sembian Guardblade	COST:8320																						
#Silvermane's Axe	COST:50302																						
#Singing Sword	COST:24450																						
#Spectral Dagger	COST:20000																						
#Staff of Mighty Sweeping	COST:28600																						
#Taragarth	COST:86335																						
#The Fist	COST:23305																						
#Viper Dagger	COST:10462																						
																							
# Equipment Name	Output Name		Type	Cost	Weight	Base Quantity	Modifier	Requires Modification?	Source Page	Weapon prop. bonus	Special Property												
Banesword		PROFICIENCY:WEAPON|Longsword	TYPE:Enhancement.Weapon.Martial.Melee.Specific.Slashing.OneHanded.Sword	COST:15	WT:4	WIELD:OneHanded		SIZE:M	DAMAGE:1d8	CRITRANGE:2	CRITMULT:x2	EQMOD:STEEL.PLUS1W.LAW_M						SOURCEPAGE:MoF	MODS:NO				
Berserker Blade (+1)		PROFICIENCY:WEAPON|Sword (Bastard)	TYPE:Enhancement.Weapon.Martial.Exotic.Melee.Specific.Slashing.TwoHanded.Sword	COST:35	WT:6	WIELD:TwoHanded		SIZE:M	DAMAGE:1d10	CRITRANGE:2	CRITMULT:x2	EQMOD:STEEL.PLUS1W	DEFINE:Enraged|0					SOURCEPAGE:MoF	MODS:NO	SPROP:+2 when wielder is enraged.	BONUS:WEAPON|WIELDCATEGORY|-1|PREFEAT:1,Exotic Weapon Proficiency(Sword (Bastard))	BONUS:WEAPON|DAMAGE,TOHIT|2|TYPE=Enhancement|PREVARGTEQ:Enraged,1	
Berserker Blade (+2)		PROFICIENCY:WEAPON|Sword (Bastard)	TYPE:Enhancement.Weapon.Martial.Exotic.Melee.Specific.Slashing.TwoHanded.Sword	COST:35	WT:6	WIELD:TwoHanded		SIZE:M	DAMAGE:1d10	CRITRANGE:2	CRITMULT:x2	EQMOD:STEEL.PLUS2W	DEFINE:Enraged|0					SOURCEPAGE:MoF	MODS:NO	SPROP:+3 when wielder is enraged.	BONUS:WEAPON|WIELDCATEGORY|-1|PREFEAT:1,Exotic Weapon Proficiency(Sword (Bastard))	BONUS:WEAPON|DAMAGE,TOHIT|3|TYPE=Enhancement|PREVARGTEQ:Enraged,1	
Blingdenstone Warpick		PROFICIENCY:WEAPON|Pick (Heavy)	TYPE:Enhancement.Weapon.Martial.Melee.Specific.Piercing.OneHanded.Pick	COST:8	WT:6	WIELD:OneHanded		SIZE:M	DAMAGE:1d6	CRITRANGE:1	CRITMULT:x4	EQMOD:STEEL.PLUS1W.CORR_M						SOURCEPAGE:MoF	MODS:NO				
Cormanthyrian Elfblade		PROFICIENCY:WEAPON|Longsword	TYPE:Enhancement.Weapon.Martial.Melee.Specific.Slashing.OneHanded.Sword	COST:15	WT:4	WIELD:OneHanded		SIZE:M	DAMAGE:1d8	CRITRANGE:2	CRITMULT:x2	EQMOD:STEEL.PLUS1W.KEEN						SOURCEPAGE:MoF	MODS:NO				
Cormyrian Goblinthrasher		PROFICIENCY:WEAPON|Longsword	TYPE:Enhancement.Weapon.Melee.Martial.Specific.Slashing.Sword	COST:15	WT:4	WIELD:OneHanded		SIZE:M	DAMAGE:1d8	CRITRANGE:2	CRITMULT:x2	EQMOD:STEEL.PLUS1W.BANE_M|Humanoids (goblinoid)						SOURCEPAGE:MoF	MODS:NO				
Dagger of Chaos		PROFICIENCY:WEAPON|Dagger	TYPE:Enhancement.Weapon.Simple.Melee.Ranged.Specific.Piercing.Slashing.Light.Thrown.Finesseable.Dagger	COST:2	WT:1	WIELD:Light		SIZE:M	DAMAGE:1d4	CRITRANGE:2	CRITMULT:x2	EQMOD:STEEL.PLUS5W	RANGE:10					SOURCEPAGE:MoF	MODS:NO	SPROP:Polymorph Other (random form) on the wielder when inflict damage on target.			
Dagger of Defiance		PROFICIENCY:WEAPON|Dagger	TYPE:Enhancement.Weapon.Simple.Melee.Ranged.Specific.Piercing.Slashing.Light.Finesseable.Thrown.Dagger	COST:2	WT:1	WIELD:Light		SIZE:M	DAMAGE:1d4	CRITRANGE:2	CRITMULT:x2	EQMOD:STEEL.PLUS1W	RANGE:10					SOURCEPAGE:MoF	MODS:NO		ABILITY:Special Ability|VIRTUAL|Immunity To Fear|Immunity to Compulsion Effects|Resistance To Enchantment	DEFINE:EnchantmentResistanceBonus|3	
Gauntlet of the Valorous		PROFICIENCY:WEAPON|Gauntlet (Spiked)	TYPE:Enhancement.Weapon.Simple.Melee.Specific.Piercing.Light.Finesseable.Unarmed.Gauntlet	COST:5	WT:1	WIELD:Light		SIZE:M	DAMAGE:1d4	CRITRANGE:1	CRITMULT:x2	EQMOD:STEEL.PLUS3W						SOURCEPAGE:MoF	MODS:NO		BONUS:EQM|WEIGHTADD|-1|PREMULT:3,[PREEQUIP:1,TYPE.Armor],[PREEQUIP:1,TYPE.Medium,TYPE.Heavy],[!PREEQUIP:1,Breastplate]		
Golden Axe of the Great Rift		PROFICIENCY:WEAPON|Battleaxe	TYPE:Enhancement.Weapon.Martial.Melee.Specific.OneHanded.Slashing.Axe	COST:10	WT:6	WIELD:OneHanded		SIZE:M	DAMAGE:1d8	CRITRANGE:1	CRITMULT:x3	EQMOD:STEEL.PLUS1W.BANE_M|Aberrations						SOURCEPAGE:MoF	MODS:NO				
Justice Blade		PROFICIENCY:WEAPON|Longsword	TYPE:Enhancement.Weapon.Martial.Melee.Specific.Slashing.OneHanded.Sword	COST:15	WT:4	WIELD:OneHanded		SIZE:M	DAMAGE:1d8	CRITRANGE:2	CRITMULT:x2	EQMOD:STEEL.PLUS1W.HOLY_M.MI_CLE.LGHT_EMIT						SOURCEPAGE:MoF	MODS:NO				
Lance of Faerun		PROFICIENCY:WEAPON|Lance	TYPE:Enhancement.Weapon.Martial.Melee.Specific.Piercing.TwoHanded.Reach.Lance	COST:10	WT:10	WIELD:TwoHanded		SIZE:M	DAMAGE:1d8	CRITRANGE:1	CRITMULT:x3	EQMOD:WOOD.PLUS2W.HOLY_M	REACHMULT:2					SOURCEPAGE:MoF	MODS:NO	SPROP:+2 enhancement bonus and does +2d6 bonus damage vs. Outsiders (evil)|PREDEITY:1,Torm	VFEAT:Spirited Charge		
Lit with Danger		PROFICIENCY:WEAPON|Shortspear	TYPE:Enhancement.Weapon.Melee.Ranged.Thrown.Simple.Specific.Piercing.Spear	COST:1	WT:3	WIELD:OneHanded		SIZE:M	DAMAGE:1d6	CRITRANGE:1	CRITMULT:x3	EQMOD:WOOD.PLUS1W	RANGE:20					SOURCEPAGE:MoF	MODS:NO	SPROP:1/day Faerie Fire against invisible target that hits the wielder			
Mace of the Darkchildren		PROFICIENCY:WEAPON|Mace (Heavy)	TYPE:Enhancement.Weapon.Simple.Melee.Specific.Bludgeoning.OneHanded.Mace	COST:12	WT:8	WIELD:OneHanded		SIZE:M	DAMAGE:1d8	CRITRANGE:1	CRITMULT:x2	EQMOD:ADAMANT_WEAP						SOURCEPAGE:MoF	MODS:NO		BONUS:WEAPON|TOHIT|2|TYPE=Enhancement	BONUS:VAR|TurnLevelUndead|6|TYPE=Profane	BONUS:VAR|TurnDamagePlusUndead|2|TYPE=Profane
Namarra		PROFICIENCY:WEAPON|Longsword	TYPE:Enhancement.Weapon.Martial.Melee.Specific.Slashing.OneHanded.Sword.LightSource	COST:15	WT:4	WIELD:OneHanded		SIZE:M	DAMAGE:1d8	CRITRANGE:2	CRITMULT:x2	EQMOD:STEEL.PLUS2W.KEEN.LGHT_EMIT_5PR						SOURCEPAGE:MoF	MODS:NO	SPROP:Silence on the wielder at will	QUALITY:Shadowy Illumination|5 ft.	QUALITY:Duration|Permanent	
Nightblade		PROFICIENCY:WEAPON|Dagger	TYPE:Enhancement.Weapon.Simple.Melee.Ranged.Specific.Piercing.Slashing.Light.Finesseable.Thrown.Dagger	COST:2	WT:1	WIELD:Light		SIZE:M	DAMAGE:1d4	CRITRANGE:2	CRITMULT:x2	EQMOD:STEEL.PLUS1W	RANGE:10					SOURCEPAGE:MoF	MODS:NO	SPROP:+2 enhancement bonus against Good creature and Will DC 16 or take 1 temporary damage to random ability score.			
One Thousand Broken Dreams		PROFICIENCY:WEAPON|Longsword	TYPE:Enhancement.Weapon.Martial.Melee.Specific.Slashing.OneHanded.Sword	COST:15	WT:4	WIELD:OneHanded		SIZE:M	DAMAGE:1d8	CRITRANGE:2	CRITMULT:x2	EQMOD:MITHRAL_ITEM.PLUS3W.HOLY_M.BANE_M_DR						SOURCEPAGE:MoF	MODS:NO		ABILITY:Special Ability|AUTOMATIC|Negative Levels	BONUS:VAR|NegLevels|1|PREALIGN:LE,NE,CE	
Prayer of Anger		PROFICIENCY:WEAPON|Greatsword	TYPE:Enhancement.Weapon.Martial.Melee.Specific.Slashing.TwoHanded.Sword	COST:50	WT:8	WIELD:TwoHanded		SIZE:M	DAMAGE:2d6	CRITRANGE:2	CRITMULT:x2	EQMOD:STEEL.PLUS2W						SOURCEPAGE:MoF	MODS:NO		ABILITY:Special Ability|AUTOMATIC|Immunity To Fear	BONUS:VAR|RageDuration|1	
Quarterstaff of Battle		PROFICIENCY:WEAPON|Quarterstaff	TYPE:Enhancement.Weapon.Simple.Melee.Specific.Bludgeoning.TwoHanded.Double.Quarterstaff	COST:0	WT:4	WIELD:TwoHanded		SIZE:M	DAMAGE:1d6	CRITRANGE:1	CRITMULT:x2	EQMOD:WOOD.PLUS3W.SPEED	ALTTYPE:Enhancement.Weapon.Melee.Bludgeoning.Quarterstaff	ALTDAMAGE:1d6	ALTCRITRANGE:1	ALTCRITMULT:x2	ALTEQMOD:WOOD.PLUS3W	SOURCEPAGE:MoF	MODS:NO		VFEAT:Improved Disarm		
Runehammer (Alhalbrin)		PROFICIENCY:WEAPON|Warhammer	TYPE:Enhancement.Weapon.Martial.Melee.Specific.Bludgeoning.Onehanded.Hammer	COST:12	WT:5	WIELD:OneHanded		SIZE:M	DAMAGE:1d8	CRITRANGE:1	CRITMULT:x3	EQMOD:DARKSTEEL_WEAP.PLUS1W.RUNE_M|Alhalbrin.RUNE_M_Alhalbrin						SOURCEPAGE:MoF	MODS:NO				
Runehammer (Faerindyl)		PROFICIENCY:WEAPON|Warhammer	TYPE:Enhancement.Weapon.Martial.Melee.Specific.Bludgeoning.Onehanded.Hammer	COST:12	WT:5	WIELD:OneHanded		SIZE:M	DAMAGE:1d8	CRITRANGE:1	CRITMULT:x3	EQMOD:DARKSTEEL_WEAP.PLUS1W.RUNE_M|Faerindyl.RUNE_M_Faerindyl						SOURCEPAGE:MoF	MODS:NO				
Runehammer (Thundaril)		PROFICIENCY:WEAPON|Warhammer	TYPE:Enhancement.Weapon.Martial.Melee.Specific.Bludgeoning.Onehanded.Hammer	COST:12	WT:5	WIELD:OneHanded		SIZE:M	DAMAGE:1d8	CRITRANGE:1	CRITMULT:x3	EQMOD:DARKSTEEL_WEAP.PLUS1W.RUNE_M|Thundaril.RUNE_M_Thundaril						SOURCEPAGE:MoF	MODS:NO				
Scimitar of the Fool		PROFICIENCY:WEAPON|Scimitar	TYPE:Enhancement.Weapon.Martial.Melee.Specific.Slashing.OneHanded.Sword	COST:15	WT:4	WIELD:OneHanded		SIZE:M	DAMAGE:1d6	CRITRANGE:3	CRITMULT:x2	EQMOD:STEEL.PLUS1W						SOURCEPAGE:MoF	MODS:NO		BONUS:CHECKS|Will|-3|TYPE=Morale		
Sembian Guardblade		PROFICIENCY:WEAPON|Rapier	TYPE:Enhancement.Weapon.Martial.Melee.Specific.Piercing.OneHanded.Finesseable.Sword	COST:20	WT:2	WIELD:OneHanded		SIZE:M	DAMAGE:1d6	CRITRANGE:3	CRITMULT:x2	EQMOD:STEEL.PLUS1W.DEFEND						SOURCEPAGE:MoF	MODS:NO				
Silvermane's Axe		PROFICIENCY:WEAPON|Battleaxe	TYPE:Enhancement.Weapon.Martial.Melee.Specific.Slashing.OneHanded.Axe	COST:10	WT:6	WIELD:OneHanded		SIZE:M	DAMAGE:1d8	CRITRANGE:1	CRITMULT:x3	EQMOD:STEEL.PLUS3W.BANE_M|Outsiders (evil)						SOURCEPAGE:MoF	MODS:NO				
Singing Sword		PROFICIENCY:WEAPON|Greatsword	TYPE:Enhancement.Weapon.Martial.Melee.Specific.Slashing.TwoHanded.Sword	COST:50	WT:8	WIELD:TwoHanded		SIZE:M	DAMAGE:2d6	CRITRANGE:2	CRITMULT:x2	EQMOD:STEEL.PLUS1W						SOURCEPAGE:MoF	MODS:NO	SPROP:Songs when drawn, +2 morale bonus on attack and damage rolls with the singing song. 	ABILITY:Special Ability|AUTOMATIC|Resistance To Mind-Affecting	DEFINE:MindAffectingResistanceBonus|3	
Spectral Dagger		PROFICIENCY:WEAPON|Dagger	TYPE:Enhancement.Weapon.Simple.Melee.Ranged.Specific.Piercing.Slashing.Light.Finesseable.Thrown.Dagger	COST:2	WT:1	WIELD:Light		SIZE:M	DAMAGE:0	CRITRANGE:1	CRITMULT:x2	EQMOD:STEEL	RANGE:10					SOURCEPAGE:MoF	MODS:NO	SPROP:No damage. Chill Touch (Fort DC 11) against target.			
Spider Fang		PROFICIENCY:WEAPON|Dagger	TYPE:Enhancement.Weapon.Simple.Melee.Ranged.Specific.Piercing.Slashing.Light.Finesseable.Thrown.Dagger	COST:2	WT:1	WIELD:Light		SIZE:M	DAMAGE:1d4	CRITRANGE:2	CRITMULT:x2	EQMOD:STEEL.PLUS1W	RANGE:10					SOURCEPAGE:MoF	MODS:NO	SPROP:1/day create a 10-ft square of wispy strands (half concealment). 2D4 acid damage if someone touche the strands. 			
Staff of Mighty Sweeping		PROFICIENCY:WEAPON|Quarterstaff	TYPE:Enhancement.Weapon.Simple.Melee.Specific.Bludgeoning.TwoHanded.TwoHanded.Double.Quarterstaff	COST:0	WT:4	WIELD:TwoHanded		SIZE:M	DAMAGE:1d6	CRITRANGE:1	CRITMULT:x2	EQMOD:WOOD.PLUS2W.SWEEP_M	ALTTYPE:Enhancement.Weapon.Melee.Bludgeoning	ALTDAMAGE:1d6	ALTCRITRANGE:1	ALTCRITMULT:x2	ALTEQMOD:WOOD.PLUS2W	SOURCEPAGE:MoF	MODS:NO		VFEAT:Improved Trip		
Talosian Shortspear		PROFICIENCY:WEAPON|Shortspear	TYPE:Enhancement.Weapon.Simple.Melee.Ranged.Specific.Piercing.OneHanded.Thrown.Spear	COST:1	WT:3	WIELD:OneHanded		SIZE:M	DAMAGE:1d6	CRITRANGE:1	CRITMULT:x3	EQMOD:WOOD.PLUS1W.FLM_M.SHOCK_M	RANGE:20					SOURCEPAGE:MoF	MODS:NO				
Taragarth		PROFICIENCY:WEAPON|Sword (Bastard)	TYPE:Enhancement.Weapon.Martial.Exotic.Melee.Specific.Slashing.TwoHanded.Sword	COST:35	WT:6	WIELD:TwoHanded		SIZE:M	DAMAGE:1d10	CRITRANGE:2	CRITMULT:x2	EQMOD:STEEL.PLUS3W.MI_CLE						SOURCEPAGE:MoF	MODS:NO	SPROP:contant Resist Element (Fire), Feather Fall, Nondetection.	BONUS:WEAPON|WIELDCATEGORY|-1|PREFEAT:1,Exotic Weapon Proficiency(Sword (Bastard))		
The Fist		PROFICIENCY:WEAPON|Gauntlet (Spiked)	TYPE:Enhancement.Weapon.Simple.Melee.Specific.Piercing.Light.Finesseable.Unarmed.Gauntlet	COST:5	WT:1	WIELD:Light		SIZE:M	DAMAGE:1d4	CRITRANGE:1	CRITMULT:x2	EQMOD:ADAMANT_WEAP.PLUS2W						SOURCEPAGE:MoF	MODS:NO	SPROP:immune to Chill Metal and Heat Metal spell.	BONUS:EQM|WEIGHTADD|-1|PREMULT:3,[PREEQUIP:1,TYPE.Armor],[PREEQUIP:1,TYPE.Medium,TYPE.Heavy],[!PREEQUIP:1,Breastplate]		
Viper Dagger		PROFICIENCY:WEAPON|Dagger	TYPE:Enhancement.Weapon.Simple.Melee.Ranged.Specific.Piercing.Slashing.Light.Finesseable.Thrown.Dagger	COST:2	WT:1	WIELD:Light		SIZE:M	DAMAGE:1d4	CRITRANGE:2	CRITMULT:x2	EQMOD:STEEL.PLUS2W	RANGE:10					SOURCEPAGE:MoF	MODS:NO	SPROP:1/day turn into a Small Viper.			
