SOURCELONG:Magic of Faerun	SOURCESHORT:MoF	SOURCEWEB:http://www.gozzilioni.net																										
###Block: AB																												
# Spell Name	Output Name	Spell Variations	Type	CLASSES:	Domains granting the spell	SCHOOL:	Sub-School	Spell Descriptors	Components	Casting Time	Range	TARGETAREA:		DURATION:	Save Info	Spell Resistance	DESC:	Source Page	Item	COST:	XPCOST:	PPCOST	Combat bonus	Bonus to HP	Stat bonus	Choose		
#Acid Splash																												
#Acid Storm																												
Alamanther's Return			TYPE:Arcane	CLASSES:Sorcerer,Wizard=9		SCHOOL:Transmutation			COMPS:V, S, M, XP	CASTTIME:1 full round	RANGE:See text	TARGETAREA:One spell or spell-like abilities.		DURATION:See text	SAVEINFO:See text	SPELLRES:See Text	DESC:See text	SOURCEPAGE:MoF		COST:50	XPCOST:1000							
Amanuensis			TYPE:Arcane.Divine	CLASSES:Cleric=3|Sorcerer,Wizard=3		SCHOOL:Transmutation			COMPS:V, S, M	CASTTIME:1 standard action	RANGE:Close	TARGETAREA:Object or objects with writing.		DURATION:10 minutes/level	SAVEINFO:Will negates (object)	SPELLRES:Yes	DESC:See text	SOURCEPAGE:MoF										
Amplify			TYPE:Arcane	CLASSES:Bard=1		SCHOOL:Transmutation		DESCRIPTOR:Sonic	COMPS:V, S	CASTTIME:1 minute	RANGE:Long	TARGETAREA:A 15-ft-radius emanation centered on a creature, object or point in space		DURATION:1 round/level	SAVEINFO:Will negates (object)	SPELLRES:See Text	DESC:See text	SOURCEPAGE:MoF										
Antimagic Aura			TYPE:Arcane	CLASSES:Sorcerer,Wizard=7		SCHOOL:Abjuration			COMPS:V, S, M	CASTTIME:1 standard action	RANGE:Touch	TARGETAREA:One creature		DURATION:1 round/level	SAVEINFO:Will negates	SPELLRES:Yes	DESC:See text	SOURCEPAGE:MoF										
Aura against Flame			TYPE:Divine	CLASSES:Cleric=2		SCHOOL:Abjuration			COMPS:V, S	CASTTIME:1 standard action	RANGE:Personal	TARGETAREA:You		DURATION:1 round/level	SAVEINFO:None	SPELLRES:No	DESC:See text	SOURCEPAGE:MoF										
Aura of Glory			TYPE:Divine	CLASSES:Paladin=2		SCHOOL:Transmutation			COMPS:V, DF	CASTTIME:1 standard action	RANGE:Personal	TARGETAREA:You		DURATION:1 minute/level	SAVEINFO:None	SPELLRES:No	DESC:See text	SOURCEPAGE:MoF										
Aura of Vitality			TYPE:Divine	CLASSES:Druid=7		SCHOOL:Transmutation			COMPS:V, S	CASTTIME:1 standard action	RANGE:Close	TARGETAREA:One creature/3 levels, no two of which can be more than 30-ft apart		DURATION:1 round/level	SAVEINFO:Will negates (harmless)	SPELLRES:Yes	DESC:See text	SOURCEPAGE:MoF										
Azuth's Exalted Triad			TYPE:Divine	CLASSES:Cleric=6		SCHOOL:Transmutation			COMPS:V, S	CASTTIME:1 standard action	RANGE:Personal	TARGETAREA:You		DURATION:Instantaneous	SAVEINFO:None	SPELLRES:No	DESC:See text	SOURCEPAGE:MoF									PREDEITY:1,Azuth	
Azuth's Spell Shield			TYPE:Arcane	CLASSES:Cleric=7		SCHOOL:Abjuration			COMPS:V, S, DF	CASTTIME:1 standard action	RANGE:Close	TARGETAREA:Up to one creature/levels, no two of which can be more than 30-ft apart		DURATION:1 round/level	SAVEINFO:Will negates (harmless)	SPELLRES:Yes	DESC:See text	SOURCEPAGE:MoF									PREDEITY:1,Azuth	
Backlash			TYPE:Arcane	CLASSES:Sorcerer,Wizard=4		SCHOOL:Transmutation			COMPS:V, S	CASTTIME:1 standard action	RANGE:Touch	TARGETAREA:Creature touched		DURATION:Permanent or until discharged	SAVEINFO:Will negates	SPELLRES:Yes	DESC:See text	SOURCEPAGE:MoF										
Balagarn's Iron Horn			TYPE:Arcane	CLASSES:Bard=1|Sorcerer,Wizard=2		SCHOOL:Transmutation		DESCRIPTOR:Sonic	COMPS:V, S	CASTTIME:1 standard action	RANGE:Close	TARGETAREA:Cone		DURATION:Instantaneous	SAVEINFO:None; See Text	SPELLRES:Yes	DESC:See text	SOURCEPAGE:MoF										
#Ball Lightning																												
Battering Ram			TYPE:Arcane	CLASSES:Sorcerer,Wizard=2		SCHOOL:Evocation		DESCRIPTOR:Force	COMPS:V, S, F	CASTTIME:1 standard action	RANGE:Close	TARGETAREA:One object or creature		DURATION:Instantaneous	SAVEINFO:None	SPELLRES:Yes	DESC:See text	SOURCEPAGE:MoF										
#Battletide																												
#Binding Winds																												
Black Blade of Disaster			TYPE:Arcane	CLASSES:Sorcerer,Wizard=9		SCHOOL:Conjuration	SUBSCHOOL:Creation		COMPS:V, S	CASTTIME:1 standard action	RANGE:Close	TARGETAREA:Sword-shaped planar rift		DURATION:Concentration, up to 1 round/level	SAVEINFO:None	SPELLRES:Yes	DESC:See text	SOURCEPAGE:MoF										
Blackstaff			TYPE:Arcane	CLASSES:Sorcerer,Wizard=8		SCHOOL:Transmutation			COMPS:V, S, F	CASTTIME:1 standard action	RANGE:Touch	TARGETAREA:Staff or quarterstaff touched		DURATION:1 round/level	SAVEINFO:See text	SPELLRES:Yes	DESC:See text	SOURCEPAGE:MoF										
Blade Thirst			TYPE:Divine	CLASSES:Ranger=3		SCHOOL:Transmutation			COMPS:V, S	CASTTIME:1 standard action	RANGE:Touch	TARGETAREA:One slashing weapon		DURATION:1 round/level	SAVEINFO:None (object)	SPELLRES:No	DESC:See text	SOURCEPAGE:MoF										
#Blinding Spittle																												
#Blindsight																												
Blood Frenzy			TYPE:Divine	CLASSES:Druid=2		SCHOOL:Transmutation			COMPS:V, S	CASTTIME:1 standard action	RANGE:Personal	TARGETAREA:You		DURATION:1 round/level	SAVEINFO:None	SPELLRES:No	DESC:See text	SOURCEPAGE:MoF										
Body Blades			TYPE:Divine	CLASSES:Cleric=2		SCHOOL:Transmutation			COMPS:V, S	CASTTIME:1 standard action	RANGE:Personal	TARGETAREA:You		DURATION:1 minute/level	SAVEINFO:None	SPELLRES:No	DESC:See text	SOURCEPAGE:MoF									PREDEITY:1,Loviatar	
#Bombardment																												
#Branch to Branch																												
#Brilliant Auta																												
#Cacophonic Shield																												
#Camouflage																												
Cast in Stone			TYPE:Divine	CLASSES:Druid=9		SCHOOL:Transmutation			COMPS:V, S	CASTTIME:1 standard action	RANGE:Close	TARGETAREA:Personal		DURATION:1 round/level	SAVEINFO:Will negates	SPELLRES:Yes	DESC:See text	SOURCEPAGE:MoF										
Celebration			TYPE:Arcane	CLASSES:Bard=4		SCHOOL:Enchantment	SUBSCHOOL:Compulsion	DESCRIPTOR:Mind-Affecting|Sonic	COMPS:V, S	CASTTIME:1 standard action	RANGE:Close	TARGETAREA:15-ft-radius burst		DURATION:Instantaneous	SAVEINFO:Will negates	SPELLRES:Yes	DESC:See text	SOURCEPAGE:MoF										
Circle Dance			TYPE:Arcane.Divine	CLASSES:Bard=2|Cleric=3|Druid=3		SCHOOL:Divination			COMPS:V, S	CASTTIME:1 minute	RANGE:Personal	TARGETAREA:You		DURATION:Instantaneous	SAVEINFO:None	SPELLRES:No	DESC:See text	SOURCEPAGE:MoF										
#Cloudburst																												
#Cloud of Bewilderment																												
Cocoon			TYPE:Divine	CLASSES:Druid=8		SCHOOL:Conjuration	SUBSCHOOL:Creation		COMPS:V, S, M, XP	CASTTIME:1 full round	RANGE:Close	TARGETAREA:One living creature		DURATION:Instantaneous	SAVEINFO:Fort negates	SPELLRES:Yes	DESC:See text	SOURCEPAGE:MoF			XPCOST:1000							
Combust			TYPE:Arcane	CLASSES:Sorcerer,Wizard=2		SCHOOL:Evocation		DESCRIPTOR:Fire	COMPS:V, S, M	CASTTIME:1 standard action	RANGE:Touch	TARGETAREA:Touched creature or combustible object that weights no more than 25 lbs/level.		DURATION:Instantaneous	SAVEINFO:Reflex partial	SPELLRES:Yes	DESC:See text	SOURCEPAGE:MoF									PRECLASS:1,Red Wizard=1	
Corrosive Grasp			TYPE:Arcane	CLASSES:Sorcerer,Wizard=1		SCHOOL:Conjuration	SUBSCHOOL:Creation	DESCRIPTOR:Acid	COMPS:V, S	CASTTIME:1 standard action	RANGE:Touch	TARGETAREA:Creature or creatures touched (up to one/level)		DURATION:Instantaneous	SAVEINFO:None	SPELLRES:Yes	DESC:See text	SOURCEPAGE:MoF										
#Crawling Darkness																												
Create Crossroad and Backroad			TYPE:Divine	CLASSES:Druid=7		SCHOOL:Conjuration	SUBSCHOOL:Creation		COMPS:V, S, DF, XP	CASTTIME:1 day	RANGE:Touch	TARGETAREA:two area of up to 50-ft-square		DURATION:Instantaneous	SAVEINFO:None	SPELLRES:No	DESC:See text	SOURCEPAGE:MoF			XPCOST:3500							
#Crumble																												
#Curse of Ill Fortune																												
Darkfire			TYPE:Divine	CLASSES:Cleric=3		SCHOOL:Evocation		DESCRIPTOR:Fire	COMPS:V, S	CASTTIME:1 standard action	RANGE:0 ft.	TARGETAREA:Flame in your palm		DURATION:1 round/level	SAVEINFO:None	SPELLRES:Yes	DESC:See text	SOURCEPAGE:MoF									PREDEITY:1,PANTHEON.Drow	
Dark Way			TYPE:Divine	CLASSES:Cleric=3		SCHOOL:Illusion	SUBSCHOOL:Shadow		COMPS:V, S, DF	CASTTIME:1 standard action	RANGE:Close	TARGETAREA:One bridge of force 2-ft wide, 1 in. Thick and up to 20-ft/level long		DURATION:1 round/level	SAVEINFO:None	SPELLRES:Yes	DESC:See text	SOURCEPAGE:MoF									PREDEITY:1,Mask	
Darsson's Potion			TYPE:Arcane	CLASSES:Sorcerer,Wizard=4		SCHOOL:Transmutation			COMPS:V, S	CASTTIME:1 full round	RANGE:Touch	TARGETAREA:Flask of water touched		DURATION:1 hour/level	SAVEINFO:Will negates (object)	SPELLRES:Yes	DESC:See text	SOURCEPAGE:MoF										
Deafening Clang			TYPE:Divine	CLASSES:Paladin=1		SCHOOL:Transmutation		DESCRIPTOR:Sonic	COMPS:V, S, DF	CASTTIME:1 standard action	RANGE:Touch	TARGETAREA:Weapon touched		DURATION:1 round/level	SAVEINFO:Will negates (harmless,object)	SPELLRES:Yes	DESC:See text	SOURCEPAGE:MoF									PREDEITY:1,Gaerdal Ironhand	
Death Armor			TYPE:Arcane	CLASSES:Sorcerer,Wizard=2		SCHOOL:Necromancy			COMPS:V, S, M	CASTTIME:1 standard action	RANGE:Touch	TARGETAREA:You		DURATION:1 round/level	SAVEINFO:Will negates (harmless)	SPELLRES:Yes	DESC:See text	SOURCEPAGE:MoF		COST:50								
#Death Dragon																												
#Death Pact																												
Decoy Image			TYPE:Divine	CLASSES:Ranger=3		SCHOOL:Illusion	SUBSCHOOL:Figment		COMPS:V, S	CASTTIME:1 full round	RANGE:Long	TARGETAREA:Figment that mimics you and all allies within 50-ft of you.		DURATION:10 minutes/level	SAVEINFO:None	SPELLRES:No	DESC:See text	SOURCEPAGE:MoF										
Detect Crossroads			TYPE:Divine	CLASSES:Bard=0|Druid=0		SCHOOL:Divination			COMPS:V, S	CASTTIME:1 standard action	RANGE:See text	TARGETAREA:Quarter circle emanating from you to the extreme of the range.		DURATION:Concentration, up to 10 minutes/level	SAVEINFO:None	SPELLRES:No	DESC:See text	SOURCEPAGE:MoF										
Dhulark's Glasstrike			TYPE:Arcane	CLASSES:Sorcerer,Wizard=6		SCHOOL:Transmutation			COMPS:V, S, F	CASTTIME:1 standard action	RANGE:60 ft.	TARGETAREA:One creature or 4 cubic ft of material.		DURATION:1 hour/level	SAVEINFO:Fort negates	SPELLRES:Yes	DESC:See text	SOURCEPAGE:MoF										
Dirge			TYPE:Divine	CLASSES:Bard=6		SCHOOL:Evocation		DESCRIPTOR:Sonic	COMPS:V, S	CASTTIME:1 full round	RANGE:50 ft.	TARGETAREA:All enemies within a 50-ft radius burst centered on you		DURATION:1 round/level	SAVEINFO:Fort negates	SPELLRES:Yes	DESC:See text	SOURCEPAGE:MoF										
Disguise Undead			TYPE:Arcane	CLASSES:Sorcerer,Wizard=2		SCHOOL:Illusion	SUBSCHOOL:Glamer		COMPS:V, S, F	CASTTIME:1 standard action	RANGE:Touch	TARGETAREA:One corporeal undead		DURATION:10 minutes/level	SAVEINFO:None (harmless)	SPELLRES:No	DESC:See text	SOURCEPAGE:MoF										
Disquietude			TYPE:Arcane	CLASSES:Bard=1		SCHOOL:Abjuration		DESCRIPTOR:Sonic	COMPS:V, S	CASTTIME:1 standard action	RANGE:Close	TARGETAREA:One living creature		DURATION:1 round/level	SAVEINFO:Will negates	SPELLRES:Yes	DESC:See text	SOURCEPAGE:MoF										
#Distort Speech																												
#Doomtide																												
Drown			TYPE:Divine	CLASSES:Druid=6		SCHOOL:Conjuration	SUBSCHOOL:Creation		COMPS:V, S	CASTTIME:1 standard action	RANGE:Close	TARGETAREA:One living creature		DURATION:Instantaneous	SAVEINFO:Fort negates	SPELLRES:Yes	DESC:See text	SOURCEPAGE:MoF										
Earthfast			TYPE:Divine	CLASSES:Druid=2		SCHOOL:Transmutation			COMPS:V, S	CASTTIME:1 standard action	RANGE:Close	TARGETAREA:One stone structure or rock formation, up to 25 cu ft/level		DURATION:10 minutes/level	SAVEINFO:Fort negates (harmless,object)	SPELLRES:Yes	DESC:See text	SOURCEPAGE:MoF										
#Easy Climb																												
#Easy Trail																												
Echo Skull			TYPE:Divine	CLASSES:Druid=5		SCHOOL:Divination			COMPS:V, S, F	CASTTIME:1 standard action	RANGE:Touch	TARGETAREA:Animal skull touched		DURATION:1 hour/level	SAVEINFO:None (object)	SPELLRES:Yes	DESC:See text	SOURCEPAGE:MoF										
Electric Jolt			TYPE:Arcane	CLASSES:Sorcerer,Wizard=0		SCHOOL:Evocation		DESCRIPTOR:Electricity	COMPS:V, S	CASTTIME:1 standard action	RANGE:Close	TARGETAREA:One creature or object		DURATION:Instantaneous	SAVEINFO:None	SPELLRES:Yes	DESC:See text	SOURCEPAGE:MoF										
#Elminster's Effulgent Epuration			TYPE:Arcane	CLASSES:Sorcerer,Wizard=9		SCHOOL:Abjuration			COMPS:V, S	CASTTIME:1 standard action	RANGE:60 ft.	TARGETAREA:One glowing sphere/level		DURATION:Until expended or 10 minutes/level	SAVEINFO:None	SPELLRES:No	DESC:See text	SOURCEPAGE:MoF										
Energy Tranformation Field			TYPE:Arcane	CLASSES:Sorcerer,Wizard=6		SCHOOL:Transmutation			COMPS:V, S, M, XP	CASTTIME:4 full rounds	RANGE:Close	TARGETAREA:40-ft radius spread		DURATION:Permanent	SAVEINFO:None	SPELLRES:No	DESC:See text	SOURCEPAGE:MoF		COST:5000	XPCOST:250							
Explosive Cascade			TYPE:Arcane	CLASSES:Sorcerer,Wizard=4		SCHOOL:Evocation		DESCRIPTOR:Fire	COMPS:V, S, M	CASTTIME:1 standard action	RANGE:Close	TARGETAREA:One 5-ft square/level, all of wich must be connected in one continuous path		DURATION:Instantaneous	SAVEINFO:Reflex half	SPELLRES:Yes	DESC:See text	SOURCEPAGE:MoF										
Faith Healing			TYPE:Divine	CLASSES:Blackguard=1|Cleric=1|Paladin=1		SCHOOL:Conjuration	SUBSCHOOL:Healing		COMPS:V, S	CASTTIME:1 standard action	RANGE:Touch	TARGETAREA:Creature touched		DURATION:Instantaneous	SAVEINFO:Will half (harmless)	SPELLRES:Yes	DESC:See text	SOURCEPAGE:MoF										
Favor of Ilmater (cleric)	OUTPUTNAME:Favor of Ilmater	VARIANTS:Divine Fortitude|Pact of Martyrdom	TYPE:Divine	CLASSES:Cleric=4		SCHOOL:Necromancy			COMPS:V, S	CASTTIME:1 standard action	RANGE:Medium	TARGETAREA:One willing creature		DURATION:1 minute/level	SAVEINFO:None (harmless)	SPELLRES:Yes	DESC:Subjects gains Endurance plus immunity to non-lethal damage, charme and compulsion effects, pain attacks and other adverse conditions, subject can function at -1 to -9 hp.	SOURCEPAGE:MoF									PREDEITY:1,Ilmater	
#Fiendform																												
Fire Spiders			TYPE:Arcane	CLASSES:Sorcerer,Wizard=6		SCHOOL:Conjuration	SUBSCHOOL:Summoning	DESCRIPTOR:Fire	COMPS:V, S, M	CASTTIME:1 standard action	RANGE:Close	TARGETAREA:240 fiery spiders that cover a 20-ft radius spread		DURATION:1 round/level	SAVEINFO:Reflex half	SPELLRES:Yes	DESC:See text	SOURCEPAGE:MoF		COST:500								
Firebrand			TYPE:Arcane	CLASSES:Sorcerer,Wizard=5		SCHOOL:Evocation		DESCRIPTOR:Fire	COMPS:V, S, M	CASTTIME:1 standard action	RANGE:Medium	TARGETAREA:One 5-ft radius burst/level		DURATION:Instantaneous	SAVEINFO:Reflex half	SPELLRES:Yes	DESC:See text	SOURCEPAGE:MoF										
Flame Dagger			TYPE:Arcane	CLASSES:Sorcerer,Wizard=2		SCHOOL:Evocation		DESCRIPTOR:Fire	COMPS:V, S, M	CASTTIME:1 standard action	RANGE:0 ft.	TARGETAREA:A daggerlike beam		DURATION:1 minute/level	SAVEINFO:None	SPELLRES:Yes	DESC:See text	SOURCEPAGE:MoF									PRECLASS:1,Red Wizard=1,Hathran=1	
Force Ladder			TYPE:Arcane	CLASSES:Sorcerer,Wizard=2		SCHOOL:Evocation		DESCRIPTOR:Force	COMPS:V, S, F	CASTTIME:1 standard action	RANGE:Close	TARGETAREA:One ladder of force up to 60-ft long		DURATION:1 minute/level	SAVEINFO:None	SPELLRES:No	DESC:See text	SOURCEPAGE:MoF										
#Forceward																												
Forcewave			TYPE:Arcane	CLASSES:Sorcerer,Wizard=1		SCHOOL:Evocation		DESCRIPTOR:Fire	COMPS:V, S, F	CASTTIME:1 standard action	RANGE:Medium	TARGETAREA:Wave of force affecting one creature		DURATION:Instantaneous	SAVEINFO:Fort partial	SPELLRES:Yes	DESC:See text	SOURCEPAGE:MoF										
Fortunate Fate			TYPE:Divine	CLASSES:Cleric=7		SCHOOL:Conjuration	SUBSCHOOL:Healing		COMPS:V, S	CASTTIME:1 minute	RANGE:Touch	TARGETAREA:Creature touched		DURATION:10 minutes/level or until discharged	SAVEINFO:None (harmless)	SPELLRES:Yes	DESC:See text	SOURCEPAGE:MoF									PREDEITY:1,Tymora	
Gedlee's Electric Loop			TYPE:Arcane	CLASSES:Sorcerer,Wizard=2		SCHOOL:Evocation		DESCRIPTOR:Electricity	COMPS:V, S, M	CASTTIME:1 standard action	RANGE:Close	TARGETAREA:5-ft radius burst		DURATION:Instantaneous	SAVEINFO:Reflex half (see text)	SPELLRES:Yes	DESC:See text	SOURCEPAGE:MoF										
G'elsewhere Chant			TYPE:Arcane	CLASSES:Bard=3		SCHOOL:Transmutation	SUBSCHOOL:Teleportation	DESCRIPTOR:Sonic	COMPS:V, S	CASTTIME:1 standard action	RANGE:Touch	TARGETAREA:One creature or object		DURATION:Instantaneous	SAVEINFO:Will negates	SPELLRES:Yes	DESC:See text	SOURCEPAGE:MoF										
Gemjump			TYPE:Arcane	CLASSES:Sorcerer,Wizard=7		SCHOOL:Transmutation	SUBSCHOOL:Teleportation		COMPS:V, S, F	CASTTIME:1 full round	RANGE:Unlimited	TARGETAREA:You and objects and willing creatures totaling up to 50 lbs/level		DURATION:Until triggered	SAVEINFO:See text	SPELLRES:See Text	DESC:See text	SOURCEPAGE:MoF										
#General of Undeath																												
Ghorus Toth's Metal Melt			TYPE:Arcane	CLASSES:Sorcerer,Wizard=4		SCHOOL:Transmutation		DESCRIPTOR:Fire	COMPS:V, S, M	CASTTIME:1 standard action	RANGE:Close	TARGETAREA:Metal object weighting up to 5 lb/level		DURATION:1 round	SAVEINFO:Will negates (object)	SPELLRES:Yes	DESC:See text	SOURCEPAGE:MoF										
Ghostharp			TYPE:Arcane	CLASSES:Bard=0		SCHOOL:Divination			COMPS:V, S	CASTTIME:1 minute	RANGE:Touch	TARGETAREA:Any object		DURATION:5 minutes/level	SAVEINFO:None	SPELLRES:No	DESC:See text	SOURCEPAGE:MoF										
Ironguard (Greater)	OUTPUTNAME:Ironguard, Greater		TYPE:Arcane	CLASSES:Sorcerer,Wizard=7		SCHOOL:Abjuration			COMPS:V, S, M, F	CASTTIME:1 standard action	RANGE:Touch	TARGETAREA:Creature touched		DURATION:1 round/level	SAVEINFO:Will negates (harmless)	SPELLRES:Yes	DESC:Subject becomes immune to nonmagical metal.	SOURCEPAGE:MoF		COST:100								
Mage Hand (Greater)	OUTPUTNAME:Mage Hand, Greater		TYPE:Arcane	CLASSES:Sorcerer,Wizard=3		SCHOOL:Transmutation			COMPS:V, S	CASTTIME:1 standard action	RANGE:Medium	TARGETAREA:One object or creature weigthing up to 10 pounds/level		DURATION:Concentration	SAVEINFO:Will negates	SPELLRES:Yes	DESC:See text	SOURCEPAGE:MoF										
Great Thunderclap			TYPE:Arcane	CLASSES:Sorcerer,Wizard=7		SCHOOL:Evocation		DESCRIPTOR:Sonic	COMPS:V, S, F	CASTTIME:1 standard action	RANGE:Medium	TARGETAREA:5-ft radius spread		DURATION:Instantaneous	SAVEINFO:See text	SPELLRES:No	DESC:See text	SOURCEPAGE:MoF										
Gutsnake			TYPE:Arcane	CLASSES:Sorcerer,Wizard=4		SCHOOL:Transmutation			COMPS:V, S, F	CASTTIME:1 standard action	RANGE:Personal	TARGETAREA:One magical snakelike tentacle		DURATION:1 round/level	SAVEINFO:None	SPELLRES:No	DESC:See text	SOURCEPAGE:MoF										
Handfire.COPY=Handfire (cleric)	OUTPUTNAME:Handfire			CLASSES:Cleric=1																							PREDEITY:1,Selune	
Handfire.COPY=Handfire (other)	OUTPUTNAME:Handfire			CLASSES:Druid=1|Harper Scout=1|Ranger=1																							PREDEITY:1,Selune	
Hand of Divinity		VARIANTS:Good|Evil	TYPE:Divine	CLASSES:Blackguard=2|Cleric=2|Paladin=2		SCHOOL:Evocation		DESCRIPTOR:See text	COMPS:V, S, DF	CASTTIME:1 standard action	RANGE:Touch	TARGETAREA:Creature touched		DURATION:1 minute/level	SAVEINFO:Will negates (harmless); See text	SPELLRES:Yes	DESC:See text	SOURCEPAGE:MoF										
Hand of Torm			TYPE:Divine	CLASSES:Cleric=4|Paladin=4		SCHOOL:Abjuration		DESCRIPTOR:See text	COMPS:V, S, DF	CASTTIME:1 minute	RANGE:10 ft.	TARGETAREA:10-ft radius emanation centered on you		DURATION:1 hour/level	SAVEINFO:Fort negates	SPELLRES:Yes	DESC:See text	SOURCEPAGE:MoF									PREDEITY:1,Torm	
#Hardening																												
#Harmony																												
Haunting Tune			TYPE:Arcane	CLASSES:Bard=3		SCHOOL:Enchantment	SUBSCHOOL:Compulsion	DESCRIPTOR:Mind-Affecting|Sonic	COMPS:V, S	CASTTIME:1 full round	RANGE:Medium	TARGETAREA:1 target/level		DURATION:10 minutes/level	SAVEINFO:Will negates	SPELLRES:Yes	DESC:See text	SOURCEPAGE:MoF										
Healing Sting			TYPE:Divine	CLASSES:Druid=3		SCHOOL:Necromancy			COMPS:V, S, M	CASTTIME:1 standard action	RANGE:Touch	TARGETAREA:You and one living creature		DURATION:Instantaneous	SAVEINFO:Fort negates	SPELLRES:Yes	DESC:See text	SOURCEPAGE:MoF										
#Healing Touch																												
#Herald's Call																												
Holy Star.COPY=Holy Star (Cleric	OUTPUTNAME:Holy Star			CLASSES:Cleric=7																							PREDEITY:1,Mystra	
Horizikaul's Boom			TYPE:Arcane	CLASSES:Sorcerer,Wizard=1		SCHOOL:Evocation		DESCRIPTOR:Sonic	COMPS:V, S	CASTTIME:1 standard action	RANGE:Close	TARGETAREA:One creature		DURATION:Instantaneous	SAVEINFO:Will negates	SPELLRES:Yes	DESC:See text	SOURCEPAGE:MoF										
Horizikaul's Cough			TYPE:Arcane	CLASSES:Sorcerer,Wizard=0		SCHOOL:Evocation		DESCRIPTOR:Sonic	COMPS:V, S	CASTTIME:1 standard action	RANGE:Close	TARGETAREA:One creature or object		DURATION:Instantaneous	SAVEINFO:Will partial	SPELLRES:Yes	DESC:See text	SOURCEPAGE:MoF										
Horizikaul's Versatile Vibration			TYPE:Arcane	CLASSES:Sorcerer,Wizard=5		SCHOOL:Evocation		DESCRIPTOR:Sonic	COMPS:V, S, F	CASTTIME:1 standard action	RANGE:Close	TARGETAREA:Cone		DURATION:Concentration, up to 1 round/level	SAVEINFO:Reflex half	SPELLRES:Yes	DESC:See text	SOURCEPAGE:MoF										
Hunter's Mercy			TYPE:Divine	CLASSES:Ranger=1		SCHOOL:Transmutation			COMPS:V, S	CASTTIME:1 standard action	RANGE:Personal	TARGETAREA:You		DURATION:See text	SAVEINFO:None	SPELLRES:No	DESC:See text	SOURCEPAGE:MoF										
Ice Dagger			TYPE:Arcane	CLASSES:Sorcerer,Wizard=1		SCHOOL:Evocation		DESCRIPTOR:Cold	COMPS:V, S, M	CASTTIME:1 standard action	RANGE:Close	TARGETAREA:Dagger of ice		DURATION:Instantaneous	SAVEINFO:Reflex half	SPELLRES:Yes	DESC:See text	SOURCEPAGE:MoF										
Igedrazaar's Miasma			TYPE:Arcane	CLASSES:Sorcerer,Wizard=2		SCHOOL:Conjuration	SUBSCHOOL:Creation		COMPS:V, S, F	CASTTIME:1 standard action	RANGE:Close	TARGETAREA:15-ft-radius burst		DURATION:1 round	SAVEINFO:Fort negates	SPELLRES:Yes	DESC:See text	SOURCEPAGE:MoF										
#Inferno																												
#Infestation of Maggots																												
Iron Bones			TYPE:Arcane.Divine	CLASSES:Cleric=4|Sorcerer,Wizard=4		SCHOOL:Transmutation			COMPS:V, S, F	CASTTIME:1 standard action	RANGE:Touch	TARGETAREA:Corporeal undead creature touched		DURATION:10 minutes/level	SAVEINFO:Will negates (harmless)	SPELLRES:Yes	DESC:See text	SOURCEPAGE:MoF										
Ironguts			TYPE:Arcane	CLASSES:Sorcerer,Wizard=1		SCHOOL:Abjuration			COMPS:V, S, M	CASTTIME:1 standard action	RANGE:Touch	TARGETAREA:Creature touched		DURATION:10 minutes/level	SAVEINFO:Will negates	SPELLRES:Yes	DESC:See text	SOURCEPAGE:MoF										
Jaws of the Wolf			TYPE:Divine	CLASSES:Druid=4		SCHOOL:Transmutation			COMPS:V, S, F	CASTTIME:1 standard action	RANGE:Close	TARGETAREA:One or more created wolves		DURATION:1 round/level	SAVEINFO:None	SPELLRES:No	DESC:See text	SOURCEPAGE:MoF										
Kaupaer's Skittish Nerves			TYPE:Arcane	CLASSES:Sorcerer,Wizard=1		SCHOOL:Transmutation			COMPS:V, S	CASTTIME:1 standard action	RANGE:Touch	TARGETAREA:Creature touched		DURATION:1 minute/level	SAVEINFO:None (harmless)	SPELLRES:Yes	DESC:See text	SOURCEPAGE:MoF										
Khelben's Suspended Silence			TYPE:Arcane	CLASSES:Sorcerer,Wizard=3		SCHOOL:Illusion	SUBSCHOOL:Glamer		COMPS:V, S, M	CASTTIME:1 standard action	RANGE:Touch	TARGETAREA:One object		DURATION:See text	SAVEINFO:None (object)	SPELLRES:No	DESC:See text	SOURCEPAGE:MoF		COST:50								
#Kiss of the Vampire			TYPE:Arcane	CLASSES:Sorcerer,Wizard=5		SCHOOL:Necromancy			COMPS:V, S, M	CASTTIME:1 standard action	RANGE:Personal	TARGETAREA:You		DURATION:1 round/level	SAVEINFO:None	SPELLRES:No	DESC:See text	SOURCEPAGE:MoF										
Know Greatest Enemy			TYPE:Divine	CLASSES:Blackguard=3		SCHOOL:Divination			COMPS:V, DF	CASTTIME:1 standard action	RANGE:Close	TARGETAREA:Quarter circle emanating from you to the extreme of the range.		DURATION:Concentration, up to 1 round/level	SAVEINFO:None; See Text	SPELLRES:Yes	DESC:See text	SOURCEPAGE:MoF										
Know Greatest Enemy.COPY=Know Greatest Enemy (paladin)	OUTPUTNAME:Know Greatest Enemy			CLASSES:Paladin=3																							PREDEITY:1,Savras	
Know Protection			TYPE:Arcane	CLASSES:Bard=1|Sorcerer,Wizard=1		SCHOOL:Divination			COMPS:V, S	CASTTIME:1 standard action	RANGE:Close	TARGETAREA:One creature		DURATION:Instantaneous	SAVEINFO:Will negates	SPELLRES:Yes	DESC:See text	SOURCEPAGE:MoF										
Know Vulnerabilities			TYPE:Arcane.Divine	CLASSES:Bard=4|Cleric=4		SCHOOL:Divination			COMPS:V, S	CASTTIME:1 standard action	RANGE:Close	TARGETAREA:One creature		DURATION:Instantaneous	SAVEINFO:Will negates	SPELLRES:Yes	DESC:See text	SOURCEPAGE:MoF										
Laeral's Cutting Hand			TYPE:Arcane	CLASSES:Sorcerer,Wizard=1		SCHOOL:Transmutation			COMPS:V, S	CASTTIME:1 standard action	RANGE:Personal	TARGETAREA:Your hand		DURATION:1 round/level	SAVEINFO:None	SPELLRES:No	DESC:See text	SOURCEPAGE:MoF										
Land Womb			TYPE:Divine	CLASSES:Druid=4|Ranger=4		SCHOOL:Abjuration			COMPS:V, S	CASTTIME:1 standard action	RANGE:Touch	TARGETAREA:You and one other creature/level		DURATION:10 minutes/level	SAVEINFO:Will negates	SPELLRES:Yes	DESC:See text	SOURCEPAGE:MoF										
Launch Bolt			TYPE:Arcane	CLASSES:Sorcerer,Wizard=0		SCHOOL:Transmutation			COMPS:V, S	CASTTIME:1 standard action	RANGE:Medium	TARGETAREA:One crossbow bolt in your possession		DURATION:Instantaneous	SAVEINFO:None	SPELLRES:No	DESC:See text	SOURCEPAGE:MoF										
Launch Item			TYPE:Arcane	CLASSES:Sorcerer,Wizard=1		SCHOOL:Transmutation			COMPS:S	CASTTIME:1 standard action	RANGE:Long	TARGETAREA:One Fine item in your possession, weighting up to 10 lb		DURATION:Instantaneous	SAVEINFO:None	SPELLRES:No	DESC:See text	SOURCEPAGE:MoF										
Life Bolt			TYPE:Arcane	CLASSES:Sorcerer,Wizard=2		SCHOOL:Necromancy			COMPS:V, S	CASTTIME:1 standard action	RANGE:Medium	TARGETAREA:One ray/2 levels		DURATION:Instantaneous	SAVEINFO:None	SPELLRES:No	DESC:See text	SOURCEPAGE:MoF										
Living Prints			TYPE:Divine	CLASSES:Ranger=3		SCHOOL:Divination			COMPS:V, S	CASTTIME:1 standard action	RANGE:Personal	TARGETAREA:You		DURATION:1 hour/level	SAVEINFO:None	SPELLRES:No	DESC:See text	SOURCEPAGE:MoF										
Low-Light Vision.MOD				CLASSES:Harper Scout=1																								
Loyal Vassal			TYPE:Divine	CLASSES:Paladin=3		SCHOOL:Abjuration		DESCRIPTOR:Lawful	COMPS:V, S, DF	CASTTIME:1 standard action	RANGE:Touch	TARGETAREA:Up to one willing creature/3 levels touched		DURATION:10 minutes/level	SAVEINFO:Will negates (harmless)	SPELLRES:Yes	DESC:See text	SOURCEPAGE:MoF									PREDEITY:1,Siamorphe	
Lutzaen's Frequent Jaunt			TYPE:Arcane	CLASSES:Sorcerer,Wizard=5		SCHOOL:Transmutation	SUBSCHOOL:Teleportation		COMPS:V	CASTTIME:1 standard action	RANGE:Close	TARGETAREA:You and touched objects or other touched willing creatures		DURATION:1 round/2 levels	SAVEINFO:See text	SPELLRES:See Text	DESC:Teleports you short distance.	SOURCEPAGE:MoF										
Mace of Odo.COPY=Mace of Odo (cleric)	OUTPUTNAME:Mace of Odo			CLASSES:Cleric=3																							PREDEITY:1,Helm	
Camouflage (Mass).COPY=Camouflage (Mass/harper))	OUTPUTNAME:Camouflage, Mass			CLASSES:Harper Scout=4																								
Teleport (Mass)	OUTPUTNAME:Teleport, Mass		TYPE:Arcane	CLASSES:Sorcerer,Wizard=7		SCHOOL:Transmutation	SUBSCHOOL:Teleportation		COMPS:V, S	CASTTIME:1 full round	RANGE:Personal and touch	TARGETAREA:touched objects or touched willing creatures weighting up to 100 lb/level		DURATION:Instantaneous	SAVEINFO:See text	SPELLRES:See Text	DESC:Instantly transports you as far as (CASTERLEVEL*100) miles.	SOURCEPAGE:MoF										
Master Air			TYPE:Divine	CLASSES:Druid=2		SCHOOL:Transmutation			COMPS:V, S, F	CASTTIME:1 standard action	RANGE:Personal	TARGETAREA:You		DURATION:1 round/level	SAVEINFO:None	SPELLRES:No	DESC:See text	SOURCEPAGE:MoF										
Master Earth			TYPE:Divine	CLASSES:Druid=7		SCHOOL:Transmutation			COMPS:V, S, F	CASTTIME:1 standard action	RANGE:Personal	TARGETAREA:You		DURATION:Instantaneous	SAVEINFO:None	SPELLRES:No	DESC:See text	SOURCEPAGE:MoF										
#Maw of Chaos																												
Memory Rot			TYPE:Divine	CLASSES:Druid=5		SCHOOL:Evocation			COMPS:V, S	CASTTIME:1 standard action	RANGE:Close	TARGETAREA:One living creature		DURATION:Instantaneous	SAVEINFO:Fort negates	SPELLRES:Yes	DESC:See text	SOURCEPAGE:MoF										
Mestil's Acid Breath			TYPE:Arcane	CLASSES:Sorcerer,Wizard=3		SCHOOL:Conjuration	SUBSCHOOL:Creation	DESCRIPTOR:Acid	COMPS:V, S, M	CASTTIME:1 standard action	RANGE:Close	TARGETAREA:Cone		DURATION:Instantaneous	SAVEINFO:Reflex half	SPELLRES:Yes	DESC:See text	SOURCEPAGE:MoF										
Mestil's Acid Sheath			TYPE:Arcane	CLASSES:Sorcerer,Wizard=5		SCHOOL:Conjuration	SUBSCHOOL:Creation	DESCRIPTOR:Acid	COMPS:V, S, M, F	CASTTIME:1 standard action	RANGE:Personal	TARGETAREA:You		DURATION:1 round/level	SAVEINFO:None	SPELLRES:No	DESC:See text	SOURCEPAGE:MoF										
Disguise (Minor)	OUTPUTNAME:Disguise, Minor		TYPE:Arcane	CLASSES:Bard=0		SCHOOL:Transmutation			COMPS:V, S	CASTTIME:1 standard action	RANGE:Personal	TARGETAREA:You		DURATION:1 hour	SAVEINFO:None	SPELLRES:No	DESC:Changes your appearance.	SOURCEPAGE:MoF									TEMPBONUS:PC|SKILL|Disguise|2|TYPE=Competence	TEMPDESC:Grants Disguise bonus
Monstrous Regeneration			TYPE:Divine	CLASSES:Cleric=5		SCHOOL:Conjuration	SUBSCHOOL:Healing		COMPS:V, S	CASTTIME:1 standard action	RANGE:Touch	TARGETAREA:Living creature touched		DURATION:1 round/2 levels	SAVEINFO:Will half (harmless)	SPELLRES:Yes	DESC:See text	SOURCEPAGE:MoF										
#Murderous Mist																												
Mystic Lash.COPY=Mystic Lash (cleric)	OUTPUTNAME:Mystic Lash			CLASSES:Cleric=3																							PREDEITY:1,Bane	
#Nature's Balance																												
#Naturewatch																												
Net of Shadows			TYPE:Arcane	CLASSES:Sorcerer,Wizard=1		SCHOOL:Illusion	SUBSCHOOL:Shadow	DESCRIPTOR:Darkness	COMPS:V, S	CASTTIME:1 standard action	RANGE:Close	TARGETAREA:Up to one creature/levels, no two of which can be more than 25-ft apart		DURATION:3 rounds	SAVEINFO:Will negates	SPELLRES:Yes	DESC:See text	SOURCEPAGE:MoF										
Nightmare Lullaby			TYPE:Arcane	CLASSES:Bard=2		SCHOOL:Enchantment	SUBSCHOOL:Compulsion	DESCRIPTOR:Mind-Affecting|Sonic	COMPS:V, S	CASTTIME:1 full round	RANGE:Long	TARGETAREA:One creature		DURATION:Concentration + 2 rounds	SAVEINFO:Will negates	SPELLRES:Yes	DESC:See text	SOURCEPAGE:MoF										
Nybor's Wrathful Castigation			TYPE:Arcane	CLASSES:Sorcerer,Wizard=8		SCHOOL:Enchantment	SUBSCHOOL:Compulsion	DESCRIPTOR:Mind-Affecting	COMPS:V, S, F	CASTTIME:1 standard action	RANGE:Close	TARGETAREA:One living creature		DURATION:1 round/level	SAVEINFO:See text	SPELLRES:Yes	DESC:See text	SOURCEPAGE:MoF									PRECLASS:1,Red Wizard=1	
One with the Land			TYPE:Divine	CLASSES:Druid=2|Ranger=2		SCHOOL:Transmutation			COMPS:V, S	CASTTIME:1 standard action	RANGE:Personal	TARGETAREA:You		DURATION:1 hour/level	SAVEINFO:None	SPELLRES:No	DESC:See text	SOURCEPAGE:MoF										
Owl's Insight			TYPE:Divine	CLASSES:Druid=5		SCHOOL:Transmutation			COMPS:V, S	CASTTIME:1 standard action	RANGE:Touch	TARGETAREA:Creature touched		DURATION:1 hour	SAVEINFO:Fort negates (harmless)	SPELLRES:Yes	DESC:See text	SOURCEPAGE:MoF										
#Poison Vines																												
#Prismatic Eye																												
Puppeteer			TYPE:Arcane	CLASSES:Bard=3		SCHOOL:Enchantment	SUBSCHOOL:Compulsion		COMPS:V, S	CASTTIME:1 standard action	RANGE:Medium	TARGETAREA:One creature		DURATION:1 round/level	SAVEINFO:Will negates	SPELLRES:Yes	DESC:See text	SOURCEPAGE:MoF										
Quillfire			TYPE:Divine	CLASSES:Druid=3		SCHOOL:Transmutation			COMPS:V, S	CASTTIME:1 standard action	RANGE:Personal	TARGETAREA:You		DURATION:1 round	SAVEINFO:None	SPELLRES:No	DESC:See text	SOURCEPAGE:MoF										
Ram's Might			TYPE:Divine	CLASSES:Druid=0|Ranger=1		SCHOOL:Transmutation			COMPS:V, S	CASTTIME:1 standard action	RANGE:Personal	TARGETAREA:You		DURATION:1 minute/level	SAVEINFO:None	SPELLRES:No	DESC:See text	SOURCEPAGE:MoF										
Remedy Moderate Wounds			TYPE:Divine	CLASSES:Cleric=3|Druid=2		SCHOOL:Conjuration	SUBSCHOOL:Healing		COMPS:V, S	CASTTIME:1 standard action	RANGE:Touch	TARGETAREA:Living creature touched		DURATION:10 rounds + 1 round/2 levels	SAVEINFO:Will negates (harmless)	SPELLRES:Yes	DESC:See text	SOURCEPAGE:MoF										
Reveille			TYPE:Arcane	CLASSES:Bard=3		SCHOOL:Necromancy		DESCRIPTOR:Language-Dependent|Sonic	COMPS:V, S	CASTTIME:1 full round	RANGE:Touch	TARGETAREA:One recently dead creature		DURATION:1 round/level	SAVEINFO:None	SPELLRES:No	DESC:See text	SOURCEPAGE:MoF										
#Revenance																												
Reverse Arrows			TYPE:Arcane	CLASSES:Sorcerer,Wizard=3		SCHOOL:Abjuration			COMPS:V, S, F	CASTTIME:1 standard action	RANGE:Personal	TARGETAREA:You		DURATION:10 minutes/level or until discharged	SAVEINFO:None	SPELLRES:No	DESC:See text	SOURCEPAGE:MoF										
Righteous Fury			TYPE:Divine	CLASSES:Paladin=3		SCHOOL:Transmutation			COMPS:V, S, DF	CASTTIME:1 standard action	RANGE:Personal	TARGETAREA:You		DURATION:1 round/level	SAVEINFO:None	SPELLRES:No	DESC:See text	SOURCEPAGE:MoF										
Rosemantle.COPY=Rosemantle (cleric)	OUTPUTNAME:Rosemantle			CLASSES:Cleric=1																							PREDEITY:1,Lathander	
Safe Clearing			TYPE:Divine	CLASSES:Ranger=3		SCHOOL:Abjuration			COMPS:V, S	CASTTIME:1 full round	RANGE:Touch	TARGETAREA:30-ft radius spread		DURATION:1 hour/level	SAVEINFO:Will negates (object)	SPELLRES:No	DESC:See text	SOURCEPAGE:MoF										
Scintillating Sphere			TYPE:Arcane	CLASSES:Sorcerer,Wizard=3		SCHOOL:Evocation		DESCRIPTOR:Electricity	COMPS:V, S, M	CASTTIME:1 standard action	RANGE:Medium	TARGETAREA:20-ft radius spread		DURATION:Instantaneous	SAVEINFO:Reflex half	SPELLRES:Yes	DESC:See text	SOURCEPAGE:MoF									PREREGION:1,Halruaa	
Seeking Eternal Rest			TYPE:Divine	CLASSES:Paladin=4		SCHOOL:Conjuration	SUBSCHOOL:Healing		COMPS:V, DF	CASTTIME:1 standard action	RANGE:Personal	TARGETAREA:You		DURATION:10 minutes/level	SAVEINFO:None	SPELLRES:No	DESC:See text	SOURCEPAGE:MoF									PREDEITY:1,Jergal	
Shadow Hand			TYPE:Arcane	CLASSES:Sorcerer,Wizard=5		SCHOOL:Illusion	SUBSCHOOL:Shadow		COMPS:V, S	CASTTIME:1 standard action	RANGE:Close	TARGETAREA:5-ft hand		DURATION:1 round/level	SAVEINFO:None	SPELLRES:Yes	DESC:See text	SOURCEPAGE:MoF										
Shadow Well			TYPE:Arcane	CLASSES:Sorcerer,Wizard=4		SCHOOL:Illusion	SUBSCHOOL:Shadow		COMPS:V, S	CASTTIME:1 standard action	RANGE:Close	TARGETAREA:One creature		DURATION:1 round/level	SAVEINFO:Will negates	SPELLRES:Yes	DESC:See text	SOURCEPAGE:MoF										
Share Husk			TYPE:Divine	CLASSES:Druid=2		SCHOOL:Divination			COMPS:V, S, F	CASTTIME:1 standard action	RANGE:Touch	TARGETAREA:Animal touched		DURATION:Concentration	SAVEINFO:Will negates (harmless)	SPELLRES:Yes	DESC:See text	SOURCEPAGE:MoF										
Shatterfloor			TYPE:Arcane	CLASSES:Sorcerer,Wizard=3		SCHOOL:Evocation		DESCRIPTOR:Sonic	COMPS:V, S, F	CASTTIME:1 standard action	RANGE:Medium	TARGETAREA:15-ft-radius spread		DURATION:Instantaneous	SAVEINFO:Will half	SPELLRES:Yes	DESC:See text	SOURCEPAGE:MoF										
Shelgarn's Persistent Blade			TYPE:Arcane	CLASSES:Sorcerer,Wizard=1		SCHOOL:Evocation		DESCRIPTOR:Force	COMPS:V, S, F	CASTTIME:1 standard action	RANGE:Close	TARGETAREA:One small blade		DURATION:1 round/2 levels	SAVEINFO:None	SPELLRES:Yes	DESC:See text	SOURCEPAGE:MoF										
Shroud of Undeath			TYPE:Arcane	CLASSES:Sorcerer,Wizard=2		SCHOOL:Necromancy			COMPS:V, S, M	CASTTIME:1 standard action	RANGE:Personal	TARGETAREA:You		DURATION:10 minutes/level	SAVEINFO:None	SPELLRES:Yes	DESC:See text	SOURCEPAGE:MoF										
Silent Portal			TYPE:Arcane.Divine	CLASSES:Assassin=1|Sorcerer,Wizard=0		SCHOOL:Illusion			COMPS:S	CASTTIME:1 standard action	RANGE:Close	TARGETAREA:Any single portal		DURATION:1 hour/level	SAVEINFO:Will negates (object)	SPELLRES:Yes	DESC:See text	SOURCEPAGE:MoF										
Silverbeard			TYPE:Divine	CLASSES:Paladin=1		SCHOOL:Transmutation			COMPS:V, DF	CASTTIME:1 standard action	RANGE:Personal	TARGETAREA:Personal		DURATION:1 minute/level	SAVEINFO:None	SPELLRES:No	DESC:See text	SOURCEPAGE:MoF									PREDEITY:1,Clangeddin Silverbeard	
Simbul's Skeletal Deliquescence			TYPE:Arcane	CLASSES:Sorcerer,Wizard=8		SCHOOL:Transmutation			COMPS:V, S	CASTTIME:1 standard action	RANGE:Touch	TARGETAREA:Creature touched		DURATION:1 day/level	SAVEINFO:Fort negates	SPELLRES:Yes	DESC:See text	SOURCEPAGE:MoF										
Simbul's Synostodweomer			TYPE:Arcane	CLASSES:Sorcerer,Wizard=7		SCHOOL:Transmutation			COMPS:V, S	CASTTIME:1 full round	RANGE:Personal	TARGETAREA:One of your spell		DURATION:1 round	SAVEINFO:None	SPELLRES:No	DESC:See text	SOURCEPAGE:MoF										
Skull of Secret.COPY=Skill of Secret (cleric)	OUTPUTNAME:Skull of Secret			CLASSES:Cleric=4																							PREDEITY:1,Cyric	
Smell of Fear			TYPE:Divine	CLASSES:Ranger=1		SCHOOL:Transmutation			COMPS:V, S	CASTTIME:1 standard action	RANGE:Touch	TARGETAREA:Creature touched		DURATION:1 minute/level	SAVEINFO:Will negates	SPELLRES:Yes	DESC:See text	SOURCEPAGE:MoF										
Snakebite			TYPE:Divine	CLASSES:Druid=3|Ranger=4		SCHOOL:Transmutation			COMPS:V, S	CASTTIME:1 standard action	RANGE:Personal	TARGETAREA:You		DURATION:1 round/level	SAVEINFO:See text	SPELLRES:No	DESC:See text	SOURCEPAGE:MoF										
Songbird			TYPE:Arcane	CLASSES:Bard=0		SCHOOL:Transmutation			COMPS:V, S	CASTTIME:1 full round	RANGE:Personal	TARGETAREA:You		DURATION:Performance + 1 hour or until discharged	SAVEINFO:None	SPELLRES:No	DESC:See text	SOURCEPAGE:MoF										
#Spectral Stag																												
#Speechlink																												
Speed Swim			TYPE:Arcane.Divine	CLASSES:Druid=1|Ranger=1|Sorcerer,Wizard=1		SCHOOL:Transmutation			COMPS:V, S, F	CASTTIME:1 standard action	RANGE:Close	TARGETAREA:One creature		DURATION:1 minute/level	SAVEINFO:Will negates (harmless)	SPELLRES:Yes	DESC:See text	SOURCEPAGE:MoF										
Spell Engine			TYPE:Arcane	CLASSES:Sorcerer,Wizard=8		SCHOOL:Abjuration			COMPS:V, S, M, XP	CASTTIME:10 minutes	RANGE:Close	TARGETAREA:5-ft radius magical wheel		DURATION:See text	SAVEINFO:None	SPELLRES:Yes	DESC:See text	SOURCEPAGE:MoF										
Spellmantle.COPY=Spellmantle (cleric)	OUTPUTNAME:Spellmantle			CLASSES:Cleric=6																							PREDEITY:1,Mystra	
Spell Phylactery.COPY=Spell Phylactery (cleric)	OUTPUTNAME:Spell Phylactery			CLASSES:Cleric=5																							PREDEITY:1,Mystra	
Spell Shield.COPY=Spell Shield (cleric)	OUTPUTNAME:Spell Shield			CLASSES:Cleric=2																							PREDEITY:1,Mystra	
Spider Poison			TYPE:Arcane.Divine	CLASSES:Assassin=3|Sorcerer,Wizard=3		SCHOOL:Necromancy			COMPS:V, S, M	CASTTIME:1 standard action	RANGE:Touch	TARGETAREA:Creature touched		DURATION:Instantaneous	SAVEINFO:Fort negates; See text	SPELLRES:Yes	DESC:See text	SOURCEPAGE:MoF										
Spirit Worm			TYPE:Arcane	CLASSES:Sorcerer,Wizard=1		SCHOOL:Necromancy			COMPS:V, S, M	CASTTIME:1 standard action	RANGE:Touch	TARGETAREA:Living creature touched		DURATION:1 round/level	SAVEINFO:Fort partial	SPELLRES:Yes	DESC:See text	SOURCEPAGE:MoF										
Stalking Brand			TYPE:Divine	CLASSES:Ranger=1		SCHOOL:Transmutation			COMPS:V, S	CASTTIME:1 standard action	RANGE:Touch	TARGETAREA:Creature touched		DURATION:1 day/level	SAVEINFO:None	SPELLRES:Yes	DESC:See text	SOURCEPAGE:MoF										
Steeldance			TYPE:Arcane	CLASSES:Sorcerer,Wizard=3		SCHOOL:Evocation			COMPS:V, S, F	CASTTIME:1 standard action	RANGE:Touch	TARGETAREA:Two daggers		DURATION:1 round/level	SAVEINFO:None	SPELLRES:No	DESC:See text	SOURCEPAGE:MoF										
Stone Bones			TYPE:Arcane.Divine	CLASSES:Cleric=2|Sorcerer,Wizard=2		SCHOOL:Transmutation			COMPS:V, S, F	CASTTIME:1 standard action	RANGE:Touch	TARGETAREA:Corporeal undead creature touched		DURATION:10 minutes/level	SAVEINFO:Will negates (harmless)	SPELLRES:Yes	DESC:See text	SOURCEPAGE:MoF										
Stonehold			TYPE:Divine	CLASSES:Druid=6		SCHOOL:Conjuration	SUBSCHOOL:Creation	DESCRIPTOR:Earth	COMPS:V, S	CASTTIME:1 standard action	RANGE:Medium	TARGETAREA:One 10-ft square/level		DURATION:1 day/level	SAVEINFO:See text (object)	SPELLRES:Yes	DESC:See text	SOURCEPAGE:MoF										
Stone Shatter			TYPE:Arcane	CLASSES:Bard=4		SCHOOL:Evocation		DESCRIPTOR:Sonic	COMPS:V, S	CASTTIME:1 standard action	RANGE:Close	TARGETAREA:One stone object		DURATION:Instantaneous	SAVEINFO:See text (object)	SPELLRES:See Text	DESC:See text	SOURCEPAGE:MoF										
Stone Walk.COPY=Stone Walk (cleric)	OUTPUTNAME:Stone Walk			CLASSES:Cleric=6																							PREDEITY:1,Bane	
#Stormrage																												
#Stormtower																												
Strategic Charge			TYPE:Divine	CLASSES:Blackguard=1		SCHOOL:Abjuration			COMPS:V, DF	CASTTIME:1 standard action	RANGE:Personal	TARGETAREA:You		DURATION:1 round/level	SAVEINFO:None	SPELLRES:No	DESC:See text	SOURCEPAGE:MoF										
Strategic Charge.COPY=Strategic Charge (paladin)	OUTPUTNAME:Strategic Charge			CLASSES:Paladin=1																							PREDEITY:1,Red Knight	
Strength of Stone			TYPE:Divine	CLASSES:Paladin=2		SCHOOL:Transmutation			COMPS:V, S, DF	CASTTIME:1 standard action	RANGE:Personal	TARGETAREA:You		DURATION:1 hour/level	SAVEINFO:None	SPELLRES:No	DESC:See text	SOURCEPAGE:MoF									PREDEITY:1,Moradin	
#Summon Undead I																												
#Summon Undead II																												
#Summon Undead III																												
#Summon Undead IV																												
#Summon Undead V																												
Suppress Glyph			TYPE:Divine	CLASSES:Cleric=6		SCHOOL:Transmutation			COMPS:V, S	CASTTIME:1 standard action	RANGE:100 ft.	TARGETAREA:100-ft radius emanation centered on you		DURATION:1 minute/level	SAVEINFO:Will negates (object)	SPELLRES:Yes	DESC:See text	SOURCEPAGE:MoF									PREDEITY:1,Deneir	
Surefoot			TYPE:Divine	CLASSES:Ranger=1		SCHOOL:Abjuration			COMPS:V, S	CASTTIME:1 standard action	RANGE:Personal	TARGETAREA:You		DURATION:10 minutes/level	SAVEINFO:None	SPELLRES:No	DESC:See text	SOURCEPAGE:MoF									TEMPBONUS:PC|SKILL|Balance|10|TYPE=Competence	TEMPDESC:Grants Balance bonus
Death Symbol of Bane			TYPE:Arcane.Divine	CLASSES:Cleric=8|Sorcerer,Wizard=8		SCHOOL:Necromancy		DESCRIPTOR:Death	COMPS:V, S, M	CASTTIME:10 minutes	RANGE:0 ft.; see text	TARGETAREA:One symbol		DURATION:See text	SAVEINFO:Fortitude negates	SPELLRES:Yes	DESC:Triggered rune slays nearby creatures.	SOURCEPAGE:MoF		COST:10000							PREDEITY:1,Bane	
Symbol of Spell Loss			TYPE:Arcane.Divine	CLASSES:Cleric=8|Sorcerer,Wizard=8		SCHOOL:Enchantment	SUBSCHOOL:Compulsion	DESCRIPTOR:Mind-Affecting	COMPS:V, S, M	CASTTIME:10 minutes	RANGE:0 ft.; see text	TARGETAREA:One symbol		DURATION:See text	SAVEINFO:Will negates	SPELLRES:Yes	DESC:Triggered rune slays nearby creatures.	SOURCEPAGE:MoF		COST:10000							PREDEITY:1,Bane	
Tyrumael's Energy Spheres			TYPE:Arcane	CLASSES:Sorcerer,Wizard=4		SCHOOL:Evocation		DESCRIPTOR:Acid|Cold|Electricity|Fire|Sonic	COMPS:V, S, M	CASTTIME:1 standard action	RANGE:Close	TARGETAREA:Five floating spheres		DURATION:1 round/level	SAVEINFO:Reflex half (see text)	SPELLRES:Yes	DESC:See text	SOURCEPAGE:MoF										
#Tortoise Shell																												
Towering Oak			TYPE:Divine	CLASSES:Ranger=1		SCHOOL:Illusion	SUBSCHOOL:Glamer		COMPS:V, S	CASTTIME:1 standard action	RANGE:Personal	TARGETAREA:You		DURATION:3 rounds/level	SAVEINFO:None	SPELLRES:No	DESC:See text	SOURCEPAGE:MoF										
#Transcribe Symbol																												
Translocation Trick			TYPE:Arcane	CLASSES:Sorcerer,Wizard=6		SCHOOL:Transmutation			COMPS:V	CASTTIME:1 standard action	RANGE:Medium	TARGETAREA:You and one other creature		DURATION:10 minutes/level	SAVEINFO:Will negates (see text)	SPELLRES:Yes	DESC:See text	SOURCEPAGE:MoF										
#Undead Bane Weapon																												
Undead Lieutenant			TYPE:Arcane	CLASSES:Sorcerer,Wizard=3		SCHOOL:Necromancy			COMPS:V, S	CASTTIME:1 standard action	RANGE:Close	TARGETAREA:One undead		DURATION:1 minute/level	SAVEINFO:Will negates (harmless)	SPELLRES:Yes	DESC:See text	SOURCEPAGE:MoF										
Undead Torch			TYPE:Arcane	CLASSES:Sorcerer,Wizard=3		SCHOOL:Necromancy			COMPS:V, S, M	CASTTIME:1 standard action	RANGE:Close	TARGETAREA:One corporeal undead		DURATION:1 round/level	SAVEINFO:Will negates (harmless)	SPELLRES:Yes	DESC:See text	SOURCEPAGE:MoF										
Undeath after Death.COPY=Undeath after Death (cleric)	OUTPUTNAME:Undeath after Death			CLASSES:Cleric=7																							PREDEITY:1,Bane	
Undeath's Eternal Foe.COPY=Undeath's Eternal Foe (cleric)	OUTPUTNAME:Undeath's Eternal Foe			CLASSES:Cleric=9																							PREDEITY:1,Lathander	
#Undeath to Death																												
#Understand Device			TYPE:Divine	CLASSES:Cleric=3		SCHOOL:Divination			COMPS:V, S	CASTTIME:1 standard action	RANGE:Personal	TARGETAREA:You		DURATION:1 minute/level	SAVEINFO:None	SPELLRES:No	DESC:See text	SOURCEPAGE:MoF										
Vine Mine			TYPE:Divine	CLASSES:Druid=5		SCHOOL:Conjuration	SUBSCHOOL:Creation		COMPS:V, S, F	CASTTIME:1 standard action	RANGE:Medium	TARGETAREA:Spread of 10-ft radius/level		DURATION:10 minutes/level	SAVEINFO:See text	SPELLRES:Yes	DESC:See text	SOURCEPAGE:MoF										
#Vipergout																												
Vision of Glory			TYPE:Divine	CLASSES:Cleric=1|Paladin=1		SCHOOL:Divination			COMPS:V, S, DF	CASTTIME:1 standard action	RANGE:Touch	TARGETAREA:Creature touched		DURATION:1 minute or until discharged	SAVEINFO:None	SPELLRES:Yes	DESC:See text	SOURCEPAGE:MoF										
Wall of Chaos			TYPE:Arcane.Divine	CLASSES:Cleric=4|Sorcerer,Wizard=4		SCHOOL:Abjuration		DESCRIPTOR:Chaotic	COMPS:V, S, M/DF	CASTTIME:1 standard action	RANGE:Close	TARGETAREA:Wall whose area is up to one 10-ft square/level or a sphere or hemisphere with a radius of up to 5 ft/2 caster level.		DURATION:(CASTERLEVEL*10) minutes	SAVEINFO:Will negates (harmless); See text	SPELLRES:Yes	DESC:See text	SOURCEPAGE:MoF										
Wall of Good			TYPE:Arcane.Divine	CLASSES:Cleric=4|Sorcerer,Wizard=4		SCHOOL:Abjuration		DESCRIPTOR:Good	COMPS:V, S, M/DF	CASTTIME:1 standard action	RANGE:Close	TARGETAREA:Wall whose area is up to one 10-ft square/level or a sphere or hemisphere with a radius of up to 5 ft/2 caster level.		DURATION:(CASTERLEVEL*10) minutes	SAVEINFO:Will negates (harmless); See text	SPELLRES:Yes	DESC:See text	SOURCEPAGE:MoF										
Wall of Evil			TYPE:Arcane.Divine	CLASSES:Cleric=4|Sorcerer,Wizard=4		SCHOOL:Abjuration		DESCRIPTOR:Evil	COMPS:V, S, M/DF	CASTTIME:1 standard action	RANGE:Close	TARGETAREA:Wall whose area is up to one 10-ft square/level or a sphere or hemisphere with a radius of up to 5 ft/2 caster level.		DURATION:(CASTERLEVEL*10) minutes	SAVEINFO:Will negates (harmless); See text	SPELLRES:Yes	DESC:See text	SOURCEPAGE:MoF										
Wall of Law			TYPE:Arcane.Divine	CLASSES:Cleric=4|Sorcerer,Wizard=4		SCHOOL:Abjuration		DESCRIPTOR:Lawful	COMPS:V, S, M/DF	CASTTIME:1 standard action	RANGE:Close	TARGETAREA:Wall whose area is up to one 10-ft square/level or a sphere or hemisphere with a radius of up to 5 ft/2 caster level.		DURATION:(CASTERLEVEL*10) minutes	SAVEINFO:Will negates (harmless); See text	SPELLRES:Yes	DESC:See text	SOURCEPAGE:MoF										
#War Cry																												
Warning Shout			TYPE:Divine	CLASSES:Paladin=1		SCHOOL:Transmutation		DESCRIPTOR:Sonic	COMPS:V	CASTTIME:1 standard action	RANGE:See text	TARGETAREA:See text		DURATION:1 round	SAVEINFO:None	SPELLRES:No	DESC:See text	SOURCEPAGE:MoF									PREDEITY:1,Arvoreen	
#Weapon of Deity																												
Weapon of Impact			TYPE:Arcane.Divine	CLASSES:Bard=3|Cleric=3|Sorcerer,Wizard=3		SCHOOL:Transmutation			COMPS:V, S	CASTTIME:1 standard action	RANGE:Close	TARGETAREA:One weapon or fifty blunt projectiles, all of wich must be in contact with one another at the time of casting.		DURATION:10 minutes/level	SAVEINFO:Will negates (harmless,object)	SPELLRES:Yes	DESC:See text	SOURCEPAGE:MoF										
Wieldskill.COPY=Wieldskill (cleric)	OUTPUTNAME:Wieldskill			CLASSES:Cleric=1																							PREDEITY:1,Gond	
Wind at Back			TYPE:Divine	CLASSES:Druid=4		SCHOOL:Evocation			COMPS:V, S	CASTTIME:1 standard action	RANGE:Medium	TARGETAREA:Two creatures/level,no two of which can be more than 50-ft apart		DURATION:1 day	SAVEINFO:None (harmless)	SPELLRES:Yes	DESC:See text	SOURCEPAGE:MoF										
Wind Tunnel			TYPE:Divine	CLASSES:Druid=5		SCHOOL:Evocation			COMPS:V, S	CASTTIME:1 standard action	RANGE:Close	TARGETAREA:One target/level		DURATION:1 round/level	SAVEINFO:Fort negates (harmless)	SPELLRES:Yes	DESC:See text	SOURCEPAGE:MoF										
Wounding Whispers			TYPE:Arcane	CLASSES:Bard=3		SCHOOL:Abjuration		DESCRIPTOR:Sonic	COMPS:V, S	CASTTIME:1 standard action	RANGE:Personal	TARGETAREA:You		DURATION:1 round/level	SAVEINFO:None	SPELLRES:No	DESC:See text	SOURCEPAGE:MoF										
Zajimarn's Avalanche			TYPE:Arcane	CLASSES:Sorcerer,Wizard=9		SCHOOL:Conjuration	SUBSCHOOL:Creation	DESCRIPTOR:Cold	COMPS:V, S	CASTTIME:1 standard action	RANGE:Long	TARGETAREA:One 10-ft square/level		DURATION:Instantaneous	SAVEINFO:Reflex partial	SPELLRES:Yes	DESC:See text	SOURCEPAGE:MoF										
Zajimarn's Field of Icy Razors			TYPE:Arcane	CLASSES:Sorcerer,Wizard=8		SCHOOL:Evocation		DESCRIPTOR:Cold	COMPS:V, S, F	CASTTIME:1 standard action	RANGE:Medium	TARGETAREA:One 10-ft square/level		DURATION:1 minute/level	SAVEINFO:Reflex partial	SPELLRES:Yes	DESC:See text	SOURCEPAGE:MoF		COST:50								
Zajimarn's Ice Claw Prison			TYPE:Arcane	CLASSES:Sorcerer,Wizard=7		SCHOOL:Evocation		DESCRIPTOR:Cold	COMPS:V, S, F	CASTTIME:1 standard action	RANGE:Medium	TARGETAREA:10-ft ice claw		DURATION:1 round/level	SAVEINFO:None	SPELLRES:Yes	DESC:See text	SOURCEPAGE:MoF										
