SOURCELONG:Magic of Faerun	SOURCESHORT:MoF	SOURCEWEB:http://www.gozzilioni.net																	
																			
###Block								mods	eqmods										
Amber Amulet of Vermin (Giant Bee)			TYPE:Magic.Wondrous.Amulet.Consumable	COST:500	WT:0		SOURCEPAGE:MoF												
Amber Amulet of Vermin (Giant Ant Queen)	OUTPUTNAME:Amber Amulet of Vermin (Giant Ant, Queen)		TYPE:Magic.Wondrous.Amulet.Consumable	COST:700	WT:0		SOURCEPAGE:MoF												
Amber Amulet of Vermin (Giant Pryaing Mantis)			TYPE:Magic.Wondrous.Amulet.Consumable	COST:700	WT:0		SOURCEPAGE:MoF												
Amber Amulet of Vermin (Huge Monstrous Centipede)			TYPE:Magic.Wondrous.Amulet.Consumable	COST:700	WT:0		SOURCEPAGE:MoF												
Amber Amulet of Vermin (Large Monstrous Scorpion)			TYPE:Magic.Wondrous.Amulet.Consumable	COST:700	WT:0		SOURCEPAGE:MoF												
Amber Amulet of Vermin (Large Monstrous Spider)			TYPE:Magic.Wondrous.Amulet.Consumable	COST:700	WT:0		SOURCEPAGE:MoF												
Amber Amulet of Vermin (Giant Wasp)			TYPE:Magic.Wondrous.Amulet.Consumable	COST:800	WT:0		SOURCEPAGE:MoF												
Amber Amulet of Vermin (Giant Stag Beetle)			TYPE:Magic.Wondrous.Amulet.Consumable	COST:1200	WT:0		SOURCEPAGE:MoF												
Amulet of Laeral's tears			TYPE:Magic.Wondrous.Amulet.Consumable	COST:1200	WT:0		SOURCEPAGE:MoF				SPROP:24 temporary HP, then crumbles into dust.								
#Aquamarine of Spell Extending			TYPE:Magic.Wondrous	COST:7200	WT:1		SOURCEPAGE:MoF				SPROP:1/day Extend Spell on any one 6th level spell or lower.								
Armband of Maximized Healing			TYPE:Magic.Wondrous.Bracer	COST:7200	WT:1		SOURCEPAGE:MoF				SPROP:1/day Maximize Spell on any Conjuration (Healing) on any one 6th level spell or lower.								
Arvoreen's Amulet of Aid			TYPE:Magic.Wondrous.Amulet	COST:4320	WT:0		SOURCEPAGE:MoF			EQMOD:CHARGED_ITEM_6|CHARGES[6]	ABILITY:Special Ability|AUTOMATIC|Negative Levels	BONUS:VAR|NegLevels|1|PREALIGN:LE,NE,CE							
Azlaer's Harp			TYPE:Magic.Wondrous.Instrument.String.Resizable	COST:16000	WT:3		SOURCEPAGE:MoF	BASEITEM:Musical Instrument (Harp)	EQMOD:MWORKI		PRESKILL:1,Perform (String Instruments)=1								
Badge od the Svirfneblin			TYPE:Magic.Wondrous.Amulet	COST:17480	WT:0		SOURCEPAGE:MoF				SPROP:+10 circumstance bonus on Hide checks in area of stone.	VISION:Darkvision (60')	SPELLS:Badge od the Svirfneblin|TIMES=1|CASTERLEVEL=3|Blur|Disguise Self						
Bag of Boulders			TYPE:Magic.Wondrous.Container	COST:1200	WT:0		SOURCEPAGE:MoF				CONTAINS:*2|SlingStone=4								
Battle Bridle			TYPE:Magic.Wondrous.Mount	COST:9000	WT:1		SOURCEPAGE:MoF				SPROP:+10 competence bonus on rider's Ride check. Act as if he as Mounted Combat feat or if he already has it, Ride-by-attack feat.								
Beholder Crown			TYPE:Magic.Wondrous.Headgear	COST:22000	WT:1		SOURCEPAGE:MoF												
Belt of Lion			TYPE:Magic.Wondrous.Belt	COST:20000	WT:1		SOURCEPAGE:MoF				SPROP:Speak with Animals with feline. +4 competence bonus on all CHA checks or CHA based skill related to felines.	VISION:Low-Light	BONUS:SKILL|Move Silently,Tumble|10|TYPE=Competence						
Belt of Prieslty Might			TYPE:Magic.Wondrous.Belt	COST:40000	WT:1		SOURCEPAGE:MoF					BONUS:COMBAT|AC|2|TYPE=NaturalArmor	BONUS:STAT|STR|4|TYPE=Enhancement						
Belt of Prieslty Might and Warding			TYPE:Magic.Wondrous.Belt	COST:52800	WT:0		SOURCEPAGE:MoF				SPROP:1/day Magic Circle against Evil/Good	BONUS:COMBAT|AC|2|TYPE=NaturalArmor	BONUS:STAT|STR|4|TYPE=Enhancement						
Belt of Holy Might			TYPE:Magic.Wondrous.Belt	COST:104000	WT:0		SOURCEPAGE:MoF				SPROP:1/day Magic Circle against Evil/Good and 1/day Word of Recall to the temple devoted to the belt's deity.	BONUS:COMBAT|AC|2|TYPE=NaturalArmor	BONUS:STAT|STR|4|TYPE=Enhancement						
Bird Feather Headress			TYPE:Magic.Wondrous.Headgear	COST:2900	WT:0		SOURCEPAGE:MoF			EQMOD:CHARGED_ITEM_6|CHARGES[6]									
Blast Globes			TYPE:Magic.Wondrous.Consumable	COST:8000	WT:1		SOURCEPAGE:MoF				SPROP:explodes								
Bone Bracers of the Death Deity			TYPE:Magic.Wondrous.Bracer	COST:58300	WT:1		SOURCEPAGE:MoF				SPROP:1/day Death Ward, Desecrate, Unholy Blight.	ABILITY:Special Ability|AUTOMATIC|Negative Levels	BONUS:COMBAT|AC|3|TYPE=Armor	BONUS:VAR|NegLevels|1|PREALIGN:LG,NG,CG					
#Book of Blood			TYPE:Magic.Wondrous.Book.Spellbook	COST:21300	WT:3		SOURCEPAGE:MoF			EQMOD:BK_WTR_PRF.BK_FIR_PRF.BK_LOCK_VS	SPROP:1/day summon Yeth Hound, Finger of Death draining 1 hp permanently. Contains 45 spells.	NUMPAGES:45	PAGEUSAGE:1						
Bracers of the Blinding Strike			TYPE:Magic.Wondrous.Bracer	COST:102000	WT:1		SOURCEPAGE:MoF				SPROP:allow an extra attack every round as if using a Speed Weapon	VFEAT:Improved Initiative							
Bracers of Striking			TYPE:Magic.Wondrous.Bracer.Weapon.Melee.Double.Simple.Bludgeoning.Unarmed	COST:1310	WT:0	MODS:YES	SOURCEPAGE:MoF					VFEAT:Improved Unarmed Strike							
Cape of Fire Bath			TYPE:Magic.Wondrous.Cape	COST:6200	WT:1		SOURCEPAGE:MoF				SPROP:constant Endure Elements (Fire)	BONUS:CHECKS|Fortitude,Reflex,Will|2|TYPE=Resistance							
Cape of Winter			TYPE:Magic.Wondrous.Cape	COST:6200	WT:1		SOURCEPAGE:MoF				SPROP:constant Endure Elements (Cold)	BONUS:CHECKS|Fortitude,Reflex,Will|2|TYPE=Resistance							
Cloak of Battle			TYPE:Magic.Wondrous.Cape	COST:22600	WT:1		SOURCEPAGE:MoF					BONUS:COMBAT|AC|4|TYPE=Armor							
Cloak of Blackflame			TYPE:Magic.Wondrous.Cape	COST:11800	WT:1		SOURCEPAGE:MoF			EQMOD:CHARGED_ITEM_14|CHARGES[14]	SPROP:absorb Energy Drain attacks								
Cowl of Warding			TYPE:Magic.Wondrous.Headgear	COST:200800	WT:0		SOURCEPAGE:MoF												
Crystal Sphere of Singing Waters			TYPE:Magic.Wondrous	COST:28300	WT:7		SOURCEPAGE:MoF												
Dove's Harp			TYPE:Magic.Wondrous.Instrument.String.Resizable	COST:45100	WT:3		SOURCEPAGE:MoF	BASEITEM:Musical Instrument (Harp)	EQMOD:MWORKI		PRESKILL:1,Perform (String Instruments)=1								
Dragonskull Talisman			TYPE:Magic.Wondrous.Amulet	COST:4000	WT:1		SOURCEPAGE:MoF				SPROP:Invisibility to Undead for 30 minutes.								
#Dust of Dispersion			TYPE:Magic.Wondrous	COST:2100	WT:0		SOURCEPAGE:MoF												
Enemy Spirit Pouch			TYPE:Magic.Wondrous.Amulet.Container.Resizable	COST:2100	WT:1		SOURCEPAGE:MoF					CONTAINS:UNLIM|Any=UNLIM							
Esheen's Harp			TYPE:Magic.Wondrous.Instrument.String.Resizable	COST:6800	WT:3		SOURCEPAGE:MoF	BASEITEM:Musical Instrument (Harp)	EQMOD:MWORKI		PRESKILL:1,Perform (String Instruments)=1								
Eye of Druuthbane			TYPE:Magic.Wondrous	COST:18000	WT:3		SOURCEPAGE:MoF					BONUS:CHECKS|Will|4|TYPE=Resistance							
Eye of Winking			TYPE:Magic.Wondrous.Amulet	COST:120000	WT:0		SOURCEPAGE:MoF												
Fanged Mask			TYPE:Magic.Wondrous.Eyegear	COST:8302	WT:1		SOURCEPAGE:MoF				SPROP:Bite +1 enhancement/1d4 damage + stun 1 round (Fort DC 13)								
Gauntlet of Fury			TYPE:Magic.Wondrous.Weapon.Melee.Finesseable.Simple.Standard.Bludgeoning.Unarmed.Gauntlet	COST:22000	WT:2		SOURCEPAGE:MoF					BONUS:COMBAT|AC|2|TYPE=Armor	PROFICIENCY:WEAPON|Gauntlet	DAMAGE:1d3	CRITRANGE:1	CRITMULT:x2	EQMOD:STEEL	WIELD:Light	SIZE:M
Gloves of Lightning			TYPE:Magic.Wondrous.Glove	COST:8000	WT:0		SOURCEPAGE:MoF				SPROP:3/day ranged touch 30-ft 1d8+5 electrical damage (+3 to hit if target is wearing metal armor)								
Gloves of the Balanced Hands			TYPE:Magic.Wondrous.Glove	COST:18000	WT:0		SOURCEPAGE:MoF				SPROP:Act as if he has Two Weapon Fighting feat or if he already has it, Improved Two Weapon Fighting feat.								
#Golden Chalice of Lathander			TYPE:Magic.Wondrous	COST:29500	WT:2		SOURCEPAGE:MoF			EQMOD:CHARGED_ITEM_3|CHARGES[3]	SPROP:continual Daylight. Healing Circle 1 charges.								
Golden Chalice of Lathander			TYPE:Magic.Wondrous	COST:29500	WT:2		SOURCEPAGE:MoF			EQMOD:CHARGED_ITEM_3|CHARGES[3]	SPROP:continual Daylight. Cure Light Wounds (Mass) 1 charges.								
Gwaeron's Belt			TYPE:Magic.Wondrous.Belt	COST:60500	WT:1		SOURCEPAGE:MoF				SPROP:1/day can command his weapon to become +1 flaming for 12 rounds.	SPELLS:Gwaeron's Belt|TIMES=1|CASTERLEVEL=12|Wind Walk							
Gwaeron's Boot			TYPE:Magic.Wondrous.Boot	COST:6000	WT:1		SOURCEPAGE:MoF				SPROP:continual Pass without Trace. Leave no scent.								
Hair Shirt of Ilmater			TYPE:Magic.Wondrous.Shirt	COST:17400	WT:0		SOURCEPAGE:MoF					BONUS:STAT|DEX|-3	BONUS:COMBAT|AC|3|TYPE=NaturalArmor	SPELLS:Hair Shirt of Ilmater|TIMES=1|CASTERLEVEL=9|Cure Serious Wounds,16					
Halruaan Skyship			TYPE:Magic.Wondrous.Transportation.Ships.Container	COST:700000	WT:10000		SOURCEPAGE:MoF					CONTAINS:7500|Any=UNLIM							
Hammer of the Weaponsmith			TYPE:Magic.Wondrous.Tools.Artisan.WeaponsmithingTools	COST:2055	WT:8		SOURCEPAGE:MoF	BASEITEM:Artisan's Tools (Weaponsmithing)	EQMOD:MWORKI			BONUS:SKILL|Craft (Weaponsmithing)|2|TYPE=Circumstance|PRETYPE:1,Masterwork	BONUS:SKILL|Craft (Weaponsmithing)|10|TYPE=Circumstance						
Hand of Oakfather			TYPE:Magic.Wondrous.Amulet	COST:41400	WT:1		SOURCEPAGE:MoF					SPROP:Hand of Hoakfather|TIMES=1|CASTERLEVEL=5|Barkskin|Entangle|Goodberry|Plant Growth|Speak with Plants|Tree Shape							
Handharp			TYPE:Magic.Wondrous.Instrument.String.Resizable	COST:25000	WT:1		SOURCEPAGE:MoF	BASEITEM:Musical Instrument (Harp)	EQMOD:MWORKI		PRESKILL:1,Perform (String Instruments)=1								
Harper Pin (Lesser)	OUTPUTNAME:Harper Pin, Lesser		TYPE:Magic.Wondrous.Amulet	COST:8000	WT:0		SOURCEPAGE:MoF												
Harper Pin (Greater)	OUTPUTNAME:Harper Pin, Greater		TYPE:Magic.Wondrous.Amulet	COST:79000	WT:0		SOURCEPAGE:MoF				SPROP:immunity to Magic missiles. Contiinual Nondetection, Resist Element (Electricity), Undetectable alignment.	ABILITY:Special Ability|AUTOMATIC|Resistance To Mind-Affecting	DEFINE:MindAffectingResistanceBonus|5	BONUS:SKILL|Move Silently|-10|PREALIGN:LE,NE,CE					
Headband of Binder			TYPE:Magic.Wondrous.Headgear	COST:2600	WT:0		SOURCEPAGE:MoF					SPELLS:Headband of Binder|TIMES=3|CASTERLEVEL=3|Read Magic	BONUS:VAR|BardicKnowledge|4|TYPE=Sacred						
Heart of the Beast			TYPE:Magic.Wondrous.Food	COST:2000	WT:1		SOURCEPAGE:MoF				SPROP:Divine Power (10th caster level) when eated. +1 bonus to attack if at least +10 base attack bonus.								
Helm of Darkness			TYPE:Magic.Wondrous.Headgear	COST:157000	WT:3		SOURCEPAGE:MoF												
Helm of Gazes			TYPE:Magic.Wondrous.Headgear	COST:33000	WT:3		SOURCEPAGE:MoF												
Ice Neckalce of the Ulutium			TYPE:Magic.Wondrous.Amulet	COST:5000	WT:1		SOURCEPAGE:MoF												
#Musical Instrument (Fochluchan Bandore)																			
#Musical Instrument (Max Fuirmidh Cithern)																			
#Musical Instrument (Doss Lute)																			
#Musical Instrument (Canaith Mandolin)																			
#Musical Instrument (Cli Lyre)																			
#Musical Instrument (Anstruth Harp)																			
#Musical Instrument (Ollamh Harp)																			
Instrument of the Winds			TYPE:Magic.Wondrous.Instrument.String.Resizable	COST:11000	WT:3		SOURCEPAGE:MoF	BASEITEM:Musical Instrument (Lute)	EQMOD:MWORKI		SPROP:Summon Large Air Elemental with a Perform (String Instruments) check DC 15.								
Janthra Harp			TYPE:Magic.Wondrous.Instrument.String.Resizable	COST:12000	WT:3		SOURCEPAGE:MoF	BASEITEM:Musical Instrument (Harp)	EQMOD:MWORKI		PRESKILL:1,Perform (String Instruments)=1								
Joyous Star Song			TYPE:Magic.Wondrous.Scroll	COST:5800	WT:0		SOURCEPAGE:MoF												
Kiira			TYPE:Magic.Wondrous.Headgear.Spellbook	COST:7500	WT:0		SOURCEPAGE:MoF					NUMPAGES:30	PAGEUSAGE:1						
Knife of the Bowyer			TYPE:Magic.Wondrous.Tools.Artisan.BowmakingTools	COST:2055	WT:1		SOURCEPAGE:MoF	BASEITEM:Artisan's Tools (Bowmaking)	EQMOD:MWORKI			BONUS:SKILL|Craft (Bowmaking)|2|TYPE=Circumstance|PRETYPE:1,Masterwork	BONUS:SKILL|Craft (Bowmaking)|10|TYPE=Circumstance						
#Lenses of Darkness																			
Mask of Blood			TYPE:Magic.Wondrous.Eyegear	COST:17000	WT:1		SOURCEPAGE:MoF												
Mierest's Starlit Sphere			TYPE:Magic.Wondrous.LightSource	COST:53000	WT:1		SOURCEPAGE:MoF					QUALITY:Bright Illumination|20 ft.	QUALITY:Shadowy Illumination|40 ft.	QUALITY:Duration|Permanent					
Mirror Mask			TYPE:Magic.Wondrous.Eyegear	COST:8759	WT:1		SOURCEPAGE:MoF					ABILITY:Special Ability|AUTOMATIC|Resistance To Gaze	BONUS:VAR|GazeResistanceBonus|5						
Methild's Harp			TYPE:Magic.Wondrous.Instrument.String.Resizable	COST:4100	WT:3		SOURCEPAGE:MoF	BASEITEM:Musical Instrument (Harp)	EQMOD:MWORKI		PRESKILL:1,Perform (String Instruments)=1								
Mithral Bells			TYPE:Magic.Wondrous.Bracer	COST:3700	WT:1		SOURCEPAGE:MoF			EQMOD:MITHRAL_ITEM									
Monk's Tatoo			TYPE:Magic.Wondrous	COST:80000	WT:0		SOURCEPAGE:MoF					BONUS:UDAM|CLASS.Monk|4	BONUS:VAR|MonkMoveLVL,MonkACLVL|4						
Moon Bracers +1			TYPE:Magic.Wondrous.Bracer	COST:12100	WT:1	SLOTS:2	SOURCEPAGE:MoF					BONUS:COMBAT|AC|1|TYPE=Armor	SPELLS:Moon Bracers|TIMES=1|CASTERLEVEL=7|Dimension Door						
Moon Bracers +2			TYPE:Magic.Wondrous.Bracer	COST:14100	WT:1	SLOTS:2	SOURCEPAGE:MoF					BONUS:COMBAT|AC|2|TYPE=Armor	SPELLS:Moon Bracers|TIMES=1|CASTERLEVEL=7|Dimension Door						
Moon Bracers +3			TYPE:Magic.Wondrous.Bracer	COST:19100	WT:1	SLOTS:2	SOURCEPAGE:MoF					BONUS:COMBAT|AC|3|TYPE=Armor	SPELLS:Moon Bracers|TIMES=1|CASTERLEVEL=7|Dimension Door						
Moon Bracers +4			TYPE:Magic.Wondrous.Bracer	COST:36200	WT:1	SLOTS:2	SOURCEPAGE:MoF					BONUS:COMBAT|AC|4|TYPE=Armor	SPELLS:Moon Bracers|TIMES=1|CASTERLEVEL=7|Dimension Door						
Moon Bracers +5			TYPE:Magic.Wondrous.Bracer	COST:45200	WT:1	SLOTS:2	SOURCEPAGE:MoF					BONUS:COMBAT|AC|5|TYPE=Armor	SPELLS:Moon Bracers|TIMES=1|CASTERLEVEL=7|Dimension Door						
Moon Bracers +6			TYPE:Magic.Wondrous.Bracer	COST:56200	WT:1	SLOTS:2	SOURCEPAGE:MoF					BONUS:COMBAT|AC|6|TYPE=Armor	SPELLS:Moon Bracers|TIMES=1|CASTERLEVEL=7|Dimension Door						
Moon Bracers +7			TYPE:Magic.Wondrous.Bracer	COST:69160	WT:1	SLOTS:2	SOURCEPAGE:MoF					BONUS:COMBAT|AC|7|TYPE=Armor	SPELLS:Moon Bracers|TIMES=1|CASTERLEVEL=7|Dimension Door						
Moon Bracers +8			TYPE:Magic.Wondrous.Bracer	COST:84160	WT:1	SLOTS:2	SOURCEPAGE:MoF					BONUS:COMBAT|AC|8|TYPE=Armor	SPELLS:Moon Bracers|TIMES=1|CASTERLEVEL=7|Dimension Door						
Moon Mote			TYPE:Magic.Wondrous	COST:180	WT:0		SOURCEPAGE:MoF					SPELLS:Moon Mote|TIMES=1|CASTERLEVEL=3|Dancing Lights							
Mooncloak +1			TYPE:Magic.Wondrous.Cape	COST:1000	WT:1		SOURCEPAGE:MoF					BONUS:CHECKS|Fortitude,Reflex,Will|1|TYPE=Resistance	SPELLS:Mooncloak|TIMES=1|CASTERLEVEL=7|Levitate|Water Walk						
Mooncloak +2			TYPE:Magic.Wondrous.Cape	COST:4000	WT:1		SOURCEPAGE:MoF					BONUS:CHECKS|Fortitude,Reflex,Will|2|TYPE=Resistance	SPELLS:Mooncloak|TIMES=1|CASTERLEVEL=7|Levitate|Water Walk						
Mooncloak +3			TYPE:Magic.Wondrous.Cape	COST:9000	WT:1		SOURCEPAGE:MoF					BONUS:CHECKS|Fortitude,Reflex,Will|3|TYPE=Resistance	SPELLS:Mooncloak|TIMES=1|CASTERLEVEL=7|Levitate|Water Walk						
Mooncloak +4			TYPE:Magic.Wondrous.Cape	COST:16000	WT:1		SOURCEPAGE:MoF					BONUS:CHECKS|Fortitude,Reflex,Will|4|TYPE=Resistance	SPELLS:Mooncloak|TIMES=1|CASTERLEVEL=7|Levitate|Water Walk						
Mooncloak +5			TYPE:Magic.Wondrous.Cape	COST:25000	WT:1		SOURCEPAGE:MoF					BONUS:CHECKS|Fortitude,Reflex,Will|5|TYPE=Resistance	SPELLS:Mooncloak|TIMES=1|CASTERLEVEL=7|Levitate|Water Walk						
Moonstone Mask			TYPE:Magic.Wondrous.Eyegear	COST:12000	WT:1		SOURCEPAGE:MoF					VISION:Darkvision (60')	BONUS:SKILL|Listen,Spot|5|TYPE=Circumstance						
Necklace of Acid Pearls			TYPE:Magic.Wondrous.Amulet	COST:10700	WT:1		SOURCEPAGE:MoF			EQMOD:CHARGED_ITEM_7|CHARGES[7]									
Necklace of Copper Dragon Scales			TYPE:Magic.Wondrous.Amulet	COST:570	WT:1		SOURCEPAGE:MoF			EQMOD:CHARGED_ITEM_6|CHARGES[6]	SPROP:Endure Elements (Acid) for 24 ours								
Necklace of Lightning			TYPE:Magic.Wondrous.Amulet	COST:4350	WT:1		SOURCEPAGE:MoF			EQMOD:CHARGED_ITEM_7|CHARGES[7]									
Necklace of Nature's Teeth			TYPE:Magic.Wondrous.Amulet	COST:2900	WT:0		SOURCEPAGE:MoF												
Nithalor's Harp			TYPE:Magic.Wondrous.Instrument.String.Resizable	COST:22300	WT:3		SOURCEPAGE:MoF	BASEITEM:Musical Instrument (Harp)	EQMOD:MWORKI		PRESKILL:1,Perform (String Instruments)=1								
Orb of Holiness			TYPE:Magic.Wondrous	COST:178700	WT:1		SOURCEPAGE:MoF												
Orbakh's Glass Skull			TYPE:Magic.Wondrous.Container	COST:15700	WT:3		SOURCEPAGE:MoF					CONTAINS:1|Liquid=1	SPELLS:Orbakh's Glass Skull|TIMES=3|CASTERLEVEL=7|Disrupt Undead	SPELLS:Orbakh's Glass Skull|TIMES=1|CASTERLEVEL=7|Enervation|Shroud of Undeath					
#Phoenix Helm																			
Phylactery of the Priesthood (Lesser)	OUTPUTNAME:Phylactery of the Priesthood, Lesser		TYPE:Magic.Wondrous.Headgear.Bracer	COST:27200	WT:0		SOURCEPAGE:MoF				SPROP:3/day Maximize Spell up to 3rd level spell. 								
Phylactery of the Priesthood (Greater)	OUTPUTNAME:Phylactery of the Priesthood, Greater		TYPE:Magic.Wondrous.Headgear.Bracer	COST:108000	WT:0		SOURCEPAGE:MoF				SPROP:3/day Maximize Spell up to 6th level spell. 								
Rhingalade's Harp			TYPE:Magic.Wondrous.Instrument.String.Resizable	COST:5400	WT:3		SOURCEPAGE:MoF	BASEITEM:Musical Instrument (Harp)	EQMOD:MWORKI		PRESKILL:1,Perform (String Instruments)=1								
Salve of Minor Spell Resistance			TYPE:Magic.Wondrous.Vial.Consumable	COST:1250	WT:0.5		SOURCEPAGE:MoF												
Scarab of Scintillating Auras			TYPE:Magic.Wondrous.Amulet	COST:45000	WT:0		SOURCEPAGE:MoF												
#Sending Stones																			
Shaundakul's Boots			TYPE:Magic.Wondrous.Boot	COST:6300	WT:1		SOURCEPAGE:MoF					BONUS:MOVEADD|TYPE=Walk|10|TYPE=Enhancement							
Silent Portal Disk			TYPE:Magic.Wondrous	COST:360	WT:0		SOURCEPAGE:MoF					SPELLS:Silent Portal Disk|TIMES=1|CASTERLEVEL=1|Silent Portal							
Skull Plaque			TYPE:Magic.Wondrous.Amulet	COST:9200	WT:2		SOURCEPAGE:MoF				SPROP:Undead suffer -2 penalty on attack rolls against the wearer.	SPELLS:Skull Plaque|TIMES=1|CASTERLEVEL=5|Death Knell|Detect Undead							
Smokepowder			TYPE:Magic.Wondrous.Alchemical.Consumable	COST:25	WT:2		SOURCEPAGE:MoF												
Spice Jar			TYPE:Magic.Wondrous.Jar.Container	COST:5600	WT:1		SOURCEPAGE:MoF					CONTAINS:1|Trade=1							
Sunite Sash			TYPE:Magic.Wondrous.Amulet	COST:19600	WT:1		SOURCEPAGE:MoF					BONUS:STAT|CHA|2|TYPE=Enhancement	BONUS:COMBAT|AC|2|TYPE=Deflection	SPELLS:Sunite Sash|TIMES=1|CASTERLEVEL=6|Handfire					
Tongs of the Armorer			TYPE:Magic.Wondrous.Tools.Artisan.ArmorsmithingTools	COST:2055	WT:5		SOURCEPAGE:MoF	BASEITEM:Artisan's Tools (Armorsmithing)	EQMOD:MWORKI			BONUS:SKILL|Craft (Armorsmithing)|2|TYPE=Circumstance|PRETYPE:1,Masterwork	BONUS:SKILL|Craft (Armorsmithing)|10|TYPE=Circumstance						
Travel Cloak			TYPE:Magic.Wondrous.Cape	COST:1200	WT:1		SOURCEPAGE:MoF												
Troll Gut Rope			TYPE:Magic.Wondrous.General	COST:3000	WT:7		SOURCEPAGE:MoF												
Unicorn Pendant			TYPE:Magic.Wondrous.Amulet	COST:28000	WT:1		SOURCEPAGE:MoF					BONUS:VAR|LayOnHands|2*LayOnHandsLVL							
Valarde's Harp			TYPE:Magic.Wondrous.Instrument.String.Resizable	COST:8500	WT:3		SOURCEPAGE:MoF	BASEITEM:Musical Instrument (Harp)	EQMOD:MWORKI		PRESKILL:1,Perform (String Instruments)=1								
Vestment of Power (Lesser)	OUTPUTNAME:Vestment of Power, Lesser		TYPE:Magic.Wondrous.Vest	COST:88000	WT:0		SOURCEPAGE:MoF				SPROP:continual Protection from Arrows. Automatic Feather Fall.	ABILITY:Special Ability|AUTOMATIC|Resistance To Fire	DEFINE:FireResistanceBonus|15	BONUS:COMBAT|AC|3|TYPE=Deflection	BONUS:CHECKS|Fortitude,Reflex,Will|4|TYPE=Resistance				
Vestment of Power (Greater)	OUTPUTNAME:Vestment of Power, Greater		TYPE:Magic.Wondrous.Vest	COST:200000	WT:0		SOURCEPAGE:MoF				SPROP:continual Protection from Arrows. Automatic Feather Fall.	ABILITY:Special Ability|AUTOMATIC|Resistance To Fire	DEFINE:FireResistanceBonus|15	BONUS:COMBAT|AC|3|TYPE=Deflection	BONUS:CHECKS|Fortitude,Reflex,Will|4|TYPE=Resistance	SPELLS:Vestment of Power|TIMES=ATWILL|CASTERLEVEL=9|Dimension Door|True Seeing			
War Wizard Cloak			TYPE:Magic.Wondrous.Cape	COST:30375	WT:1		SOURCEPAGE:MoF				SPROP:constant Endure Elements (Cold), Darkvision, Feather Fall		SPELLS:War Wizard Cloak|TIMES=1|CASTERLEVEL=9|Dimension Door|Ironguard (Lesser)|Protection from Arrows						
White Cloak of the Spider			TYPE:Magic.Wondrous.Cape	COST:8200	WT:1		SOURCEPAGE:MoF				SPROP:+2 luck bonus against poison from spiders and drow sleep poison.	SPELLS:White Cloak of the Spider|TIMES=ATWILL|CASTERLEVEL=3|Spider Climb	SPELLS:White Cloak of the Spider|TIMES=1|CASTERLEVEL=3|Hold Person						
Wild Shape Amulet			TYPE:Magic.Wondrous.Amulet	COST:40000	WT:0		SOURCEPAGE:MoF					BONUS:VAR|DruidWildShape|4							
Word of Chaos's Power			TYPE:Magic.Wondrous	COST:12000	WT:1		SOURCEPAGE:MoF												
White Skull Mask			TYPE:Magic.Wondrous.Eyegear	COST:50000	WT:1		SOURCEPAGE:MoF				SPROP:+4 morale bonus on saving throw against disease, fear, paralysis	ABILITY:Special Ability|AUTOMATIC|Immunity To Energy Drain							
Wilding Grasp			TYPE:Magic.Wondrous	COST:4000	WT:0		SOURCEPAGE:MoF												
Winged Clasp			TYPE:Magic.Wondrous.Eyegear	COST:13000	WT:1		SOURCEPAGE:MoF					SPELLS:Winged Clasp|TIMES=ATWILL|CASTERLEVEL=5|Fly							
Wings of Pain			TYPE:Magic.Wondrous.Cape	COST:17500	WT:2		SOURCEPAGE:MoF												
Xvim's Green-Eyed Gauntlet			TYPE:Magic.Wondrous.Weapon.Melee.Finesseable.Simple.Standard.Bludgeoning.Unarmed.Gauntlet	COST:11800	WT:2		SOURCEPAGE:MoF					VISION:Darkvision (60')	PROFICIENCY:WEAPON|Gauntlet	DAMAGE:1d3	CRITRANGE:1	CRITMULT:x2	EQMOD:STEEL	WIELD:Light	SIZE:M
Yornar's Crescent			TYPE:Magic.Wondrous	COST:27700	WT:1		SOURCEPAGE:MoF												
