SOURCELONG:Savage Species	SOURCESHORT:SS	SOURCEWEB:http://www.gozzilioni.net								
										
###Block										
#Bag of Boulders		TYPE:Magic.Wondrous.Container	COST:1200			SOURCEPAGE:SS		MODS:NO	CONTAINS:UNLIM|SlingStone=4	
Arms of the Naga		TYPE:Magic.Wondrous.Resizeable	COST:56000	WT:8		SOURCEPAGE:SS			HANDS:2	
Babbling Wheel		TYPE:Magic.Wondrous	COST:2000			SOURCEPAGE:SS				
Circlet of Rest		TYPE:Magic.Wondrous.Headgear	COST:12500			SOURCEPAGE:SS			SPROP:+10 resistance bonus against Nightmare and Dream Casting.	ABILITY:Special Ability|AUTOMATIC|Immunity To Dream
Cloak of Charms		TYPE:Magic.Wondrous.Cape	COST:54000	WT:1		SOURCEPAGE:SS			SPELLS:Cloak of Charms|TIMES=1|CASTERLEVEL=15|Charm Animal,11|Charm Person,11|Command Plants,14	
Cloak of the Quills		TYPE:Magic.Wondrous.Cape	COST:2500	WT:1		SOURCEPAGE:SS				
Musical Instrument (Cloaker Flute)		TYPE:Magic.Wondrous.Tools.Instrument.Wind.Resizable	COST:27225	WT:3		SOURCEPAGE:SS		EQMOD:MWORKI	BONUS:SKILL|Perform (Wind Instruments)|2|TYPE=Circumstance|PRETYPE:1,Masterwork	
Dragon Mask		TYPE:Magic.Wondrous.Eyegear	COST:4400	WT:2		SOURCEPAGE:SS			SPROP:See Invisibility, not subject to a rogue's sneak attack unless the rogue is at least 10th level.	
Fairy Gold		TYPE:Magic.Wondrous	COST:4950	WT:2		SOURCEPAGE:SS				
Fingerbone Neckace		TYPE:Magic.Wondrous.Amulet	COST:7620			SOURCEPAGE:SS			BONUS:SKILL|Handle Animal,Ride|2|TYPE=Competence|PRERACE:1,Goblin	VFEAT:Mounted Combat|PRERACE:1,Goblin
Gazeblind Goggles		TYPE:Magic.Wondrous.Eyegear	COST:6000			SOURCEPAGE:SS			ABILITY:Special Ability|AUTOMATIC|Immunity To Gaze	
Geas Acorn		TYPE:Magic.Wondrous	COST:8400			SOURCEPAGE:SS				
Gloves of Man		TYPE:Magic.Wondrous.Glove	COST:42000			SOURCEPAGE:SS				
Musical Instrument (Grig Fiddle)		TYPE:Magic.Wondrous.Tools.Instrument.String.Resizable	COST:14400	WT:3	SIZE:D	SOURCEPAGE:SS		EQMOD:MWORKI	BONUS:SKILL|Perform (String Instruments)|2|TYPE=Circumstance|PRETYPE:1,Masterwork	SPROP:Will DC 15
Hag Eye		TYPE:Magic.Wondrous.Ring.Amulet	COST:22500			SOURCEPAGE:SS				
Heartstone		TYPE:Magic.Wondrous	COST:1800			SOURCEPAGE:SS			SPROP:cure all disease	BONUS:CHECKS|Fortitude,Reflex,Will|2|TYPE=Resistance
Horseshoes of Flame		TYPE:Magic.Wondrous.Boot	COST:30240	WT:2		SOURCEPAGE:SS			SPROP:3/day transform a horse into a nightmare for 7 hours.	
Liquid Vortex (Flask)		TYPE:Magic.Wondrous.Alchemical.Flask.Consumable	COST:3300			SOURCEPAGE:SS				
Mask of Fangs		TYPE:Magic.Wondrous.Eyegear	COST:30000	WT:2		SOURCEPAGE:SS				
Musical Instrument (Master Fiddle)		TYPE:Magic.Wondrous.Tools.Instrument.String.Resizable	COST:18000	WT:3	SIZE:T	SOURCEPAGE:SS		EQMOD:MWORKI	BONUS:SKILL|Perform (String Instruments)|2|TYPE=Circumstance|PRETYPE:1,Masterwork	SPROP:Will DC 15
Necklace of Natural Weapon		TYPE:Magic.Wondrous.Weapon.Melee.Natural	COST:600			SOURCEPAGE:SS				
Render Bait		TYPE:Magic.Wondrous.Amulet	COST:35640			SOURCEPAGE:SS			SPROP:Will DC 19	
Musical Instrument (Satyr Pipes)		TYPE:Magic.Wondrous.Tools.Instrument.Wind.Resizable	COST:3000	WT:3		SOURCEPAGE:SS	PRESKILL:1,Perform (Wind Instruments)=1		BONUS:SKILL|Perform (Wind Instruments)|2|TYPE=Circumstance|PRETYPE:1,Masterwork	SPROP:Will DC 14
Scentblinder		TYPE:Magic.Wondrous	COST:33000			SOURCEPAGE:SS				
