SOURCELONG:Savage Species	SOURCESHORT:SS	SOURCEWEB:http://www.gozzilioni.net																								
																										
#Assassin Whip	COST:11021																									
#Beast Claws	COST:9610																									
#Blade of the Wind	COST:97510																									
#Brimstone Hammer	COST:45812																									
#Dwarf Crusher	COST:26305																									
#Elf Breaker	COST:263305																									
#Elf Edge	COST:18315																									
#Foe Reaver	COST:18320																									
#Flint Basher	COST:32305																									
#Gauntlet of Gruumsh	COST:24805																									
#Ice Scythe	COST:26318																									
#Orc Razor	COST:17375																									
#Rogue Blade	COST:44320																									
#Serrated Sword	COST:18350																									
#Staff of the Whip	COST:10408																									
#Storm Gauntlet	COST:52360																									
#Sword of the Schemer	COST:32350																									
#Wave Piercer	COST:56315																									
#Whip of Webs	COST:10301																									
																										
# Equipment Name	Output Name		Type	Cost	Weight	Base Quantity	Modifier	Requires Modification?	Source Page	Weapon prop. bonus	Special Property										range	reach	reachmult			
Assassin Whip		PROFICIENCY:WEAPON|Whip	TYPE:Enhancement.Weapon.Exotic.Melee.Specific.Slashing.OneHanded.Reach.Finesseable.Subdual.Whip	COST:1	WT:2	WIELD:OneHanded		SIZE:M	DAMAGE:1d3	CRITRANGE:1	CRITMULT:x2	EQMOD:LEATHER.MWORKW.PLUS1W							SOURCEPAGE:SS	MODS:NO		REACH:15				
Beast Claws		PROFICIENCY:WEAPON|Gauntlet (Spiked)	TYPE:Enhancement.Weapon.Simple.Melee.Specific.Slashing.Light.Finesseable.Unarmed.Gauntlet	COST:.5	WT:1	WIELD:Light		SIZE:M	DAMAGE:1d4	CRITRANGE:1	CRITMULT:x2	EQMOD:STEEL.MWORKW.PLUS1W							SOURCEPAGE:SS	MODS:NO				BONUS:EQM|WEIGHTADD|-1|PREMULT:3,[PREEQUIP:1,TYPE.Armor],[PREEQUIP:1,TYPE.Medium,TYPE.Heavy],[!PREEQUIP:1,Breastplate]	BONUS:WEAPON|DAMAGE,TOHIT|2|TYPE=Enhancement|PREWEAPONPROF:1,TYPE.Natural	
Blade of the Wind		PROFICIENCY:WEAPON|Sword (Short)	TYPE:Enhancement.Weapon.Martial.Melee.Specific.Piercing.Light.Finesseable.Sword	COST:10	WT:2	WIELD:Light		SIZE:M	DAMAGE:1d6	CRITRANGE:2	CRITMULT:x2	EQMOD:STEEL.MWORKW.PLUS2W.DANCE							SOURCEPAGE:SS	MODS:NO				BONUS:STAT|DEX|4|TYPE=Enhancement|PRERACE:1,RACESUBTYPE=Air		
Brimstone Hammer		PROFICIENCY:WEAPON|Warhammer	TYPE:Enhancement.Weapon.Martial.Melee.Specific.Bludgeoning.OneHanded.Hammer	COST:12	WT:5	WIELD:OneHanded		SIZE:M	DAMAGE:1d8	CRITRANGE:1	CRITMULT:x3	EQMOD:STEEL.MWORKW.PLUS2W.UNHLY_M							SOURCEPAGE:SS	MODS:NO				BONUS:VAR|SmiteGood|1|PRERACE:1,Devil%		
Dwarf Crusher		PROFICIENCY:WEAPON|Greatclub	TYPE:Enhancement.Weapon.Martial.Melee.Specific.Bludgeoning.TwoHanded.Club	COST:5	WT:8	WIELD:TwoHanded		SIZE:M	DAMAGE:1d10	CRITRANGE:1	CRITMULT:x2	EQMOD:WOOD.MWORKW.PLUS2W							SOURCEPAGE:SS	MODS:NO						
Elf Breaker		PROFICIENCY:WEAPON|Morningstar	TYPE:Enhancement.Weapon.Simple.Melee.Specific.Bludgeoning.Piercing.OneHanded.Mace	COST:8	WT:6	WIELD:OneHanded		SIZE:M	DAMAGE:1d8	CRITRANGE:1	CRITMULT:x2	EQMOD:STEEL.MWORKW.PLUS1W							SOURCEPAGE:SS	MODS:NO				BONUS:WEAPON|DAMAGE,TOHIT|2|TYPE=Enhancement|PRERACE:1,RACESUBTYPE=Goblinoid		
Elf Edge		PROFICIENCY:WEAPON|Longsword	TYPE:Enhancement.Weapon.Melee.Martial.Specific.Slashing.Sword	COST:15	WT:4	WIELD:OneHanded		SIZE:M	DAMAGE:1d8	CRITRANGE:2	CRITMULT:x2	EQMOD:STEEL.MWORKW.PLUS1W							SOURCEPAGE:SS	MODS:NO				BONUS:STAT|DEX|4|TYPE=Enhancement|PRERACE:1,RACESUBTYPE=Elf		
Foe Reaver		PROFICIENCY:WEAPON|Greataxe	TYPE:Enhancement.Weapon.Martial.Melee.Specific.Slashing.TwoHanded.Axe	COST:20	WT:12	WIELD:TwoHanded		SIZE:M	DAMAGE:1d12	CRITRANGE:1	CRITMULT:x3	EQMOD:STEEL.MWORKW.PLUS1W							SOURCEPAGE:SS	MODS:NO				ABILITY:Special Ability|AUTOMATIC|Resistance To Fire|PRERACE:1,Giant (Frost)	BONUS:VAR|FireResistanceBonus|20|PRERACE:1,Giant (Frost)	
Fishgutter		PROFICIENCY:WEAPON|Scimitar	TYPE:Enhancement.Weapon.Martial.Melee.Specific.Slashing.OneHanded.Sword	COST:15	WT:4	WIELD:OneHanded		SIZE:M	DAMAGE:1d6	CRITRANGE:3	CRITMULT:x2	EQMOD:STEEL.MWORKW.PLUS2W							SOURCEPAGE:SS	MODS:NO				SPROP:constant Freedom of Movement		
Flint Basher		PROFICIENCY:WEAPON|Greatclub	TYPE:Enhancement.Weapon.Martial.Melee.Specific.Bludgeoning.TwoHanded.Club	COST:5	WT:8	WIELD:TwoHanded		SIZE:M	DAMAGE:1d10	CRITRANGE:1	CRITMULT:x2	EQMOD:WOOD.MWORKW.PLUS2W							SOURCEPAGE:SS	MODS:NO				SPELLS:Flint Basher|TIMES=1|CASTERLEVEL=5|Stone Shape	BONUS:STAT|CON|4|TYPE=Enhancement|PRERACE:1,RACESUBTYPE=Earth	
Gauntlet of Gruumsh		PROFICIENCY:WEAPON|Gauntlet	TYPE:Enhancement.Weapon.Simple.Melee.Specific.Bludgeoning.Light.Finesseable.Unarmed.Gauntlet	COST:8	WT:5	WIELD:Light		SIZE:M	DAMAGE:0	CRITRANGE:1	CRITMULT:x2	EQMOD:STEEL.MWORKW.PLUS1W							SOURCEPAGE:SS	MODS:NO				SPROP:touch attack blinds (Fort DC 14)		
Ice Scythe		PROFICIENCY:WEAPON|Scythe	TYPE:Enhancement.Weapon.Martial.Melee.Specific.Piercing.Slashing.TwoHanded.Scythe	COST:18	WT:10	WIELD:TwoHanded		SIZE:M	DAMAGE:2d4	CRITRANGE:1	CRITMULT:x4	EQMOD:STEEL.MWORKW.PLUS1W.FROST_M							SOURCEPAGE:SS	MODS:NO				SPROP:Slow opponents as spell on a succesfull critical hits (Will DC 14)|PRERACE:1,RACESUBTYPE=Cold		
Orc Razor		PROFICIENCY:WEAPON|Falchion	TYPE:enhancement.Weapon.Martial.Melee.Specific.Slashing.TwoHanded.Sword	COST:75	WT:8	WIELD:TwoHanded		SIZE:M	DAMAGE:2d4	CRITRANGE:3	CRITMULT:x2	EQMOD:STEEL							SOURCEPAGE:SS	MODS:NO				BONUS:STAT|DEX|2|TYPE=Enhancement|PRERACE:1,RACESUBTYPE=Orc	BONUS:STAT|CON|2|TYPE=Enhancement|PRERACE:1,RACESUBTYPE=Orc	
Rogue Blade		PROFICIENCY:WEAPON|Rapier	TYPE:Enhancement.Weapon.Martial.Melee.Specific.Piercing.OneHanded.Finesseable.Sword	COST:20	WT:2	WIELD:OneHanded		SIZE:M	DAMAGE:1d6	CRITRANGE:3	CRITMULT:x2	EQMOD:STEEL.MWORKW.PLUS2W							SOURCEPAGE:SS	MODS:NO				SPROP:Blink		
Rusting Club		PROFICIENCY:WEAPON|Greatclub	TYPE:Enhancement.Weapon.Martial.Melee.Specific.Bludgeoning.TwoHanded.Club	COST:5	WT:8	WIELD:TwoHanded		SIZE:M	DAMAGE:1d10	CRITRANGE:1	CRITMULT:x2	EQMOD:WOOD.MWORKW.PLUS1W							SOURCEPAGE:SS	MODS:NO				SPELLS:Rusting Club|TIMES=3|CASTERLEVEL=7|Rusting Grasp,16		
Serrated Sword		PROFICIENCY:WEAPON|Greatsword	TYPE:Enhancement.Weapon.Martial.Melee.Specific.Slashing.TwoHanded.Sword	COST:50	WT:8	WIELD:TwoHanded		SIZE:M	DAMAGE:2d6	CRITRANGE:2	CRITMULT:x2	EQMOD:STEEL.MWORKW.PLUS1W							SOURCEPAGE:SS	MODS:NO				ABILITY:Special Ability|AUTOMATIC|Resistance To Cold|PRERACE:1,Giant (Fire)	BONUS:VAR|ColdResistanceBonus|20|PRERACE:1,Giant (Fire)	
Skyspear		PROFICIENCY:WEAPON|Longspear	TYPE:Enhancement.Weapon.Simple.Melee.Specific.Piercing.TwoHanded.Reach.Spear	COST:5	WT:9	WIELD:TwoHanded		SIZE:M	DAMAGE:1d8	CRITRANGE:1	CRITMULT:x3	EQMOD:WOOD.MWORKW.PLUS2W.HOLY_M							SOURCEPAGE:SS	MODS:NO			REACHMULT:2	BONUS:VAR|SmiteEvil|1|PRERACE:1,Angel%		
Staff of the Whip		PROFICIENCY:WEAPON|Pincerstaff	TYPE:Enhancement.Weapon.Simple.Melee.Specific.Bludgeoning.TwoHanded.Staff	COST:8	WT:8	WIELD:TwoHanded		SIZE:L	DAMAGE:1d4	CRITRANGE:1	CRITMULT:x2	EQMOD:WOOD.MWORKW.PLUS1W							SOURCEPAGE:SS	MODS:NO				SPROP:1d8+6 electrical damage to a creature already grappled by the Staff of the Whip|PRERACE:1,Kuo-Toa		
Storm Gauntlet		PROFICIENCY:WEAPON|Gauntlet (Spiked)	TYPE:Enhancement.Weapon.Simple.Melee.Specific.Piercing.Light.Finesseable.Unarmed.Gauntlet	COST:5	WT:1	WIELD:Light		SIZE:M	DAMAGE:1d4	CRITRANGE:1	CRITMULT:x2	EQMOD:STEEL.MWORKW.PLUS1W.CHARGED_ITEM_50							SOURCEPAGE:SS	MODS:NO				BONUS:EQM|WEIGHTADD|-1|PREMULT:3,[PREEQUIP:1,TYPE.Armor],[PREEQUIP:1,TYPE.Medium,TYPE.Heavy],[!PREEQUIP:1,Breastplate]	ABILITY:Special Ability|AUTOMATIC|Resistance To Electricity	BONUS:VAR|ElectricityResistanceBonus|20
Sword of the Schemer		PROFICIENCY:WEAPON|Greatsword	TYPE:Enhancement.Weapon.Melee.Martial.Specific.Slashing.TwoHanded.Sword	COST:50	WT:8	WIELD:TwoHanded		SIZE:M	DAMAGE:2d6	CRITRANGE:2	CRITMULT:x2	EQMOD:STEEL.MWORKW.PLUS2W							SOURCEPAGE:SS	MODS:NO				BONUS:STAT|INT|4|TYPE=Enhancement	BONUS:STAT|WIS|2|TYPE=Enhancement	BONUS:STAT|CHA|2|TYPE=Enhancement
Wave Piercer		PROFICIENCY:WEAPON|Trident	TYPE:enhancement.Weapon.Martial.Melee.Ranged.Specific.Piercing.OneHanded.Thrown.Trident	COST:15	WT:4	WIELD:OneHanded		SIZE:M	DAMAGE:1d8	CRITRANGE:1	CRITMULT:x2	EQMOD:STEEL.MWORKW.PLUS2W							SOURCEPAGE:SS	MODS:NO	RANGE:10			SPROP:constant Freedom of Movement|PRERACE:1,RACESUBTYPE=Aquatic		
Whip of Webs		PROFICIENCY:WEAPON|Whip	TYPE:Enhancement.Weapon.Exotic.Melee.Specific.Slashing.OneHanded.Reach.Finesseable.Subdual.Whip	COST:1	WT:2	WIELD:OneHanded		SIZE:M	DAMAGE:1d3	CRITRANGE:1	CRITMULT:x2	EQMOD:LEATHER.MWORKW.PLUS2W							SOURCEPAGE:SS	MODS:NO		REACH:15				