SOURCELONG:Complete Divine	SOURCESHORT:CD	SOURCEWEB:http://www.gozzilioni.net																															
																																	
###Block: Proficiencies																																	
# Ability Name	Category of Ability	Type	Visible	Special ABility					Define					Bonus					Stackable?	Multiple?	Choose	select										Source Page	
Acid Resistance	CATEGORY:Special Ability	TYPE:FavoredSoulEnergyResistance	VISIBLE:YES		KEY:Favored Soul ~ Acid Resistance									BONUS:VAR|AcidResistanceBonus|FavoredSoulResistanceBonus									ABILITY:Special Ability|AUTOMATIC|Resistance To Acid									SOURCEPAGE:CD	
Cold Resistance	CATEGORY:Special Ability	TYPE:FavoredSoulEnergyResistance	VISIBLE:YES		KEY:Favored Soul ~ Cold Resistance									BONUS:VAR|ColdResistanceBonus|FavoredSoulResistanceBonus									ABILITY:Special Ability|AUTOMATIC|Resistance To Cold									SOURCEPAGE:CD	
Electricity Resistance	CATEGORY:Special Ability	TYPE:FavoredSoulEnergyResistance	VISIBLE:YES		KEY:Favored Soul ~ Electricity Resistance									BONUS:VAR|ElectricityResistanceBonus|FavoredSoulResistanceBonus									ABILITY:Special Ability|AUTOMATIC|Resistance To Electricity									SOURCEPAGE:CD	
Fire Resistance	CATEGORY:Special Ability	TYPE:FavoredSoulEnergyResistance	VISIBLE:YES		KEY:Favored Soul ~ Fire Resistance									BONUS:VAR|FireResistanceBonus|FavoredSoulResistanceBonus									ABILITY:Special Ability|AUTOMATIC|Resistance To Fire									SOURCEPAGE:CD	
Sonic Resistance	CATEGORY:Special Ability	TYPE:FavoredSoulEnergyResistance	VISIBLE:YES		KEY:Favored Soul ~ Sonic Resistance									BONUS:VAR|SonicResistanceBonus|FavoredSoulResistanceBonus									ABILITY:Special Ability|AUTOMATIC|Resistance To Sonic									SOURCEPAGE:CD	
Damage Reduction	CATEGORY:Special Ability	TYPE:ClassAbility.FavoredSoulDamageReduction	VISIBLE:YES	DESC:DR Silver/10	KEY:Favored Soul ~ Silver Damage Reduction			PREALIGN:LG,LN,LE,NG,TN,NE						BONUS:DR|FavoredSoulDR|Silver									DR:0/Silver									SOURCEPAGE:CD	
Damage Reduction	CATEGORY:Special Ability	TYPE:ClassAbility.FavoredSoulDamageReduction	VISIBLE:YES	DESC:DR Cold Iron/10	KEY:Favored Soul ~ Cold Iron Damage Reduction			PREALIGN:CG,CN,CE,NG,TN,NE						BONUS:DR|FavoredSoulDR|Cold Iron									DR:0/Cold Iron									SOURCEPAGE:CD	
Sense Elements	CATEGORY:Special Ability	TYPE:ClassAbility.SpellLike.SpecialQuality	VISIBLE:YES																													SOURCEPAGE:CD	
Spirit Shaman Guide	CATEGORY:Special Ability	TYPE:Internal	VISIBLE:NO	BONUS:ABILITYPOOL|Spirit Guide|1	AUTO:FEAT|Alertness																											SOURCEPAGE:CD	
Spirit Shaman Spirits	CATEGORY:Special Ability	TYPE:Internal	VISIBLE:NO	DESC:Treat all Incorporeal undeads, feys, elementals, creatures in astral forms, creatures with astral bodies, creatures with Spirit subtype, spirit folk, telthors and spirit creature created by spells such Dream Sight or Wood Wose as Spirits for purpose af Shaman abilities.																												SOURCEPAGE:CD	
Spirit Shaman Spirit Form	CATEGORY:Special Ability	TYPE:Internal	VISIBLE:NO						DEFINE:SpiritFormLVL|0					BONUS:VAR|SpiritFormTimes|1	BONUS:VAR|SpiritFormTimes|1|PREVARGTEQ:SpiritFormLVL,15	BONUS:VAR|SpiritFormTimes|1|PREVARGTEQ:SpiritFormLVL,20																SOURCEPAGE:CD	
Spirit Shaman Recall Spirit	CATEGORY:Special Ability	TYPE:Internal	VISIBLE:NO											BONUS:VAR|RecallSpiritTimes|1																		SOURCEPAGE:CD	
Spirit Shaman Spirit Journey	CATEGORY:Special Ability	TYPE:Internal	VISIBLE:NO											BONUS:VAR|SpiritJourneyTimes|1																		SOURCEPAGE:CD	
Black Flame Zealot Fateful Stride	CATEGORY:Special Ability	TYPE:Internal	VISIBLE:NO											BONUS:VAR|FatefulStrideTimes|1																		SOURCEPAGE:CD	
Black Flame Zealot Sacred Flame	CATEGORY:Special Ability	TYPE:Internal	VISIBLE:NO											BONUS:VAR|SacredBFlameTimes|1																		SOURCEPAGE:CD	
Blighter Blightfire	CATEGORY:Special Ability	TYPE:Internal	VISIBLE:NO						DEFINE:BlighterBlightfireLVL|0					BONUS:VAR|BlightfireDC|BlighterBlightfireLVL																		SOURCEPAGE:CD	
Blighter Undead Wild Shape	CATEGORY:Special Ability	TYPE:Internal	VISIBLE:NO						DEFINE:BlighterUndeadWildShape|0					BONUS:VAR|UndeadWildShapeDuration|BlighterUndeadWildShape																		SOURCEPAGE:CD	
Blighter Undead Wild Shape Times	CATEGORY:Special Ability	TYPE:Internal	VISIBLE:NO											BONUS:VAR|UndeadWildShapeTimes|1|PREVARGTEQ:UndeadWildShape,3	BONUS:VAR|UndeadWildShapeTimes|1|PREVARGTEQ:UndeadWildShape,4	BONUS:VAR|UndeadWildShapeTimes|1|PREVARGTEQ:UndeadWildShape,6	BONUS:VAR|UndeadWildShapeTimes|1|PREVARGTEQ:UndeadWildShape,8	BONUS:VAR|UndeadWildShapeTimes|1|PREVARGTEQ:UndeadWildShape,10														SOURCEPAGE:CD	
Blighter Undead Wild Shape Progression	CATEGORY:Special Ability	TYPE:Internal	VISIBLE:NO											BONUS:VAR|UndeadWildShapeProgression|1|PREVARGTEQ:BlighterUndeadWildShape,3	BONUS:VAR|UndeadWildShapeProgression|1|PREVARGTEQ:BlighterUndeadWildShape,5	BONUS:VAR|UndeadWildShapeProgression|1|PREVARGTEQ:BlighterUndeadWildShape,9																SOURCEPAGE:CD	
Blighter Speak with Dead Animals	CATEGORY:Special Ability	TYPE:Internal	VISIBLE:NO											BONUS:VAR|SpeakDeadAnimalTimes|1																		SOURCEPAGE:CD	
Blighter Contagious Touch	CATEGORY:Special Ability	TYPE:Internal	VISIBLE:NO						DEFINE:BlighterContagiousTouchLVL|0					BONUS:VAR|ContagiousTouchTimes|(BlighterContagiousTouchLVL-3)/2																		SOURCEPAGE:CD	
Blighter Unbond	CATEGORY:Special Ability	TYPE:Internal	VISIBLE:NO											BONUS:VAR|UnbondTimes|1																		SOURCEPAGE:CD	
Blighter Plague	CATEGORY:Special Ability	TYPE:Internal	VISIBLE:NO											BONUS:VAR|PlagueTimes|1																		SOURCEPAGE:CD	
Church Inquisitor Discern Lies	CATEGORY:Special Ability	TYPE:Internal	VISIBLE:NO											BONUS:VAR|DiscernLiesTimes|3																		SOURCEPAGE:CD	
Consecrated Harrier Blessing of the Scripture	CATEGORY:Special Ability	TYPE:Internal	VISIBLE:NO						DEFINE:ConsecratedHarrierBlessingLVL|0					BONUS:VAR|BlessingScriptureBonus|2+((ConsecratedHarrierBlessingLVL/5)*2)																		SOURCEPAGE:CD	
Consecrated Harrier Sanctified Sight	CATEGORY:Special Ability	TYPE:Internal	VISIBLE:NO											BONUS:VAR|SanctifiedSightBonus|4																		SOURCEPAGE:CD	
Consecrated Harrier Dispel Magic	CATEGORY:Special Ability	TYPE:Internal	VISIBLE:NO											BONUS:VAR|DispelMagicTimes|max(WIS,1)																		SOURCEPAGE:CD	
Consecrated Harrier False Vision	CATEGORY:Special Ability	TYPE:Internal	VISIBLE:NO											BONUS:VAR|FalseVisionTimes|max(WIS,1)																		SOURCEPAGE:CD	
Contemplative Divine Wholeness	CATEGORY:Special Ability	TYPE:Internal	VISIBLE:NO						DEFINE:DivineWholenessLVL|0					BONUS:VAR|DivineWholeness|DivineWholenessLVL*4																		SOURCEPAGE:CD	
Contemplative Divine Soul	CATEGORY:Special Ability	TYPE:Internal	VISIBLE:NO						DEFINE:ContemplativeDivineSoulLVL|0					SR:15+ContemplativeDivineSoulLVL																		SOURCEPAGE:CD	
Divine Crusader Perfect Self	CATEGORY:Special Ability	TYPE:ClassAbility.Extraordinary.SpecialQuality	VISIBLE:NO	OUTPUTNAME:Perfect Self																			TEMPLATE:Divine Crusader Outsider									SOURCEPAGE:CD	
Divine Oracle Scry Bonus	CATEGORY:Special Ability	TYPE:Internal	VISIBLE:NO											BONUS:VAR|ScryBonus|1																		SOURCEPAGE:CD	
Divine Oracle Trap Sense	CATEGORY:Special Ability	TYPE:Internal	VISIBLE:NO						DEFINE:DivineOracleTrapSenseLVL|0					BONUS:VAR|TrapSenseBonus|(DivineOracleTrapSenseLVL+1)/3																		SOURCEPAGE:CD	
Entropomancer Shard of Entropy	CATEGORY:Special Ability	TYPE:Internal	VISIBLE:NO						DEFINE:ShardOfEntropyLVL|0					BONUS:VAR|ShardOfEntropyPower|1	BONUS:VAR|ShardOfEntropyPower|1|PREVARGTEQ:ShardOfEntropyLVL,10	BONUS:VAR|ShardOfEntropyTimes|2	BONUS:VAR|ShardOfEntropyDamage|1+(((ShardOfEntropyLVL+3)/4)*2)															SOURCEPAGE:CD	
Entropomancer Entropic Shield	CATEGORY:Special Ability	TYPE:Internal	VISIBLE:NO						DEFINE:EntropicFieldLVL|0					BONUS:VAR|EntropicFieldTimes|2	BONUS:VAR|EntropicFieldDuration|EntropicFieldLVL	BONUS:VAR|EntropicFieldRadius|5*EntropicFieldLVL	BONUS:VAR|EntropicFieldPower|1|PREVARGTEQ:EntropicFieldLVL,5	BONUS:VAR|EntropicFieldPower|1|PREVARGTEQ:EntropicFieldLVL,7														SOURCEPAGE:CD	
Evangelist Great Oratory	CATEGORY:Special Ability	TYPE:Internal	VISIBLE:NO						DEFINE:GreatOratoryLVL|0					BONUS:VAR|BardicMusicLvl|GreatOratoryLVL																		SOURCEPAGE:CD	
Geomancer Spell Versatility	CATEGORY:Special Ability	TYPE:Internal	VISIBLE:NO						DEFINE:GeomancerSpellVersatilityLVL|0					BONUS:VAR|SpellVersatility|GeomancerSpellVersatilityLVL-1																		SOURCEPAGE:CD	
Holy Liberator Smite Evil	CATEGORY:Special Ability	TYPE:Internal	VISIBLE:NO						DEFINE:HolyLiberatorSmiteEvilLVL|0					BONUS:VAR|SmiteEvil|HolyLiberatorSmiteEvilLVL/5+1																		SOURCEPAGE:CD	
Holy Liberator Break Enchantment	CATEGORY:Special Ability	TYPE:Internal	VISIBLE:NO						DEFINE:HolyLiberatorBreakEnchantmentLVL|0					BONUS:VAR|BreakEnchantmentTimes|HolyLiberatorBreakEnchantmentLVL/4																		SOURCEPAGE:CD	
Hospitaler Remove Disease	CATEGORY:Special Ability	TYPE:Internal	VISIBLE:NO						DEFINE:HospitalerRemoveDiseaseLVL|0					BONUS:VAR|RemoveDisease|(HospitalerRemoveDiseaseLVL+1)/4																		SOURCEPAGE:CD	
Pious Templar Smite Evil	CATEGORY:Special Ability	TYPE:Internal	VISIBLE:NO						DEFINE:PiousTemplarSmiteEvilLVL|0					BONUS:VAR|SmiteEvil|(PiousTemplarSmiteEvilLVL+2)/4																		SOURCEPAGE:CD	
Pious Templar DR	CATEGORY:Special Ability	TYPE:Internal	VISIBLE:NO						DEFINE:PiousTemplarDRLVL|0	DEFINE:PiousTemplarDR|0				BONUS:VAR|PiousTemplarDR|(PiousTemplarDRLVL+1)/4									DR:0/-	BONUS:DR|-|PiousTemplarDR								SOURCEPAGE:CD	
Pious Templar Level Advanced Feat Tracker	CATEGORY:Special Ability	TYPE:Internal	VISIBLE:NO						DEFINE:PiousTemplarLVL|0					BONUS:VAR|WeaponSpecQualifyLVL|PiousTemplarLVL																		SOURCEPAGE:CD	
Pious Templar Weapon Specialization Qualify	CATEGORY:Special Ability	TYPE:Internal	VISIBLE:NO						DEFINE:WeapSpecQualify|0	DEFINE:WeaponSpecQualifyLVL|0				BONUS:VAR|WeapSpecQualify|1|PREVARGTEQ:WeaponSpecQualifyLVL,3																		SOURCEPAGE:CD	
Radiant Servant Turn Undead	CATEGORY:Special Ability	TYPE:Internal	VISIBLE:NO						DEFINE:RspTurnUndeadLVL|0					BONUS:VAR|TurnLevelBase|RspTurnUndeadLVL	BONUS:VAR|TurnDamagePlusBase|RspTurnUndeadLVL																	SOURCEPAGE:CD	
Radiant Servant Empower Healing	CATEGORY:Special Ability	TYPE:Internal	VISIBLE:NO						DEFINE:RadiantServantEmpowerHealingLVL|0					BONUS:VAR|EmpowerHealingLevel|(RadiantServantEmpowerHealingLVL+2)/4																		SOURCEPAGE:CD	
Radiant Servant Positive Energy Burst	CATEGORY:Special Ability	TYPE:Internal	VISIBLE:NO	DESC:2 turning attempts					DEFINE:RspPositiveBurstLVL|0					BONUS:VAR|PositiveEnergyBurstDC|RspPositiveBurstLVL|TYPE=LevelBurst.REPLACE	BONUS:VAR|PositiveEnergyDie|RspPositiveBurstLVL|TYPE=LevelBurst.STACK																	SOURCEPAGE:CD	
Rainbow Servant Couatl Wings	CATEGORY:Special Ability	TYPE:Internal	VISIBLE:NO						DEFINE:RainbowServantCouatlWingsLVL|0					BONUS:VAR|CouatlWingsDuration|RainbowServantCouatlWingsLVL																		SOURCEPAGE:CD	
Sacred Exorcist Turning	CATEGORY:Special Ability	TYPE:Internal	VISIBLE:NO						DEFINE:AllowExtraTurning|1	DEFINE:AllowImprovedTurning|1				BONUS:VAR|TurnTimesBase|3+CHA|TYPE=Base	BONUS:VAR|TurnCheckBase|CHA|TYPE=Base																	SOURCEPAGE:CD	
Sacred Exorcist Chosen Foe	CATEGORY:Special Ability	TYPE:Internal	VISIBLE:NO						DEFINE:SacredExorcistChosenFoeLVL|0					BONUS:VAR|ChosenFoes|1	BONUS:VAR|ChosenFBonuses|SacredExorcistChosenFoeLVL/3																	SOURCEPAGE:CD	
Sacred Exorcist Dispel Evil	CATEGORY:Special Ability	TYPE:Internal	VISIBLE:NO						DEFINE:SacredExorcistDispelEvilLVL|0					BONUS:VAR|DispelEvilTimes|(SacredExorcistDispelEvilLVL-1)/3																		SOURCEPAGE:CD	
Sacred Exorcist Holy Aura	CATEGORY:Special Ability	TYPE:Internal	VISIBLE:NO											BONUS:VAR|HolyAuraTimes|1																		SOURCEPAGE:CD	
Sacred Fist AC	CATEGORY:Special Ability	TYPE:Internal	VISIBLE:NO	OUTPUTNAME:AC Bonus					DEFINE:SacredFistAC|0	DEFINE:SacredFistACLVL|0				BONUS:VAR|SacredFistAC|((SacredFistACLVL)/5)+1	BONUS:COMBAT|AC|SacredFistAC|PREVAREQ:ENCUMBERANCE,0,var("COUNT[EQTYPE.ARMOR.EQUIPPED]"),0																	SOURCEPAGE:CD	
Sacred Fist Unarmed Damage	CATEGORY:Special Ability	TYPE:Internal	VISIBLE:NO						DEFINE:SacredFistUnarmedLVL|0					BONUS:UDAM|CLASS.Monk|SacredFistUnarmedLVL																		SOURCEPAGE:CD	
Sacred Fist Movement	CATEGORY:Special Ability	TYPE:Internal	VISIBLE:NO	OUTPUTNAME:Fast Movement					DEFINE:SacredFistMoveLVL|0	DEFINE:SacredFistMoveBonus|0				BONUS:VAR|SacredFistMoveBonus|10*(floor(SacredFistMoveLVL)/3)	BONUS:MOVEADD|TYPE=Walk|SacredFistMoveBonus|PREVAREQ:ENCUMBERANCE,0,var("COUNT[EQTYPE.ARMOR.EQUIPPED]"),0																	SOURCEPAGE:CD	
Sacred Fist Sacred Flames	CATEGORY:Special Ability	TYPE:Internal	VISIBLE:NO						DEFINE:SacredFistFlameLVL|0					BONUS:VAR|SacredFlamesTimes|SacredFistFlameLVL/4	BONUS:VAR|SacredFlamesDamage|SacredFistFlameLVL																	SOURCEPAGE:CD	
Seeker Arcane Sight	CATEGORY:Special Ability	TYPE:Internal	VISIBLE:NO						DEFINE:SeekerArcaneSightLVL|0					BONUS:VAR|ArcaneSightPerDay|3	BONUS:VAR|ArcaneSightLVL|SeekerArcaneSightLVL																	SOURCEPAGE:CD	
Seeker Discern Location	CATEGORY:Special Ability	TYPE:Internal	VISIBLE:NO						DEFINE:SeekerDiscernLocationLVL|0					BONUS:VAR|DiscernLocationPerDay|1	BONUS:VAR|DiscernLocationLVL|SeekerDiscernLocationLVL																	SOURCEPAGE:CD	
Shining Blade Shock Blade	CATEGORY:Special Ability	TYPE:Internal	VISIBLE:NO						DEFINE:ShiningShockBladeLVL|0					BONUS:VAR|ShockBladeTimes|2	BONUS:VAR|ShockBladeDuration|ShiningShockBladeLVL																	SOURCEPAGE:CD	
Stormlord Enhanced Javelin	CATEGORY:Special Ability	TYPE:Internal	VISIBLE:NO						DEFINE:StormlordEnhancedJavelinLVL|0					BONUS:VAR|EnhancedJavelinBonus|1|PREVARGTEQ:StormlordEnhancedJavelinLVL,1	BONUS:VAR|EnhancedJavelinBonus|1|PREVARGTEQ:StormlordEnhancedJavelinLVL,6	BONUS:VAR|EnhancedJavelinBonus|1|PREVARGTEQ:StormlordEnhancedJavelinLVL,10																SOURCEPAGE:CD	
Stormlord Storm of Elemental Fury	CATEGORY:Special Ability	TYPE:Internal	VISIBLE:NO											BONUS:VAR|StormElementalFuryPerDay|1																		SOURCEPAGE:CD	
Temple Raider Trap Sense	CATEGORY:Special Ability	TYPE:Internal	VISIBLE:NO						DEFINE:TempleRaiderTrapSenseLVL|0					BONUS:VAR|TrapSenseBonus|(TempleRaiderTrapSenseLVL+2)/3																		SOURCEPAGE:CD	
Temple Raider Sneak Attack	CATEGORY:Special Ability	TYPE:Internal	VISIBLE:NO						DEFINE:TempleRaiderSneakAttackLVL|0					BONUS:VAR|SneakAttackDice|(TempleRaiderSneakAttackLVL+1)/3																		SOURCEPAGE:CD	
Ur-Priest Turning	CATEGORY:Special Ability	TYPE:Internal	VISIBLE:NO						DEFINE:AllowExtraTurning|1	DEFINE:AllowImprovedTurning|1				BONUS:VAR|TurnTimesBase|3+CHA|TYPE=Base	BONUS:VAR|TurnCheckBase|CHA|TYPE=Base																	SOURCEPAGE:CD	
Void Disciple Sense the Void	CATEGORY:Special Ability	TYPE:Internal	VISIBLE:NO						DEFINE:VoidDiscipleSenseTheVoidLVL|0					BONUS:VAR|SenseVoidTimes|(VoidDiscipleSenseTheVoidLVL+1)/2	BONUS:VAR|SenseVoidPower|(VoidDiscipleSenseTheVoidLVL+3)/4																	SOURCEPAGE:CD	
Void Disciple Moment of Clarity	CATEGORY:Special Ability	TYPE:Internal	VISIBLE:NO						DEFINE:VoidDisipleMomentOfClarityLVL|0					BONUS:VAR|MomentOfClarityTimes|(VoidDisipleMomentOfClarityLVL/4)+1																		SOURCEPAGE:CD	
Void Disciple Void Release	CATEGORY:Special Ability	TYPE:Internal	VISIBLE:NO						DEFINE:VoidDiscipleReleaseLVL|0					BONUS:VAR|VoidReleaseTimes|3	BONUS:VAR|VoidReleaseDuration|VoidDiscipleReleaseLVL																	SOURCEPAGE:CD	
Void Disciple Void Suppression	CATEGORY:Special Ability	TYPE:Internal	VISIBLE:NO						DEFINE:VoidDiscipleSuppressionLVL|0					BONUS:VAR|VoidSuppressionTimes|1	BONUS:VAR|VoidSuppressionDuration|5																	SOURCEPAGE:CD	
Warpriest Turn Undead	CATEGORY:Special Ability	TYPE:Internal	VISIBLE:NO						DEFINE:WrpTurnUndeadLVL|0					BONUS:VAR|TurnLevelBase|WrpTurnUndeadLVL	BONUS:VAR|TurnDamagePlusBase|WrpTurnUndeadLVL																	SOURCEPAGE:CD	
Warpriest Inflame	CATEGORY:Special Ability	TYPE:Internal	VISIBLE:NO						DEFINE:WarpriestInflameLVL|0					BONUS:VAR|InflameBonus|2*(WarpriestInflameLVL/2)																		SOURCEPAGE:CD	
Warpriest Fear Aura	CATEGORY:Special Ability	TYPE:Internal	VISIBLE:NO						DEFINE:WarpriestFearAuraLVL|0					BONUS:VAR|FearAuraTimes|1	BONUS:VAR|FearAuraDuration|WarpriestFearAuraLVL	BONUS:VAR|FearAuraDC|WarpriestFearAuraLVL																SOURCEPAGE:CD	
#																															SOURCEPAGE:CD		
Armor of the Fallen Leaves Ability	CATEGORY:Special Ability	TYPE:Internal	VISIBLE:NO	DESC:Gaseous Form up to 30 minutes/day										BONUS:SPELLCAST|CLASS=Cleric;LEVEL=6|-1|!PREMULT:2,[PREFEAT:1,True Believer],[PRELEVEL:MIN=11]																		SOURCEPAGE:CD	
Raptor Arrow Ability	CATEGORY:Special Ability	TYPE:Internal	VISIBLE:NO	DESC:Special Returning										BONUS:SPELLCAST|CLASS=Cleric;LEVEL=6|-1|!PREMULT:2,[PREFEAT:1,True Believer],[PRELEVEL:MIN=11]																		SOURCEPAGE:CD	
Axe of Ancestral Virtue Ability	CATEGORY:Special Ability	TYPE:Internal	VISIBLE:NO	DESC:Intelligent Weapon										BONUS:SPELLCAST|CLASS=Cleric;LEVEL=7|-1|!PREMULT:2,[PREFEAT:1,True Believer],[PRELEVEL:MIN=11]																		SOURCEPAGE:CD	
Belt of the Champion Ability	CATEGORY:Special Ability	TYPE:Internal	VISIBLE:NO	DESC:+6 bonus on Strength Check										BONUS:SPELLCAST|CLASS=Cleric;LEVEL=5|-1|!PREMULT:2,[PREFEAT:1,True Believer],[PRELEVEL:MIN=9]	BONUS:COMBAT|TOHIT.GRAPPLE|4																	SOURCEPAGE:CD	
Boot of the Unending Journey Ability	CATEGORY:Special Ability	TYPE:Internal	VISIBLE:NO	ABILITY:Special Ability|VIRTUAL|Immunity to Exhaustion|Immunity to Fatigue										BONUS:SPELLCAST|CLASS=Cleric;LEVEL=6|-1|!PREMULT:2,[PREFEAT:1,True Believer],[PRELEVEL:MIN=11]																		SOURCEPAGE:CD	
Bow of Winterwood Ability	CATEGORY:Special Ability	TYPE:Internal	VISIBLE:NO											BONUS:SPELLCAST|CLASS=Cleric;LEVEL=7|-1|!PREMULT:2,[PREFEAT:1,True Believer],[PRELEVEL:MIN=13]																		SOURCEPAGE:CD	
Censer of the Last Breath Ability	CATEGORY:Special Ability	TYPE:Internal	VISIBLE:NO											BONUS:SPELLCAST|CLASS=Cleric;LEVEL=8|-1|!PREMULT:2,[PREFEAT:1,True Believer],[PRELEVEL:MIN=15]																		SOURCEPAGE:CD	
Chain of Obeisance Ability	CATEGORY:Special Ability	TYPE:Internal	VISIBLE:NO	DESC:Grapple creatures of any size. If pinned Dominate Monster (Will DC 22)										BONUS:SPELLCAST|CLASS=Cleric;LEVEL=7|-1|!PREMULT:2,[PREFEAT:1,True Believer],[PRELEVEL:MIN=13]																		SOURCEPAGE:CD	
Chromatic Rod Ability	CATEGORY:Special Ability	TYPE:Internal	VISIBLE:NO	DESC:Spell-like abilities										BONUS:SPELLCAST|CLASS=Cleric;LEVEL=7|-1|!PREMULT:2,[PREFEAT:1,True Believer],[PRELEVEL:MIN=13]																		SOURCEPAGE:CD	
Dragonscale Cloak Ability	CATEGORY:Special Ability	TYPE:Internal	VISIBLE:NO											BONUS:SPELLCAST|CLASS=Cleric;LEVEL=8|-1|!PREMULT:2,[PREFEAT:1,True Believer],[PRELEVEL:MIN=15]	BONUS:VAR|AcidResistanceBonus,ColdResistanceBonus,FireResistanceBonus,ElectricityResistanceBonus|10																	SOURCEPAGE:CD	
Cornucopia of the Needful Ability	CATEGORY:Special Ability	TYPE:Internal	VISIBLE:NO	DESC:fruits with various effects										BONUS:SPELLCAST|CLASS=Cleric;LEVEL=6|-1|!PREMULT:2,[PREFEAT:1,True Believer],[PRELEVEL:MIN=11]																		SOURCEPAGE:CD	
Cudgel that Never Forgets Ability	CATEGORY:Special Ability	TYPE:Internal	VISIBLE:NO	DESC:Intelligent Weapon, Retributive damage (+2 to hit, +2d6 damage)										BONUS:SPELLCAST|CLASS=Cleric;LEVEL=7|-1|!PREMULT:2,[PREFEAT:1,True Believer],[PRELEVEL:MIN=13]																		SOURCEPAGE:CD	
Dagger of Denial Ability	CATEGORY:Special Ability	TYPE:Internal	VISIBLE:NO	DESC:Intelligent Weapon										BONUS:SPELLCAST|CLASS=Cleric;LEVEL=8|-1|!PREMULT:2,[PREFEAT:1,True Believer],[PRELEVEL:MIN=15]																		SOURCEPAGE:CD	
Dawnstar Ability	CATEGORY:Special Ability	TYPE:Internal	VISIBLE:NO											BONUS:SPELLCAST|CLASS=Cleric;LEVEL=7|-1|!PREMULT:2,[PREFEAT:1,True Believer],[PRELEVEL:MIN=13]																		SOURCEPAGE:CD	
Ehlonna's Seed Pouch Ability	CATEGORY:Special Ability	TYPE:Internal	VISIBLE:NO	DESC:Each day refill Acorns with various effects.										BONUS:SPELLCAST|CLASS=Cleric;LEVEL=8|-1|!PREMULT:2,[PREFEAT:1,True Believer],[PRELEVEL:MIN=15]																		SOURCEPAGE:CD	AUTO:EQUIP|Acorn (6)
Enveloping Pit Ability	CATEGORY:Special Ability	TYPE:Internal	VISIBLE:NO	DESC:Reflex DC 22										BONUS:SPELLCAST|CLASS=Cleric;LEVEL=6|-1|!PREMULT:2,[PREFEAT:1,True Believer],[PRELEVEL:MIN=11]																		SOURCEPAGE:CD	
Executioner's Hood Ability	CATEGORY:Special Ability	TYPE:Internal	VISIBLE:NO	DESC:Coup-de-grace as standard action.										BONUS:SPELLCAST|CLASS=Cleric;LEVEL=6|-1|!PREMULT:2,[PREFEAT:1,True Believer],[PRELEVEL:MIN=11]																		SOURCEPAGE:CD	
Gauntlet of the Blood Lord Ability	CATEGORY:Special Ability	TYPE:Internal	VISIBLE:NO	DESC:+4 bonus on Touch attack. Maximize touch spells.										BONUS:SPELLCAST|CLASS=Cleric;LEVEL=6|-1|!PREMULT:2,[PREFEAT:1,True Believer],[PRELEVEL:MIN=11]	BONUS:COMBAT|TOHIT.Unarmed|4																	SOURCEPAGE:CD	
Gauntlet of the Talon Ability	CATEGORY:Special Ability	TYPE:Internal	VISIBLE:NO	DESC:as Monk's Belt, cumulative										BONUS:SPELLCAST|CLASS=Cleric;LEVEL=6|-1|!PREMULT:2,[PREFEAT:1,True Believer],[PRELEVEL:MIN=11]	BONUS:COMBAT|TOHIT.Unarmed|4			BONUS:COMBAT|AC|1+max(0,WIS)|PREVAREQ:ENCUMBERANCE,0,var("COUNT[EQTYPE.ARMOR.EQUIPPED]"),0|PREVAREQ:MonkACLVL,0	BONUS:UDAM|CLASS.Monk|5	BONUS:VAR|MonkACLVL|5	BONUS:VAR|StunningFistAttack|1	BONUS:WEAPONPROF=Unarmed Strike|DAMAGESIZE|3|PREVAREQ:MonkACLVL,0										SOURCEPAGE:CD	
Gem of Glitterdepth Ability	CATEGORY:Special Ability	TYPE:Internal	VISIBLE:NO											BONUS:SPELLCAST|CLASS=Cleric;LEVEL=5|-1|!PREMULT:2,[PREFEAT:1,True Believer],[PRELEVEL:MIN=9]	BONUS:STAT|WIS|6|TYPE=Enhancement																	SOURCEPAGE:CD	
Helm of Platinum Ability	CATEGORY:Special Ability	TYPE:Internal	VISIBLE:NO	ABILITY:Special Ability|VIRTUAL|Frightful Presence	VISION:Blindsense (60')									BONUS:SPELLCAST|CLASS=Cleric;LEVEL=8|-1|!PREMULT:2,[PREFEAT:1,True Believer],[PRELEVEL:MIN=15]	BONUS:VAR|FrightfulPresRange|150																	SOURCEPAGE:CD	
Helm of the Purple Plume Ability	CATEGORY:Special Ability	TYPE:Internal	VISIBLE:NO	ABILITY:Special Ability|VIRTUAL|Immunity To Fear	SAB:Heroism when affected by fear effects									BONUS:SPELLCAST|CLASS=Cleric;LEVEL=5|-1|!PREMULT:2,[PREFEAT:1,True Believer],[PRELEVEL:MIN=9]	BONUS:STAT|CHA|2																	SOURCEPAGE:CD	
Hooked Hammer of the Heartfire Ability	CATEGORY:Special Ability	TYPE:Internal	VISIBLE:NO	DESC:+2 enhancement bonus and on a critical hit deals +%1d10 additional fire damage|CRITMULT-1|PRERACE:1,RACESUBTYPE=Gnome										BONUS:SPELLCAST|CLASS=Cleric;LEVEL=7|-1|!PREMULT:2,[PREFEAT:1,True Believer],[PRELEVEL:MIN=13]																		SOURCEPAGE:CD	
Map of Unseen Lands Ability	CATEGORY:Special Ability	TYPE:Internal	VISIBLE:NO											BONUS:SPELLCAST|CLASS=Cleric;LEVEL=5|-1|!PREMULT:2,[PREFEAT:1,True Believer],[PRELEVEL:MIN=9]																		SOURCEPAGE:CD	
Millennial Chainmail Ability	CATEGORY:Special Ability	TYPE:Internal	VISIBLE:NO											BONUS:SPELLCAST|CLASS=Cleric;LEVEL=4|-1|!PREMULT:2,[PREFEAT:1,True Believer],[PRELEVEL:MIN=7]	BONUS:VAR|FastHealing|3																	SOURCEPAGE:CD	
Morningstar of the Many Ability	CATEGORY:Special Ability	TYPE:Internal	VISIBLE:NO	DESC:Varying weapon qualities										BONUS:SPELLCAST|CLASS=Cleric;LEVEL=5|-1|!PREMULT:2,[PREFEAT:1,True Believer],[PRELEVEL:MIN=9]																		SOURCEPAGE:CD	
Pipes of Frenzied Revelry Ability	CATEGORY:Special Ability	TYPE:Internal	VISIBLE:NO											BONUS:SPELLCAST|CLASS=Cleric;LEVEL=5|-1|!PREMULT:2,[PREFEAT:1,True Believer],[PRELEVEL:MIN=9]																		SOURCEPAGE:CD	
Rapier of Desperate Measures Ability	CATEGORY:Special Ability	TYPE:Internal	VISIBLE:NO	DESC:+2 enhancement bonus when half-hitpoints, +1 cumulative enhancement bonus when one-quarter hit points and Vicious.										BONUS:SPELLCAST|CLASS=Cleric;LEVEL=6|-1|!PREMULT:2,[PREFEAT:1,True Believer],[PRELEVEL:MIN=11]																		SOURCEPAGE:CD	
Rapier of Unerring Direction Ability	CATEGORY:Special Ability	TYPE:Internal	VISIBLE:NO	DESC:ignore all miss chance (concealment, blink or other sources).										BONUS:SPELLCAST|CLASS=Cleric;LEVEL=7|-1|!PREMULT:2,[PREFEAT:1,True Believer],[PRELEVEL:MIN=13]																		SOURCEPAGE:CD	
Robe of Ebonsilk Ability	CATEGORY:Special Ability	TYPE:Internal	VISIBLE:NO	DESC:Continual Spiderclimb and Freedom of Movement effects.										BONUS:SPELLCAST|CLASS=Cleric;LEVEL=8|-1|!PREMULT:2,[PREFEAT:1,True Believer],[PRELEVEL:MIN=15]	BONUS:COMBAT|AC|8|TYPE=Armor	BONUS:CHECKS|Fortitude,Reflex,Will|4|TYPE=Resistance																SOURCEPAGE:CD	
Rod of Reversal Ability	CATEGORY:Special Ability	TYPE:Internal	VISIBLE:NO	DESC:on command, automatically reflects the next 9 level of spells.										BONUS:SPELLCAST|CLASS=Cleric;LEVEL=8|-1|!PREMULT:2,[PREFEAT:1,True Believer],[PRELEVEL:MIN=15]									VFEAT:Improved Counterspell									SOURCEPAGE:CD	
Rod of Recluse Ability	CATEGORY:Special Ability	TYPE:Internal	VISIBLE:NO	DESC:Poison on succesful touch attack (2d6 STR damage, drain if critical) Fort DC 20										BONUS:SPELLCAST|CLASS=Cleric;LEVEL=6|-1|!PREMULT:2,[PREFEAT:1,True Believer],[PRELEVEL:MIN=11]																		SOURCEPAGE:CD	
Ruby Blade Ability	CATEGORY:Special Ability	TYPE:Internal	VISIBLE:NO	DESC:continual Status effects. +4 level on rebuke/command undead										BONUS:SPELLCAST|CLASS=Cleric;LEVEL=6|-1|!PREMULT:2,[PREFEAT:1,True Believer],[PRELEVEL:MIN=11]	BONUS:VAR|TurnLevelUndead|4	BONUS:VAR|TurnDamagePlusUndead|4																SOURCEPAGE:CD	
Scrolls of Uncertain Power Ability	CATEGORY:Special Ability	TYPE:Internal	VISIBLE:NO											BONUS:SPELLCAST|CLASS=Cleric;LEVEL=8|-1|!PREMULT:2,[PREFEAT:1,True Believer],[PRELEVEL:MIN=15]																		SOURCEPAGE:CD	
Shard of the Sun Ability	CATEGORY:Special Ability	TYPE:Internal	VISIBLE:NO	DESC:Heightened Daylight. 3/day 4 beam of light (each beam deals 10d6 to undead, 5d6 to construct, 5d8 other and 10d8 to vulnerable to sunlight)										BONUS:SPELLCAST|CLASS=Cleric;LEVEL=8|-1|!PREMULT:2,[PREFEAT:1,True Believer],[PRELEVEL:MIN=15]																		SOURCEPAGE:CD	
Shield of the Resolute Ability	CATEGORY:Special Ability	TYPE:Internal	VISIBLE:NO	ABILITY:Special Ability|VIRTUAL|Gaze	SAB:Gaze vs Goblinoid and Giants (Will CD 17 or shaken or frightned)									BONUS:SPELLCAST|CLASS=Cleric;LEVEL=6|-1|!PREMULT:2,[PREFEAT:1,True Believer],[PRELEVEL:MIN=11]																		SOURCEPAGE:CD	
Shield of the Severed Hand Ability	CATEGORY:Special Ability	TYPE:Internal	VISIBLE:NO	DESC:Free bull-.rush  attempt and +4 bonus once per round when the shield is struck against a foe.										BONUS:SPELLCAST|CLASS=Cleric;LEVEL=4|-1|!PREMULT:2,[PREFEAT:1,True Believer],[PRELEVEL:MIN=7]																		SOURCEPAGE:CD	
Skewer of Gnomes Ability	CATEGORY:Special Ability	TYPE:Internal	VISIBLE:NO	DESC:ready itself against a charge as free action.										BONUS:SPELLCAST|CLASS=Cleric;LEVEL=7|-1|!PREMULT:2,[PREFEAT:1,True Believer],[PRELEVEL:MIN=13]																		SOURCEPAGE:CD	
Spear of Retribution Ability	CATEGORY:Special Ability	TYPE:Internal	VISIBLE:NO	DESC:Retributive damage (+2 to hit or +3 Keen)										BONUS:SPELLCAST|CLASS=Cleric;LEVEL=5|-1|!PREMULT:2,[PREFEAT:1,True Believer],[PRELEVEL:MIN=9]																		SOURCEPAGE:CD	
Staff of the Unyelding Oak Ability	CATEGORY:Special Ability	TYPE:Internal	VISIBLE:NO	DESC:Changestaff.										BONUS:SPELLCAST|CLASS=Cleric;LEVEL=8|-1|!PREMULT:2,[PREFEAT:1,True Believer],[PRELEVEL:MIN=15]																		SOURCEPAGE:CD	
Sword of Mighty Thews Ability	CATEGORY:Special Ability	TYPE:Internal	VISIBLE:NO	ABILITY:Special Ability|VIRTUAL|Immunity To Frightful Presence	SAB:+4 luck bonus on Reflex saves against Dragon's Breath									BONUS:SPELLCAST|CLASS=Cleric;LEVEL=6|-1|!PREMULT:2,[PREFEAT:1,True Believer],[PRELEVEL:MIN=11]																		SOURCEPAGE:CD	
Sword of Virtue Beyond Reproach Ability	CATEGORY:Special Ability	TYPE:Internal	VISIBLE:NO	DESC:charms or compulsion are suppressed for 1d4 rounds (after a failed saves)										BONUS:SPELLCAST|CLASS=Cleric;LEVEL=8|-1|!PREMULT:2,[PREFEAT:1,True Believer],[PRELEVEL:MIN=15]																		SOURCEPAGE:CD	
Tabard of the Disembodied Ability	CATEGORY:Special Ability	TYPE:Internal	VISIBLE:NO	DESC:Ethereal Jaunt 10 rounds a day.										BONUS:SPELLCAST|CLASS=Cleric;LEVEL=7|-1|!PREMULT:2,[PREFEAT:1,True Believer],[PRELEVEL:MIN=13]																		SOURCEPAGE:CD	
Tabard of the Great Crusade Ability	CATEGORY:Special Ability	TYPE:Internal	VISIBLE:NO	DESC:+2 morale bonus on all saving throw in 20' radius. Once a day Heal another.										BONUS:SPELLCAST|CLASS=Cleric;LEVEL=8|-1|!PREMULT:2,[PREFEAT:1,True Believer],[PRELEVEL:MIN=15]									DR:5/Evil									SOURCEPAGE:CD	
Tome of Ancient Lore Ability	CATEGORY:Special Ability	TYPE:Internal	VISIBLE:NO	DESC:90%% chance to find any spell every day. 										BONUS:SPELLCAST|CLASS=Cleric;LEVEL=5|-1|!PREMULT:2,[PREFEAT:1,True Believer],[PRELEVEL:MIN=9]																		SOURCEPAGE:CD	
Tome of the Stilled Tongue Ability	CATEGORY:Special Ability	TYPE:Internal	VISIBLE:NO											BONUS:SPELLCAST|CLASS=Cleric;LEVEL=7|-1|!PREMULT:2,[PREFEAT:1,True Believer],[PRELEVEL:MIN=13]																		SOURCEPAGE:CD	
