SOURCELONG:Complete Divine	SOURCESHORT:CD	SOURCEWEB:http://www.gozzilioni.net														
																
#Rod of Reversal	COST:132000															
#Rod of Recluse	COST:33600															
																
###Block																
Rod of Reversal		TYPE:Magic.Rod.Relic	COST:132000	WT:5.00	BASEITEM:Rod	SOURCEPAGE:CD	PREDEITY:1,Boccob	MODS:NO	ABILITY:Special Ability|VIRTUAL|Rod of Reversal Ability							
Rod of Recluse		TYPE:Magic.Rod.Relic.Enhancement.Weapon.Melee.Finesseable.Simple.Specific.Bludgeoning.Mace	COST:33600	WT:5.00	BASEITEM:Rod	SOURCEPAGE:CD	PREDEITY:1,Lolth	MODS:NO	ABILITY:Special Ability|VIRTUAL|Rod of Recluse Ability	PROFICIENCY:WEAPON|Mace (Light)	CRITMULT:x2	CRITRANGE:1		EQMOD:STEEL.PLUS3W	WIELD:Light	SIZE:M
																
#Staff																
Staff (the Beatific/Lesser)	OUTPUTNAME:Staff of [NAME]	TYPE:Magic.Staff	COST:28266	WT:5.00	BASEITEM:Staff	SOURCEPAGE:CD	EQMOD:CHARGED_ITEM_50|CHARGES[50]									
Staff (the Beatific/Greater)	OUTPUTNAME:Staff of [NAME]	TYPE:Magic.Staff	COST:78750	WT:5.00	BASEITEM:Staff	SOURCEPAGE:CD	EQMOD:CHARGED_ITEM_50|CHARGES[50]									
Staff (Building)	OUTPUTNAME:Staff of [NAME]	TYPE:Magic.Staff	COST:38156	WT:5.00	BASEITEM:Staff	SOURCEPAGE:CD	EQMOD:CHARGED_ITEM_50|CHARGES[50]									
Staff (the Diabolical/Lesser)	OUTPUTNAME:Staff of [NAME]	TYPE:Magic.Staff	COST:28266	WT:5.00	BASEITEM:Staff	SOURCEPAGE:CD	EQMOD:CHARGED_ITEM_50|CHARGES[50]									
Staff (the Diabolical/Greater)	OUTPUTNAME:Staff of [NAME]	TYPE:Magic.Staff	COST:78750	WT:5.00	BASEITEM:Staff	SOURCEPAGE:CD	EQMOD:CHARGED_ITEM_50|CHARGES[50]									
Staff (Fauna)	OUTPUTNAME:Staff of [NAME]	TYPE:Magic.Staff	COST:19406	WT:5.00	BASEITEM:Staff	SOURCEPAGE:CD	EQMOD:CHARGED_ITEM_50|CHARGES[50]									
Staff (the Gaol)	OUTPUTNAME:Staff of [NAME]	TYPE:Magic.Staff	COST:51563	WT:5.00	BASEITEM:Staff	SOURCEPAGE:CD	EQMOD:CHARGED_ITEM_50|CHARGES[50]									
Staff (Homeland)	OUTPUTNAME:Staff of [NAME]	TYPE:Magic.Staff	COST:48469	WT:5.00	BASEITEM:Staff	SOURCEPAGE:CD	EQMOD:CHARGED_ITEM_50|CHARGES[50]									
Staff (Hunting Spirit)	OUTPUTNAME:Staff of [NAME]	TYPE:Magic.Staff	COST:66938	WT:5.00	BASEITEM:Staff	SOURCEPAGE:CD	EQMOD:CHARGED_ITEM_50|CHARGES[50]									
Staff (Incarnation)	OUTPUTNAME:Staff of [NAME]	TYPE:Magic.Staff	COST:60563	WT:5.00	BASEITEM:Staff	SOURCEPAGE:CD	EQMOD:CHARGED_ITEM_50|CHARGES[50]									
Staff (the Jetstream)	OUTPUTNAME:Staff of [NAME]	TYPE:Magic.Staff	COST:89250	WT:5.00	BASEITEM:Staff	SOURCEPAGE:CD	EQMOD:CHARGED_ITEM_50|CHARGES[50]									
Staff (Oaken Battle)	OUTPUTNAME:Staff of [NAME]	TYPE:Magic.Staff	COST:13500	WT:5.00	BASEITEM:Staff	SOURCEPAGE:CD	EQMOD:CHARGED_ITEM_50|CHARGES[50]									
Staff (Pain)	OUTPUTNAME:Staff of [NAME]	TYPE:Magic.Staff	COST:27844	WT:5.00	BASEITEM:Staff	SOURCEPAGE:CD	EQMOD:CHARGED_ITEM_50|CHARGES[50]									
Staff (Planar Defence)	OUTPUTNAME:Staff of [NAME]	TYPE:Magic.Staff	COST:44344	WT:5.00	BASEITEM:Staff	SOURCEPAGE:CD	EQMOD:CHARGED_ITEM_50|CHARGES[50]									
Staff (the Saintly/Lesser)	OUTPUTNAME:Staff of [NAME]	TYPE:Magic.Staff	COST:28266	WT:5.00	BASEITEM:Staff	SOURCEPAGE:CD	EQMOD:CHARGED_ITEM_50|CHARGES[50]									
Staff (the Saintly/Greater)	OUTPUTNAME:Staff of [NAME]	TYPE:Magic.Staff	COST:78750	WT:5.00	BASEITEM:Staff	SOURCEPAGE:CD	EQMOD:CHARGED_ITEM_50|CHARGES[50]									
Staff (Soul-Ward)	OUTPUTNAME:Staff of [NAME]	TYPE:Magic.Staff	COST:82417	WT:5.00	BASEITEM:Staff	SOURCEPAGE:CD	EQMOD:CHARGED_ITEM_50|CHARGES[50]									
Staff (Storms)	OUTPUTNAME:Staff of [NAME]	TYPE:Magic.Staff	COST:118125	WT:5.00	BASEITEM:Staff	SOURCEPAGE:CD	EQMOD:CHARGED_ITEM_50|CHARGES[50]									
Staff (True Belief)	OUTPUTNAME:Staff of [NAME]	TYPE:Magic.Staff	COST:31688	WT:5.00	BASEITEM:Staff	SOURCEPAGE:CD	EQMOD:CHARGED_ITEM_50|CHARGES[50]									
Staff (Vaporous Menace)	OUTPUTNAME:Staff of [NAME]	TYPE:Magic.Staff	COST:40094	WT:5.00	BASEITEM:Staff	SOURCEPAGE:CD	EQMOD:CHARGED_ITEM_50|CHARGES[50]									
Staff (the Wanton/Lesser)	OUTPUTNAME:Staff of [NAME]	TYPE:Magic.Staff	COST:28266	WT:5.00	BASEITEM:Staff	SOURCEPAGE:CD	EQMOD:CHARGED_ITEM_50|CHARGES[50]									
Staff (the Wanton/Greater)	OUTPUTNAME:Staff of [NAME]	TYPE:Magic.Staff	COST:78750	WT:5.00	BASEITEM:Staff	SOURCEPAGE:CD	EQMOD:CHARGED_ITEM_50|CHARGES[50]									
Staff (Winds)	OUTPUTNAME:Staff of [NAME]	TYPE:Magic.Staff	COST:37969	WT:5.00	BASEITEM:Staff	SOURCEPAGE:CD	EQMOD:CHARGED_ITEM_50|CHARGES[50]									
