SOURCELONG:Complete Divine	SOURCESHORT:CD	SOURCEWEB:http://www.gozzilioni.net																					
																							
#Axe of Ancestral Virtue	COST:50230																						
#Chain of Obeisance	COST:35600																						
#Chromatic Rod	COST:71908																						
#Cudgel that Never Forgets	COST:82112																						
#Dagger of Denial	COST:77902																						
#Hooked Hammer of the Heartfire	COST:35600																						
#Morningstar of the Many	COST:30300																						
#Rapier of Desperate Measures	COST:23920																						
#Rapier of Unerring Direction	COST:35600																						
#Ruby Blade	COST:46902																						
#Skewer of Gnomes	COST:61900																						
#Spear of Retribution	COST:14000																						
#Staff of the Unyelding Oak	COST:81600																						
#Sword of Mighty Thews	COST:45600																						
#Sword of Virtue Beyond Reproach	COST:50000																						
																							
# Equipment Name	Output Name		Type	Cost	Weight	Base Quantity	Modifier	Requires Modification?	Source Page	Weapon prop. bonus	Special Property												
#Hammer (Double)	OUTPUTNAME:Hammer, Double	PROFICIENCY:WEAPON|Hammer (Double)	TYPE:Weapon.Melee.Exotic.Double.Standard.Bludgeoning.Hammer	COST:70	WT:18	WIELD:TwoHanded	SLOTS:2	SIZE:M	DAMAGE:1d8	CRITRANGE:1	CRITMULT:x3	EQMOD:STEEL	ALTTYPE:Melee.Exotic.Bludgeoning.Hammer	ALTDAMAGE:1d8	ALTCRITRANGE:1	ALTCRITMULT:x3	ALTEQMOD:STEEL	SOURCEPAGE:CW					
Axe of Ancestral Virtue		PROFICIENCY:WEAPON|Waraxe (Dwarven)	TYPE:Enhancement.Weapon.Melee.Martial.Exotic.Specific.Dwarven.Slashing.Axe.Relic	COST:60	WT:8	WIELD:TwoHanded		SIZE:M	DAMAGE:1d10	CRITRANGE:1	CRITMULT:x3	EQMOD:ADAMANT_WEAP.PLUS4W.KEEN						SOURCEPAGE:CD	MODS:NO	PREDEITY:1,Moradin	ABILITY:Special Ability|VIRTUAL|Axe of Ancestral Virtue Ability		
Chain of Obeisance		PROFICIENCY:WEAPON|Chain (Spiked)	TYPE:Enhancement.Weapon.Melee.Exotic.Reach.Finesseable.Specific.Piercing.Chain.Relic	COST:25	WT:10	WIELD:TwoHanded	SLOTS:2	SIZE:M	DAMAGE:2d4	CRITRANGE:1	CRITMULT:x2	EQMOD:STEEL.PLUS2W.UNHLY_M						SOURCEPAGE:CD	MODS:NO	PREDEITY:1,Hextor	ABILITY:Special Ability|VIRTUAL|Chain of Obeisance Ability	REACHMULT:2	
Chromatic Rod		PROFICIENCY:WEAPON|Morningstar	TYPE:Enhancement.Weapon.Melee.Simple.Specific.Bludgeoning.Piercing.Mace.Relic	COST:8	WT:6	WIELD:OneHanded		SIZE:M	DAMAGE:1d8	CRITRANGE:1	CRITMULT:x2	EQMOD:STEEL.PLUS2W.FLM_M.FROST_M.SHOCK_A						SOURCEPAGE:CD	MODS:NO	PREDEITY:1,Tiamat	ABILITY:Special Ability|VIRTUAL|Chromatic Rod Ability		
Cudgel that Never Forgets		PROFICIENCY:WEAPON|Mace (Heavy)	TYPE:Enhancement.Weapon.Melee.Simple.Specific.Bludgeoning.Mace.Relic	COST:12	WT:8	WIELD:OneHanded		SIZE:M	DAMAGE:1d8	CRITRANGE:1	CRITMULT:x2	EQMOD:STEEL.PLUS2W.LAW_M						SOURCEPAGE:CD	MODS:NO	PREDEITY:1,St. Cuthbert	ABILITY:Special Ability|VIRTUAL|Cudgel that Never Forgets Ability		
Dagger of Denial		PROFICIENCY:WEAPON|Dagger	TYPE:Enhancement.Weapon.Melee.Finesseable.Ranged.Thrown.Simple.Specific.Piercing.Slashing.Dagger.Relic	COST:2	WT:1	WIELD:Light		SIZE:M	DAMAGE:1d4	CRITRANGE:2	CRITMULT:x2	EQMOD:STEEL						SOURCEPAGE:CD	MODS:NO	PREDEITY:1,Vecna	ABILITY:Special Ability|VIRTUAL|Dagger of Denial Ability		RANGE:10
Dawnstar		PROFICIENCY:WEAPON|Morningstar	TYPE:Enhancement.Weapon.Melee.Simple.Specific.Bludgeoning.Piercing.Mace.Relic	COST:8	WT:6	WIELD:OneHanded		SIZE:M	DAMAGE:1d8	CRITRANGE:1	CRITMULT:x2	EQMOD:STEEL.PLUS3W.BRI_EN_M						SOURCEPAGE:CD	MODS:NO	PREDEITY:1,Pelor	ABILITY:Special Ability|VIRTUAL|Dawnstar Ability		
Hooked Hammer of the Heartfire		PROFICIENCY:WEAPON|Hammer (Gnome Hooked)	TYPE:Enhancement.Weapon.Melee.Exotic.Double.Specific.Gnome.Bludgeoning.Hammer.Relic	COST:20	WT:6	WIELD:TwoHanded	SLOTS:2	SIZE:M	DAMAGE:1d8	CRITRANGE:1	CRITMULT:x3	EQMOD:STEEL.PLUS2W.FLM_M	ALTTYPE:Enhancement.Weapon.Melee.Exotic.Piercing.Relic	ALTDAMAGE:1d6	ALTCRITRANGE:1	ALTCRITMULT:x4	ALTEQMOD:STEEL.PLUS2W.FLM_M	SOURCEPAGE:CD	MODS:NO	PREDEITY:1,Garl Glittergold	ABILITY:Special Ability|VIRTUAL|Hooked Hammer of the Heartfire Ability		
Morningstar of the Many		PROFICIENCY:WEAPON|Morningstar	TYPE:Enhancement.Weapon.Melee.Simple.Specific.Bludgeoning.Piercing.Mace.Relic	COST:8	WT:6	WIELD:OneHanded		SIZE:M	DAMAGE:1d8	CRITRANGE:1	CRITMULT:x2	EQMOD:STEEL.PLUS2W						SOURCEPAGE:CD	MODS:NO	PREDEITY:1,Erythnul	ABILITY:Special Ability|VIRTUAL|Morningstar of the Many Ability		
Rapier of Desperate Measures		PROFICIENCY:WEAPON|Rapier	TYPE:Enhancement.Weapon.Melee.Martial.Finesseable.Specific.Piercing.Sword.Relic	COST:20	WT:2	WIELD:OneHanded		SIZE:M	DAMAGE:1d6	CRITRANGE:3	CRITMULT:x2	EQMOD:STEEL.PLUS2W.KEEN						SOURCEPAGE:CD	MODS:NO	PREDEITY:1,Olidammara	ABILITY:Special Ability|VIRTUAL|Rapier of Desperate Measures Ability		
Rapier of Unerring Direction		PROFICIENCY:WEAPON|Rapier	TYPE:Enhancement.Weapon.Melee.Martial.Finesseable.Specific.Piercing.Sword.Relic	COST:20	WT:2	WIELD:OneHanded		SIZE:M	DAMAGE:1d6	CRITRANGE:3	CRITMULT:x2	EQMOD:STEEL.PLUS4W.GHOST_M.SPL_CON_MINUTES|Freedom of Movement.SPL_CON_HOURS|Spider Climb						SOURCEPAGE:CD	MODS:NO	PREDEITY:1,Fharlanghn	ABILITY:Special Ability|VIRTUAL|Rapier of Unerring Direction Ability		
Ruby Blade		PROFICIENCY:WEAPON|Dagger	TYPE:Enhancement.Weapon.Melee.Finesseable.Ranged.Thrown.Simple.Specific.Piercing.Slashing.Dagger.Relic	COST:2	WT:1	WIELD:Light		SIZE:M	DAMAGE:1d4	CRITRANGE:2	CRITMULT:x2	EQMOD:STEEL.PLUS3W.LAW_M.SPL_CON_DAYS|Status						SOURCEPAGE:CD	MODS:NO	PREDEITY:1,Wee Jas	ABILITY:Special Ability|VIRTUAL|Ruby Blade Ability		
Skewer of Gnomes	OUTPUTNAME:Skewer-of-Gnomes	PROFICIENCY:WEAPON|Spear	TYPE:Enhancement.Weapon.Melee.TwoHanded.Ranged.Thrown.Simple.Specific.Piercing.Spear.Relic	COST:2	WT:6	WIELD:TwoHanded		SIZE:M	DAMAGE:1d8	CRITRANGE:1	CRITMULT:x3	EQMOD:WOOD.PLUS3W.UNHLY_M.BANE_M|Humanoids (gnome)						SOURCEPAGE:CD	MODS:NO	PREDEITY:1,Kurtulmak	ABILITY:Special Ability|VIRTUAL|Skewer of Gnomes Ability		RANGE:20
Spear of Retribution		PROFICIENCY:WEAPON|Spear	TYPE:Enhancement.Weapon.Melee.TwoHanded.Ranged.Thrown.Simple.Specific.Piercing.Spear.Relic	COST:2	WT:6	WIELD:TwoHanded		SIZE:M	DAMAGE:1d8	CRITRANGE:1	CRITMULT:x3	EQMOD:WOOD.PLUS2W.RETRN						SOURCEPAGE:CD	MODS:NO	PREDEITY:1,Gruumsh	ABILITY:Special Ability|VIRTUAL|Spear of Retribution Ability		RANGE:20
Staff of the Unyelding Oak		PROFICIENCY:WEAPON|Quarterstaff	TYPE:Enhancement.Weapon.Melee.TwoHanded.Simple.Double.Specific.Bludgeoning.Quarterstaff.Relic	COST:0	WT:4	WIELD:TwoHanded		SIZE:M	DAMAGE:1d6	CRITRANGE:1	CRITMULT:x2	EQMOD:WOOD	ALTTYPE:Enhancement.Weapon.Melee.Bludgeoning.Relic	ALTDAMAGE:1d6	ALTCRITRANGE:1	ALTCRITMULT:x2	ALTEQMOD:WOOD	SOURCEPAGE:CD	MODS:NO	PREDEITY:1,Obad-Hai	ABILITY:Special Ability|VIRTUAL|Staff of the Unyelding Oak Ability		
Sword of Mighty Thews		PROFICIENCY:WEAPON|Greatsword	TYPE:Enhancement.Weapon.Melee.Martial.Specific.Slashing.Sword.Relic	COST:50	WT:8	WIELD:TwoHanded		SIZE:M	DAMAGE:2d6	CRITRANGE:2	CRITMULT:x2	EQMOD:STEEL.PLUS3W.BANE_M|Dragons						SOURCEPAGE:CD	MODS:NO	PREDEITY:1,Kord	ABILITY:Special Ability|VIRTUAL|Sword of Mighty Thews Ability		
Sword of Virtue Beyond Reproach		PROFICIENCY:WEAPON|Longsword	TYPE:Enhancement.Weapon.Melee.Martial.Specific.Slashing.Sword.Relic	COST:15	WT:4	WIELD:OneHanded		SIZE:M	DAMAGE:1d8	CRITRANGE:2	CRITMULT:x2	EQMOD:STEEL.PLUS3W.HOLY_M						SOURCEPAGE:CD	MODS:NO	PREDEITY:1,Heironeous	ABILITY:Special Ability|VIRTUAL|Sword of Virtue Beyond Reproach Ability		
