#SOURCELONG:Frostburn	SOURCESHORT:Fro	SOURCEWEB:http://www.gozzilioni.net																														
AGESET:0|Adulthood						
RACENAME:Human (Neanderthal)	CLASS:Barbarian,Rogue,Sorcerer[BASEAGEADD:1d4]|Bard,Fighter,Paladin,Ranger[BASEAGEADD:1d6]|Cleric,Druid,Monk,Wizard[BASEAGEADD:3d6]					
RACENAME:Human (Neanderthal)	SEX:Male[BASEHT:78|HTDIEROLL:2d8|BASEWT:200|WTDIEROLL:2d4|TOTALWT:BASEWT+(HTDIEROLL*WTDIEROLL)]Female[BASEHT:72|HTDIEROLL:2d8|BASEWT:150|WTDIEROLL:2d4|TOTALWT:BASEWT+(HTDIEROLL*WTDIEROLL)]					
RACENAME:Human (Neanderthal)	BASEAGE:14	MAXAGE:34	AGEDIEROLL:5d4	HAIR:Blond|Brown	EYES:Blue	SKINTONE:Tanned|Pasty

RACENAME:Uldra	CLASS:Barbarian,Rogue,Sorcerer[BASEAGEADD:3d6]|Bard,Fighter,Paladin,Ranger[BASEAGEADD:5d6]|Cleric,Druid,Monk,Wizard[BASEAGEADD:8d6]					
RACENAME:Uldra	SEX:Male[BASEHT:28|HTDIEROLL:2d4|BASEWT:25|WTDIEROLL:1d4|TOTALWT:BASEWT+(HTDIEROLL*WTDIEROLL)]Female[BASEHT:26|HTDIEROLL:2d4|BASEWT:20|WTDIEROLL:1d4|TOTALWT:BASEWT+(HTDIEROLL*WTDIEROLL)]					
RACENAME:Uldra	BASEAGE:100	MAXAGE:174	AGEDIEROLL:6d12	HAIR:Blond|Brown	EYES:Blue	SKINTONE:Tanned|Pasty

#AGESET:1|Middle Age	BONUS:STAT|STR,CON,DEX|-1	BONUS:STAT|INT,WIS,CHA|1				
AGESET:1|Middle Age
RACENAME:Human (Neanderthal)	BASEAGE:35	MAXAGE:49	AGEDIEROLL:4d4			
RACENAME:Uldra	BASEAGE:175	MAXAGE:262	AGEDIEROLL:11d8			

#AGESET:2|Old	BONUS:STAT|STR,CON,DEX|-3	BONUS:STAT|INT,WIS,CHA|2				
AGESET:2|Old
RACENAME:Human (Neanderthal)	BASEAGE:50	MAXAGE:65	AGEDIEROLL:4d4			
RACENAME:Uldra	BASEAGE:263	MAXAGE:349	AGEDIEROLL:7d12			

#AGESET:3|Venerable	BONUS:STAT|STR,CON,DEX|-6	BONUS:STAT|INT,WIS,CHA|3				
AGESET:3|Venerable
RACENAME:Human (Neanderthal)	BASEAGE:65	MAXAGE:85	AGEDIEROLL:2d10			
RACENAME:Uldra	BASEAGE:350	MAXAGE:850	AGEDIEROLL:5d100			
