#SOURCELONG:Gozzilioni Rsrd Modifications Basic	SOURCESHORT:G	SOURCEWEB:http://www.gozzilioni.net	SOURCEDATE:2003-07
#
#Abilitygroup:Regions																						
ABILITYCATEGORY:Regional			VISIBLE:NO	EDITABLE:YES		EDITPOOL:YES	FRACTIONALPOOL:NO												PLURAL:Regionals			DISPLAYLOCATION:Regional
ABILITYCATEGORY:Generic Region	CATEGORY:Regional	TYPE:NoRegion	VISIBLE:QUALIFY	EDITABLE:YES		EDITPOOL:YES	FRACTIONALPOOL:NO												PLURAL:Generic Regions			DISPLAYLOCATION:Regional
ABILITYCATEGORY:Faerun Region	CATEGORY:Regional	TYPE:FaerunRegion	VISIBLE:QUALIFY	EDITABLE:YES		EDITPOOL:YES	FRACTIONALPOOL:NO												PLURAL:Faerun Regions			DISPLAYLOCATION:Regional
ABILITYCATEGORY:Ravenloft Region	CATEGORY:Regional	TYPE:RaveloftRegion	VISIBLE:QUALIFY	EDITABLE:YES		EDITPOOL:YES	FRACTIONALPOOL:NO												PLURAL:Ravenloft Regions			DISPLAYLOCATION:Regional
ABILITYCATEGORY:Frostfell Region	CATEGORY:Regional	TYPE:FrostfellRegion	VISIBLE:QUALIFY	EDITABLE:YES		EDITPOOL:YES	FRACTIONALPOOL:NO												PLURAL:Frostfell Regions			DISPLAYLOCATION:Regional
#																						
#Abilitygroup:Guilds																						
ABILITYCATEGORY:Guild Category	CATEGORY:Guild Category		VISIBLE:NO	EDITABLE:YES		EDITPOOL:YES	FRACTIONALPOOL:NO												PLURAL:Guild Categories			
ABILITYCATEGORY:Guild Chooser	CATEGORY:Guild Category	TYPE:GuildChooser	VISIBLE:YES	EDITABLE:YES		EDITPOOL:YES	FRACTIONALPOOL:NO	PLURAL:Guild Choosers	DISPLAYLOCATION:Guild													
ABILITYCATEGORY:Guild Affiliation	CATEGORY:Guild Category	TYPE:GuildAffiliation	VISIBLE:QUALIFY	EDITABLE:YES		EDITPOOL:YES	FRACTIONALPOOL:NO	PLURAL:Guild Affiliations	DISPLAYLOCATION:Guild													
ABILITYCATEGORY:Planar Faction	CATEGORY:Guild Category	TYPE:PlanarFaction	VISIBLE:QUALIFY	EDITABLE:YES		EDITPOOL:YES	FRACTIONALPOOL:NO	PLURAL:Planar Factions	DISPLAYLOCATION:Guild													
ABILITYCATEGORY:Mentoring	CATEGORY:Guild Category	TYPE:Mentoring	VISIBLE:QUALIFY	EDITABLE:YES		EDITPOOL:YES	FRACTIONALPOOL:NO	PLURAL:Mentorings	DISPLAYLOCATION:Guild													
ABILITYCATEGORY:Church Eresy	CATEGORY:Guild Category	TYPE:ChurchEresy	VISIBLE:QUALIFY	EDITABLE:YES		EDITPOOL:YES	FRACTIONALPOOL:NO	PLURAL:Church Eresies	DISPLAYLOCATION:Guild													
#Abilitygroup:Ability Focus																						
ABILITYCATEGORY:Ability Focus	CATEGORY:Ability Focus		VISIBLE:NO	EDITABLE:YES		EDITPOOL:YES	FRACTIONALPOOL:NO												PLURAL:Ability Focuses			
#Abilitygroup:Feats																						
ABILITYCATEGORY:Exalted Feat	CATEGORY:FEAT	TYPE:Exalted	VISIBLE:QUALIFY	EDITABLE:YES		EDITPOOL:YES	FRACTIONALPOOL:NO												PLURAL:Exalted Feats			DISPLAYLOCATION:Feats
ABILITYCATEGORY:Vile Feat	CATEGORY:FEAT	TYPE:Vile	VISIBLE:QUALIFY	EDITABLE:YES		EDITPOOL:YES	FRACTIONALPOOL:NO												PLURAL:Vile Feats			DISPLAYLOCATION:Feats
# 																						
#SOURCELONG:Gozzilioni Monster Manual 2	SOURCESHORT:MM2
# Ability categories																						
ABILITYCATEGORY:Myconid Class Feature	CATEGORY:Special Ability	TYPE:MyconidClassFeature	VISIBLE:QUALIFY	EDITABLE:NO		EDITPOOL:NO	FRACTIONALPOOL:NO												PLURAL:Myconid Class Features			DISPLAYLOCATION:Class Features
# 																						
#SOURCELONG:Gozzilioni Rule of Cool Forum	SOURCESHORT:ROC
# Ability categories																						
ABILITYCATEGORY:Deepspawn Mother Class Feature	CATEGORY:Special Ability	TYPE:DeepspawnMotherClassFeature	VISIBLE:QUALIFY	EDITABLE:NO		EDITPOOL:NO	FRACTIONALPOOL:NO												PLURAL:Deepspawn Mother Class Features			DISPLAYLOCATION:Class Features
ABILITYCATEGORY:Fiery Eagle Class Feature	CATEGORY:Special Ability	TYPE:FieryEagleClassFeature	VISIBLE:QUALIFY	EDITABLE:NO		EDITPOOL:NO	FRACTIONALPOOL:NO												PLURAL:Fiery Eagle Class Features			DISPLAYLOCATION:Class Features
ABILITYCATEGORY:Needle Fighter Class Feature	CATEGORY:Special Ability	TYPE:NeedleFighterClassFeature	VISIBLE:QUALIFY	EDITABLE:NO		EDITPOOL:NO	FRACTIONALPOOL:NO												PLURAL:Needle Fighter Class Features			DISPLAYLOCATION:Class Features
ABILITYCATEGORY:Fury Class Feature	CATEGORY:Special Ability	TYPE:FuryClassFeature	VISIBLE:QUALIFY	EDITABLE:NO		EDITPOOL:NO	FRACTIONALPOOL:NO												PLURAL:Fury Class Features			DISPLAYLOCATION:Class Features
ABILITYCATEGORY:Pleasure Devil Class Feature	CATEGORY:Special Ability	TYPE:PleasureDevilClassFeature	VISIBLE:QUALIFY	EDITABLE:NO		EDITPOOL:NO	FRACTIONALPOOL:NO												PLURAL:Pleasure Devil Class Features			DISPLAYLOCATION:Class Features
ABILITYCATEGORY:Lilitu Class Feature	CATEGORY:Special Ability	TYPE:LilituClassFeature	VISIBLE:QUALIFY	EDITABLE:NO		EDITPOOL:NO	FRACTIONALPOOL:NO												PLURAL:Lilitu Class Features			DISPLAYLOCATION:Class Features
ABILITYCATEGORY:Nightmare Steed Class Feature	CATEGORY:Special Ability	TYPE:NightmareSteedClassFeature	VISIBLE:QUALIFY	EDITABLE:NO		EDITPOOL:NO	FRACTIONALPOOL:NO												PLURAL:Nightmare Steed Class Features			DISPLAYLOCATION:Class Features
ABILITYCATEGORY:Cauchemar Class Feature	CATEGORY:Special Ability	TYPE:CauchemarClassFeature	VISIBLE:QUALIFY	EDITABLE:NO		EDITPOOL:NO	FRACTIONALPOOL:NO												PLURAL:Cauchemar Class Features			DISPLAYLOCATION:Class Features
ABILITYCATEGORY:Faun Class Feature	CATEGORY:Special Ability	TYPE:FaunClassFeature	VISIBLE:QUALIFY	EDITABLE:NO		EDITPOOL:NO	FRACTIONALPOOL:NO												PLURAL:Faun Class Features			DISPLAYLOCATION:Class Features
#
ABILITYCATEGORY:Extraordinary Disease	CATEGORY:Special Ability	TYPE:ExtraordinaryDisease	VISIBLE:QUALIFY	EDITABLE:YES		EDITPOOL:YES	FRACTIONALPOOL:NO												PLURAL:Extraordinary Diseases			DISPLAYLOCATION:Race Traits
ABILITYCATEGORY:Wild Path	CATEGORY:Special Ability	TYPE:WildPath	VISIBLE:QUALIFY	EDITABLE:YES		EDITPOOL:YES	FRACTIONALPOOL:NO												PLURAL:Wild Paths			DISPLAYLOCATION:Race Traits
ABILITYCATEGORY:Wild Path Level	CATEGORY:Special Ability	TYPE:WildPathLevel	VISIBLE:QUALIFY	EDITABLE:YES		EDITPOOL:YES	FRACTIONALPOOL:NO												PLURAL:Wild Path Levels			DISPLAYLOCATION:Race Traits
ABILITYCATEGORY:Turn Spider	CATEGORY:Special Ability	TYPE:TurnSpider	VISIBLE:QUALIFY	EDITABLE:YES		EDITPOOL:YES	FRACTIONALPOOL:NO												PLURAL:Turn Spider			DISPLAYLOCATION:Class Features
ABILITYCATEGORY:Turn Scorpion	CATEGORY:Special Ability	TYPE:TurnScorpion	VISIBLE:QUALIFY	EDITABLE:YES		EDITPOOL:YES	FRACTIONALPOOL:NO												PLURAL:Turn Scorpion			DISPLAYLOCATION:Class Features
#Abilitygroup:Feats																						
ABILITYCATEGORY:Cauchemar Feat	CATEGORY:FEAT	TYPE:Fighter.Monstrous.Racial	VISIBLE:QUALIFY	EDITABLE:YES		EDITPOOL:YES	FRACTIONALPOOL:NO												PLURAL:Cauchemar Feats			DISPLAYLOCATION:Feats
