#SOURCELONG:Gozzilioni	SOURCESHORT:G	SOURCEWEB:http://www.gozzilioni.net																				
#																						
#Abilitygroup:Regions																						
ABILITYCATEGORY:Regional			VISIBLE:NO	EDITABLE:YES		EDITPOOL:YES	FRACTIONALPOOL:NO												PLURAL:Regionals			DISPLAYLOCATION:Regional
ABILITYCATEGORY:Generic Region	CATEGORY:Regional	TYPE:NoRegion	VISIBLE:QUALIFY	EDITABLE:YES		EDITPOOL:YES	FRACTIONALPOOL:NO												PLURAL:Generic Regions			DISPLAYLOCATION:Regional
ABILITYCATEGORY:Faerun Region	CATEGORY:Regional	TYPE:FaerunRegion	VISIBLE:QUALIFY	EDITABLE:YES		EDITPOOL:YES	FRACTIONALPOOL:NO												PLURAL:Faerun Regions			DISPLAYLOCATION:Regional
ABILITYCATEGORY:Ravenloft Region	CATEGORY:Regional	TYPE:RaveloftRegion	VISIBLE:QUALIFY	EDITABLE:YES		EDITPOOL:YES	FRACTIONALPOOL:NO												PLURAL:Ravenloft Regions			DISPLAYLOCATION:Regional
ABILITYCATEGORY:Frostfell Region	CATEGORY:Regional	TYPE:FrostfellRegion	VISIBLE:QUALIFY	EDITABLE:YES		EDITPOOL:YES	FRACTIONALPOOL:NO												PLURAL:Frostfell Regions			DISPLAYLOCATION:Regional
#																						
#Abilitygroup:Guilds																						
ABILITYCATEGORY:Guild Category			VISIBLE:YES	EDITABLE:YES		EDITPOOL:YES	FRACTIONALPOOL:NO												PLURAL:Guild Categories			DISPLAYLOCATION:Guild
ABILITYCATEGORY:Guild or Faction	CATEGORY:Guild Category	TYPE:GuildFaction	VISIBLE:QUALIFY	EDITABLE:NO		EDITPOOL:YES	FRACTIONALPOOL:NO	PLURAL:Guilds or Factions	DISPLAYLOCATION:Guild													
ABILITYCATEGORY:Guild Affiliation	CATEGORY:Guild Category	TYPE:GuildAffiliation	VISIBLE:QUALIFY	EDITABLE:NO		EDITPOOL:YES	FRACTIONALPOOL:NO	PLURAL:Guild Affiliations	DISPLAYLOCATION:Guild													
ABILITYCATEGORY:Planar Faction	CATEGORY:Guild Category	TYPE:PlanarFaction	VISIBLE:QUALIFY	EDITABLE:NO		EDITPOOL:YES	FRACTIONALPOOL:NO	PLURAL:Planar Factions	DISPLAYLOCATION:Guild													
ABILITYCATEGORY:Mentoring	CATEGORY:Guild Category	TYPE:Mentoring	VISIBLE:QUALIFY	EDITABLE:NO		EDITPOOL:YES	FRACTIONALPOOL:NO	PLURAL:Mentorings	DISPLAYLOCATION:Guild													
#																						
ABILITYCATEGORY:Exalted Feat	CATEGORY:FEAT	TYPE:Exalted	VISIBLE:QUALIFY	EDITABLE:YES		EDITPOOL:YES	FRACTIONALPOOL:NO												PLURAL:Exalted Feats			DISPLAYLOCATION:Feats
ABILITYCATEGORY:Vile Feat	CATEGORY:FEAT	TYPE:Vile	VISIBLE:QUALIFY	EDITABLE:YES		EDITPOOL:YES	FRACTIONALPOOL:NO												PLURAL:Vile Feats			DISPLAYLOCATION:Feats
#																						
#ABILITYCATEGORY:Racial Ability			VISIBLE:YES	EDITABLE:YES		EDITPOOL:YES	FRACTIONALPOOL:NO												PLURAL:Racial Abilities			DISPLAYLOCATION:Racial Ability
#																						
ABILITYCATEGORY:Greater Turn Undead	CATEGORY:Special Ability	TYPE:GreaterTurnUndead	VISIBLE:QUALIFY	EDITABLE:YES		EDITPOOL:YES	FRACTIONALPOOL:NO												PLURAL:Greater Turn Undeads			DISPLAYLOCATION:Class Abilities
ABILITYCATEGORY:Red Wizard Feat	CATEGORY:FEAT	TYPE:RedWizard.ItemCreation.Metamagic	VISIBLE:QUALIFY	EDITABLE:YES		EDITPOOL:YES	FRACTIONALPOOL:NO												PLURAL:Red Wizard Feats			DISPLAYLOCATION:Feats
ABILITYCATEGORY:Turn Lycanthrope	CATEGORY:Special Ability	TYPE:TurnLycanthrope	VISIBLE:QUALIFY	EDITABLE:YES		EDITPOOL:YES	FRACTIONALPOOL:NO												PLURAL:Turn Lycanthrope			DISPLAYLOCATION:Class Abilities
ABILITYCATEGORY:Turn Scalykind	CATEGORY:Special Ability	TYPE:TurnScalykind	VISIBLE:QUALIFY	EDITABLE:YES		EDITPOOL:YES	FRACTIONALPOOL:NO												PLURAL:Turn Scalykind			DISPLAYLOCATION:Class Abilities
ABILITYCATEGORY:Turn Ooze	CATEGORY:Special Ability	TYPE:TurnOoze	VISIBLE:QUALIFY	EDITABLE:YES		EDITPOOL:YES	FRACTIONALPOOL:NO												PLURAL:Turn Ooze			DISPLAYLOCATION:Class Abilities
ABILITYCATEGORY:Turn Spider	CATEGORY:Special Ability	TYPE:TurnSpider	VISIBLE:QUALIFY	EDITABLE:YES		EDITPOOL:YES	FRACTIONALPOOL:NO												PLURAL:Turn Spider			DISPLAYLOCATION:Class Abilities
