SOURCELONG:Gozzilioni Rsrd Modifications Basic	SOURCESHORT:G	SOURCEWEB:http://www.gozzilioni.net	SOURCEDATE:2003-07																													
																																
# Ability Name	Category of Ability	Type	visible	Special ABility			Restricted Ability	Define			BONUS				STACK	MULT	CHOOSE	SELECT														SOURCEPAGE:
CATEGORY=Special Ability|Dwarf ~ Stonecunning.MOD	BONUS:VAR|StonecunningLevel|1|TYPE=Stonecunning																															
CATEGORY=Special Ability|Psionic.MOD	DESC:; Manifester Level %1|PsionML																															
CATEGORY=Special Ability|Animal Trick ~ Attack.MOD	DESC:Attack ~ DC 20 ~ The animal attacks apparent enemies. You may point to a particular creature that you wish the animal to attack, and it will comply if able. Normally, an animal will attack only humanoids, monstrous humanoids, giants, or other animals.																															
CATEGORY=Special Ability|Animal Trick ~ Attack II.MOD	DESC:Attack ~ DC 20 ~ The animal attacks apparent enemies. You may point to a particular creature (including such unnatural creatures as undead and aberrations) that you wish the animal to attack, and it will comply if able.																															
CATEGORY=Special Ability|Animal Trick ~ Come.MOD	DESC:Come  ~ DC 15 ~ The animal comes to you, even if it normally would not do so.																															
CATEGORY=Special Ability|Animal Trick ~ Defend.MOD	DESC:Defend ~ DC 20 ~ The animal defends you (or is ready to defend you if no threat is present), even without any command being given. Alternatively, you can command the animal to defend a specific other character.																															
CATEGORY=Special Ability|Animal Trick ~ Down.MOD	DESC:Down ~ DC 20 ~ The animal breaks off from combat or otherwise backs down.																															
CATEGORY=Special Ability|Animal Trick ~ Fetch.MOD	DESC:Fetch ~ DC 15 ~ The animal goes and gets something. If you do not point out a specific item, the animal fetches some random object.																															
CATEGORY=Special Ability|Animal Trick ~ Guard.MOD	DESC:Guard ~ DC 20 ~ The animal stays in place and prevents others from approaching.																															
CATEGORY=Special Ability|Animal Trick ~ Heel.MOD	DESC:Heel ~ DC 15 ~ The animal follows you closely, even to places where it normally would not go.																															
CATEGORY=Special Ability|Animal Trick ~ Perform.MOD	DESC:Perform ~ DC 15 ~ The animal performs a variety of simple tricks, such as sitting up, rolling over, roaring or barking, and so on.																															
CATEGORY=Special Ability|Animal Trick ~ Seek.MOD	DESC:Seek ~ DC 15 ~ The animal moves into an area and looks around for anything that is obviously alive or animate.																															
CATEGORY=Special Ability|Animal Trick ~ Stay.MOD	DESC:Stay ~ DC 20 ~ The animal stays in place, waiting for you to return. It does not challenge other creatures that come by, though it still defends itself if it needs to.																															
CATEGORY=Special Ability|Animal Trick ~ Track.MOD	DESC:Track ~ DC 20 ~ The animal tracks the scent presented to it.	PREABILITY:1,CATEGORY=Special Ability,Scent																														
CATEGORY=Special Ability|Animal Trick ~ Work.MOD	DESC:Work ~ DC 15 ~ The animal pulls or pushes a medium or heavy load.																															
CATEGORY=Special Ability|Smite Evil.MOD	TYPE:SmiteEvil.Smite	DESC:+%1 with one normal melee attack for +%2 extra damage %3/day|SmiteEvilToHit|SmiteEvilDamage|SmiteEvil	DEFINE:SmiteEvil|0	DEFINE:SmiteEvilToHit|0	DEFINE:SmiteEvilDamage|0	
CATEGORY=Special Ability|Smite Good.MOD	TYPE:SmiteGood.Smite	DESC:+%1 with one normal melee attack for +%2 extra damage %3/day|SmiteGoodToHit|SmiteGoodDamage|SmiteGood	DEFINE:SmiteGood|0	DEFINE:SmiteGoodToHit|0	DEFINE:SmiteGoodDamage|0	
CATEGORY=Special Ability|Add Spoken Language.MOD	PREVARGTEQ:LoremasterLVL,1

-	CATEGORY:Special Ability	TYPE:NoRaceTrait.SpecialQuality	VISIBLE:YES	SOURCEPAGE:G
-	CATEGORY:Special Ability	TYPE:NoRaceTrait.SpecialAttack	VISIBLE:YES	SOURCEPAGE:G

# CATEGORY=Special Ability|Turn Air.MOD	TYPE:TurnElemental																															
# CATEGORY=Special Ability|Rebuke Air.MOD	TYPE:TurnElemental																															
# CATEGORY=Special Ability|Turn Earth.MOD	TYPE:TurnElemental																															
# CATEGORY=Special Ability|Rebuke Earth.MOD	TYPE:TurnElemental																															
# CATEGORY=Special Ability|Turn Water.MOD	TYPE:TurnElemental																															
# CATEGORY=Special Ability|Rebuke Water.MOD	TYPE:TurnElemental																															
# CATEGORY=Special Ability|Turn Fire.MOD	TYPE:TurnElemental																															
# CATEGORY=Special Ability|Rebuke Fire.MOD	TYPE:TurnElemental																															
# CATEGORY=Special Ability|Druid ~ Wild Shape.MOD	TYPE:WildShape																															
# CATEGORY=Special Ability|Rage.MOD	TYPE:Rage																															
#																																
																																
Wepon Prof ~ Deity Weapon	CATEGORY:Internal	TYPE:DeityWeaponProficiency																	AUTO:WEAPONPROF|DEITYWEAPONS													
Shield Prof ~ Light	CATEGORY:Internal	TYPE:ShieldProfTower.ShieldProf.ShieldProfLight			SERVESAS:FEAT|Shield Proficiency														AUTO:SHIELDPROF|SHIELDTYPE=Light													
Shield Prof ~ Buckler	CATEGORY:Internal	TYPE:ShieldProfTower.ShieldProf.ShieldProfLight.ShieldProfBuckler																	AUTO:SHIELDPROF|SHIELDTYPE=Buckler													
#
Base Skill Level	CATEGORY:Special Ability	TYPE:SkillLevel.SkillLevelBase.SpecialQuality	VISIBLE:YES	DESC:Skill Level %1|SkillLVL	DESC:Apprentice|PREVARLTEQ:SkillLVL,4	DESC:Journeyman|PREMULT:2,[PREVARGTEQ:SkillLVL,5],[PREVARLTEQ:SkillLVL,11]	DESC:Master|PREMULT:2,[PREVARGTEQ:SkillLVL,12],[PREVARLTEQ:SkillLVL,15]	DESC:Grand Master|PREVARGTEQ:SkillLVL,16	DESC:Helpers %1|(SkillLVL-4)|PREVARGTEQ:SkillLVL,5	DEFINE:SkillLVL|0																						SOURCEPAGE:DD
Battle Fury	CATEGORY:Special Ability	TYPE:ClassAbility.SpecialAttack.Extraordinary	VISIBLE:YES	DESC:%1 times/day (%2 rounds)|BattleFuryTimes|BattleFuryDuration|PREVARGT:BattleFuryTimes,0	DESC:Bonuses when in battle fury (STR +%1, CON +%2, Will +%3, AC -%4, HP %5)|BattleFuryStrBonus|BattleFuryConBonus|BattleFuryMorale|BattleFuryACPenalty|(BattleFuryConBonus/2)*TL			DEFINE:BattleFuryTimes|0	DEFINE:BattleFuryLvl|0	DEFINE:BattleFuryDuration|0	DEFINE:BattleFuryConBonus|0	DEFINE:BattleFuryStrBonus|0	DEFINE:BattleFuryACPenalty|0	DEFINE:BattleFuryMorale|0	DEFINE:BattleFuried|0	DEFINE:BattleFuryBonus|0	BONUS:VAR|BattleFuryBonus|6	BONUS:VAR|BattleFuryDuration|CON+3+(BattleFuryConBonus/2)	BONUS:VAR|BattleFuryConBonus|BattleFuryBonus	BONUS:VAR|BattleFuryStrBonus|BattleFuryBonus	BONUS:VAR|BattleFuryACPenalty|2	BONUS:VAR|BattleFuryMorale|BattleFuryBonus/2	TEMPBONUS:PC|SAVE|Will|BattleFuryMorale	TEMPBONUS:PC|COMBAT|AC|-1*(BattleFuryACPenalty)	TEMPBONUS:PC|STAT|CON|BattleFuryConBonus	TEMPBONUS:PC|STAT|STR|BattleFuryStrBonus	TEMPBONUS:PC|VAR|BattleFuryDuration|-(BattleFuryConBonus/2)	TEMPBONUS:PC|VAR|BattleFuried|1				SOURCEPAGE:DaD
#
Smite Undead	CATEGORY:Special Ability	TYPE:ClassFeatures.SpecialQuality.Supernatural.SmiteUndead.Smite	VISIBLE:YES	DESC:You may attempt to smite good with one normal melee attack. You add your Charisma modifier (if positive) to your attack roll and deals 1 extra point of damage per granting class level. If you accidentally smites a creature that is not good, the smite has no effect, but the use is still spent.	DESC:+%1 with one normal melee attack for +%2 extra damage %3/day|SmiteUndeadToHit|SmiteUndeadDamage|SmiteUndead	DEFINE:SmiteUndead|0	DEFINE:SmiteUndeadToHit|0	DEFINE:SmiteUndeadDamage|0
Smite Chaos	CATEGORY:Special Ability	TYPE:ClassFeatures.SpecialQuality.Supernatural.SmiteChaos.Smite	VISIBLE:YES	DESC:You may attempt to smite chaos with one normal melee attack. You add your Charisma modifier (if positive) to your attack roll and deals 1 extra point of damage per granting class level. If you accidentally smites a creature that is not chaotic, the smite has no effect, but the use is still spent.	DESC:+%1 with one normal melee attack for +%2 extra damage %3/day|SmiteChaosToHit|SmiteChaosDamage|SmiteChaos	DEFINE:SmiteChaos|0	DEFINE:SmiteChaosToHit|0	DEFINE:SmiteChaosDamage|0
Smite Law	CATEGORY:Special Ability	TYPE:ClassFeatures.SpecialQuality.Supernatural.SmiteLaw.Smite	VISIBLE:YES	DESC:You may attempt to smite law with one normal melee attack. You add your Charisma modifier (if positive) to your attack roll and deals 1 extra point of damage per granting class level. If you accidentally smites a creature that is not lawful, the smite has no effect, but the use is still spent.	DESC:+%1 with one normal melee attack for +%2 extra damage %3/day|SmiteLawToHit|SmiteLawDamage|SmiteLaw	DEFINE:SmiteLaw|0	DEFINE:SmiteLawToHit|0	DEFINE:SmiteDamage|0
#
