SOURCELONG:Monster Manual	SOURCESHORT:MM	SOURCEWEB:http://www.gozzilioni.net										
#
# Class Name 1	Hit Dice (HD)	Type (TYPE:)	Abbreviation (ABB)	Max Level (MAXLEVEL)	Source Page (SOURCEPAGE)	Save checks bonus (Fortitude) (BONUS:CHECKS)	Save checks bonus (Reflex)	Save checks bonus (Will)	Combat bonus	EXCLASS	CONTIGUOUS	FINE
# Class Name req	Requirements	FINE										
# Class Name skill	Skill Pts/Lvl (STARTSKILLPTS)	Class Skill (CSKILL)						define class variables (DEFINE:variable|value	FINE		HASSUBSTITUTIONLEVEL	ALLOWBASECLASS
# Class Name specast	Spell Statistic (SPELLSTAT)	Spell type (SPELLTYPE)	Spellbook (SPELLBOOK/MEMORIZE)	knowspell (KNOWNSPELLS)	spell level increases (BONUS:CASTERLEVEL)	SPELLLIST						
#(level number)	ADD:SPELLCASTER o CAST	FEATAUTO proficiency	(FEATAUTO)	(SAB)	(SAB)	(DOMAIN)	(BONUS)			(DEFINE)		
CLASS:Abomination	HD:8		TYPE:Monster	MAXLEVEL:NOLIMIT	SOURCEPAGE:DD	ABILITY:Special Ability|AUTOMATIC|Abomination Traits|PREVAREQ:NoTypeTraits,0	BONUS:CHECKS|BASE.Will|CL/2+2	BONUS:CHECKS|BASE.Fortitude|CL/2+2	BONUS:CHECKS|BASE.Reflex|CL/2+2	BONUS:COMBAT|BAB|CL|TYPE=Base.REPLACE
CLASS:Abomination	PRERACETYPE:Abomination
CLASS:Abomination	STARTSKILLPTS:4	MODTOSKILLS:YES
#
CLASS:Deathless	HD:12	TYPE:Monster		MAXLEVEL:NOLIMIT	SOURCEPAGE:EXD	BONUS:CHECKS|BASE.Fortitude|CL/3	BONUS:CHECKS|BASE.Reflex|CL/3	BONUS:CHECKS|BASE.Will|CL/2+2	BONUS:COMBAT|BAB|CL/2|TYPE=Base.REPLACE		
CLASS:Deathless	PRERACETYPE:Aberration	ABILITY:Special Ability|AUTOMATIC|Deathless Traits|PREVAREQ:NoTypeTraits,0	ABILITY:Special Ability|AUTOMATIC|Undead Proficiencies|PREVAREQ:NoTypeProficiencies,0								
CLASS:Deathless	STARTSKILLPTS:4	MODTOSKILLS:YES									
#											
CLASS:Lycanthrope (Generic).MOD	TYPE:Monster
CLASS:Lycanthrope (Werebear).MOD	TYPE:Monster
CLASS:Lycanthrope (Wereboar).MOD	TYPE:Monster
CLASS:Lycanthrope (Wererat).MOD	TYPE:Monster
CLASS:Lycanthrope (Weretiger).MOD	TYPE:Monster
CLASS:Lycanthrope (Werewolf).MOD	TYPE:Monster
CLASS:Lycanthrope (Dire Wereboar).MOD	TYPE:Monster