SOURCELONG:Monsters of Faerun	SOURCESHORT:Mon	SOURCEWEB:http://www.gozzilioni.net									
# Class Name	Hit Dice (HD)	Type (TYPE:)	Abbreviation (ABB)	Max Level (MAXLEVEL)	Source Page (SOURCEPAGE)	Save checks bonus (Fortitude) (BONUS:CHECKS)	Save checks bonus (Reflex)	Save checks bonus (Willpower)	Combat bonus	EXCLASS	FINE
# Class Name	Requirements	FINE									
# Class Name	Skill Pts/Lvl (STARTSKILLPTS)	Class Skill (CSKILL)						define class variables (DEFINE:variable|value	FINE		
# Class Name	Spell Statistic (SPELLSTAT)	Spell type (SPELLTYPE)	Spellbook (SPELLBOOK/MEMORIZE)	knowspell (KNOWNSPELLS)	spell level increases (BONUS:CASTERLEVEL)						
#(level number)	ADD:SPELLCASTER o CAST	AUTO:WEAPONPROF	(FEATAUTO)	ABILITY:Special Ability|AUTOMATIC|	ABILITY:Special Ability|AUTOMATIC|	(DOMAIN)	(BONUS)			(DEFINE)	
CLASS:Beholder Mage (Mon)	HD:4	TYPE:Monster.Prestige	ABB:BeHM	MAXLEVEL:10	SOURCEPAGE:Mon	BONUS:CHECKS|BASE.Fortitude|CL/3	BONUS:CHECKS|BASE.Reflex|CL/3	BONUS:CHECKS|BASE.Will|CL/2+2	BONUS:COMBAT|BAB|CL/2|TYPE=Base.REPLACE		
CLASS:Beholder Mage (Mon)	PRERACE:1,RACESUBTYPE:Beholder	PRETEXT:Lose or put out central magic eye.									
CLASS:Beholder Mage (Mon)	STARTSKILLPTS:2	CSKILL:Craft (Alchemy)|Appraise|Concentration|Decipher Script|TYPE.Knowledge|Speak Language|Spellcraft|Use Magic Device									
CLASS:Beholder Mage (Mon)	SPELLSTAT:INT	SPELLTYPE:Arcane	SPELLBOOK:YES		BONUS:CASTERLEVEL|Beholder Mage (Mon)|CL						
1	CAST:6,3			ABILITY:Special Ability|AUTOMATIC|Sacrifice Eyestalk							
2	CAST:6,5,3										
3	CAST:6,6,5,3			ABILITY:Special Ability|AUTOMATIC|Summon Familiar			BONUS:VAR|FMLevel|CL				
4	CAST:6,6,6,5,3										
5	CAST:6,6,6,6,5,3										
6	CAST:6,6,6,6,6,5,3										
7	CAST:6,6,6,6,6,6,5,3										
8	CAST:6,6,6,6,6,6,6,5,3										
9	CAST:6,6,6,6,6,6,6,6,5,3										
10	CAST:6,6,6,6,6,6,6,6,6,5										
