SOURCELONG:Draconomicon	SOURCESHORT:Drac	SOURCEWEB:http://www.gozzilioni.net									
# Class Name	Hit Dice (HD)	Type (TYPE:)	Abbreviation (ABB)	Max Level (MAXLEVEL)	Source Page (SOURCEPAGE)	Save checks bonus (Fortitude) (BONUS:CHECKS)	Save checks bonus (Reflex)	Save checks bonus (Willpower)	Combat bonus	EXCLASS	FINE
# Class Name	Requirements	FINE									
# Class Name	Skill Pts/Lvl (STARTSKILLPTS)	Class Skill (CSKILL)						define class variables (DEFINE:variable|value	FINE		
# Class Name	Spell Statistic (SPELLSTAT)	Spell type (SPELLTYPE)	Spellbook (SPELLBOOK)	knowspell (KNOWNSPELLS)	spell level increases (BONUS:CASTERLEVEL)						
#(level number)	ADD:SPELLCASTER o CAST	AUTO:WEAPONPROF	(FEATAUTO)	(SA)	(SA)	(DOMAIN)	(BONUS)			(DEFINE)	
CLASS:Blood Scaled Fury	HD:12	TYPE:NPC.Monster.Prestige.Dragon	ABB:BlSF	MAXLEVEL:12	SOURCEPAGE:Drac	BONUS:CHECKS|BASE.Fortitude|CL/2+2	BONUS:CHECKS|BASE.Reflex|CL/3	BONUS:CHECKS|BASE.Will|CL/3	BONUS:COMBAT|BAB|CL|TYPE=Base.REPLACE	EXCLASS:Ex Blood Scaled Fury	
CLASS:Blood Scaled Fury	PRERACE:1,RACETYPE=Dragon	PREALIGN:CG,CN,CE	PREATT:22	PREFEAT:3,Power Attack,Shock Wave,Wingstorm	PRESKILL:1,Intimidate=14	PREABILITY:1,CATEGORY=Special Ability,Rage	PREABILITY:1,CATEGORY=Special Ability,Frightful Presence	PREVARGTEQ:RageTimes,3		
CLASS:Blood Scaled Fury	STARTSKILLPTS:2	CSKILL:Climb|Intimidate|Jump|Listen|Swim|Spot|Survival									
1				ABILITY:Special Ability|AUTOMATIC|Fearsome Presence			BONUS:VAR|FearsomePresence|CL				
2				ABILITY:Special Ability|AUTOMATIC|Draconic Fury|Bloodscaled Fury Draconic Fury			BONUS:VAR|BloodscaledFuryDraconicFuryLVL|CL				
3				ABILITY:Special Ability|AUTOMATIC|Scales of Blood|Bloodscaled Fury Scales Of Blood			BONUS:VAR|BloodScaledFuryScalesOfBloodLVL|CL				
4			VFEAT:Rend								
5				ABILITY:Special Ability|AUTOMATIC|Extended Fury			BONUS:VAR|RageDuration|3				
6											
7											
8				ABILITY:Special Ability|AUTOMATIC|Incite Rage							
9							BONUS:VAR|TirelessRage|1				
10											
11											
12				ABILITY:Special Ability|AUTOMATIC|Blinding Speed							
#											
CLASS:Ex Blood Scaled Fury	HD:12	TYPE:NPC.Monster.Prestige.Dragon	ABB:XBlSF	MAXLEVEL:12	SOURCEPAGE:Drac	BONUS:CHECKS|BASE.Fortitude|CL/2+2	BONUS:CHECKS|BASE.Reflex|CL/3	BONUS:CHECKS|BASE.Will|CL/3	BONUS:COMBAT|BAB|CL|TYPE=Base.REPLACE	VISIBLE:NO	
CLASS:Ex Blood Scaled Fury	STARTSKILLPTS:2	CSKILL:Climb|Intimidate|Jump|Listen|Swim|Spot|Survival									
#											
CLASS:Disciple of Ashardalon	HD:8	TYPE:NPC.Monster.Prestige	ABB:DoAs	MAXLEVEL:12	SOURCEPAGE:Drac	BONUS:CHECKS|BASE.Fortitude|CL/2+2	BONUS:CHECKS|BASE.Reflex|CL/3	BONUS:CHECKS|BASE.Will|CL/2+2	BONUS:COMBAT|BAB|CL|TYPE=Base.REPLACE		
CLASS:Disciple of Ashardalon	PRERACE:1,RACETYPE=Dragon	PREALIGN:LE,NE,CE	PREATT:18	PRESKILL:2,Knowledge (Religion)=18,Knowledge (The Planes)=18	PREFEAT:2,Iron Will,Quicken Spell Like Ability	PRETEMPLATE:1,Initiate of Ashardalon					
CLASS:Disciple of Ashardalon	STARTSKILLPTS:4	CSKILL:Concentration|Hide|Intimidate|Knowledge (Arcana)|Knowledge (The Planes)|Knowledge (Religion)|Listen|Move Silently|Search|Sense Motive|Spellcraft|Spot									
1				ABILITY:Special Ability|AUTOMATIC|Fiendbond|Darkness (Sp)	ABILITY:Special Ability|AUTOMATIC|Resistance To Acid|Resistance To Cold|Resistance To Electricity|Resistance To Fire|Ashardalon Resistance		BONUS:VAR|AshardalonResistanceLVL|CL	BONUS:VAR|DarknessPerDay|3	BONUS:VAR|DarknessLVL|CL		
2				ABILITY:Special Ability|AUTOMATIC|Skill Point Increase	ABILITY:Special Ability|AUTOMATIC|Desecrate (Sp)		BONUS:VAR|DesecratePerDay|1	BONUS:VAR|DesecrateLVL|CL			
3				ABILITY:Special Ability|AUTOMATIC|Unholy Blight (Sp)	ABILITY:Special Ability|AUTOMATIC|Ability Increase 1		BONUS:VAR|UnholyBlightPerDay|1	BONUS:VAR|UnholyBlightLVL|CL			
4				ABILITY:Special Ability|AUTOMATIC|Poison (Sp)			BONUS:VAR|PoisonPerDay|3	BONUS:VAR|PoisonLVL|CL			
5				ABILITY:Special Ability|AUTOMATIC|Contagion (Sp)			BONUS:VAR|ContagionPerDay|1	BONUS:VAR|ContagionLVL|CL			
6				ABILITY:Special Ability|AUTOMATIC|Immunity To Poison|Blasphemy (Sp)	ABILITY:Special Ability|AUTOMATIC|Ability Increase 1	ABILITY:Special Ability|AUTOMATIC|Ability Increase 2	BONUS:VAR|BlasphemyPerDay|1	BONUS:VAR|BlasphemyLVL|CL			
7				ABILITY:Special Ability|AUTOMATIC|Natural Armor Increase	ABILITY:Special Ability|AUTOMATIC|Unhallow (Sp)		BONUS:VAR|UnhallowPerDay|1	BONUS:VAR|UnhallowLVL|CL	BONUS:VAR|NaturalArmorIncreaseBonus|1		
8				ABILITY:Special Ability|AUTOMATIC|Unholy Aura (Sp)			BONUS:VAR|UnholyAuraPerDay|3	BONUS:VAR|UnholyAuraLVL|CL			
9				ABILITY:Special Ability|AUTOMATIC|Horrid Wilting (Sp)	ABILITY:Special Ability|AUTOMATIC|Ability Increase 1		BONUS:VAR|HorridWiltingPerDay|1	BONUS:VAR|HorridWiltingLVL|CL			
10				ABILITY:Special Ability|AUTOMATIC|Skill Point Increase							
11				ABILITY:Special Ability|AUTOMATIC|Destruction (Sp)			BONUS:VAR|DestructionPerDay|1	BONUS:VAR|DestructionLVL|CL			
12				ABILITY:Special Ability|AUTOMATIC|Ability Increase 1|Fiendish Perfection	ABILITY:Special Ability|AUTOMATIC|Ability Increase 2					
#											
CLASS:Dispassionate Watcher of Chronepsis	HD:8	TYPE:NPC.Monster.Prestige.Dragon	ABB:DiWC	MAXLEVEL:12	SOURCEPAGE:Drac	BONUS:CHECKS|BASE.Fortitude|CL/2+2	BONUS:CHECKS|BASE.Reflex|CL/3	BONUS:CHECKS|BASE.Will|CL/2+2	BONUS:COMBAT|BAB|CL/3*4|TYPE=Base.REPLACE		
CLASS:Dispassionate Watcher of Chronepsis	PRERACE:1,RACETYPE=Dragon	PREALIGN:LN,NG,TN,NE,CN	PRESKILL:2,TYPE.Knowledge=20	PRESPELLCAST:TYPE=Divine	PREMULT:1,[PREDOMAIN:1,Knowledge],[PRESPELL:3,Detect Secret Doors,Detect Thoughts,Clairaudience/Clairvoyance,Divination,True Seeing,Find the Path,Legend Lore,Discern Location,Foresight]						
CLASS:Dispassionate Watcher of Chronepsis	STARTSKILLPTS:2	CSKILL:Concentration|Decipher Script|TYPE.Knowledge|Spellcraft									
1			VFEAT:Draconic Knowledge	ABILITY:Special Ability|AUTOMATIC|Divine Conversion	ABILITY:Special Ability|AUTOMATIC|Calming Aura		BONUS:PCLEVEL|Cleric|classlevel("Sorcerer")	BONUS:PCLEVEL|Sorcerer|(-1)*classlevel("Sorcerer")		BONUS:VAR|CalmingAuraRange|max(FrightfulPresRange,5*HD)	BONUS:VAR|DraconicKnowledge|CL
2	ADD:SPELLCASTER|Divine			ABILITY:Special Ability|AUTOMATIC|Comprehend Languages (Sp at will)			BONUS:VAR|ComprehendLanguagesLVL|CL				
3	ADD:SPELLCASTER|Divine										
4	ADD:SPELLCASTER|Divine			ABILITY:Special Ability|AUTOMATIC|Stunning Rebuke|Dispassionate Watcher Stunning Rebuke			BONUS:VAR|DispassionateWatcherStunningRebukeLVL|CL				
5	ADD:SPELLCASTER|Divine			ABILITY:Special Ability|AUTOMATIC|Tongues (Sp at will)			BONUS:VAR|TonguesLVL|CL				
6	ADD:SPELLCASTER|Divine			ABILITY:Special Ability|AUTOMATIC|Discern Lies (Su)							
7	ADD:SPELLCASTER|Divine										
8	ADD:SPELLCASTER|Divine										
9	ADD:SPELLCASTER|Divine			ABILITY:Special Ability|AUTOMATIC|Clearsight							
10	ADD:SPELLCASTER|Divine			ABILITY:Special Ability|AUTOMATIC|Vision (Sp)			BONUS:VAR|VisionPerDay|3	BONUS:VAR|VisionLVL|CL			
11	ADD:SPELLCASTER|Divine										
12	ADD:SPELLCASTER|Divine			ABILITY:Special Ability|AUTOMATIC|Analyze Dweomer (Sp at will)			BONUS:VAR|AnalyzeDweomerLVL|CL				
#											
CLASS:Dragon Ascendant	HD:12	TYPE:NPC.Monster.Prestige.Dragon	ABB:DrAs	MAXLEVEL:12	SOURCEPAGE:Drac	BONUS:CHECKS|BASE.Fortitude|CL/2+2	BONUS:CHECKS|BASE.Reflex|CL/2+2	BONUS:CHECKS|BASE.Will|CL/2+2	BONUS:COMBAT|BAB|CL|TYPE=Base.REPLACE	EXCLASS:Ex Dragon Ascendant	
CLASS:Dragon Ascendant	PRERACE:1,RACETYPE=Dragon	PREATT:30	PREFEAT:6,Draconic Knowledge,Fast Healing,Great Fortitude,Improved Speed,Iron Will,Lightning Reflexes	PRETEXT:Must consume all its hoards (at least of 1000'000 GP worth)							
CLASS:Dragon Ascendant	STARTSKILLPTS:6	CSKILL:Concentration|Diplomacy|Heal|Intimidate|Jump|Knowledge (Arcana)|Knowledge (The Planes)|Knowledge (Religion)|Listen|Search|Sense Motive|Spellcraft|Spot									
1				ABILITY:Special Ability|AUTOMATIC|Awesome Aura			BONUS:VAR|DragonAscendantAwesomeAuraLVL|CL				
2				ABILITY:Special Ability|AUTOMATIC|Hit Point Increase							
3				ABILITY:Special Ability|AUTOMATIC|Immunity To Polymorph|Immunity To Petrification							
4				ABILITY:Special Ability|AUTOMATIC|Hit Point Increase	ABILITY:Special Ability|AUTOMATIC|Increased Damage Reduction						
5											
6				ABILITY:Special Ability|AUTOMATIC|Hit Point Increase	ABILITY:Special Ability|AUTOMATIC|Lifewarding						
7				ABILITY:Special Ability|AUTOMATIC|Deflection Bonus							
8				ABILITY:Special Ability|AUTOMATIC|Hit Point Increase							
9				ABILITY:Special Ability|AUTOMATIC|Iron Mind							
10				ABILITY:Special Ability|AUTOMATIC|Hit Point Increase							
11				ABILITY:Special Ability|AUTOMATIC|Resistance To Fire	SR:33		BONUS:VAR|FireResistanceBonus|20				
12				ABILITY:Special Ability|AUTOMATIC|Hit Point Increase	ABILITY:Special Ability|AUTOMATIC|Immortality ~ Dragon Descendant						
#											
CLASS:Ex Dragon Ascendant	HD:12	TYPE:NPC.Monster.Prestige.Dragon	ABB:DrAs	MAXLEVEL:12	SOURCEPAGE:Drac	BONUS:CHECKS|BASE.Fortitude|CL/2+2	BONUS:CHECKS|BASE.Reflex|CL/2+2	BONUS:CHECKS|BASE.Will|CL/2+2	BONUS:COMBAT|BAB|CL|TYPE=Base.REPLACE	VISIBLE:NO	
CLASS:Ex Dragon Ascendant	STARTSKILLPTS:6	CSKILL:Concentration|Diplomacy|Heal|Intimidate|Jump|Knowledge (Arcana)|Knowledge (The Planes)|Knowledge (Religion)|Listen|Search|Sense Motive|Spellcraft|Spot									
1				ABILITY:Special Ability|AUTOMATIC|Awesome Aura			BONUS:VAR|DragonAscendantAwesomeAuraLVL|CL				
2				ABILITY:Special Ability|AUTOMATIC|Hit Point Increase							
3				ABILITY:Special Ability|AUTOMATIC|Immunity To Polymorph|Immunity To Petrification							
4				ABILITY:Special Ability|AUTOMATIC|Hit Point Increase	ABILITY:Special Ability|AUTOMATIC|Increased Damage Reduction						
5											
6				ABILITY:Special Ability|AUTOMATIC|Hit Point Increase	ABILITY:Special Ability|AUTOMATIC|Lifewarding						
7				ABILITY:Special Ability|AUTOMATIC|Deflection Bonus							
8				ABILITY:Special Ability|AUTOMATIC|Hit Point Increase							
9				ABILITY:Special Ability|AUTOMATIC|Iron Mind							
10				ABILITY:Special Ability|AUTOMATIC|Hit Point Increase							
11				ABILITY:Special Ability|AUTOMATIC|Resistance To Fire	SR:33		BONUS:VAR|FireResistanceBonus|20				
12				ABILITY:Special Ability|AUTOMATIC|Hit Point Increase	ABILITY:Special Ability|AUTOMATIC|Immortality						
#											
CLASS:Elemental Master	HD:12	TYPE:NPC.Monster.Prestige.Dragon	ABB:ElMa	MAXLEVEL:12	SOURCEPAGE:Drac	BONUS:CHECKS|BASE.Fortitude|CL/2+2	BONUS:CHECKS|BASE.Reflex|CL/2+2	BONUS:CHECKS|BASE.Will|CL/2+2	BONUS:COMBAT|BAB|CL|TYPE=Base.REPLACE		
CLASS:Elemental Master	PRERACE:1,RACETYPE=Dragon	PREATT:20	PREFEAT:3,TYPE=Metabreath	PRESPELLCAST:TYPE=Arcane	PRERACE:1,RACESUBTYPE=Air,RACESUBTYPE=Cold,RACESUBTYPE=Earth,RACESUBTYPE=Electricity,RACESUBTYPE=Fire,RACESUBTYPE=Water	PREABILITY:1,CATEGORY=Special Ability,Breath Weapon	PRETEXT:Breath weapon that deals energy damage.				
CLASS:Elemental Master	STARTSKILLPTS:2	CSKILL:Concentration|Knowledge (Arcana)|Knowledge (Geography)|Knowledge (Nature)|Knowledge (The Planes)|Spellcraft|Survival									
SUBCLASS:Air Elemental Master	COST:0
SUBCLASSLEVEL:1				ABILITY:Special Ability|AUTOMATIC|Air Mastery|Turn Earth|Rebuke Air							
SUBCLASSLEVEL:2			VFEAT:Energy Substitution(Sonic)								
SUBCLASSLEVEL:10				ABILITY:Special Ability|AUTOMATIC|Whirlwind (Sp)			BONUS:VAR|WhirlwindPerDay|3	BONUS:VAR|WhirlwindLVL|CL			
SUBCLASS:Earth Elemental Master	COST:0
SUBCLASSLEVEL:1				ABILITY:Special Ability|AUTOMATIC|Earth Mastery|Turn Air|Rebuke Earth							
SUBCLASSLEVEL:2			VFEAT:Energy Substitution(Acid)								
SUBCLASSLEVEL:10				ABILITY:Special Ability|AUTOMATIC|Earthquake (Sp)			BONUS:VAR|EarthquakePerDay|3	BONUS:VAR|EarthquakeLVL|CL			
SUBCLASS:Fire Elemental Master	COST:0
SUBCLASSLEVEL:1				ABILITY:Special Ability|AUTOMATIC|Fire mastery|Turn Water|Rebuke Fire							
SUBCLASSLEVEL:2			VFEAT:Energy Substitution(Fire)								
SUBCLASSLEVEL:10				ABILITY:Special Ability|AUTOMATIC|Incendiary Cloud (Sp)			BONUS:VAR|IncendiaryCloudPerDay|3	BONUS:VAR|IncendiaryCloudLVL|CL			
SUBCLASS:Water Elemental Master	COST:0
SUBCLASSLEVEL:1				ABILITY:Special Ability|AUTOMATIC|Water Mastery|Turn Fire|Rebuke Water							
SUBCLASSLEVEL:2			VFEAT:Energy Substitution(Electricity)								
SUBCLASSLEVEL:10				ABILITY:Special Ability|AUTOMATIC|Horrid Wilting (Sp)			BONUS:VAR|HorridWiltingPerDay|3	BONUS:VAR|HorridWiltingLVL|CL			
SUBCLASS:Cold Elemental Master	COST:0
SUBCLASSLEVEL:1				ABILITY:Special Ability|AUTOMATIC|Cold Mastery|Turn Fire|Rebuke Cold							
SUBCLASSLEVEL:2			VFEAT:Energy Substitution(Cold)								
SUBCLASSLEVEL:10				ABILITY:Special Ability|AUTOMATIC|Polar Ray (Sp)			BONUS:VAR|PolarRayPerDay|3	BONUS:VAR|PolarRayLVL|CL			
1				ABILITY:Special Ability|AUTOMATIC|Basic Turning|Elemental Master Turning			BONUS:VAR|TurnLevelBase,TurnDamagePlusBase|CL|TYPE=Level.REPLACE				
2				ABILITY:Special Ability|AUTOMATIC|Summon Elemental (Sp)|Elemental Master Summon Elemental							
3				ABILITY:Special Ability|AUTOMATIC|Energy Focus|Elemental Master Energy Focus			BONUS:VAR|ElementalMasterEnergyFocusLVL|CL	BONUS:ABILITYPOOL|Energy Focus|1			
4				ABILITY:Special Ability|AUTOMATIC|Energy Burst|Elemental Master Energy Burst			BONUS:VAR|ElementalMasterEnergyBurstLVL|CL				
5											
6											
7				ABILITY:Special Ability|AUTOMATIC|Energy Storm|Elemental Master Energy Storm			BONUS:VAR|ElementalMasterEnergyStormLVL|CL				
8											
9											
10											
11											
12				ABILITY:Special Ability|AUTOMATIC|Elemental Qualities							
#											
CLASS:Hidecarved Dragon	HD:10	TYPE:NPC.Monster.Prestige.Dragon	ABB:HidC	MAXLEVEL:12	SOURCEPAGE:Drac	BONUS:CHECKS|BASE.Fortitude|CL/2+2	BONUS:CHECKS|BASE.Reflex|CL/2+2	BONUS:CHECKS|BASE.Will|CL/2+2	BONUS:COMBAT|BAB|CL|TYPE=Base.REPLACE		
CLASS:Hidecarved Dragon	PRERACE:1,RACETYPE=Dragon	PREALIGN:LG,LN,LE	PRETEXT:Natural Armor Bonus at least +20	PRECHECKBASE:1,Will=12	PREFEAT:1,Iron Will						
CLASS:Hidecarved Dragon	STARTSKILLPTS:4	CSKILL:Balance|Climb|Concentration|Diplomacy|Escape Artist|Hide|Jump|Knowledge (Arcana)|Knowledge (Religion)|Listen|Move Silently|Sense Motive|Spot|Swim|Tumble									
1				ABILITY:Special Ability|AUTOMATIC|Increased Spell Resistance|Hidecarved Increased Spell Resistance			BONUS:VAR|HidecarvedIncreasedSpellResistanceLVL|CL				
2			VFEAT:Suppress Weakness	ABILITY:Special Ability|AUTOMATIC|Resistance To Poison			BONUS:VAR|PoisonResistanceBonus|4				
3				ABILITY:Special Ability|AUTOMATIC|Hidecarved Resistance			BONUS:ABILITYPOOL|Hidecarved Resistance|2				
4				ABILITY:Special Ability|AUTOMATIC|Still Mind			BONUS:VAR|HidecarvedNaturalArmorLVL|CL|Hidecarved Natural Armor				
5				ABILITY:Special Ability|AUTOMATIC|Increased Damage Reduction 2							
6							BONUS:ABILITYPOOL|Hidecarved Immunity|1	BONUS:ABILITYPOOL|Hidecarved Resistance|1			
7			VFEAT:Overcome Weakness	ABILITY:Special Ability|AUTOMATIC|Death Ward (Sp)			BONUS:VAR|DeathWardPerDay|1	BONUS:VAR|DeathWardLVL|CL			
8										SPELLS:Innate|TIMES=1|CASTERLEVEL=CL|Death Ward,14+WIS	
9				ABILITY:Special Ability|AUTOMATIC|Wholeness of Body|Hidecarved Wholeness of Body			BONUS:VAR|HidecarvedWholenessOfBodyLVL|CL				
10				ABILITY:Special Ability|AUTOMATIC|Immunity To Poison							
11											
12				ABILITY:Special Ability|AUTOMATIC|Superior Damage Reduction 2			BONUS:ABILITYPOOL|Hidecarved Immunity|1	BONUS:ABILITYPOOL|Hidecarved Resistance|1			
#											
CLASS:Sacred Warder of Bahamut	HD:10	TYPE:NPC.Monster.Prestige.Dragon	ABB:SWaB	MAXLEVEL:12	SOURCEPAGE:Drac	BONUS:CHECKS|BASE.Fortitude|CL/2+2	BONUS:CHECKS|BASE.Reflex|CL/3	BONUS:CHECKS|BASE.Will|CL/2+2	BONUS:COMBAT|BAB|CL|TYPE=Base.REPLACE		
CLASS:Sacred Warder of Bahamut	PRERACE:1,RACETYPE=Dragon	PREALIGN:LG,NG	PREATT:15	PREFEAT:2,Endure Blows,Power Attack	PRESPELLCAST:TYPE=Divine	PREDOMAIN:1,Protection	PREDR:1,Magic=5				
CLASS:Sacred Warder of Bahamut	STARTSKILLPTS:2	CSKILL:Concentration|Diplomacy|Heal|Knowledge (Religion)|Sense Motive									
1				ABILITY:Special Ability|AUTOMATIC|Divine Conversion			BONUS:PCLEVEL|Cleric|classlevel("Sorcerer")	BONUS:PCLEVEL|Sorcerer|(-1)*classlevel("Sorcerer")			
2	ADD:SPELLCASTER|Divine			ABILITY:Special Ability|AUTOMATIC|Smite Evil Dragons|Sacred Warder Smite Evil Dragons			BONUS:VAR|SacredWarderSmiteEvilDragonLVL|CL				
3	ADD:SPELLCASTER|Divine			ABILITY:Special Ability|AUTOMATIC|Aura of Courage (Ex)|Immunity To Fear			BONUS:VAR|SacredWarderAuraOfCourageLVL|CL				
4	ADD:SPELLCASTER|Divine										
5	ADD:SPELLCASTER|Divine										
6	ADD:SPELLCASTER|Divine						BONUS:VAR|SmiteEvilDragons|1				
7	ADD:SPELLCASTER|Divine			ABILITY:Special Ability|AUTOMATIC|Sacred Shield|Sacred Warder Sacred Shield			BONUS:VAR|SacredWarderSacredShieldLVL|CL				
8	ADD:SPELLCASTER|Divine										
9	ADD:SPELLCASTER|Divine										
10	ADD:SPELLCASTER|Divine						BONUS:VAR|SmiteEvilDragons|1				
11	ADD:SPELLCASTER|Divine										
12	ADD:SPELLCASTER|Divine			ABILITY:Special Ability|AUTOMATIC|Area Sacred Shield							
#											
CLASS:Unholy Ravager of Tiamat	HD:10	TYPE:NPC.Monster.Prestige.Dragon	ABB:URT	MAXLEVEL:12	SOURCEPAGE:Drac	BONUS:CHECKS|BASE.Fortitude|CL/2+2	BONUS:CHECKS|BASE.Reflex|CL/3	BONUS:CHECKS|BASE.Will|CL/2+2	BONUS:COMBAT|BAB|CL|TYPE=Base.REPLACE		
CLASS:Unholy Ravager of Tiamat	PRERACE:1,RACETYPE=Dragon	PREALIGN:LE,NE	PREATT:15	PREFEAT:3,Maximize Breath,Recover Breath,Tempest Breath	PRESPELLCAST:TYPE=Divine	PREDOMAIN:1,Destruction					
CLASS:Unholy Ravager of Tiamat	STARTSKILLPTS:2	CSKILL:Climb|Concentration|Intimidate|Jump|Knowledge (Arcana)|Knowledge (Religion)|Spellcraft|Swim|Survival									
1				ABILITY:Special Ability|AUTOMATIC|Divine Conversion	ABILITY:Special Ability|AUTOMATIC|Unholy Ravager Smite		BONUS:PCLEVEL|Cleric|classlevel("Sorcerer")	BONUS:PCLEVEL|Sorcerer|(-1)*classlevel("Sorcerer")	BONUS:VAR|UnholyRavagerSmiteLVL|CL		
2	ADD:SPELLCASTER|Divine			ABILITY:Special Ability|AUTOMATIC|Breath Weapon Substitution (Sp at will)			BONUS:VAR|BreathWeaponSubstitutionLVL|CL				
3	ADD:SPELLCASTER|Divine			ABILITY:Special Ability|AUTOMATIC|Aura of Despair ~ Dragon							
4	ADD:SPELLCASTER|Divine										
5	ADD:SPELLCASTER|Divine										
6	ADD:SPELLCASTER|Divine										
7	ADD:SPELLCASTER|Divine			ABILITY:Special Ability|AUTOMATIC|Profane Blast|Unholy Ravager Profane Blast							
8	ADD:SPELLCASTER|Divine										
9	ADD:SPELLCASTER|Divine										
10	ADD:SPELLCASTER|Divine										
11	ADD:SPELLCASTER|Divine										
12	ADD:SPELLCASTER|Divine			ABILITY:Special Ability|AUTOMATIC|Mass Profane Blast							
#											
CLASS:Dracolyte	HD:8	TYPE:Prestige	ABB:Drl	MAXLEVEL:10	SOURCEPAGE:Drac	BONUS:CHECKS|BASE.Fortitude|CL/2+2	BONUS:CHECKS|BASE.Reflex|CL/3	BONUS:CHECKS|BASE.Will|CL/2+2	BONUS:COMBAT|BAB|CL*3/4|TYPE=Base.REPLACE	EXCLASS:Ex Dracolyte	
CLASS:Dracolyte	!PRERACE:1,RACETYPE=Dragon	PREFEAT:2,Dragonfriend,Toughness	PRESKILL:2,Concentration=8,Knowledge (Religion)=8	PRESKILL:2,Diplomacy=4,Knowledge (Arcana)=4	PRELANG:1,Draconic	PRESPELLCAST:TYPE=Divine	PRESPELLTYPE:1,Divine=2				
CLASS:Dracolyte	STARTSKILLPTS:2	CSKILL:Bluff|Concentration|Diplomacy|Heal|Jump|Knowledge (Arcana)|Knowledge (Religion)|Spellcraft									
1	ADD:SPELLCASTER|Divine					DOMAIN:Glory|Domination					
2	ADD:SPELLCASTER|Divine										
3	ADD:SPELLCASTER|Divine		VFEAT:Alertness								
4	ADD:SPELLCASTER|Divine										
5	ADD:SPELLCASTER|Divine			ABILITY:Special Ability|AUTOMATIC|Foster Dragon			BONUS:VAR|FosterDragonLVL|1				
6	ADD:SPELLCASTER|Divine										
7	ADD:SPELLCASTER|Divine			ABILITY:Special Ability|AUTOMATIC|Immunity To Sleep|Immunity To Paralysis							
8	ADD:SPELLCASTER|Divine										
9	ADD:SPELLCASTER|Divine						VISION:Keen Senses|Darkvision (60')|Low-Light				
10	ADD:SPELLCASTER|Divine			ABILITY:Special Ability|AUTOMATIC|Summon Dragon|Dracolyte Summon Dragon							
#											
CLASS:Ex Dracolyte	HD:8	TYPE:Prestige	ABB:xDrl	MAXLEVEL:10	SOURCEPAGE:Drac	BONUS:CHECKS|BASE.Fortitude|CL/2+2	BONUS:CHECKS|BASE.Reflex|CL/3	BONUS:CHECKS|BASE.Will|CL/2+2	BONUS:COMBAT|BAB|CL*3/4|TYPE=Base.REPLACE	VISIBLE:NO	
CLASS:Ex Dracolyte	STARTSKILLPTS:2	CSKILL:Bluff|Concentration|Diplomacy|Heal|Jump|Knowledge (Arcana)|Knowledge (Religion)|Spellcraft									
1	ADD:SPELLCASTER|Divine					DOMAIN:Glory|Domination					
2	ADD:SPELLCASTER|Divine										
3	ADD:SPELLCASTER|Divine		VFEAT:Alertness								
4	ADD:SPELLCASTER|Divine										
5	ADD:SPELLCASTER|Divine			ABILITY:Special Ability|AUTOMATIC|Foster Dragon			BONUS:VAR|FosterDragonLVL|1				
6	ADD:SPELLCASTER|Divine										
7	ADD:SPELLCASTER|Divine			ABILITY:Special Ability|AUTOMATIC|Immunity To Sleep|Immunity To Paralysis							
8	ADD:SPELLCASTER|Divine										
9	ADD:SPELLCASTER|Divine						VISION:Keen Senses|Darkvision (60')|Low-Light				
10	ADD:SPELLCASTER|Divine			ABILITY:Special Ability|AUTOMATIC|Summon Dragon|Dracolyte Summon Dragon							
#											
CLASS:Dragonkith	HD:8	TYPE:Prestige	ABB:Dkt	MAXLEVEL:10	SOURCEPAGE:Drac	BONUS:CHECKS|BASE.Fortitude|CL/2+2	BONUS:CHECKS|BASE.Reflex|CL/3	BONUS:CHECKS|BASE.Will|CL/3	BONUS:COMBAT|BAB|CL|TYPE=Base.REPLACE		
CLASS:Dragonkith	PREATT:6	PREFEAT:2,Alertness,Endurance	PRESKILL:1,Knowledge (Arcana)=4	PRELANG:1,Draconic	PRETEXT:Must be chosen by a dragon of the same alignment.						
CLASS:Dragonkith	STARTSKILLPTS:4	CSKILL:Appraise|Bluff|TYPE.Craft|Diplomacy|Intimidate|TYPE.Knowledge|TYPE.Profession|Search|Spot									
1				ABILITY:Special Ability|AUTOMATIC|Scales|Dragonkith Scales|Telepathic Plea			BONUS:VAR|DragonkithScalesLVL|CL				
2				ABILITY:Special Ability|AUTOMATIC|Mighty Attack|Dragonkith Mighty Attack			BONUS:VAR|DragonkithMightyAttackLVL|CL				
3				ABILITY:Special Ability|AUTOMATIC|Detect Treasure|Dragonkith Detect Treasure|Dragonkith Resistance			BONUS:ABILITYPOOL|Dragonkith Resistance|1	BONUS:VAR|DragonkithResistanceLVL|CL			
4											
5				ABILITY:Special Ability|AUTOMATIC|Telepathic Link							
6				ABILITY:Special Ability|AUTOMATIC|Sorcerous Knack							
7											
8											
9				ABILITY:Special Ability|AUTOMATIC|Share Spells							
10											
#											
CLASS:Dragonrider	HD:10	TYPE:Prestige	ABB:Drg	MAXLEVEL:5	SOURCEPAGE:Drac	BONUS:CHECKS|BASE.Fortitude|CL/2+2	BONUS:CHECKS|BASE.Reflex|CL/3	BONUS:CHECKS|BASE.Will|CL/2+2	BONUS:COMBAT|BAB|CL|TYPE=Base.REPLACE		
CLASS:Dragonrider	PREATT:5	PREFEAT:1,Mounted Combat,Skill Focus(Ride)	PRESKILL:2,Diplomacy=4,Handle Animal=4	PRESKILL:1,Ride=8	PRELANG:1,Draconic						
CLASS:Dragonrider	STARTSKILLPTS:4	CSKILL:Balance|Concentration|Diplomacy|Handle Animal|Jump|Ride|Spot|Tumble									
1		ABILITY:Special Ability|AUTOMATIC|Weapon and Armor Proficiency ~ Dragonrider									
#											
1				ABILITY:Special Ability|AUTOMATIC|Dragonriding|Dragonrider Dragonriding|Immunity To Frightful Presence ~ mount			BONUS:VAR|DragonriderDragonridingLVL|CL				
2				ABILITY:Special Ability|AUTOMATIC|Mounted Spellcasting							
3							BONUS:ABILITYPOOL|Dragonrider Feat|1				
4				ABILITY:Special Ability|AUTOMATIC|Flyby Attack							
5				ABILITY:Special Ability|AUTOMATIC|Spur Mount							
#											
CLASS:Dragonslayer	HD:10	TYPE:Prestige	ABB:Drg	MAXLEVEL:10	SOURCEPAGE:Drac	BONUS:CHECKS|BASE.Fortitude|CL/2+2	BONUS:CHECKS|BASE.Reflex|CL/3	BONUS:CHECKS|BASE.Will|CL/2+2	BONUS:COMBAT|BAB|CL|TYPE=Base.REPLACE		
CLASS:Dragonslayer	PREATT:5	PREFEAT:1,Dodge,Iron Will	PRESKILL:1,Tumble=2								
CLASS:Dragonslayer	STARTSKILLPTS:2	CSKILL:Climb|TYPE.Craft|Intimidate|Knowledge (Arcana)|Jump|Search|Tumble									
1		ABILITY:Special Ability|AUTOMATIC|Weapon and Armor Proficiency ~ Dragonslayer
#											
1	ADD:SPELLCASTER|ANY			ABILITY:Special Ability|AUTOMATIC|Aura of Courage|Immunity To Fear|Damage Bonus ~ dragons|Dragonslayer Damage Bonus			BONUS:VAR|DragonslayerDamageBonusLVL|CL				
2				ABILITY:Special Ability|AUTOMATIC|Overcome Draconic Spell Resistance|Dragonslayer Overcome Draconic Spell Resistance			BONUS:VAR|DragonslayerOvercomeDraconicSpellResistanceLVL|0				
3	ADD:SPELLCASTER|ANY			ABILITY:Special Ability|AUTOMATIC|Dragonslayer DR			BONUS:VAR|DragonslayerDRLVL|CL				
4											
5	ADD:SPELLCASTER|ANY			ABILITY:Special Ability|AUTOMATIC|Resistance To Acid|Resistance To Cold|Resistance To Fire|Resistance To Sonic			BONUS:VAR|DragonslayerResistanceLVL|CL				
6			VFEAT:Lightning Reflexes								
7	ADD:SPELLCASTER|ANY			ABILITY:Special Ability|AUTOMATIC|Improved Critical ~ Dragonslayer							
8											
9	ADD:SPELLCASTER|ANY										
10				ABILITY:Special Ability|AUTOMATIC|True Strike (Sp/Dragons)|Dragonslayer True Strike Dragons							
#											
CLASS:Dragonsong Lyrist	HD:6	TYPE:Prestige	ABB:Dsl	MAXLEVEL:5	SOURCEPAGE:Drac	BONUS:CHECKS|BASE.Fortitude|CL/3	BONUS:CHECKS|BASE.Reflex|CL/2+2	BONUS:CHECKS|BASE.Will|CL/2+2	BONUS:COMBAT|BAB|CL*3/4|TYPE=Base.REPLACE		
CLASS:Dragonsong Lyrist	PREALIGN:LG,LN,NG,TN,CG,CN	PREFEAT:1,Dragonsong	PRESKILL:3,Concentration=5,Diplomacy=5,Knowledge (Arcana)=5	PRESKILL:1,Perform (Oratory)=10,Perform (Sing)=10	PRELANG:1,Draconic						
CLASS:Dragonsong Lyrist	STARTSKILLPTS:4	CSKILL:Bluff|Concentration|TYPE.Craft|Diplomacy|Knowledge (Arcana)|Listen|TYPE.Perform|Sense Motive									
1				ABILITY:Special Ability|AUTOMATIC|Greater Dragonsong|Greater Dragonsong ~ Song of Strength			BONUS:VAR|GreaterDragonsongLVL|CL				
2	ADD:SPELLCASTER|ANY			ABILITY:Special Ability|AUTOMATIC|Greater Dragonsong ~ Song of Compulsion							
3				ABILITY:Special Ability|AUTOMATIC|Greater Dragonsong ~ Song of Flight							
4	ADD:SPELLCASTER|ANY			ABILITY:Special Ability|AUTOMATIC|Greater Dragonsong ~ Song of Fear							
5				ABILITY:Special Ability|AUTOMATIC|Greater Dragonsong ~ Song of Healing							
#											
CLASS:Dragonstalker	HD:8	TYPE:Prestige	ABB:Dst	MAXLEVEL:10	SOURCEPAGE:Drac	BONUS:CHECKS|BASE.Fortitude|CL/3	BONUS:CHECKS|BASE.Reflex|CL/2+2	BONUS:CHECKS|BASE.Will|CL/2+2	BONUS:COMBAT|BAB|CL|TYPE=Base.REPLACE		
CLASS:Dragonstalker	PREATT:5	PREFEAT:2,Blind Fight,Track	PRESKILL:2,Gather Information=4,Knowledge (Arcana)=4	PRESKILL:3,Hide=6,Move Silently=6,Search=6	PRELANG:1,Draconic						
CLASS:Dragonstalker	STARTSKILLPTS:4	CSKILL:Bluff|Climb|TYPE.Craft|Diplomacy|Disguise|Gather Information|Hide|Jump|Knowledge (Arcana)|Knowledge (Local)|Listen|Move Silently|Search|Spot|Survival									
1		ABILITY:Special Ability|AUTOMATIC|Weapon and Armor Proficiency ~ Dragonstalker
#											
1				ABILITY:Special Ability|AUTOMATIC|Hunting bonus|Dragonstalker Hunting Bonus			BONUS:VAR|DragonstalkerHuntingBonusLVL|CL				
2				ABILITY:Special Ability|AUTOMATIC|Dragons Sneak Attack|Dragonstalker Dragons Sneak Attack			BONUS:VAR|DragonstalkerDragonsSneakAttackLVL|CL				
3				ABILITY:Special Ability|AUTOMATIC|Ignore Natural Armor|Dragonstalker Ignore Natural Armor			BONUS:VAR|DragonstalkerIgnoreNaturalArmorLVL|CL				
4											
5				ABILITY:Special Ability|AUTOMATIC|Hide Scent							
6											
7											
8											
9				ABILITY:Special Ability|AUTOMATIC|Foil Blindsense|Dragonstalker Foil Blindsense							
10				ABILITY:Special Ability|AUTOMATIC|Dragonstrike							
#											
CLASS:Hoardstealer	HD:6	TYPE:Prestige	ABB:Hds	MAXLEVEL:10	SOURCEPAGE:Drac	BONUS:CHECKS|BASE.Fortitude|CL/3	BONUS:CHECKS|BASE.Reflex|CL/2+2	BONUS:CHECKS|BASE.Will|CL/3	BONUS:COMBAT|BAB|CL*3/4|TYPE=Base.REPLACE		
CLASS:Hoardstealer	PREALIGN:NG,TN,NE,CG,CN,CE	PRESKILL:4,Appraise=8,Hide=8,Move Silently=8,Search=8	PRESKILL:3,Disable Device=4,Escape Artist=4,Open Lock=4	PRETEXT:the characther must have partecipated in the locatio and recovery of a treasure hoard (dragon or otherwise) valued at 5'000 GP or more.							
CLASS:Hoardstealer	STARTSKILLPTS:6	CSKILL:Appraise|Balance|Bluff|Climb|Concentration|Decipher Script|Disable Device|Escape Artist|Gather Information|Jump|Open Lock|Search|Swim|Use Magic Device|Use Rope									
CLASS:Hoardstealer	SPELLSTAT:INT	SPELLTYPE:Arcane	SPELLBOOK:YES	KNOWNSPELLS:LEVEL=0	BONUS:CASTERLEVEL|Hoardstealer|CL						
1		ABILITY:Special Ability|AUTOMATIC|Weapon and Armor Proficiency ~ Hoardstealer
#											
1	CAST:0,0			ABILITY:Special Ability|AUTOMATIC|Trapfinding			VISION:Darkvision (0')	BONUS:VISION|Darkvision|30			
2	CAST:0,1			ABILITY:Special Ability|AUTOMATIC|Hide from Dragons (Sp)			BONUS:VAR|HideFromDragonsPerDay|((CL+2)/4)	BONUS:VAR|HideFromDragonsLVL|CL			
3	CAST:0,1,0			ABILITY:Special Ability|AUTOMATIC|Trap Sense Ability|Hoardstealer Trap Sense|Deep Pockets|Hoardstealer Deep Pockets			BONUS:VAR|HoardstealerTrapSenseLVL|CL	BONUS:VAR|HoardstealerDeepPocketsLVL|CL			
4	CAST:0,1,1			ABILITY:Special Ability|AUTOMATIC|Treasure Dowsing|Hoardstealer Treasure Dowsing			BONUS:VAR|HoardstealerTreasureDowsingLVL|CL				
5	CAST:0,1,1,0							BONUS:VISION|Darkvision|30			
6	CAST:0,1,1,1										
7	CAST:0,2,1,1										
8	CAST:0,2,1,1,1					BONUS:ABILITYPOOL|Skill Mastery|3+INT					
9	CAST:0,2,2,1,1							BONUS:VISION|Darkvision|30			
10	CAST:0,2,2,2,1										
#											
CLASS:Initiate of the Draconic Myeteries	HD:8	TYPE:Prestige	ABB:Idm	MAXLEVEL:10	SOURCEPAGE:Drac	BONUS:CHECKS|BASE.Fortitude|CL/2+2	BONUS:CHECKS|BASE.Reflex|CL/2+2	BONUS:CHECKS|BASE.Will|CL/2+2	BONUS:COMBAT|BAB|CL*3/4|TYPE=Base.REPLACE		
CLASS:Initiate of the Draconic Myeteries	PREFEAT:3,Alertness,Improved Unarmed Strike,Power Attack	PRESKILL:2,Concentration=6,Knowledge (Arcana)=6	PRESKILL:1,Jump=8	PRESKILL:2,Knowledge (Religion)=4,Tumble=4	PRELANG:1,Draconic						
CLASS:Initiate of the Draconic Myeteries	STARTSKILLPTS:4	CSKILL:Balance|Concentration|Diplomacy|Escape Artist|Heal|Listen|Knowledge (Arcana)|Knowledge (Religion)|Spot|Tumble									
1	UDAM:1d1,1d1,1d1,1d2,1d3,1d4,1d6,1d8,2d6	UMULT:2		ABILITY:Special Ability|AUTOMATIC|Evasion			BONUS:VAR|EvasionUsable,ImprovedEvasionUsable|1|TYPE=Prerequisite|PREEQUIP:1,TYPE=Medium,TYPE=Heavy				
2	UDAM:1d1,1d1,1d1,1d2,1d3,1d4,1d6,1d8,2d6			ABILITY:Special Ability|AUTOMATIC|Claws of the Dragon							
3	UDAM:1d1,1d1,1d1,1d2,1d3,1d4,1d6,1d8,2d6			ABILITY:Special Ability|AUTOMATIC|Keen Senses			VISION:Low-Light|Darkvision (60')				
4	UDAM:1d1,1d1,1d2,1d3,1d4,1d6,1d8,2d6,2d8										
5	UDAM:1d1,1d1,1d2,1d3,1d4,1d6,1d8,2d6,2d8			ABILITY:Special Ability|AUTOMATIC|Frightful Presence|Initiate Frightfull Presence			BONUS:VAR|InitiateFrightfulPresenceLVL|CL				
6	UDAM:1d1,1d1,1d2,1d3,1d4,1d6,1d8,2d6,2d8			ABILITY:Special Ability|AUTOMATIC|Improved Evasion							
7	UDAM:1d1,1d1,1d2,1d3,1d4,1d6,1d8,2d6,2d8			ABILITY:Special Ability|AUTOMATIC|Initiate Spell Resistance			BONUS:VAR|InitiateSR|CL				
8	UDAM:1d1,1d2,1d3,1d4,1d6,1d8,2d6,2d8,3d6										
9	UDAM:1d1,1d2,1d3,1d4,1d6,1d8,2d6,2d8,3d6	UMULT:3		ABILITY:Special Ability|AUTOMATIC|Timeless Body						TEMPLATE:Timeless Body	
10	UDAM:1d1,1d2,1d3,1d4,1d6,1d8,2d6,2d8,3d6			ABILITY:Special Ability|AUTOMATIC|Dragonshape|Initiate Dragonshape							
#											
CLASS:Platinum Light	HD:8	TYPE:Prestige	ABB:Plk	MAXLEVEL:10	SOURCEPAGE:Drac	BONUS:CHECKS|BASE.Fortitude|CL/2+2	BONUS:CHECKS|BASE.Reflex|CL/3	BONUS:CHECKS|BASE.Will|CL/2+2	BONUS:COMBAT|BAB|CL|TYPE=Base.REPLACE		
CLASS:Platinum Light	PREALIGN:LG,NG,CG	PREATT:5	PREFEAT:1,Dragonfriend	PRESKILL:2,Diplomacy=4,Knowledge (Arcana)=4	PRELANG:1,Draconic						
CLASS:Platinum Light	STARTSKILLPTS:2	CSKILL:Concentration|Diplomacy|Heal|Intimidate|Knowledge (Arcana)|Ride|Sense Motive									
1		ABILITY:Special Ability|AUTOMATIC|Weapon and Armor Proficiency ~ Platinum Light									
#											
1				ABILITY:Special Ability|AUTOMATIC|Smite Evil Dragons|Platinum Knight Smite Evil Dragons|Immunity to Frightful Presence			BONUS:VAR|PlatinumKnightSmiteEvilDragonLVL|CL				
2	ADD:SPELLCASTER|ANY						BONUS:VAR|PlatinumKnightPlatinumScalesLVL|CL				
3				ABILITY:Special Ability|AUTOMATIC|Platinum Scales							
4	ADD:SPELLCASTER|ANY										
5				ABILITY:Special Ability|AUTOMATIC|Bahamut's Grace							
6	ADD:SPELLCASTER|ANY										
7											
8	ADD:SPELLCASTER|ANY										
9				ABILITY:Special Ability|AUTOMATIC|Ability Enhancement (+2 Cha)							
10	ADD:SPELLCASTER|ANY			ABILITY:Special Ability|AUTOMATIC|True Seeing							
#											
CLASS:Talon of Tiamat	HD:8	TYPE:Prestige	ABB:Tot	MAXLEVEL:10	SOURCEPAGE:Drac	BONUS:CHECKS|BASE.Fortitude|CL/2+2	BONUS:CHECKS|BASE.Reflex|CL/3	BONUS:CHECKS|BASE.Will|CL/3	BONUS:COMBAT|BAB|CL*3/4|TYPE=Base.REPLACE		
CLASS:Talon of Tiamat	PREALIGN:LE,NE,CE	PREATT:4	PREFEAT:1,Dragonthrall	PRESKILL:3,Bluff=4,Intimidate=4,Knowledge (Arcana)=4	PRELANG:1,Draconic						
CLASS:Talon of Tiamat	STARTSKILLPTS:2	CSKILL:Appraise|Bluff|Concentration|Intimidate|Knowledge (Arcana)|Ride|Search|Sense Motive|Spellcraft									
1		ABILITY:Special Ability|AUTOMATIC|Weapon and Armor Proficiency ~ Talon of Tiamat
#											
1				ABILITY:Special Ability|AUTOMATIC|Breath Weapon ~ Cone of Frost|Talon of Tiamat Breath Weapon							
2	ADD:SPELLCASTER|ANY			ABILITY:Special Ability|AUTOMATIC|Voice of the Dragon|Talon of Tiamat Voice of the Dragon			BONUS:VAR|TalonOfTiamatVoiceOfTheDragonLVL|CL				
3											
4	ADD:SPELLCASTER|ANY			ABILITY:Special Ability|AUTOMATIC|Keen Senses			VISION:Low-Light				
5											
6	ADD:SPELLCASTER|ANY			ABILITY:Special Ability|AUTOMATIC|Immunity To Sleep|Immunity To Paralysis			BONUS:ABILITYPOOL|Talon of Tiamat Immunity|1				
7											
8	ADD:SPELLCASTER|ANY			ABILITY:Special Ability|AUTOMATIC|Frightful Presence|Talon of Tiamat Frightfull Presence			VISION:Darkvision (60')	BONUS:VAR|TalonOfTiamatFrightfulPresenceLVL|CL			
9											
10	ADD:SPELLCASTER|ANY			ABILITY:Special Ability|AUTOMATIC|Dominate Dragon|Talon of Tiamat Dominate Dragon							
