SOURCELONG:Complete Adventurer	SOURCESHORT:CAd	SOURCEWEB:http://www.gozzilioni.net											
													
###Block								mods	eqmods				
Gemstone of Fortification (Light)	OUTPUTNAME:Gemstone of Light Fortification	TYPE:Magic.Wondrous	COST:3000	WT:0		SOURCEPAGE:Drac				SPROP:Critical and Sneak Attack bonus damage negated(25% of time)			
Gemstone of Fortification (Medium)	OUTPUTNAME:Gemstone of Medium Fortification	TYPE:Magic.Wondrous	COST:15000	WT:0		SOURCEPAGE:Drac				SPROP:Critical and Sneak Attack bonus damage negated(75% of time)			
Gemstone of Fortification (Heavy)	OUTPUTNAME:Gemstone of Heavy Fortification	TYPE:Magic.Wondrous	COST:35000	WT:0		SOURCEPAGE:Drac				SPROP:Critical and Sneak Attack bonus damage negated(100% of time)			
Gorget of Tempest Breath		TYPE:Magic.Wondrous.Necklace	COST:10000	WT:10		SOURCEPAGE:Drac					VFEAT:Tempest Breath		
Jaws of the Dragon		TYPE:Magic.Wondrous	COST:40000	WT:8		SOURCEPAGE:Drac				SPROP:gains the benefit of Sharptooth spells|PREWEAPONPROF:1,Bite			
Pectoral of Maneuverability		TYPE:Magic.Wondrous.Robe	COST:12000	WT:5		SOURCEPAGE:Drac						BONUS:VAR|Maneuverability|1	
Pectoral of Maneuverability (Greater)	OUTPUTNAME:Pectoral of Maneuverability, Greater	TYPE:Magic.Wondrous.Robe	COST:90000	WT:5		SOURCEPAGE:Drac						BONUS:VAR|Maneuverability|2	
													
Dragonhide Mantle (Black)	OUTPUTNAME:[NAME] Dragonhide Mantle	TYPE:Magic.Wondrous.Cape.Armor.Medium.Suit	COST:800	WT:25		SOURCEPAGE:Drac		EQMOD:DRAGCRFTA_LT.DRAGCRFTA_MET_BLK		SPROP:+2 circumstances bonus on Intimidate checks against dragons.			
Dragonhide Mantle (Green)	OUTPUTNAME:[NAME] Dragonhide Mantle	TYPE:Magic.Wondrous.Cape.Armor.Medium.Suit	COST:800	WT:25		SOURCEPAGE:Drac		EQMOD:DRAGCRFTA_LT.DRAGCRFTA_MET_GRN		SPROP:+2 circumstances bonus on Intimidate checks against dragons.			
Dragonhide Mantle (White)	OUTPUTNAME:[NAME] Dragonhide Mantle	TYPE:Magic.Wondrous.Cape.Armor.Medium.Suit	COST:800	WT:25		SOURCEPAGE:Drac		EQMOD:DRAGCRFTA_LT.DRAGCRFTA_MET_WHT		SPROP:+2 circumstances bonus on Intimidate checks against dragons.			
Dragonhide Mantle (Blue)	OUTPUTNAME:[NAME] Dragonhide Mantle	TYPE:Magic.Wondrous.Cape.Armor.Medium.Suit	COST:800	WT:25		SOURCEPAGE:Drac		EQMOD:DRAGCRFTA_LT.DRAGCRFTA_MET_BLU		SPROP:+2 circumstances bonus on Intimidate checks against dragons.			
Dragonhide Mantle (Red)	OUTPUTNAME:[NAME] Dragonhide Mantle	TYPE:Magic.Wondrous.Cape.Armor.Medium.Suit	COST:800	WT:25		SOURCEPAGE:Drac		EQMOD:DRAGCRFTA_LT.DRAGCRFTA_MET_RED		SPROP:+2 circumstances bonus on Intimidate checks against dragons.			
Dragonhide Mantle (Copper)	OUTPUTNAME:[NAME] Dragonhide Mantle	TYPE:Magic.Wondrous.Cape.Armor.Medium.Suit	COST:800	WT:25		SOURCEPAGE:Drac		EQMOD:DRAGCRFTA_LT.DRAGCRFTA_CHR_COP		SPROP:+2 circumstances bonus on Intimidate checks against dragons.			
Dragonhide Mantle (Silver)	OUTPUTNAME:[NAME] Dragonhide Mantle	TYPE:Magic.Wondrous.Cape.Armor.Medium.Suit	COST:800	WT:25		SOURCEPAGE:Drac		EQMOD:DRAGCRFTA_LT.DRAGCRFTA_CHR_SIL		SPROP:+2 circumstances bonus on Intimidate checks against dragons.			
Dragonhide Mantle (Bronze)	OUTPUTNAME:[NAME] Dragonhide Mantle	TYPE:Magic.Wondrous.Cape.Armor.Medium.Suit	COST:800	WT:25		SOURCEPAGE:Drac		EQMOD:DRAGCRFTA_LT.DRAGCRFTA_CHR_BRZ		SPROP:+2 circumstances bonus on Intimidate checks against dragons.			
Dragonhide Mantle (Brass)	OUTPUTNAME:[NAME] Dragonhide Mantle	TYPE:Magic.Wondrous.Cape.Armor.Medium.Suit	COST:800	WT:25		SOURCEPAGE:Drac		EQMOD:DRAGCRFTA_LT.DRAGCRFTA_CHR_BRS		SPROP:+2 circumstances bonus on Intimidate checks against dragons.			
Dragonhide Mantle (Gold)	OUTPUTNAME:[NAME] Dragonhide Mantle	TYPE:Magic.Wondrous.Cape.Armor.Medium.Suit	COST:800	WT:25		SOURCEPAGE:Drac		EQMOD:DRAGCRFTA_LT.DRAGCRFTA_CHR_GLD		SPROP:+2 circumstances bonus on Intimidate checks against dragons.			
													
###Block													
Boots of Dragonstriding		TYPE:Magic.Wondrous.Boot	COST:10000	WT:1	SLOTS:2	SOURCEPAGE:Drac					SPELLS:Boots of Dragonstriding|TIMES=1|CASTERLEVEL=9|Jump	BONUS:SKILL|Climb,Jump|5|TYPE=Enhancement	
Bracers of Dragonhide Armor +1		TYPE:Magic.Wondrous.Bracer	COST:5000	WT:1	SLOTS:2	SOURCEPAGE:Drac						BONUS:COMBAT|AC|1|TYPE=NaturalArmorEnhancement	
Bracers of Dragonhide Armor +2		TYPE:Magic.Wondrous.Bracer	COST:11000	WT:1	SLOTS:2	SOURCEPAGE:Drac						BONUS:COMBAT|AC|2|TYPE=NaturalArmorEnhancement	
Bracers of Dragonhide Armor +3		TYPE:Magic.Wondrous.Bracer	COST:21000	WT:1	SLOTS:2	SOURCEPAGE:Drac						BONUS:COMBAT|AC|3|TYPE=NaturalArmorEnhancement	
Bracers of Dragonhide Armor +4		TYPE:Magic.Wondrous.Bracer	COST:35000	WT:1	SLOTS:2	SOURCEPAGE:Drac						BONUS:COMBAT|AC|4|TYPE=NaturalArmorEnhancement	
Bracers of Dragonhide Armor +5		TYPE:Magic.Wondrous.Bracer	COST:53000	WT:1	SLOTS:2	SOURCEPAGE:Drac						BONUS:COMBAT|AC|5|TYPE=NaturalArmorEnhancement	
Dracolich Phylactery		TYPE:Magic.Wondrous	COST:50000	WT:0		SOURCEPAGE:Drac							
Dragon's Eye Amulet		TYPE:Magic.Wondrous.Amulet	COST:85000	WT:0		SOURCEPAGE:Drac	VISION:Blindsense (30')					BONUS:SKILL|Search,Spot|10|TYPE=Enhancement	
Dragonfang Gauntlets		TYPE:Magic.Wondrous.Glove	COST:28500	WT:1	SLOTS:2	SOURCEPAGE:Drac			SPROP:natural attacks overcome damage reduction as if wielding a magic weapon|PREFEAT:1,Improved Unarmed Strike	SPROP:3/day Improved Sunder		BONUS:STAT|STR|4|TYPE=Enhancement	
Goggles of Draconic Vision		TYPE:Magic.Wondrous.Eyegear	COST:46000	WT:0		SOURCEPAGE:Drac	VISION:Low-Light|Darkvision (60')			SPROP:1/day Blindsense for 1 minute		BONUS:SKILL|Spot|10|TYPE=Enhancement	
Golem Manual (Dragonbone)	OUTPUTNAME:[NAME] Golem Manual	TYPE:Magic.Wondrous.Book.Consumable	COST:28000	WT:5		SOURCEPAGE:Drac							
Golem Manual (Drakestone)	OUTPUTNAME:[NAME] Golem Manual	TYPE:Magic.Wondrous.Book.Consumable	COST:40000	WT:5		SOURCEPAGE:Drac							
Golem Manual (Ironwyrm)	OUTPUTNAME:[NAME] Golem Manual	TYPE:Magic.Wondrous.Book.Consumable	COST:50000	WT:5		SOURCEPAGE:Drac							
Horn of Dragons (Bronze)	OUTPUTNAME:Horn of [NAME] Dragons	TYPE:Magic.Wondrous	COST:75000	WT:1		SOURCEPAGE:Drac				SPROP:Summon Bronze Dragon		PREALIGN:LG,NG,LN	
Horn of Dragons (Copper)	OUTPUTNAME:Horn of [NAME] Dragons	TYPE:Magic.Wondrous	COST:75000	WT:1		SOURCEPAGE:Drac				SPROP:Summon Copper Dragon		PREALIGN:CG,TN,CN	
Horn of Dragons (Green)	OUTPUTNAME:Horn of [NAME] Dragons	TYPE:Magic.Wondrous	COST:75000	WT:1		SOURCEPAGE:Drac				SPROP:Summon Green Dragon		PREALIGN:LE,NE	
Horn of Dragons (Black)	OUTPUTNAME:Horn of [NAME] Dragons	TYPE:Magic.Wondrous	COST:75000	WT:1		SOURCEPAGE:Drac				SPROP:Summon Black Dragon		PREALIGN:CE	
Idol of the Dragon (White/Wyrmling)	OUTPUTNAME:Idol of the White Wyrmling Dragon	TYPE:Magic.Wondrous	COST:15000	WT:0		SOURCEPAGE:Drac				SPROP:dragon form or resistance to cold 5			
Idol of the Dragon (Brass/Wyrmling)	OUTPUTNAME:Idol of the Brass Wyrmling Dragon	TYPE:Magic.Wondrous	COST:21000	WT:0		SOURCEPAGE:Drac				SPROP:dragon form or resistance to fire 5			
Idol of the Dragon (Black/Very Young)	OUTPUTNAME:Idol of the Black Very Young Dragon	TYPE:Magic.Wondrous	COST:24000	WT:0		SOURCEPAGE:Drac				SPROP:dragon form or resistance to acid 5			
Idol of the Dragon (Copper/Very Young)	OUTPUTNAME:Idol of the Brass Wyrmling Dragon	TYPE:Magic.Wondrous	COST:32000	WT:0		SOURCEPAGE:Drac				SPROP:dragon form or resistance to acid 5			
Idol of the Dragon (Green/Young)	OUTPUTNAME:Idol of the Green Young Dragon	TYPE:Magic.Wondrous	COST:42000	WT:0		SOURCEPAGE:Drac				SPROP:dragon form or resistance to acid 10			
Idol of the Dragon (Bronze/Young)	OUTPUTNAME:Idol of the Brass Wyrmling Dragon	TYPE:Magic.Wondrous	COST:56000	WT:0		SOURCEPAGE:Drac				SPROP:dragon form or resistance to electricity 10			
Idol of the Dragon (Blue/Jouvenile)	OUTPUTNAME:Idol of the Blue Jouvenile Dragon	TYPE:Magic.Wondrous	COST:73000	WT:0		SOURCEPAGE:Drac				SPROP:dragon form or resistance to electricity 10			
Idol of the Dragon (Silver/Jouvenile)	OUTPUTNAME:Idol of the Silver Jouvenile Dragon	TYPE:Magic.Wondrous	COST:93000	WT:0		SOURCEPAGE:Drac				SPROP:dragon form or resistance to cold 10			
Idol of the Dragon (Red/Young Adult)	OUTPUTNAME:Idol of the Red Young Adult Dragon	TYPE:Magic.Wondrous	COST:116000	WT:0		SOURCEPAGE:Drac				SPROP:dragon form or resistance to fire 10			
Idol of the Dragon (Gold/Young Adult)	OUTPUTNAME:Idol of the Gold Young Adult Dragon	TYPE:Magic.Wondrous	COST:142000	WT:0		SOURCEPAGE:Drac				SPROP:dragon form or resistance to fire 10			
Mantle of the Silver Wyrm		TYPE:Magic.Wondrous.Cape	COST:27000	WT:3		SOURCEPAGE:Drac		ABILITY:Special Ability|VIRTUAL|Resistance To Cold			SPELLS:Mantle of the Silver Wyrm|TIMES=1|CASTERLEVEL=5|Fly	BONUS:STAT|CHA|4|TYPE=Enhancement	DEFINE:ColdResistance|10
Wyrmfang Amulet		TYPE:Magic.Wondrous.Necklace	COST:25000	WT:0		SOURCEPAGE:Drac				SPROP:natural attacks overcome damage reduction as if wielding a magic weapon			
