SOURCELONG:Draconomicon	SOURCESHORT:Drac	SOURCEWEB:http://www.gozzilioni.net											
#													
# Class Name 1	Hit Dice (HD)	Type (TYPE:)	Abbreviation (ABB)	Max Level (MAXLEVEL)	Source Page (SOURCEPAGE)	Save checks bonus (Fortitude) (BONUS:CHECKS)	Save checks bonus (Reflex)	Save checks bonus (Will)	Combat bonus	EXCLASS	FINE		
# Class Name req	Requirements	FINE											
# Class Name 3	Skill Pts/Lvl (STARTSKILLPTS)	Class Skill (CSKILL)	Spell Statistic (SPELLSTAT)	Spell type (SPELLTYPE)	Spellbook (SPELLBOOK)	knowspell (KNOWNSPELLS)	spell level increases (BONUS:CASTERLEVEL)	define class variables (DEFINE:variable|value	FINE				
#(level number)	ADD:SPELLCASTER o CAST	FEATAUTO proficiency	(FEATAUTO)	(SA)	(SA)	(DOMAIN)	(BONUS)			(DEFINE)			
CLASS:Fang Dragon	HD:12	TYPE:Monster		MAXLEVEL:NOLIMIT	SOURCEPAGE:Drac	BONUS:CHECKS|BASE.Fortitude|CL/2+2	BONUS:CHECKS|BASE.Reflex|CL/2+2	BONUS:CHECKS|BASE.Will|CL/2+2	BONUS:COMBAT|BAB|CL|TYPE=Base.REPLACE				
CLASS:Fang Dragon	PRERACE:1,Dragon (Fang%	PRERACETYPE:Dragon											
CLASS:Fang Dragon	STARTSKILLPTS:6	CSKILL:Listen|Search|Spot|Concentration|Diplomacy|Escape Artist|Intimidate|TYPE.Knowledge|Sense Motive|Use Magic Device								MODTOSKILLS:YES			
1							BONUS:VAR|DragonCL|max(DragonAge,(var("BL=Sorcerer")+var("CL=Sorcerer")))			DEFINE:DragonCL|0			
1							BONUS:COMBAT|AC|CL-1|TYPE=NaturalArmor.REPLACE			VISION:Keen Senses|Darkvision (120')|Blindsense (60')			
###Block: Breath Weapon and other SA's													
1	ABILITY:Special Ability|AUTOMATIC|Ability Drain ~ Fang Dragon									DEFINE:FangDragonAbilityDrainDamage|1	DEFINE:FangDragonAbilityDrainDamageDie|2		
#1													
1	ABILITY:Special Ability|AUTOMATIC|Immunity To Paralysis												
1	ABILITY:Special Ability|AUTOMATIC|Immunity To Sleep												
###Block: Frightful Presence													
1	ABILITY:Special Ability|AUTOMATIC|Frightful Presence						BONUS:VAR|FrightfulPresRange|DragonAge*30|PREVARGTEQ:DragonAge,5						
###Block: Normal Progression													
1				ABILITY:Special Ability|AUTOMATIC|Increased Damage|Sound Imitation	ABILITY:Special Ability|AUTOMATIC|Trip					DEFINE:DragonAge|1	SPELLS:Innate|TIMES=ATWILL|CASTERLEVEL=DragonCL|Detect Magic|Read Magic		
6										DEFINE:DragonAge|2			
9										DEFINE:DragonAge|3	SPELLS:Innate|TIMES=2|CASTERLEVEL=DragonCL|Shield		
12								SR:16		DEFINE:DragonAge|4	SPELLS:Innate|TIMES=1|CASTERLEVEL=DragonCL|Dispel Magic		
15	ADD:SPELLCASTER|1|Sorcerer							SR:18	DR:5/Magic	DEFINE:DragonAge|5			
18	BONUS:PCLEVEL|Sorcerer|1							SR:20		DEFINE:DragonAge|6	SPELLS:Innate|TIMES=1|CASTERLEVEL=DragonCL|Spell Turning		
21	BONUS:PCLEVEL|Sorcerer|1							SR:22	DR:10/Magic	DEFINE:DragonAge|7			
24	BONUS:PCLEVEL|Sorcerer|1							SR:25		DEFINE:DragonAge|8	SPELLS:Innate|TIMES=2|CASTERLEVEL=DragonCL|Telekinesis		
27	BONUS:PCLEVEL|Sorcerer|1							SR:27	DR:15/Magic	DEFINE:DragonAge|9			
30	BONUS:PCLEVEL|Sorcerer|1			ABILITY:Special Ability|AUTOMATIC|Fast Healing				SR:28		DEFINE:DragonAge|10	DEFINE:FastHealing|2		
33	BONUS:PCLEVEL|Sorcerer|1							SR:29	DR:20/Magic	DEFINE:DragonAge|11			
36	BONUS:PCLEVEL|Sorcerer|1							SR:31		DEFINE:DragonAge|12	SPELLS:Innate|TIMES=2|CASTERLEVEL=DragonCL|Globe of Invulnerability		
17	BONUS:PCLEVEL|Sorcerer|1												
20	BONUS:PCLEVEL|Sorcerer|1												
23	BONUS:PCLEVEL|Sorcerer|1												
26	BONUS:PCLEVEL|Sorcerer|1												
29	BONUS:PCLEVEL|Sorcerer|1												
32	BONUS:PCLEVEL|Sorcerer|1												
35	BONUS:PCLEVEL|Sorcerer|1												
#													
CLASS:Battle Dragon	HD:12	TYPE:Monster		MAXLEVEL:NOLIMIT	SOURCEPAGE:Drac	BONUS:CHECKS|BASE.Fortitude|CL/2+2	BONUS:CHECKS|BASE.Reflex|CL/2+2	BONUS:CHECKS|BASE.Will|CL/2+2	BONUS:COMBAT|BAB|CL|TYPE=Base.REPLACE				
CLASS:Battle Dragon	PRERACE:1,Dragon (Battle%	PRERACETYPE:Dragon											
CLASS:Battle Dragon	STARTSKILLPTS:6	CSKILL:Listen|Search|Spot|Concentration|Diplomacy|Escape Artist|Intimidate|TYPE.Knowledge|Sense Motive|Use Magic Device|TYPE.Perform								MODTOSKILLS:YES			
1							BONUS:VAR|DragonCL|DragonAge			DEFINE:DragonCL|0			
1							BONUS:COMBAT|AC|CL-1|TYPE=NaturalArmor.REPLACE			VISION:Keen Senses|Darkvision (120')|Blindsense (60')			
###Block: Breath Weapon and other SA's													
1	ABILITY:Special Ability|AUTOMATIC|Breath Weapon ~ Cone of Sonic Energy									DEFINE:BreathWeaponCone|max((SIZE-1)*10,15)	DEFINE:BreathWeaponDice|(2*DragonAge)	DEFINE:BreathWeaponDamageDie|6	
1	ABILITY:Special Ability|AUTOMATIC|Breath Weapon ~ Cone of Fear Gas												
1	ABILITY:Special Ability|AUTOMATIC|Immunity To Paralysis												
1	ABILITY:Special Ability|AUTOMATIC|Immunity To Sleep												
###Block: Frightful Presence													
1	ABILITY:Special Ability|AUTOMATIC|Frightful Presence						BONUS:VAR|FrightfulPresRange|DragonAge*30|PREVARGTEQ:DragonAge,5						
###Block: Normal Progression													
1				ABILITY:Special Ability|AUTOMATIC|Immunity To Sonic|Bardic Music			BONUS:VAR|BardicMusicTimes|1	BONUS:VAR|BardicMusicLvl|DragonCL	BONUS:VAR|InspireDurationBase|5				
5										DEFINE:DragonAge|1			
8										DEFINE:DragonAge|2	SPELLS:Innate|TIMES=3|CASTERLEVEL=DragonCL|Protection from Evil		
11									DR:5/Magic	DEFINE:DragonAge|3			
14										DEFINE:DragonAge|4	SPELLS:Innate|TIMES=3|CASTERLEVEL=DragonCL|Aid	SPELLS:Innate|TIMES=1|CASTERLEVEL=DragonCL|Shield Other	
17								SR:21	DR:10/Magic	DEFINE:DragonAge|5			
20				ABILITY:Special Ability|AUTOMATIC|Battle Dragon Inspire Courage				SR:24		DEFINE:DragonAge|6			
23								SR:26	DR:15/Magic	DEFINE:DragonAge|7			
26				ABILITY:Special Ability|AUTOMATIC|Fast Healing			BONUS:VAR|FastHealing|2	SR:29		DEFINE:DragonAge|8			
29								SR:30	DR:20/Magic	DEFINE:DragonAge|9			DR:5/Evil
32								SR:32		DEFINE:DragonAge|10			
35								SR:33		DEFINE:DragonAge|11			DR:10/Evil
38				ABILITY:Special Ability|AUTOMATIC|Battle Fury|Battle Dragon Battle Fury			BONUS:VAR|BattleDragonBattleFuryTimesLVL|DragonCL	SR:35		DEFINE:DragonAge|12	SPELLS:Innate|TIMES=1|CASTERLEVEL=DragonCL|Heroes' Feast		
#													
CLASS:Chaos Dragon	HD:12	TYPE:Monster		MAXLEVEL:NOLIMIT	SOURCEPAGE:Drac	BONUS:CHECKS|BASE.Fortitude|CL/2+2	BONUS:CHECKS|BASE.Reflex|CL/2+2	BONUS:CHECKS|BASE.Will|CL/2+2	BONUS:COMBAT|BAB|CL|TYPE=Base.REPLACE				
CLASS:Chaos Dragon	PRERACE:1,Dragon (Chaos%	PRERACETYPE:Dragon											
CLASS:Chaos Dragon	STARTSKILLPTS:6	CSKILL:Listen|Search|Spot|Concentration|Diplomacy|Escape Artist|Intimidate|TYPE.Knowledge|Sense Motive|Use Magic Device								MODTOSKILLS:YES			
1							BONUS:VAR|DragonCL|DragonAge			DEFINE:DragonCL|0			
1							BONUS:COMBAT|AC|CL-1|TYPE=NaturalArmor.REPLACE			VISION:Keen Senses|Darkvision (120')|Blindsense (60')			
###Block: Breath Weapon and other SA's													
1	ABILITY:Special Ability|AUTOMATIC|Breath Weapon ~ Line of Random Energy									DEFINE:BreathWeaponLine|max((SIZE-1)*20,30)	DEFINE:BreathWeaponDice|(2*DragonAge)	DEFINE:BreathWeaponDamageDie|4	
1	ABILITY:Special Ability|AUTOMATIC|Breath Weapon ~ Cone of Confusion Gas									BONUS:VAR|BreathWeaponDuration|DragonAge			
1	ABILITY:Special Ability|AUTOMATIC|Immunity To Paralysis												
1	ABILITY:Special Ability|AUTOMATIC|Immunity To Sleep												
###Block: Frightful Presence													
1	ABILITY:Special Ability|AUTOMATIC|Frightful Presence						BONUS:VAR|FrightfulPresRange|DragonAge*30|PREVARGTEQ:DragonAge,5						
###Block: Normal Progression													
1				ABILITY:Special Ability|AUTOMATIC|Immunity to Compulsion Effects									
6										DEFINE:DragonAge|1			
9										DEFINE:DragonAge|2	SPELLS:Innate|TIMES=3|CASTERLEVEL=DragonCL|Protection from Law		
12									DR:5/Magic	DEFINE:DragonAge|3			
15										DEFINE:DragonAge|4	SPELLS:Innate|TIMES=3|CASTERLEVEL=DragonCL|Chaos Hammer|Entropic Shield		
18								SR:24	DR:10/Magic	DEFINE:DragonAge|5			
21								SR:26		DEFINE:DragonAge|6	SPELLS:Innate|TIMES=1|CASTERLEVEL=DragonCL|Dispel Law|Mind Fog		
24								SR:28	DR:15/Magic	DEFINE:DragonAge|7			
27								SR:30		DEFINE:DragonAge|8	SPELLS:Innate|TIMES=1|CASTERLEVEL=DragonCL|Word of Chaos		
30								SR:32	DR:20/Magic	DEFINE:DragonAge|9			DR:5/Law
33								SR:34		DEFINE:DragonAge|10	SPELLS:Innate|TIMES=1|CASTERLEVEL=DragonCL|Mislead		
36								SR:37		DEFINE:DragonAge|11			DR:10/Law
39								SR:38		DEFINE:DragonAge|12	SPELLS:Innate|TIMES=1|CASTERLEVEL=DragonCL|Cloak of Chaos		
#													
CLASS:Ethereal Dragon	HD:12	TYPE:Monster		MAXLEVEL:NOLIMIT	SOURCEPAGE:Drac	BONUS:CHECKS|BASE.Fortitude|CL/2+2	BONUS:CHECKS|BASE.Reflex|CL/2+2	BONUS:CHECKS|BASE.Will|CL/2+2	BONUS:COMBAT|BAB|CL|TYPE=Base.REPLACE				
CLASS:Ethereal Dragon	PRERACE:1,Dragon (Ethereal%	PRERACETYPE:Dragon											
CLASS:Ethereal Dragon	STARTSKILLPTS:6	CSKILL:Listen|Search|Spot|Concentration|Diplomacy|Escape Artist|Intimidate|TYPE.Knowledge|Sense Motive|Use Magic Device								MODTOSKILLS:YES			
1							BONUS:VAR|DragonCL|DragonAge			DEFINE:DragonCL|0			
1							BONUS:COMBAT|AC|CL-1|TYPE=NaturalArmor.REPLACE			VISION:Keen Senses|Darkvision (120')|Blindsense (60')			
###Block: Breath Weapon and other SA's													
1	ABILITY:Special Ability|AUTOMATIC|Breath Weapon ~ Cone of Force									DEFINE:BreathWeaponCone|max((SIZE-1)*10,15)	DEFINE:BreathWeaponDice|(2*DragonAge)	DEFINE:BreathWeaponDamageDie|6	
#1													
1	ABILITY:Special Ability|AUTOMATIC|Immunity To Paralysis												
1	ABILITY:Special Ability|AUTOMATIC|Immunity To Sleep												
###Block: Frightful Presence													
1	ABILITY:Special Ability|AUTOMATIC|Frightful Presence						BONUS:VAR|FrightfulPresRange|DragonAge*30|PREVARGTEQ:DragonAge,5						
###Block: Normal Progression													
1				ABILITY:Special Ability|AUTOMATIC|Immunity To Ether Cyclones|Ethereal Dragon Skills									
4										DEFINE:DragonAge|1			
7				ABILITY:Special Ability|AUTOMATIC|Ethereal Vision|See Ethereal						DEFINE:DragonAge|2			
10									DR:5/Magic	DEFINE:DragonAge|3			
13										DEFINE:DragonAge|4	SPELLS:Innate|TIMES=1|CASTERLEVEL=DragonCL|Blink		
16								SR:20	DR:10/Magic	DEFINE:DragonAge|5			
19								SR:21		DEFINE:DragonAge|6	SPELLS:Innate|TIMES=3|CASTERLEVEL=DragonCL|Dimensional Anchor	SPELLS:Innate|TIMES=1|CASTERLEVEL=DragonCL|Ethereal Jaunt	
22								SR:24	DR:15/Magic	DEFINE:DragonAge|7			
25								SR:25		DEFINE:DragonAge|8	SPELLS:Innate|TIMES=1|CASTERLEVEL=DragonCL|Etherealness		
28								SR:28	DR:20/Magic	DEFINE:DragonAge|9			DR:5/Cold Iron
31				ABILITY:Special Ability|AUTOMATIC|Strike Ethereal Creatures				SR:29		DEFINE:DragonAge|10			
34								SR:32		DEFINE:DragonAge|11			DR:10/Cold Iron
37				ABILITY:Special Ability|AUTOMATIC|Summon Ethereal Cyclones|Ethereal Dragon Summon Ethereal Cyclones				SR:33		DEFINE:DragonAge|12			
#													
CLASS:Howling Dragon	HD:12	TYPE:Monster		MAXLEVEL:NOLIMIT	SOURCEPAGE:Drac	BONUS:CHECKS|BASE.Fortitude|CL/2+2	BONUS:CHECKS|BASE.Reflex|CL/2+2	BONUS:CHECKS|BASE.Will|CL/2+2	BONUS:COMBAT|BAB|CL|TYPE=Base.REPLACE				
CLASS:Howling Dragon	PRERACE:1,Dragon (Howling%	PRERACETYPE:Dragon											
CLASS:Howling Dragon	STARTSKILLPTS:6	CSKILL:Listen|Search|Spot|Concentration|Diplomacy|Escape Artist|Intimidate|TYPE.Knowledge|Sense Motive|Use Magic Device								MODTOSKILLS:YES			
1							BONUS:VAR|DragonCL|DragonAge			DEFINE:DragonCL|0			
1							BONUS:COMBAT|AC|CL-1|TYPE=NaturalArmor.REPLACE			VISION:Keen Senses|Darkvision (120')|Blindsense (60')			
###Block: Breath Weapon and other SA's													
1	ABILITY:Special Ability|AUTOMATIC|Breath Weapon ~ Cone of Howling Sound									DEFINE:BreathWeaponCone|max((SIZE-1)*10,15)	DEFINE:BreathWeaponDice|(2*DragonAge)	DEFINE:BreathWeaponDamageDie|10	
1	ABILITY:Special Ability|AUTOMATIC|Breath Weapon ~ Cone of Maddening Wails									DEFINE:BreathWeaponDamage|DragonAge			
1	ABILITY:Special Ability|AUTOMATIC|Immunity To Paralysis												
1	ABILITY:Special Ability|AUTOMATIC|Immunity To Sleep												
###Block: Frightful Presence													
1	ABILITY:Special Ability|AUTOMATIC|Frightful Presence						BONUS:VAR|FrightfulPresRange|DragonAge*30|PREVARGTEQ:DragonAge,1						
###Block: Normal Progression													
1				ABILITY:Special Ability|AUTOMATIC|Immunity To Sonic									
9								SR:15		DEFINE:DragonAge|1			
12				ABILITY:Special Ability|AUTOMATIC|Ethereal Vision|See Ethereal				SR:18		DEFINE:DragonAge|2	SPELLS:Innate|TIMES=1|CASTERLEVEL=DragonCL|Shatter|Sound Burst		
15								SR:20	DR:5/Magic	DEFINE:DragonAge|3			
18								SR:22		DEFINE:DragonAge|4	SPELLS:Innate|TIMES=1|CASTERLEVEL=DragonCL|Gust of Wind	SPELLS:Innate|TIMES=3|CASTERLEVEL=DragonCL|Tasha's Hideous Laughter	
21								SR:24	DR:10/Magic	DEFINE:DragonAge|5			
24								SR:26		DEFINE:DragonAge|6	SPELLS:Innate|TIMES=1|CASTERLEVEL=DragonCL|Confusion	SPELLS:Innate|TIMES=3|CASTERLEVEL=DragonCL|Wind Wall	
27								SR:28	DR:15/Magic	DEFINE:DragonAge|7			
30								SR:30		DEFINE:DragonAge|8	SPELLS:Innate|TIMES=1|CASTERLEVEL=DragonCL|Phantasmal Killer|Shout		
33								SR:32	DR:20/Magic	DEFINE:DragonAge|9			DR:5/Law
36				ABILITY:Special Ability|AUTOMATIC|Strike Ethereal Creatures				SR:33		DEFINE:DragonAge|10	SPELLS:Innate|TIMES=1|CASTERLEVEL=DragonCL|Insanity|Whirlwind		
39								SR:35		DEFINE:DragonAge|11			DR:10/Law
42				ABILITY:Special Ability|AUTOMATIC|Summon Ethereal Cyclones|Ethereal Dragon Summon Ethereal Cyclones				SR:36		DEFINE:DragonAge|12	SPELLS:Innate|TIMES=1|CASTERLEVEL=DragonCL|Symbol of Insanity|Weird		
#													
CLASS:Oceanus Dragon	HD:12	TYPE:Monster		MAXLEVEL:NOLIMIT	SOURCEPAGE:Drac	BONUS:CHECKS|BASE.Fortitude|CL/2+2	BONUS:CHECKS|BASE.Reflex|CL/2+2	BONUS:CHECKS|BASE.Will|CL/2+2	BONUS:COMBAT|BAB|CL|TYPE=Base.REPLACE				
CLASS:Oceanus Dragon	PRERACE:1,Dragon (Oceanus%	PRERACETYPE:Dragon											
CLASS:Oceanus Dragon	STARTSKILLPTS:6	CSKILL:Listen|Search|Spot|Concentration|Diplomacy|Escape Artist|Intimidate|TYPE.Knowledge|Sense Motive|Use Magic Device								MODTOSKILLS:YES			
1							BONUS:VAR|DragonCL|DragonAge			DEFINE:DragonCL|0			
1							BONUS:COMBAT|AC|CL-1|TYPE=NaturalArmor.REPLACE			VISION:Keen Senses|Darkvision (120')|Blindsense (60')			
###Block: Breath Weapon and other SA's													
1	ABILITY:Special Ability|AUTOMATIC|Breath Weapon ~ Line of Lightning									DEFINE:BreathWeaponLine|max((SIZE-1)*20,30)	DEFINE:BreathWeaponDice|(2*DragonAge)	DEFINE:BreathWeaponDamageDie|8	
1	ABILITY:Special Ability|AUTOMATIC|Breath Weapon ~ Cone of Tranquillity Gas									DEFINE:BreathWeaponDuration|DragonAge			
1	ABILITY:Special Ability|AUTOMATIC|Immunity To Paralysis												
1	ABILITY:Special Ability|AUTOMATIC|Immunity To Sleep												
###Block: Frightful Presence													
1	ABILITY:Special Ability|AUTOMATIC|Frightful Presence						BONUS:VAR|FrightfulPresRange|DragonAge*30|PREVARGTEQ:DragonAge,5						
###Block: Normal Progression													
1				ABILITY:Special Ability|AUTOMATIC|Immunity To Electricity|Amphibious|Water Breathing									
7										DEFINE:DragonAge|1			
10										DEFINE:DragonAge|2	SPELLS:Innate|TIMES=ATWILL|CASTERLEVEL=DragonCL|Detect Evil		
13									DR:5/Magic	DEFINE:DragonAge|3			
16										DEFINE:DragonAge|4	SPELLS:Innate|TIMES=3|CASTERLEVEL=DragonCL|Control Water		
19								SR:23	DR:10/Magic	DEFINE:DragonAge|5			
22				ABILITY:Special Ability|AUTOMATIC|Smite Evil|Oceanus Dragon Smite Evil			BONUS:VAR|OceanusDragonSmiteEvilLVL|CL	SR:26		DEFINE:DragonAge|6			
25								SR:27	DR:15/Magic	DEFINE:DragonAge|7			
28								SR:30		DEFINE:DragonAge|8	SPELLS:Innate|TIMES=3|CASTERLEVEL=DragonCL|Holy Smite		
31								SR:32	DR:20/Magic	DEFINE:DragonAge|9			DR:5/Evil
34								SR:35		DEFINE:DragonAge|10	SPELLS:Innate|TIMES=1|CASTERLEVEL=DragonCL|Control Winds|Dispel Evil		
37								SR:37		DEFINE:DragonAge|11			DR:10/Evil
40								SR:40		DEFINE:DragonAge|12	SPELLS:Innate|TIMES=1|CASTERLEVEL=DragonCL|Holy Word		
#													
CLASS:Pyroclastic Dragon	HD:12	TYPE:Monster		MAXLEVEL:NOLIMIT	SOURCEPAGE:Drac	BONUS:CHECKS|BASE.Fortitude|CL/2+2	BONUS:CHECKS|BASE.Reflex|CL/2+2	BONUS:CHECKS|BASE.Will|CL/2+2	BONUS:COMBAT|BAB|CL|TYPE=Base.REPLACE				
CLASS:Pyroclastic Dragon	PRERACE:1,Dragon (Pyroclastic%	PRERACETYPE:Dragon											
CLASS:Pyroclastic Dragon	STARTSKILLPTS:6	CSKILL:Listen|Search|Spot|Concentration|Diplomacy|Escape Artist|Intimidate|TYPE.Knowledge|Sense Motive|Use Magic Device								MODTOSKILLS:YES			
1							BONUS:VAR|DragonCL|DragonAge			DEFINE:DragonCL|0			
1							BONUS:COMBAT|AC|CL-1|TYPE=NaturalArmor.REPLACE			VISION:Keen Senses|Darkvision (120')|Blindsense (60')			
###Block: Breath Weapon and other SA's													
1	ABILITY:Special Ability|AUTOMATIC|Breath Weapon ~ Cone of Superheated Ash and Crushing Waves									DEFINE:BreathWeaponCone|max((SIZE-1)*10,15)	DEFINE:BreathWeaponDice|(2*DragonAge)	DEFINE:BreathWeaponDamageDie|6	
1	ABILITY:Special Ability|AUTOMATIC|Breath Weapon ~ Line of Disintegration									DEFINE:BreathWeaponLine|max((SIZE-1)*20,30)			
1	ABILITY:Special Ability|AUTOMATIC|Immunity To Paralysis												
1	ABILITY:Special Ability|AUTOMATIC|Immunity To Sleep												
###Block: Frightful Presence													
1	ABILITY:Special Ability|AUTOMATIC|Frightful Presence						BONUS:VAR|FrightfulPresRange|DragonAge*30|PREVARGTEQ:DragonAge,1						
###Block: Normal Progression													
1				ABILITY:Special Ability|AUTOMATIC|Immunity To Sonic|Immunity To Fire									
7								SR:14		DEFINE:DragonAge|1			
10								SR:15		DEFINE:DragonAge|2	SPELLS:Innate|TIMES=3|CASTERLEVEL=DragonCL|Sound Burst	SPELLS:Innate|TIMES=1|CASTERLEVEL=DragonCL|Pyrotechnics	
13								SR:17	DR:5/Magic	DEFINE:DragonAge|3			
16								SR:20		DEFINE:DragonAge|4	SPELLS:Innate|TIMES=3|CASTERLEVEL=DragonCL|Produce Flame	SPELLS:Innate|TIMES=1|CASTERLEVEL=DragonCL|Shatter	
19								SR:22	DR:10/Magic	DEFINE:DragonAge|5			
22								SR:24		DEFINE:DragonAge|6	SPELLS:Innate|TIMES=1|CASTERLEVEL=DragonCL|Shout|Wall of Fire		
25								SR:26	DR:15/Magic	DEFINE:DragonAge|7			
28								SR:28		DEFINE:DragonAge|8	SPELLS:Innate|TIMES=1|CASTERLEVEL=DragonCL|Fire Storm|Wall of Stone		
31								SR:29	DR:20/Magic	DEFINE:DragonAge|9			DR:5/Good
34								SR:31		DEFINE:DragonAge|10	SPELLS:Innate|TIMES=1|CASTERLEVEL=DragonCL|Incendiary Cloud|Power Word Stun		
37								SR:32		DEFINE:DragonAge|11			DR:10/Good
40								SR:34		DEFINE:DragonAge|12	SPELLS:Innate|TIMES=1|CASTERLEVEL=DragonCL|Meteor Swarm		
#													
CLASS:Radiant Dragon	HD:12	TYPE:Monster		MAXLEVEL:NOLIMIT	SOURCEPAGE:Drac	BONUS:CHECKS|BASE.Fortitude|CL/2+2	BONUS:CHECKS|BASE.Reflex|CL/2+2	BONUS:CHECKS|BASE.Will|CL/2+2	BONUS:COMBAT|BAB|CL|TYPE=Base.REPLACE				
CLASS:Radiant Dragon	PRERACE:1,Dragon (Radiant%	PRERACETYPE:Dragon											
CLASS:Radiant Dragon	STARTSKILLPTS:6	CSKILL:Listen|Search|Spot|Concentration|Diplomacy|Escape Artist|Intimidate|TYPE.Knowledge|Sense Motive|Use Magic Device								MODTOSKILLS:YES			
1							BONUS:VAR|DragonCL|DragonAge			DEFINE:DragonCL|0			
1							BONUS:COMBAT|AC|CL-1|TYPE=NaturalArmor.REPLACE			VISION:Keen Senses|Darkvision (120')|Blindsense (60')			
###Block: Breath Weapon and other SA's													
1	ABILITY:Special Ability|AUTOMATIC|Breath Weapon ~ Line of Force									DEFINE:BreathWeaponLine|max((SIZE-1)*20,30)	DEFINE:BreathWeaponDice|(2*DragonAge)	DEFINE:BreathWeaponDamageDie|10	
1	ABILITY:Special Ability|AUTOMATIC|Breath Weapon ~ Cone of Light									DEFINE:BreathWeaponCone|max((SIZE-1)*10,15)	DEFINE:BreathWeaponDuration|DragonAge		
1	ABILITY:Special Ability|AUTOMATIC|Immunity To Paralysis												
1	ABILITY:Special Ability|AUTOMATIC|Immunity To Sleep												
###Block: Frightful Presence													
1	ABILITY:Special Ability|AUTOMATIC|Frightful Presence						BONUS:VAR|FrightfulPresRange|DragonAge*30|PREVARGTEQ:DragonAge,5						
###Block: Normal Progression													
1				ABILITY:Special Ability|AUTOMATIC|Immunity To Light									
9										DEFINE:DragonAge|1			
12										DEFINE:DragonAge|2	SPELLS:Innate|TIMES=3|CASTERLEVEL=DragonCL|Daylight		
15									DR:5/Magic	DEFINE:DragonAge|3			
18				ABILITY:Special Ability|AUTOMATIC|Dispel Darkness						DEFINE:DragonAge|4			
21								SR:25	DR:10/Magic	DEFINE:DragonAge|5			
24								SR:28		DEFINE:DragonAge|6	SPELLS:Innate|TIMES=1|CASTERLEVEL=DragonCL|Searing Light		
27								SR:29	DR:15/Magic	DEFINE:DragonAge|7			
30				ABILITY:Special Ability|AUTOMATIC|Healing Touch|Radiant Dragon Healing Touch				SR:32		DEFINE:DragonAge|8			
33								SR:34	DR:20/Magic	DEFINE:DragonAge|9			DR:5/Evil
36								SR:37		DEFINE:DragonAge|10	SPELLS:Innate|TIMES=1|CASTERLEVEL=DragonCL|Sunburst		
39								SR:39		DEFINE:DragonAge|11			DR:10/Evil
42								SR:42		DEFINE:DragonAge|12	SPELLS:Innate|TIMES=1|CASTERLEVEL=DragonCL|Prismatic Sphere		
#													
CLASS:Rust Dragon	HD:12	TYPE:Monster		MAXLEVEL:NOLIMIT	SOURCEPAGE:Drac	BONUS:CHECKS|BASE.Fortitude|CL/2+2	BONUS:CHECKS|BASE.Reflex|CL/2+2	BONUS:CHECKS|BASE.Will|CL/2+2	BONUS:COMBAT|BAB|CL|TYPE=Base.REPLACE				
CLASS:Rust Dragon	PRERACE:1,Dragon (Rust%	PRERACETYPE:Dragon											
CLASS:Rust Dragon	STARTSKILLPTS:6	CSKILL:Listen|Search|Spot|Concentration|Diplomacy|Escape Artist|Intimidate|TYPE.Knowledge|Sense Motive|Use Magic Device								MODTOSKILLS:YES			
1							BONUS:VAR|DragonCL|DragonAge			DEFINE:DragonCL|0			
1							BONUS:COMBAT|AC|CL-1|TYPE=NaturalArmor.REPLACE			VISION:Keen Senses|Darkvision (120')|Blindsense (60')			
###Block: Breath Weapon and other SA's													
1	ABILITY:Special Ability|AUTOMATIC|Breath Weapon ~ Line of Acid									DEFINE:BreathWeaponLine|max((SIZE-1)*20,30)	DEFINE:BreathWeaponDice|(2*DragonAge)	DEFINE:BreathWeaponDamageDie|4	
1	ABILITY:Special Ability|AUTOMATIC|Breath Weapon ~ Cone of Corrosive Liquid									DEFINE:BreathWeaponCone|max((SIZE-1)*10,15)			
1	ABILITY:Special Ability|AUTOMATIC|Immunity To Paralysis												
1	ABILITY:Special Ability|AUTOMATIC|Immunity To Sleep												
###Block: Frightful Presence													
1	ABILITY:Special Ability|AUTOMATIC|Frightful Presence						BONUS:VAR|FrightfulPresRange|DragonAge*30|PREVARGTEQ:DragonAge,2						
###Block: Normal Progression													
1				ABILITY:Special Ability|AUTOMATIC|Resistance To Metal|Rusting Bite									
6								SR:13		DEFINE:DragonAge|1			
9								SR:14		DEFINE:DragonAge|2			
12								SR:16	DR:5/Magic	DEFINE:DragonAge|3			
15								SR:18		DEFINE:DragonAge|4			
18								SR:20	DR:10/Magic	DEFINE:DragonAge|5			
21								SR:23		DEFINE:DragonAge|6	SPELLS:Innate|TIMES=3|CASTERLEVEL=DragonCL|Wall of Iron		
24								SR:25	DR:15/Magic	DEFINE:DragonAge|7			
27								SR:27		DEFINE:DragonAge|8	SPELLS:Innate|TIMES=1|CASTERLEVEL=DragonCL|Acid Fog		
30								SR:28	DR:20/Magic	DEFINE:DragonAge|9			DR:5/Chaotic
33								SR:30		DEFINE:DragonAge|10	SPELLS:Innate|TIMES=1|CASTERLEVEL=DragonCL|Repel Metal or Stone		
36				ABILITY:Special Ability|AUTOMATIC|Rusting Scales				SR:32		DEFINE:DragonAge|11			DR:10/Chaotic
39								SR:34		DEFINE:DragonAge|12			
#													
CLASS:Styx Dragon	HD:12	TYPE:Monster		MAXLEVEL:NOLIMIT	SOURCEPAGE:Drac	BONUS:CHECKS|BASE.Fortitude|CL/2+2	BONUS:CHECKS|BASE.Reflex|CL/2+2	BONUS:CHECKS|BASE.Will|CL/2+2	BONUS:COMBAT|BAB|CL|TYPE=Base.REPLACE				
CLASS:Styx Dragon	PRERACE:1,Dragon (Styx%	PRERACETYPE:Dragon											
CLASS:Styx Dragon	STARTSKILLPTS:6	CSKILL:Listen|Search|Spot|Concentration|Diplomacy|Escape Artist|Intimidate|TYPE.Knowledge|Sense Motive|Use Magic Device								MODTOSKILLS:YES			
1							BONUS:VAR|DragonCL|DragonAge			DEFINE:DragonCL|0			
1							BONUS:COMBAT|AC|CL-1|TYPE=NaturalArmor.REPLACE			VISION:Keen Senses|Darkvision (120')|Blindsense (60')			
###Block: Breath Weapon and other SA's													
1	ABILITY:Special Ability|AUTOMATIC|Breath Weapon ~ Line of Persistent Acid									DEFINE:BreathWeaponLine|max((SIZE-1)*20,30)	DEFINE:BreathWeaponDice|DragonAge	DEFINE:BreathWeaponDamageDie|6	
1	ABILITY:Special Ability|AUTOMATIC|Breath Weapon ~ Cone of Stupefying Gas									DEFINE:BreathWeaponCone|max((SIZE-1)*10,15)	DEFINE:BreathWeaponDamage|DragonAge		
1	ABILITY:Special Ability|AUTOMATIC|Immunity To Paralysis												
1	ABILITY:Special Ability|AUTOMATIC|Immunity To Sleep												
###Block: Frightful Presence													
1	ABILITY:Special Ability|AUTOMATIC|Frightful Presence						BONUS:VAR|FrightfulPresRange|DragonAge*30|PREVARGTEQ:DragonAge,2						
###Block: Normal Progression													
1				ABILITY:Special Ability|AUTOMATIC|Amphibious|Constrict|Improved Grab|Immunity To Poison|Immunity To Disease|Styx Adaptation|Water Breathing|Disease									
6								SR:13		DEFINE:DragonAge|1			
9								SR:14		DEFINE:DragonAge|2			
12								SR:15	DR:5/Magic	DEFINE:DragonAge|3			
15								SR:18		DEFINE:DragonAge|4	SPELLS:Innate|TIMES=ATWILL|CASTERLEVEL=DragonCL|Curse Water	SPELLS:Innate|TIMES=3|CASTERLEVEL=DragonCL|Fog Cloud	
18								SR:20	DR:10/Magic	DEFINE:DragonAge|5			
21								SR:22		DEFINE:DragonAge|6	SPELLS:Innate|TIMES=3|CASTERLEVEL=DragonCL|Deeper Darkness	SPELLS:Innate|TIMES=1|CASTERLEVEL=DragonCL|Stinking Cloud	
24								SR:25	DR:15/Magic	DEFINE:DragonAge|7			
27								SR:27		DEFINE:DragonAge|8	SPELLS:Innate|TIMES=1|CASTERLEVEL=DragonCL|Hold Monster|Mind Fog		
30								SR:28	DR:20/Magic	DEFINE:DragonAge|9			DR:5/Good
33								SR:30		DEFINE:DragonAge|10	SPELLS:Innate|TIMES=3|CASTERLEVEL=DragonCL|Control Water	SPELLS:Innate|TIMES=1|CASTERLEVEL=DragonCL|Feeblemind	
36								SR:31		DEFINE:DragonAge|11			DR:10/Good
39				ABILITY:Special Ability|AUTOMATIC|Summon Monster ~ Styx Dragon				SR:33		DEFINE:DragonAge|12	SPELLS:Innate|TIMES=1|CASTERLEVEL=DragonCL|Horrid Wilting		
#													
CLASS:Tarterian Dragon	HD:12	TYPE:Monster		MAXLEVEL:NOLIMIT	SOURCEPAGE:Drac	BONUS:CHECKS|BASE.Fortitude|CL/2+2	BONUS:CHECKS|BASE.Reflex|CL/2+2	BONUS:CHECKS|BASE.Will|CL/2+2	BONUS:COMBAT|BAB|CL|TYPE=Base.REPLACE				
CLASS:Tarterian Dragon	PRERACE:1,Dragon (Tarterian%	PRERACETYPE:Dragon											
CLASS:Tarterian Dragon	STARTSKILLPTS:6	CSKILL:Listen|Search|Spot|Concentration|Diplomacy|Escape Artist|Intimidate|TYPE.Knowledge|Sense Motive|Use Magic Device								MODTOSKILLS:YES			
1							BONUS:VAR|DragonCL|DragonAge			DEFINE:DragonCL|0			
1							BONUS:COMBAT|AC|CL-1|TYPE=NaturalArmor.REPLACE			VISION:Keen Senses|Darkvision (120')|Blindsense (60')			
###Block: Breath Weapon and other SA's													
1	ABILITY:Special Ability|AUTOMATIC|Breath Weapon ~ Line of Disruptive Force									DEFINE:BreathWeaponLine|max((SIZE-1)*20,30)	DEFINE:BreathWeaponDice|(2*DragonAge)	DEFINE:BreathWeaponDamageDie|8	
1	ABILITY:Special Ability|AUTOMATIC|Breath Weapon ~ Cone of Will-Sapping Gas									DEFINE:BreathWeaponCone|max((SIZE-1)*10,15)	DEFINE:BreathWeaponDuration|DragonAge		
1	ABILITY:Special Ability|AUTOMATIC|Immunity To Paralysis												
1	ABILITY:Special Ability|AUTOMATIC|Immunity To Sleep												
###Block: Frightful Presence													
1	ABILITY:Special Ability|AUTOMATIC|Frightful Presence						BONUS:VAR|FrightfulPresRange|DragonAge*30|PREVARGTEQ:DragonAge,1						
###Block: Normal Progression													
1				ABILITY:Special Ability|AUTOMATIC|Force Resistant|Strength of Will|Freedom of Movement (Su)			BONUS:VAR|ForceResistantBonus|4						
8								SR:15		DEFINE:DragonAge|1			
11								SR:17		DEFINE:DragonAge|2			
14								SR:19	DR:5/Magic	DEFINE:DragonAge|3			
17								SR:21		DEFINE:DragonAge|4			
20								SR:23	DR:10/Magic	DEFINE:DragonAge|5			
23								SR:25		DEFINE:DragonAge|6	SPELLS:Innate|TIMES=1|CASTERLEVEL=DragonCL|Otiluke's Resilient Sphere		
26								SR:27	DR:15/Magic	DEFINE:DragonAge|7			
29								SR:29		DEFINE:DragonAge|8	SPELLS:Innate|TIMES=1|CASTERLEVEL=DragonCL|Maze		
32								SR:30	DR:20/Magic	DEFINE:DragonAge|9			DR:5/Good
35								SR:32		DEFINE:DragonAge|10	SPELLS:Innate|TIMES=1|CASTERLEVEL=DragonCL|Forcecage		
38								SR:33		DEFINE:DragonAge|11			DR:10/Good
41								SR:35		DEFINE:DragonAge|12	SPELLS:Innate|TIMES=1|CASTERLEVEL=DragonCL|Imprisonment		
#													
CLASS:Shadow Dragon	HD:12	TYPE:Monster		MAXLEVEL:NOLIMIT	SOURCEPAGE:Drac	BONUS:CHECKS|BASE.Fortitude|CL/2+2	BONUS:CHECKS|BASE.Reflex|CL/2+2	BONUS:CHECKS|BASE.Will|CL/2+2	BONUS:COMBAT|BAB|CL|TYPE=Base.REPLACE				
CLASS:Shadow Dragon	PRERACE:1,Dragon (Shadow%	PRERACETYPE:Dragon											
CLASS:Shadow Dragon	STARTSKILLPTS:6	CSKILL:Listen|Search|Spot|Concentration|Diplomacy|Escape Artist|Intimidate|TYPE.Knowledge|Sense Motive|Use Magic Device								MODTOSKILLS:YES			
1							BONUS:VAR|DragonCL|max(DragonAge,(var("BL=Sorcerer")+var("CL=Sorcerer")))			DEFINE:DragonCL|0			
1							BONUS:COMBAT|AC|CL-1|TYPE=NaturalArmor.REPLACE			VISION:Keen Senses|Darkvision (120')|Blindsense (60')			
###Block: Breath Weapon and other SA's													
1	ABILITY:Special Ability|AUTOMATIC|Breath Weapon ~ Cone of Smoky Shadows									DEFINE:BreathWeaponCone|max((SIZE-1)*10,15)	DEFINE:BreathWeaponDrain|0		
#1													
1	ABILITY:Special Ability|AUTOMATIC|Immunity To Paralysis												
1	ABILITY:Special Ability|AUTOMATIC|Immunity To Sleep												
###Block: Frightful Presence													
1	ABILITY:Special Ability|AUTOMATIC|Frightful Presence						BONUS:VAR|FrightfulPresRange|DragonAge*30|PREVARGTEQ:DragonAge,5						
###Block: Normal Progression													
1				ABILITY:Special Ability|AUTOMATIC|Immunity To Energy Drain									
4								SR:12		DEFINE:DragonAge|1			
7				ABILITY:Special Ability|AUTOMATIC|Shadow Blend				SR:13		DEFINE:DragonAge|2			
10								SR:15		DEFINE:DragonAge|3			
13	BONUS:PCLEVEL|Sorcerer|1	ADD:SPELLCASTER|1|Sorcerer						SR:17		DEFINE:DragonAge|4	SPELLS:Innate|TIMES=3|CASTERLEVEL=DragonCL|Mirror Image		
16	BONUS:PCLEVEL|Sorcerer|1							SR:20	DR:5/Magic	DEFINE:DragonAge|5			
19	BONUS:PCLEVEL|Sorcerer|1							SR:22		DEFINE:DragonAge|6	SPELLS:Innate|TIMES=2|CASTERLEVEL=DragonCL|Dimension Door		
22	BONUS:PCLEVEL|Sorcerer|1							SR:25	DR:10/Magic	DEFINE:DragonAge|7			
25	BONUS:PCLEVEL|Sorcerer|1							SR:27		DEFINE:DragonAge|8	SPELLS:Innate|TIMES=3|CASTERLEVEL=DragonCL|Nondetection		
28	BONUS:PCLEVEL|Sorcerer|1							SR:28	DR:15/Magic	DEFINE:DragonAge|9			DR:5/Good
31	BONUS:PCLEVEL|Sorcerer|1							SR:30		DEFINE:DragonAge|10	SPELLS:Innate|TIMES=1|CASTERLEVEL=DragonCL|Shadow Walk		
34	BONUS:PCLEVEL|Sorcerer|1							SR:31	DR:20/Magic	DEFINE:DragonAge|11			DR:10/Good
37	BONUS:PCLEVEL|Sorcerer|1			ABILITY:Special Ability|AUTOMATIC|Create Shadows|Shadowon Dragon Create Shadows				SR:33		DEFINE:DragonAge|12			
15	BONUS:PCLEVEL|Sorcerer|1												
18	BONUS:PCLEVEL|Sorcerer|1												
21	BONUS:PCLEVEL|Sorcerer|1												
24	BONUS:PCLEVEL|Sorcerer|1												
27	BONUS:PCLEVEL|Sorcerer|1												
30	BONUS:PCLEVEL|Sorcerer|1												
33	BONUS:PCLEVEL|Sorcerer|1												
36	BONUS:PCLEVEL|Sorcerer|1												
