SOURCELONG:Draconomicon	SOURCESHORT:Drac	SOURCEWEB:http://www.gozzilioni.net				
						
#Potions						
# Equipment Name	Output Name	Unique Key	Type	Cost	Weight	Source Page
Draught of Metabreath Magic (Blinding Breath)	OUTPUTNAME:Draught of [NAME]		TYPE:Magic.Potion.Consumable	COST:750	WT:0	SOURCEPAGE:Drac
Draught of Metabreath Magic (Breath Flare)	OUTPUTNAME:Draught of [NAME]		TYPE:Magic.Potion.Consumable	COST:50	WT:0	SOURCEPAGE:Drac
Draught of Metabreath Magic (Breath Weapon Admixture/Acid)	OUTPUTNAME:Draught of Breath Weapon Admixture, Acid		TYPE:Magic.Potion.Consumable	COST:6000	WT:0	SOURCEPAGE:Drac
Draught of Metabreath Magic (Breath Weapon Admixture/Cold)	OUTPUTNAME:Draught of Breath Weapon Admixture, Cold		TYPE:Magic.Potion.Consumable	COST:6000	WT:0	SOURCEPAGE:Drac
Draught of Metabreath Magic (Breath Weapon Admixture/Electricity)	OUTPUTNAME:Draught of Breath Weapon Admixture, Electricity		TYPE:Magic.Potion.Consumable	COST:6000	WT:0	SOURCEPAGE:Drac
Draught of Metabreath Magic (Breath Weapon Admixture/Fire)	OUTPUTNAME:Draught of Breath Weapon Admixture, Fire		TYPE:Magic.Potion.Consumable	COST:6000	WT:0	SOURCEPAGE:Drac
Draught of Metabreath Magic (Breath Weapon Substitution/Acid)	OUTPUTNAME:Draught of Breath Weapon Substitution, Acid		TYPE:Magic.Potion.Consumable	COST:1400	WT:0	SOURCEPAGE:Drac
Draught of Metabreath Magic (Breath Weapon Substitution/Cold)	OUTPUTNAME:Draught of Breath Weapon Substitution, Cold		TYPE:Magic.Potion.Consumable	COST:1400	WT:0	SOURCEPAGE:Drac
Draught of Metabreath Magic (Breath Weapon Substitution/Electricity)	OUTPUTNAME:Draught of Breath Weapon Substitution, Electricity		TYPE:Magic.Potion.Consumable	COST:1400	WT:0	SOURCEPAGE:Drac
Draught of Metabreath Magic (Breath Weapon Substitution/Fire)	OUTPUTNAME:Draught of Breath Weapon Substitution, Fire		TYPE:Magic.Potion.Consumable	COST:1400	WT:0	SOURCEPAGE:Drac
Draught of Metabreath Magic (Deafening Breath)	OUTPUTNAME:Draught of [NAME]		TYPE:Magic.Potion.Consumable	COST:7650	WT:0	SOURCEPAGE:Drac
Draught of Metabreath Magic (Dispelling Breath)	OUTPUTNAME:Draught of [NAME]		TYPE:Magic.Potion.Consumable	COST:1400	WT:0	SOURCEPAGE:Drac
Draught of Metabreath Magic (Enervating Breath)	OUTPUTNAME:Draught of [NAME]		TYPE:Magic.Potion.Consumable	COST:6000	WT:0	SOURCEPAGE:Drac
Draught of Metabreath Magic (Ethereal Breath)	OUTPUTNAME:Draught of [NAME]		TYPE:Magic.Potion.Consumable	COST:2250	WT:0	SOURCEPAGE:Drac
Draught of Metabreath Magic (Rebuking Breath)	OUTPUTNAME:Draught of [NAME]		TYPE:Magic.Potion.Consumable	COST:1400	WT:0	SOURCEPAGE:Drac
Draught of Metabreath Magic (Stunning Breath)	OUTPUTNAME:Draught of [NAME]		TYPE:Magic.Potion.Consumable	COST:1400	WT:0	SOURCEPAGE:Drac
Draught of Metabreath Magic (Stunning Breath/Greater)	OUTPUTNAME:Draught of Stunning Breath, Greater		TYPE:Magic.Potion.Consumable	COST:4550	WT:0	SOURCEPAGE:Drac
Draught of Metallic Dragon Breath			TYPE:Magic.Potion.Consumable	COST:2100	WT:0	SOURCEPAGE:Drac
Draught of Chromatic Dragon Breath			TYPE:Magic.Potion.Consumable	COST:2100	WT:0	SOURCEPAGE:G
Draught of Gem Dragon Breath			TYPE:Magic.Potion.Consumable	COST:2100	WT:0	SOURCEPAGE:G
						
# Equipment Name						
Blood Elixir (Black)	OUTPUTNAME:[NAME] Blood Elixir		TYPE:Magic.Potion.Consumable	COST:700	WT:0	SOURCEPAGE:Drac
Blood Elixir (Blue)	OUTPUTNAME:[NAME] Blood Elixir		TYPE:Magic.Potion.Consumable	COST:900	WT:0	SOURCEPAGE:Drac
Blood Elixir (Brass)	OUTPUTNAME:[NAME] Blood Elixir		TYPE:Magic.Potion.Consumable	COST:400	WT:0	SOURCEPAGE:Drac
Blood Elixir (Bronze)	OUTPUTNAME:[NAME] Blood Elixir		TYPE:Magic.Potion.Consumable	COST:1000	WT:0	SOURCEPAGE:Drac
Blood Elixir (Copper)	OUTPUTNAME:[NAME] Blood Elixir		TYPE:Magic.Potion.Consumable	COST:700	WT:0	SOURCEPAGE:Drac
Blood Elixir (Gold)	OUTPUTNAME:[NAME] Blood Elixir		TYPE:Magic.Potion.Consumable	COST:1700	WT:0	SOURCEPAGE:Drac
Blood Elixir (Green)	OUTPUTNAME:[NAME] Blood Elixir		TYPE:Magic.Potion.Consumable	COST:1200	WT:0	SOURCEPAGE:Drac
Blood Elixir (Red)	OUTPUTNAME:[NAME] Blood Elixir		TYPE:Magic.Potion.Consumable	COST:1400	WT:0	SOURCEPAGE:Drac
Blood Elixir (Silver)	OUTPUTNAME:[NAME] Blood Elixir		TYPE:Magic.Potion.Consumable	COST:1400	WT:0	SOURCEPAGE:Drac
Blood Elixir (White)	OUTPUTNAME:[NAME] Blood Elixir		TYPE:Magic.Potion.Consumable	COST:600	WT:0	SOURCEPAGE:Drac
