SOURCELONG:Power of Faerun	SOURCESHORT:PoF	SOURCEWEB:http://www.gozzilioni.net										
#												
# Class Name 1	Hit Dice (HD)	Type (TYPE:)	Abbreviation (ABB)	Max Level (MAXLEVEL)	Source Page (SOURCEPAGE)	Save checks bonus (Fortitude) (BONUS:CHECKS)	Save checks bonus (Reflex)	Save checks bonus (Will)	Combat bonus	EXCLASS	CONTIGUOUS	FINE
# Class Name req	Requirements	FINE										
# Class Name skill	Skill Pts/Lvl (STARTSKILLPTS)	Class Skill (CSKILL)						define class variables (DEFINE:variable|value	FINE		HASSUBSTITUTIONLEVEL	ALLOWBASECLASS
# Class Name specast	Spell Statistic (SPELLSTAT)	Spell type (SPELLTYPE)	Spellbook (SPELLBOOK/MEMORIZE)	knowspell (KNOWNSPELLS)	spell level increases (BONUS:CASTERLEVEL)	SPELLLIST						
#(level number)	ADD:SPELLCASTER o CAST	FEATAUTO proficiency	(FEATAUTO)	(SAB)	(SAB)	(DOMAIN)	(BONUS)			(DEFINE)		
CLASS:Merchant Prince	HD:6	TYPE:Prestige	ABB:MeP	MAXLEVEL:5	SOURCEPAGE:PoF	BONUS:CHECKS|BASE.Fortitude|CL/3	BONUS:CHECKS|BASE.Reflex|CL/2+2	BONUS:CHECKS|BASE.Will|CL/3	BONUS:COMBAT|BAB|CL/3*4|TYPE=Base.REPLACE			
CLASS:Merchant Prince	PRESKILL:4,Appraise=4,Bluff=4,Diplomacy=4,Sense Motive=4	PRESKILL:1,Profession (Merchant)=8	PREFEAT:2,Business Savvy,Favored in Guild	PREFEAT:1,Skill Focus(Profession (Merchant))	PREMULT:2,[PRELANG:1,Common],[PRELANG:3,ANY]	!PREABILITY:1,Category=Special Ability,Illiteracy	PRETEXT:You must own a business.				
CLASS:Merchant Prince	STARTSKILLPTS:6	CSKILL:Appraise|Bluff|Concentration|TYPE.Craft|Decipher Script|Diplomacy|Forgery|Gather Information|Handle Animal|TYPE.Knowledge|TYPE.Profession|Ride|Sense motive|Speak Language|Spellcraft|Use Magic Device										
CLASS:Merchant Prince	SPELLSTAT:INT	SPELLTYPE:Arcane	SPELLBOOK:YES	KNOWNSPELLS:LEVEL=0	BONUS:CASTERLEVEL|Merchant Prince|CL							
1		ABILITY:Special Ability|AUTOMATIC|Weapon and Armor Proficiency ~ Merchant Prince										
#												
1	CAST:0,0			ABILITY:Special Ability|AUTOMATIC|Master of Commerce|Mercantile Knowledge			BONUS:VAR|MasterOfCommerceBonus|2*CL	BONUS:VAR|MasterOfCommerceLVL|CL	BONUS:VAR|MercantileKnowledgeLVL|CL	BONUS:VAR|MercantileKnowledge|MercantileKnowledgeLVL+BardicKnowledgeLvl		
2	CAST:0,1			ABILITY:Special Ability|AUTOMATIC|Lliira's Heart								
3	CAST:0,1,0			ABILITY:Special Ability|AUTOMATIC|Gond's Forge								
4	CAST:0,1,1			ABILITY:Special Ability|AUTOMATIC|Shaundakul's Cloak								
5	CAST:0,1,1,0			ABILITY:Special Ability|AUTOMATIC|Waukeen's Coin|Waukeen's Coin ~ Merchant Prince								
#												
CLASS:Court Herald	HD:4	TYPE:Prestige	ABB:CoH	MAXLEVEL:10	SOURCEPAGE:PoF	BONUS:CHECKS|BASE.Fortitude|CL/3	BONUS:CHECKS|BASE.Reflex|CL/2+2	BONUS:CHECKS|BASE.Will|CL/3	BONUS:COMBAT|BAB|CL/2|TYPE=Base.REPLACE			
CLASS:Court Herald	PREFEAT:1,Skill Focus(TYPE=Knowledge)	PRESKILL:2,Bluff=4,Sense Motive=4	PRESKILL:1,Diplomacy=6	PRESKILL:1,Gather Information=8	PRESKILL:2,Knowledge (History)=10,Knowledge (Nobility and Royalty)=10	PRELANG:3,ANY						
CLASS:Court Herald	STARTSKILLPTS:4	CSKILL:Bluff|Concentration|Decipher Script|Diplomacy|Forgery|Gather Information|Intimidate|TYPE.Knowledge|Listen|TYPE.Perform|Sense motive|Speak Language|Spot|Use Magic Device										
CLASS:Court Herald	SPELLSTAT:CHA	SPELLTYPE:Arcane	MEMORIZE:NO		BONUS:CASTERLEVEL|Court Herald|CL							
1		ABILITY:Special Ability|AUTOMATIC|Weapon and Armor Proficiency ~ Court Herald										
#												
1	CAST:2,0	KNOWN:3,1		ABILITY:Class Ability|AUTOMATIC|Secret ~ Court Herald			BONUS:ABILITYPOOL|Court Herald Secret|1	BONUS:VAR|CourtHeraldSecretsLVL|CL+INT				
2	CAST:3,1	KNOWN:4,2		ABILITY:Class Ability|AUTOMATIC|Lore ~ Court Herald|Mindsee								
3	CAST:3,1,0	KNOWN:4,2,1	ADD:LANGUAGE|TYPE=Spoken									
4	CAST:3,2,1	KNOWN:4,3,2					BONUS:ABILITYPOOL|Court Herald Secret|1					
5	CAST:4,2,1,0	KNOWN:5,3,2,1	ADD:LANGUAGE|TYPE=Spoken									
6	CAST:4,3,2,1	KNOWN:5,3,3,2					BONUS:ABILITYPOOL|Court Herald Secret|1					
7	CAST:4,3,2,1,0	KNOWN:5,4,3,2,1		ABILITY:Class Ability|AUTOMATIC|Greater Lore								
8	CAST:5,3,3,2,1	KNOWN:5,4,3,3,2	ADD:LANGUAGE|TYPE=Spoken									
9	CAST:5,4,3,2,1,0	KNOWN:6,4,4,3,2,1					BONUS:FEAT|POOL|1					
10	CAST:5,4,3,3,2,1	KNOWN:6,5,4,3,3,2					BONUS:ABILITYPOOL|Skill Mastery|3+INT					
11	CAST:6,4,4,3,2,1,0	KNOWN:6,5,4,4,3,2,1		ABILITY:Class Ability|AUTOMATIC|True Lore								
12	CAST:6,4,4,3,3,2,1	KNOWN:6,5,5,4,3,2,1		SR:CL								
#
###TODO:Sunmaster Prestige class
CLASS:Sunmaster.MOD	PREMULT:1,[PREFEAT:1,Servant of the Fallen],[PREABILITY:1,CATEGORY=Guild Category,Risen Sun Heresy]
