SOURCELONG:Gozzilioni Deities and Demigods	SOURCESHORT:DaD	SOURCEWEB:http://www.gozzilioni.net	SOURCEDATE:2002-04
#FOLLOWERALIGN(deprecato)								
# usare prealign su DOMAIN)								
#	ALIGN:	DEITYWEAP:	DESC: ()	DOMAINS:		PANTHEON:Greyhawk	SOURCEPAGE:CD	
#Bahamut	ALIGN:LG	DEITYWEAP:Pick (Heavy)|Bite	DESC:Bahamut (M)	DOMAINS:Air,Cold,Good,Luck,Protection|PREALIGN:LG,LN,NG	TYPE:Lesser	PANTHEON:Greyhawk|Draconic	SOURCEPAGE:CD	
Olympian Pantheon	ALIGN:TN	DEITYWEAP:Dagger|Greatclub|Mace (Light)|Longsword|Quarterstaff|Sword (Short)|Longspear|Halfspear|Shortspear|Trident|Unarmed Strike|Warhammer	DESC:Olypmpian Pantheon	DOMAINS:Air,Animal,Artifice,Chaos,Charm,Community,Creation,Death,Destruction,Earth,Evil,Fire,Good,Healing,Knowledge,Law,Luck,Madness,Magic,Nobility,Plant,Protection,Strength,Sun,Travel,Trickery,War,Water,Weather	TYPE:None	PANTHEON:Olympian|None	SOURCEPAGE:DaD
Zeus	ALIGN:CG	DEITYWEAP:Shortspear|Halfspear	DESC:Zeus (M)	DOMAINS:Air,Chaos,Good,Nobility,Strength,Weather|PREALIGN:NG,CG,CN	TYPE:Greater	PANTHEON:Olympian	SOURCEPAGE:DaD	SYMBOL:Fist filled with lightning bolts
Aphrodite	ALIGN:CG	DEITYWEAP:Dagger	DESC:Aphrodite (F)	DOMAINS:Chaos,Charm,Good|PREALIGN:NG,CG,CN	TYPE:Intermediate	PANTHEON:Olympian	SOURCEPAGE:DaD	SYMBOL:Seashell
Apollo	ALIGN:CG	DEITYWEAP:Longbow	DESC:Apollo (M)	DOMAINS:Good,Healing,Knowledge,Magic,Sun|PREMULT:1,[PREALIGN:NG,CG,CN],[PRERACE:1,RACESUBTYPE=Elf]	TYPE:Intermediate	PANTHEON:Olympian	SOURCEPAGE:DaD	SYMBOL:Lyra
Ares	ALIGN:CE	DEITYWEAP:Shortspear	DESC:Ares (M)	DOMAINS:Chaos,Destruction,Evil,War|PREMULT:1,[PREALIGN:NE,CE,CN],[PRERACE:1,RACESUBTYPE=Orc]	TYPE:Intermediate	PANTHEON:Olympian	SOURCEPAGE:DaD	SYMBOL:Spear
Artemis	ALIGN:NG	DEITYWEAP:Sword (Short)	DESC:Artemis (F)	DOMAINS:Animal,Good,Plant,Sun|PREMULT:1,[PREALIGN:LG,LN,CG,NG],[PRERACE:1,RACESUBTYPE=Elf]	TYPE:Intermediate	PANTHEON:Olympian	SOURCEPAGE:DaD	SYMBOL:Bow and arrow on a lunar disk
Athena	ALIGN:LG	DEITYWEAP:Sword (Short)	DESC:Artemis (F)	DOMAINS:Animal,Good,Plant,Sun|PREALIGN:LG,LN,CG,NG	TYPE:Greater	PANTHEON:Olympian	SOURCEPAGE:DaD	SYMBOL:An owl
Demeter	ALIGN:TN	DEITYWEAP:Shortspear|Halfspear|Longspear	DESC:Demeter (F)	DOMAINS:Earth,Plant,Protection|PREALIGN:LN,NG,TN,NE,CN	TYPE:Lesser	PANTHEON:Olympian	SOURCEPAGE:DaD	SYMBOL:Mare's head
Dionysus	ALIGN:CN	DEITYWEAP:Quarterstaff	DESC:Dionysus (M)	DOMAINS:Chaos,Destruction,Madness|PREALIGN:CG,TN,CN,CE	TYPE:Intermediate	PANTHEON:Olympian	SOURCEPAGE:DaD	SYMBOL:Thyrsus, a staff tipped with a pine cone and twisted with a vine
Hades	ALIGN:NE	DEITYWEAP:Longsword	DESC:Hades (M)	DOMAINS:Death,Earth,Evil|PREMULT:1,[PREALIGN:LE,TN,NE,CE],[PRERACE:1,RACESUBTYPE=Dwarf]	TYPE:Greater	PANTHEON:Olympian	SOURCEPAGE:DaD	SYMBOL:Black ram
Hecate	ALIGN:NE	DEITYWEAP:Dagger	DESC:Hecate (F)	DOMAINS:Creation,Evil,Knowledge,Magic|PREALIGN:LE,TN,NE,CE	TYPE:Intermediate	PANTHEON:Olympian	SOURCEPAGE:DaD	SYMBOL:Setting moon
Hephaestus	ALIGN:NG	DEITYWEAP:Warhammer	DESC:Hephaestus (M)	DOMAINS:Artifice,Community,Earth,Fire,Good|PREMULT:1,[PREALIGN:LG,NG,CG,TN],[PRERACE:1,RACESUBTYPE=Dwarf],[PRERACE:1,RACESUBTYPE=Gnome]	TYPE:Intermediate	PANTHEON:Olympian	SOURCEPAGE:DaD	SYMBOL:Hammer and anvil
Hera	ALIGN:TN	DEITYWEAP:Mace (Light)	DESC:Hera (F)	DOMAINS:Community,Nobility,Protection,Trickery|PREALIGN:LN,NG,TN,NE,CN	TYPE:Greater	PANTHEON:Olympian	SOURCEPAGE:DaD	SYMBOL:Fan of peacock feathers
Hercules	ALIGN:CG	DEITYWEAP:Greatclub	DESC:Hercules (M)	DOMAINS:Chaos,Good,Luck,Strength|PREALIGN:NG,CG,CN	TYPE:Demigod	PANTHEON:Olympian	SOURCEPAGE:DaD	SYMBOL:Lion's head
Hermes	ALIGN:CG	DEITYWEAP:Quarterstaff	DESC:Hermes (M)	DOMAINS:Chaos,Good,Luck,Travel,Trickery|PREMULT:1,[PREALIGN:NG,CG,CN],[PRERACE:1,RACESUBTYPE=Gnome]	TYPE:Intermediate	PANTHEON:Olympian	SOURCEPAGE:DaDCaduceus, a winged staff with two entwining serpents
Hestia	ALIGN:NG	DEITYWEAP:Dagger	DESC:Hestia (F)	DOMAINS:Community,Good,Protection|PREALIGN:LG,NG,CG,TN	TYPE:Lesser	PANTHEON:Olympian	SOURCEPAGE:DaD	SYMBOL:Hearth
Nike	ALIGN:LN	DEITYWEAP:Mace (Light)	DESC:Nike (F)	DOMAINS:Law,Nobility,War|PREALIGN:LG,LN,LE,TN	TYPE:Demigod	PANTHEON:Olympian	SOURCEPAGE:DaD	SYMBOL:Winged woman
Pan	ALIGN:CN	DEITYWEAP:Unarmed Strike	DESC:Pan (M)	DOMAINS:Animal,Chaos,Plant|PREALIGN:TN,CG,CN,CE	TYPE:Lesser	PANTHEON:Olympian	SOURCEPAGE:DaD	SYMBOL:Syrinx, a pan pipes
Poseidon	ALIGN:CN	DEITYWEAP:Trident	DESC:Poseidon (M)	DOMAINS:Chaos,Earth,Water|PREALIGN:TN,CG,CN,CE	TYPE:Greater	PANTHEON:Olympian	SOURCEPAGE:DaD	SYMBOL:Trident
Tyche	ALIGN:NG	DEITYWEAP:Quarterstaff	DESC:Tyche (F)	DOMAINS:Luck,Protection,Travel|PREMULT:1,[PREALIGN:LG,NG,TN,CG],[PRERACE:1,RACESUBTYPE=Halfling]	TYPE:Lesser	PANTHEON:Olympian	SOURCEPAGE:DaD	SYMBOL:Red pentagram
The Academy		DEITYWEAP:Quarterstaff	DESC:The Academy ()	DOMAINS:Good,Knowledge|PREALIGN:LG,NG,CG	TYPE:None	PANTHEON:Olympian	SOURCEPAGE:DaD	SYMBOL:Scroll
#
Pharaonic Pantheon	ALIGN:TN	DEITYWEAP:Flail|Pick (Heavy)|Kopesh|Longsword|Mace (Light)|Mace (Heavy)|Quarterstaff|Sword (Short)|Shortspear|Halfspear|Longspear|Bracers (Claw/Tiger)	DESC:Pharaonic Pantheon	DOMAINS:Air,Artifice,Chaos,Community,Creation,Destruction,Earth,Glory,Good,Healing,Knowledge,Law,Luck,Magic,Nobility,Plant,Protection,Repose,Rune,Strength,Sun,Travel,Trickery,War,Water|PREALIGN:LG,LN,NG,TN,CG,CN	TYPE:None	PANTHEON:Pharaonic|None	SOURCEPAGE:DaD
Three Aberrant Deities	ALIGN:NE	DEITYWEAP:Pick (Heavy)|Longspear|Halfspear|Shortspear	DESC:Three Aberrant Deities	DOMAINS:Air,Animal,Chaos,Darkness,Destruction,Evil,Fire,Scalykind,Strength,Water	TYPE:None	PANTHEON:Pharaonic|None	SOURCEPAGE:DaD
Osirian Triad Deities	ALIGN:NG	DEITYWEAP:Kopesh|Flail|Quarterstaff	DESC:Osirian Triad Deities	DOMAINS:Air,Earth,Law,Glory,Good,Magic,Nobility,Plant,Protection,Repose,Sun,War,Water|PREALIGN:LG,NG,CG	TYPE:None	PANTHEON:Pharaonic|None	SOURCEPAGE:DaD
Re-Horakhty	ALIGN:LG	DEITYWEAP:Kopesh	DESC:Re-Horakhty (M)	DOMAINS:Glory,Good,Law,Nobility,Sun,War|PREALIGN:LG,LN,NG	TYPE:Greater	PANTHEON:Pharaonic	SOURCEPAGE:DaD	SYMBOL:Solar disk encircled by a serpent
Anubis	ALIGN:LN	DEITYWEAP:Mace (Light)|Mace (Heavy)	DESC:Anubis (M)	DOMAINS:Law,Magic,Repose|PREALIGN:LG,LN,LE,TN	TYPE:Lesser	PANTHEON:Pharaonic	SOURCEPAGE:DaD	SYMBOL:Black Jackal
Apep	ALIGN:NE	DEITYWEAP:Pick (Heavy)	DESC:Apep (M)	DOMAINS:Evil,Fire,Scalykind|PREALIGN:LE,TN,NE,CE	TYPE:Demigod	PANTHEON:Pharaonic	SOURCEPAGE:DaD	SYMBOL:Flaming snake
Bast	ALIGN:CG	DEITYWEAP:Bracers (Claw/Tiger)	DESC:Bast (F)	DOMAINS:Chaos,Destruction,Protection,Strength,War|PREMULT:1,[PREALIGN:NG,CG,CN],[PRERACE:1,RACESUBTYPE=Elf],[PRERACE:1,RACESUBTYPE=Orc],[PRERACE:1,RACESUBTYPE=Halfling]	TYPE:Lesser	PANTHEON:Pharaonic	SOURCEPAGE:DaD	SYMBOL:Cat
Bes	ALIGN:CN	DEITYWEAP:Sword (Short)	DESC:Bes (M)	DOMAINS:Luck,Protection,Trickery|PREMULT:1,[PREALIGN:CG,CN,TN,CE],[PRERACE:1,RACESUBTYPE=Gnome],[PRERACE:1,RACESUBTYPE=Halfling]	TYPE:Lesser	PANTHEON:Pharaonic	SOURCEPAGE:DaD	SYMBOL:Image of the deity
Hator	ALIGN:NG	DEITYWEAP:Longsword	DESC:Hator (F)	DOMAINS:Community,Good,Luck|PREMULT:1,[PREALIGN:LG,NG,TN,CG],[PRERACE:1,RACESUBTYPE=Gnome],[PRERACE:1,RACESUBTYPE=Halfling]	TYPE:Lesser	PANTHEON:Pharaonic	SOURCEPAGE:DaD	SYMBOL:Horned cow's head with a lunar disk
Imhotep	ALIGN:NG	DEITYWEAP:Quarterstaff	DESC:Imhotep (M)	DOMAINS:Artifice,Healing,Knowledge|PREALIGN:LG,NG,TN,CG	TYPE:Demigod	PANTHEON:Pharaonic	SOURCEPAGE:DaD	SYMBOL:A step pyramid
Isis	ALIGN:NG	DEITYWEAP:Quarterstaff	DESC:Isis (F)	DOMAINS:Good,Magic,Protection,Water|PREALIGN:LG,NG,TN,CG	TYPE:Greater	PANTHEON:Pharaonic	SOURCEPAGE:DaD	SYMBOL:Ankh and star
Nephthys	ALIGN:CG	DEITYWEAP:Mace (Light)|Mace (Heavy)	DESC:Nephthys (F)	DOMAINS:Chaos,Good,Protection,Repose|PREMULT:1,[PREALIGN:NG,CG,CN],[PRERACE:1,RACESUBTYPE=Elf]	TYPE:Intermediate	PANTHEON:Pharaonic	SOURCEPAGE:DaD	SYMBOL:Horns around a lunar disk
Osiris	ALIGN:LG	DEITYWEAP:Flail	DESC:Osiris (M)	DOMAINS:Air,Earth,Good,Law,Plant,Repose|PREMULT:1,[PREALIGN:LG,LN,NG],[PRERACE:1,RACESUBTYPE=Dwarf]	TYPE:Greater	PANTHEON:Pharaonic	SOURCEPAGE:DaD	SYMBOL:Crook and flail
Ptah	ALIGN:LN	DEITYWEAP:Mace (Light)|Mace (Heavy)	DESC:Ptah (M)	DOMAINS:Creation,Knowledge,Law,Travel|PREMULT:1,[PREALIGN:LG,LN,LE,TN],[PRERACE:1,RACESUBTYPE=Dwarf]	TYPE:Intermediate	PANTHEON:Pharaonic	SOURCEPAGE:DaD	SYMBOL:Bull
Set	ALIGN:CE	DEITYWEAP:Longspear|Halfspear|Shortspear	DESC:Set (M)	DOMAINS:Air,Chaos,Darkness,Destruction,Evil,Strength|PREMULT:1,[PREALIGN:NE,CN,CE],[PRERACE:1,RACESUBTYPE=Orc]	TYPE:Greater	PANTHEON:Pharaonic	SOURCEPAGE:DaD	SYMBOL:Coiled cobra
Sobek	ALIGN:LE	DEITYWEAP:Shortspear	DESC:Sobek (M)	DOMAINS:Animal,Evil,Water|PREMULT:1,[PREALIGN:LN,LE,NE],[PRERACE:1,RACESUBTYPE=Gnome]	TYPE:Demigod	PANTHEON:Pharaonic	SOURCEPAGE:DaD	SYMBOL:Crocodile head with horned and plumed headress
Thoth	ALIGN:TN	DEITYWEAP:Quarterstaff	DESC:Thoth (M)	DOMAINS:Knowledge,Magic,Rune|PREALIGN:LN,NG,TN,NE,CN	TYPE:Intermediate	PANTHEON:Pharaonic	SOURCEPAGE:DaD	SYMBOL:Ibis
#
Asgardian Pantheon	ALIGN:TN	DEITYWEAP:Longbow|Dagger|Greatclub|Greatsword|Longsword|Quarterstaff|Sword (Short)|Longspear|Halfspear|Shortspear|Unarmed Strike|Warhammer	DESC:Asgardian Pantheon	DOMAINS:Air,Animal,Chaos,Charm,Community,Death,Destruction,Good,Earth,Evil,Fire,Healing,Knowledge,Law,Luck,Magic,Plant,Protection,Strength,Sun,Travel,Trickery,War,Water,Weather	TYPE:None	PANTHEON:Asgardian|None	SOURCEPAGE:DaD
Odin	ALIGN:NG	DEITYWEAP:Shortspear	DESC:Odin (M)	DOMAINS:Air,Knowledge,Magic,Travel,Trickery,War|PREMULT:1,[PREALIGN:LG,NG,TN,CG],[PRERACE:1,RACESUBTYPE=Gnome]	TYPE:Greater	PANTHEON:Asgardian	SOURCEPAGE:DaD	SYMBOL:Watching blue eye
Aegir	ALIGN:NE	DEITYWEAP:Greatclub	DESC:Aegir (M)	DOMAINS:Death,Destruction,Evil,Strength,Water|PREALIGN:LE,TN,NE,CE	TYPE:Intermediate	PANTHEON:Asgardian	SOURCEPAGE:DaD	SYMBOL:Rough ocean waves
Balder	ALIGN:NG	DEITYWEAP:Greatsword	DESC:Balder (M)	DOMAINS:Good,Healing,Knowledge|PREMULT:1,[PREALIGN:LG,NG,TN,CG],[PRERACE:1,RACESUBTYPE=Gnome]	TYPE:Intermediate	PANTHEON:Asgardian	SOURCEPAGE:DaD	SYMBOL:Gem-encrusted silver chalice
Forseti	ALIGN:TN	DEITYWEAP:Longsword	DESC:Forseti (M)	DOMAINS:Knowledge,Protection,Strength|PREMULT:1,[PREALIGN:LN,NG,TN,NE,CN],[PRERACE:1,RACESUBTYPE=Halfling]	TYPE:Intermediate	PANTHEON:Asgardian	SOURCEPAGE:DaD	SYMBOL:Head of a bearded man
Frey	ALIGN:NG	DEITYWEAP:Greatsword	DESC:Frey (M)	DOMAINS:Air,Good,Plant,Sun|PREMULT:1,[PREALIGN:LG,NG,TN,CG],[PRERACE:1,RACESUBTYPE=Elf],[PRERACE:1,RACESUBTYPE=Gnome]	TYPE:Greater	PANTHEON:Asgardian	SOURCEPAGE:DaD	SYMBOL:Ice-blue longsword
Freya	ALIGN:NG	DEITYWEAP:Longsword	DESC:Freya (F)	DOMAINS:Air,Charm,Good,Magic|PREMULT:1,[PREALIGN:LG,NG,TN,CG],[PRERACE:1,RACESUBTYPE=Elf],[PRERACE:1,RACESUBTYPE=Gnome]	TYPE:Intermediate	PANTHEON:Asgardian	SOURCEPAGE:DaD	SYMBOL:Falcon
Frigga	ALIGN:TN	DEITYWEAP:Bite|Claw|Tentacle|Slam	DESC:Frigga (F)	DOMAINS:Air,Animal,Community,Knowledge|PREMULT:1,[PREALIGN:LN,NG,TN,NE,CN],[PRERACE:1,RACESUBTYPE=Halfling]	TYPE:Greater	PANTHEON:Asgardian	SOURCEPAGE:DaD	SYMBOL:Large cat
Heimdall	ALIGN:LG	DEITYWEAP:Longsword	DESC:Heimdall (M)	DOMAINS:Good,Law,War|PREMULT:1,[PREALIGN:LG,LN,NG],[PRERACE:1,RACESUBTYPE=Dwarf]	TYPE:Intermediate	PANTHEON:Asgardian	SOURCEPAGE:DaD	SYMBOL:Gjallahorn
Hel	ALIGN:NE	DEITYWEAP:Longsword	DESC:Hel (F)	DOMAINS:Death,Destruction,Evil|PREALIGN:LE,TN,NE,CE	TYPE:Intermediate	PANTHEON:Asgardian	SOURCEPAGE:DaD	SYMBOL:Her face
Hermod	ALIGN:CN	DEITYWEAP:Rapier	DESC:Hermod (M)	DOMAINS:Chaos,Luck,Travel|PREMULT:1,[PREALIGN:TN,CG,CN,CE],[PRERACE:1,RACESUBTYPE=Elf],[PRERACE:1,RACESUBTYPE=Halfling]	TYPE:Demigod	PANTHEON:Asgardian	SOURCEPAGE:DaD	SYMBOL:Winged scroll
Loki	ALIGN:CE	DEITYWEAP:Dagger	DESC:Loki (M)	DOMAINS:Chaos,Destruction,Evil,Trickery|PREALIGN:NE,CN,CE	TYPE:Greater	PANTHEON:Asgardian	SOURCEPAGE:DaD	SYMBOL:Flame
Njord	ALIGN:NG	DEITYWEAP:Longspear	DESC:Njord (M)	DOMAINS:Air,Good,Water|PREALIGN:LG,NG,TN,CG	TYPE:Intermediate	PANTHEON:Asgardian	SOURCEPAGE:DaD	SYMBOL:Gold coin
Odur	ALIGN:CG	DEITYWEAP:Sword (Bastard)	DESC:Odur (M)	DOMAINS:Chaos,Fire,Sun|PREALIGN:NG,CG,CN	TYPE:Demigod	PANTHEON:Asgardian	SOURCEPAGE:DaD	SYMBOL:Sun disk
Sif	ALIGN:CG	DEITYWEAP:Longsword	DESC:Sif (F)	DOMAINS:Chaos,Good,War|PREALIGN:NG,CG,CN	TYPE:Lesser	PANTHEON:Asgardian	SOURCEPAGE:DaD	SYMBOL:Uprised sword
Skadi	ALIGN:TN	DEITYWEAP:Greataxe	DESC:Skadi (F)	DOMAINS:Destruction,Earth,Strength|PREMULT:1,[PREALIGN:LN,NG,TN,NE,CN],[PRERACE:1,RACESUBTYPE=Dwarf],[PRERACE:1,RACESUBTYPE=Halfling]	TYPE:Lesser	PANTHEON:Asgardian	SOURCEPAGE:DaD	SYMBOL:Mountain peak
Surtur	ALIGN:LE	DEITYWEAP:Longsword	DESC:Surtur (M)	DOMAINS:Evil,Fire,Law,Strength,War|PREALIGN:LN,LE,NE	TYPE:Intermediate	PANTHEON:Asgardian	SOURCEPAGE:DaD	SYMBOL:Flaming sword
Thor	ALIGN:CG	DEITYWEAP:Warhammer	DESC:Thor (M)	DOMAINS:Chaos,Good,Protection,Strength,War,Weather|PREMULT:1,[PREALIGN:NG,CG,CN],[PRERACE:1,RACESUBTYPE=Dwarf],[PRERACE:1,RACESUBTYPE=Orc]	TYPE:Greater	PANTHEON:Asgardian	SOURCEPAGE:DaD	SYMBOL:Hammer
Thrym	ALIGN:CE	DEITYWEAP:Greataxe	DESC:Thrym (M)	DOMAINS:Chaos,Earth,Evil,Strength,War|PREALIGN:NE,CN,CE	TYPE:Intermediate	PANTHEON:Asgardian	SOURCEPAGE:DaD	SYMBOL:White double-bladed axe
Tyr	ALIGN:LN	DEITYWEAP:Longsword	DESC:Tyr (M)	DOMAINS:Law,Protection,War|PREMULT:1,[PREALIGN:LG,LN,LE,TN],[PRERACE:1,RACESUBTYPE=Dwarf]	TYPE:Intermediate	PANTHEON:Asgardian	SOURCEPAGE:DaD	SYMBOL:Sword
Uller	ALIGN:CN	DEITYWEAP:Longbow	DESC:Uller (M)	DOMAINS:Chaos,Protection,Travel|PREMULT:1,[PREALIGN:TN,CG,CN,CE],[PRERACE:1,RACESUBTYPE=Elf],[PRERACE:1,RACESUBTYPE=Orc],[PRERACE:1,RACESUBTYPE=Halfling]	TYPE:Lesser	PANTHEON:Asgardian	SOURCEPAGE:DaD	SYMBOL:Longbow
#
Taiia (The Creator)	ALIGN:TN	DEITYWEAP:Trident	DESC:Taiia (F)	DOMAINS:Air,Chaos,Earth,Good,Healing,Knowledge,Law,Luck,Magic,Protection,Sun,Travel|PREALIGN:CG,CN,LG,LN,TN,NG	TYPE:Greater	PANTHEON:Monotheistic	SOURCEPAGE:DaD	SYMBOL:A solar disk with three eyes	OUTPUTNAME:Taiia, The Creator
Taiia (The Destroyer)	ALIGN:TN	DEITYWEAP:Battleaxe	DESC:Taiia (F)	DOMAINS:Chaos,Death,Destruction,Evil,Fire,Law,Strength,Trickery,War,Water|PREALIGN:CE,CN,LN,LE,TN,NE	TYPE:Greater	PANTHEON:Monotheistic	SOURCEPAGE:DaD	SYMBOL:A solar disk with three eyes	OUTPUTNAME:Taiia, The Destroyer
#
Elishar	ALIGN:NG	DEITYWEAP:Scimitar	DESC:Elishar (M)	DOMAINS:Good,Healing,Knowledge,Luck,Protection,Sun|PREALIGN:CG,LG,NG	TYPE:Intermediate	PANTHEON:Following the Light	SOURCEPAGE:DaD	SYMBOL:A five-pointed star with another five-pointed star within its center
Toldoth	ALIGN:NE	DEITYWEAP:Battleaxe	DESC:Toldoth (M)	DOMAINS:Death,Destruction,Evil,Strength,Trickery,War|PREALIGN:CE,LE,NE	TYPE:Intermediate	PANTHEON:Following the Light	SOURCEPAGE:DaD	SYMBOL:Onyx disk
#
Dennari	ALIGN:CG	DEITYWEAP:Warhammer	DESC:Dennari (F)	DOMAINS:Chaos,Earth,Good,Liberation,Plant|PREALIGN:CG,CN,NG	TYPE:Lesser	PANTHEON:None	SOURCEPAGE:DaD	SYMBOL:Warhammer with leaves sprouting from handle
