SOURCELONG:Spell Compendium	SOURCESHORT:SpC	SOURCEWEB:http://www.gozzilioni.net			
###Block: Creature Subtypes					
# Template Name	Visible	Source Page	Special Ability		
Bite of the Werebear	VISIBLE:NO	PREVARGTEQ:SpellBiteOfTheWerebear,1	TEMPLATE:CHOOSE:Bite of the Werebear ~ Claws ~ Bite (Small)|Bite of the Werebear ~ Claws ~ Bite (Medium)	VFEAT:Multiattack|Blind Fight|Power Attack	BONUS:WEAPONPROF=Bite|DAMAGE|-1*(max(0,(STR/2)))
Bite of the Wereboar	VISIBLE:NO	PREVARGTEQ:SpellBiteOfTheWereboar,1	TEMPLATE:CHOOSE:Bite of the Wereboar ~ Bite (Small)|Bite of the Wereboar ~ Bite (Medium)	VFEAT:Blind Fight|Power Attack	BONUS:WEAPONPROF=Bite|DAMAGE|max(0,(STR/2))
Bite of the Wererat	VISIBLE:NO	PREVARGTEQ:SpellBiteOfTheWererat,1	TEMPLATE:CHOOSE:Bite of the Wererat ~ Bite (Small)|Bite of the Wererat ~ Bite (Medium)	VFEAT:Weapon Finesse	BONUS:WEAPONPROF=Bite|DAMAGE|max(0,(STR/2))
Bite of the Weretiger	VISIBLE:NO	PREVARGTEQ:SpellBiteOfTheWeretiger,1	TEMPLATE:CHOOSE:Bite of the Weretiger ~ Claws ~ Bite (Small)|Bite of the Weretiger ~ Claws ~ Bite (Medium)	VFEAT:Multiattack|Blind Fight|Power Attack	BONUS:WEAPONPROF=Bite|DAMAGE|-1*(max(0,(STR/2)))
Bite of the Werewolf	VISIBLE:NO	PREVARGTEQ:SpellBiteOfTheWerewolf,1	TEMPLATE:CHOOSE:Bite of the Werewolf ~ Bite (Small)|Bite of the Werewolf ~ Bite (Medium)	VFEAT:Blind Fight	BONUS:WEAPONPROF=Bite|DAMAGE|max(0,(STR/2))
Claws of the Bear	VISIBLE:NO	PREVARGTEQ:SpellClawsOfTheBear,1	TEMPLATE:CHOOSE:Claws of the Bear ~ Claws (Small)|Claws of the Bear ~ Claws (Medium)|Claws of the Bear ~ Claws (Large)	BONUS:WEAPONPROF=Bite|DAMAGE|max(0,(STR/2))
Claws of Darkness	VISIBLE:NO	PREVARGTEQ:SpellClawsOfDarkness,1	TEMPLATE:CHOOSE:Claws of Darkness ~ Claws (Medium)
Dire Hunger	VISIBLE:NO	PREVARGTEQ:SpellDireHunger,1	TEMPLATE:CHOOSE:Dire Hunger ~ Bite (Fine)|Dire Hunger ~ Bite (Diminutive)|Dire Hunger ~ Bite (Tiny)|Dire Hunger ~ Bite (Small)|Dire Hunger ~ Bite (Medium)|Dire Hunger ~ Bite (Large)|Dire Hunger ~ Bite (Huge)|Dire Hunger ~ Bite (Gargantuan)|Dire Hunger ~ Bite (Colossal)
Essence of the Raptor	VISIBLE:NO	PREVARGTEQ:SpellEssenceOfTheRaptor,1	MOVE:Walk,60	ABILITY:Special Ability|VIRTUAL|Scent
Fangs of the Vampire King	VISIBLE:NO	PREVARGTEQ:SpellFangsOfTheVampireKing,1	NATURALATTACKS:Bite,Weapon.Natural.Melee.Finesseable.Bludgeoning.Piercing.Slashing,*1,1d6	ABILITY:Special Ability|VIRTUAL|Blood Drain ~ Fangs of the Vampire Lord	
Favor of the Martyr	VISIBLE:NO	PREVARGTEQ:SpellFavorOfTheMartyr,1	ABILITY:Special Ability|VIRTUAL|Immunity To Non-lethal Damage|Immunity To Charm Effects|Immunity to Compulsion|Immunity To Daze|Immunity To Exhaustion|Immunity To Fatigue|Immunity To Nausea|Immunity To Sickness|Immunity To Stagger|Immunity To Stunning	VFEAT:Endurance
Fist of Stone VISIBLE:NO	PREVARGTEQ:SpellFistOfStone,1	NATURALATTACKS:Slam,Weapon.Natural.Melee.Finesseable.Bludgeoning,*1,1d6	BONUS:WEAPONPROF=Slam|DAMAGE|max(0,(STR/2))
Fortify Familiar	VISIBLE:NO	PREVARGTEQ:SpellFortifyFamiliar,1
Ghostform	VISIBLE:NO	PREVARGTEQ:SpellGhostform,1	RACESUBTYPE:Incorporeal
Girallon's Blessing	VISIBLE:NO	PREVARGTEQ:SpellGirallonSBlessing,1	NATURALATTACKS:Claw,Weapon.Natural.Melee.Finesseable.Piercing.Slashing,*4,1d4	ABILITY:Special Ability|VIRTUAL|Rend
Golden Barding	VISIBLE:NO	PREVARGTEQ:SpellGoldenBarding,1
Heart Of Stone	VISIBLE:NO	PREVARGTEQ:SpellHeartOfStone,1	DR:5/-	ABILITY:Special Ability|VIRTUAL|Resistance To Cold|Resistance To Fire|Resistance To Electricity	DEFINE:ColdResistanceBonus|5	DEFINE:FireResistanceBonus|5	DEFINE:ElectricityResistanceBonus|5

Bite of the Werebear ~ Claws ~ Bite (Small)			VISIBLE:NO	PRESIZEEQ:S									NATURALATTACKS:Claw,Weapon.Natural.Melee.Finesseable.Piercing.Slashing,*2,1d6|Bite,Weapon.Natural.Melee.Finesseable.Bludgeoning.Piercing.Slashing,*1,2d6
Bite of the Werebear ~ Claws ~ Bite (Medium)			VISIBLE:NO	PRESIZEEQ:M									NATURALATTACKS:Claw,Weapon.Natural.Melee.Finesseable.Piercing.Slashing,*2,1d8|Bite,Weapon.Natural.Melee.Finesseable.Bludgeoning.Piercing.Slashing,*1,2d8
Bite of the Wereboar ~ Bite (Small)			VISIBLE:NO	PRESIZEEQ:S									NATURALATTACKS:Bite,Weapon.Natural.Melee.Finesseable.Bludgeoning.Piercing.Slashing,*1,1d6
Bite of the Wereboar ~ Bite (Medium)			VISIBLE:NO	PRESIZEEQ:M									NATURALATTACKS:Bite,Weapon.Natural.Melee.Finesseable.Bludgeoning.Piercing.Slashing,*1,1d8
Bite of the Wererat ~ Bite (Small)			VISIBLE:NO	PRESIZEEQ:S									NATURALATTACKS:Bite,Weapon.Natural.Melee.Finesseable.Bludgeoning.Piercing.Slashing,*1,1d3
Bite of the Wererat ~ Bite (Medium)			VISIBLE:NO	PRESIZEEQ:M									NATURALATTACKS:Bite,Weapon.Natural.Melee.Finesseable.Bludgeoning.Piercing.Slashing,*1,1d4
Bite of the Weretiger ~ Claws ~ Bite (Small)			VISIBLE:NO	PRESIZEEQ:S									NATURALATTACKS:Claw,Weapon.Natural.Melee.Finesseable.Piercing.Slashing,*2,1d6|Bite,Weapon.Natural.Melee.Finesseable.Bludgeoning.Piercing.Slashing,*1,2d6
Bite of the Weretiger ~ Claws ~ Bite (Medium)			VISIBLE:NO	PRESIZEEQ:M									NATURALATTACKS:Claw,Weapon.Natural.Melee.Finesseable.Piercing.Slashing,*2,1d8|Bite,Weapon.Natural.Melee.Finesseable.Bludgeoning.Piercing.Slashing,*1,2d8
Bite of the Werewolf ~ Bite (Small)			VISIBLE:NO	PRESIZEEQ:S									NATURALATTACKS:Bite,Weapon.Natural.Melee.Finesseable.Bludgeoning.Piercing.Slashing,*1,1d4
Bite of the Werewolf ~ Bite (Medium)			VISIBLE:NO	PRESIZEEQ:M									NATURALATTACKS:Bite,Weapon.Natural.Melee.Finesseable.Bludgeoning.Piercing.Slashing,*1,1d6
Claws of the Bear ~ Claws (Small)			VISIBLE:NO	PRESIZEEQ:S									NATURALATTACKS:Claw,Weapon.Natural.Melee.Finesseable.Piercing.Slashing,*2,1d6
Claws of the Bear ~ Claws (Medium)			VISIBLE:NO	PRESIZEEQ:M									NATURALATTACKS:Claw,Weapon.Natural.Melee.Finesseable.Piercing.Slashing,*2,1d8
Claws of the Bear ~ Claws (Large)			VISIBLE:NO	PRESIZEEQ:L									NATURALATTACKS:Claw,Weapon.Natural.Melee.Finesseable.Piercing.Slashing,*2,2d6
Claws of Darkness ~ Claws (Medium)			VISIBLE:NO										NATURALATTACKS:Claw,Weapon.Natural.Melee.Touch.Finesseable.Piercing.Slashing.Cold,1,1d8|Claw,Weapon.Natural.Melee.Touch.Finesseable.Piercing.Slashing.Cold,1,1d8
Dire Hunger ~ Bite (Fine)			VISIBLE:NO	PRESIZEEQ:F									NATURALATTACKS:Bite,Weapon.Natural.Melee.Finesseable.Bludgeoning.Piercing.Slashing,*1,1
Dire Hunger ~ Bite (Diminutive)			VISIBLE:NO	PRESIZEEQ:D									NATURALATTACKS:Bite,Weapon.Natural.Melee.Finesseable.Bludgeoning.Piercing.Slashing,*1,1d2
Dire Hunger ~ Bite (Tiny)			VISIBLE:NO	PRESIZEEQ:T									NATURALATTACKS:Bite,Weapon.Natural.Melee.Finesseable.Bludgeoning.Piercing.Slashing,*1,1d3
Dire Hunger ~ Bite (Small)			VISIBLE:NO	PRESIZEEQ:S									NATURALATTACKS:Bite,Weapon.Natural.Melee.Finesseable.Bludgeoning.Piercing.Slashing,*1,1d4
Dire Hunger ~ Bite (Medium)			VISIBLE:NO	PRESIZEEQ:M									NATURALATTACKS:Bite,Weapon.Natural.Melee.Finesseable.Bludgeoning.Piercing.Slashing,*1,1d6
Dire Hunger ~ Bite (Large)			VISIBLE:NO	PRESIZEEQ:L									NATURALATTACKS:Bite,Weapon.Natural.Melee.Finesseable.Bludgeoning.Piercing.Slashing,*1,1d8
Dire Hunger ~ Bite (Huge)			VISIBLE:NO	PRESIZEEQ:H									NATURALATTACKS:Bite,Weapon.Natural.Melee.Finesseable.Bludgeoning.Piercing.Slashing,*1,2d6
Dire Hunger ~ Bite (Gargantuan)			VISIBLE:NO	PRESIZEEQ:G									NATURALATTACKS:Bite,Weapon.Natural.Melee.Finesseable.Bludgeoning.Piercing.Slashing,*1,2d8
Dire Hunger ~ Bite (Colossal)			VISIBLE:NO	PRESIZEEQ:C									NATURALATTACKS:Bite,Weapon.Natural.Melee.Finesseable.Bludgeoning.Piercing.Slashing,*1,4d6