SOURCELONG:Monster Manual 2	SOURCESHORT:MM2	SOURCEWEB:http://www.gozzilioni.net																															
#																																	
# Abeil Soldier Special Enemies
Aberration	CATEGORY:Special Ability	TYPE:SpecialEnemyBonus	VISIBLE:DISPLAY		KEY:Special Enemy Bonus ~ Aberration	PREABILITY:1,CATEGORY=Special Ability,Favored Enemy ~ Aberration								BONUS:VAR|FavoredEnemyBonusAberration|3					STACK:YES	MULT:YES	CHOOSE:NOCHOICE											SOURCEPAGE:MM2
Animal	CATEGORY:Special Ability	TYPE:SpecialEnemyBonus	VISIBLE:DISPLAY		KEY:Special Enemy Bonus ~ Animal	PREABILITY:1,CATEGORY=Special Ability,Favored Enemy ~ Animal								BONUS:VAR|FavoredEnemyBonusAnimal|3					STACK:YES	MULT:YES	CHOOSE:NOCHOICE											SOURCEPAGE:MM2
Construct	CATEGORY:Special Ability	TYPE:SpecialEnemyBonus	VISIBLE:DISPLAY		KEY:Special Enemy Bonus ~ Construct	PREABILITY:1,CATEGORY=Special Ability,Favored Enemy ~ Construct								BONUS:VAR|FavoredEnemyBonusConstruct|3					STACK:YES	MULT:YES	CHOOSE:NOCHOICE											SOURCEPAGE:MM2
Dragon	CATEGORY:Special Ability	TYPE:SpecialEnemyBonus	VISIBLE:DISPLAY		KEY:Special Enemy Bonus ~ Dragon	PREABILITY:1,CATEGORY=Special Ability,Favored Enemy ~ Dragon								BONUS:VAR|FavoredEnemyBonusDragon|3					STACK:YES	MULT:YES	CHOOSE:NOCHOICE											SOURCEPAGE:MM2
Elemental	CATEGORY:Special Ability	TYPE:SpecialEnemyBonus	VISIBLE:DISPLAY		KEY:Special Enemy Bonus ~ Elemental	PREABILITY:1,CATEGORY=Special Ability,Favored Enemy ~ Elemental								BONUS:VAR|FavoredEnemyBonusElemental|3					STACK:YES	MULT:YES	CHOOSE:NOCHOICE											SOURCEPAGE:MM2
Fey	CATEGORY:Special Ability	TYPE:SpecialEnemyBonus	VISIBLE:DISPLAY		KEY:Special Enemy Bonus ~ Fey	PREABILITY:1,CATEGORY=Special Ability,Favored Enemy ~ Fey								BONUS:VAR|FavoredEnemyBonusFey|3					STACK:YES	MULT:YES	CHOOSE:NOCHOICE											SOURCEPAGE:MM2
Giant	CATEGORY:Special Ability	TYPE:SpecialEnemyBonus	VISIBLE:DISPLAY		KEY:Special Enemy Bonus ~ Giant	PREABILITY:1,CATEGORY=Special Ability,Favored Enemy ~ Giant								BONUS:VAR|FavoredEnemyBonusGiant|3					STACK:YES	MULT:YES	CHOOSE:NOCHOICE											SOURCEPAGE:MM2
Humanoid (Aquatic)	CATEGORY:Special Ability	TYPE:SpecialEnemyBonus	VISIBLE:DISPLAY		KEY:Special Enemy Bonus ~ Humanoid (Aquatic)	PREABILITY:1,CATEGORY=Special Ability,Favored Enemy ~ Humanoid (Aquatic)								BONUS:VAR|FavoredEnemyBonusHumanoidAquatic|3					STACK:YES	MULT:YES	CHOOSE:NOCHOICE											SOURCEPAGE:MM2
Humanoid (Dwarf)	CATEGORY:Special Ability	TYPE:SpecialEnemyBonus	VISIBLE:DISPLAY		KEY:Special Enemy Bonus ~ Humanoid (Dwarf)	PREABILITY:1,CATEGORY=Special Ability,Favored Enemy ~ Humanoid (Dwarf)								BONUS:VAR|FavoredEnemyBonusHumanoidDwarf|3					STACK:YES	MULT:YES	CHOOSE:NOCHOICE											SOURCEPAGE:MM2
Humanoid (Elf)	CATEGORY:Special Ability	TYPE:SpecialEnemyBonus	VISIBLE:DISPLAY		KEY:Special Enemy Bonus ~ Humanoid (Elf)	PREABILITY:1,CATEGORY=Special Ability,Favored Enemy ~ Humanoid (Elf)								BONUS:VAR|FavoredEnemyBonusHumanoidElf|3					STACK:YES	MULT:YES	CHOOSE:NOCHOICE											SOURCEPAGE:MM2
Humanoid (Goblinoid)	CATEGORY:Special Ability	TYPE:SpecialEnemyBonus	VISIBLE:DISPLAY		KEY:Special Enemy Bonus ~ Humanoid (Goblinoid)	PREABILITY:1,CATEGORY=Special Ability,Favored Enemy ~ Humanoid (Goblinoid)								BONUS:VAR|FavoredEnemyBonusHumanoidGoblinoid|3					STACK:YES	MULT:YES	CHOOSE:NOCHOICE											SOURCEPAGE:MM2
Humanoid (Gnoll)	CATEGORY:Special Ability	TYPE:SpecialEnemyBonus	VISIBLE:DISPLAY		KEY:Special Enemy Bonus ~ Humanoid (Gnoll)	PREABILITY:1,CATEGORY=Special Ability,Favored Enemy ~ Humanoid (Gnoll)								BONUS:VAR|FavoredEnemyBonusHumanoidGnoll|3					STACK:YES	MULT:YES	CHOOSE:NOCHOICE											SOURCEPAGE:MM2
Humanoid (Gnome)	CATEGORY:Special Ability	TYPE:SpecialEnemyBonus	VISIBLE:DISPLAY		KEY:Special Enemy Bonus ~ Humanoid (Gnome)	PREABILITY:1,CATEGORY=Special Ability,Favored Enemy ~ Humanoid (Gnome)								BONUS:VAR|FavoredEnemyBonusHumanoidGnome|3					STACK:YES	MULT:YES	CHOOSE:NOCHOICE											SOURCEPAGE:MM2
Humanoid (Halfling)	CATEGORY:Special Ability	TYPE:SpecialEnemyBonus	VISIBLE:DISPLAY		KEY:Special Enemy Bonus ~ Humanoid (Halfling)	PREABILITY:1,CATEGORY=Special Ability,Favored Enemy ~ Humanoid (Halfling)								BONUS:VAR|FavoredEnemyBonusHumanoidHalfling|3					STACK:YES	MULT:YES	CHOOSE:NOCHOICE											SOURCEPAGE:MM2
Humanoid (Human)	CATEGORY:Special Ability	TYPE:SpecialEnemyBonus	VISIBLE:DISPLAY		KEY:Special Enemy Bonus ~ Humanoid (Human)	PREABILITY:1,CATEGORY=Special Ability,Favored Enemy ~ Humanoid (Human)								BONUS:VAR|FavoredEnemyBonusHumanoidHuman|3					STACK:YES	MULT:YES	CHOOSE:NOCHOICE											SOURCEPAGE:MM2
Humanoid (Orc)	CATEGORY:Special Ability	TYPE:SpecialEnemyBonus	VISIBLE:DISPLAY		KEY:Special Enemy Bonus ~ Humanoid (Orc)	PREABILITY:1,CATEGORY=Special Ability,Favored Enemy ~ Humanoid (Orc)								BONUS:VAR|FavoredEnemyBonusHumanoidOrc|3					STACK:YES	MULT:YES	CHOOSE:NOCHOICE											SOURCEPAGE:MM2
Humanoid (Reptilian)	CATEGORY:Special Ability	TYPE:SpecialEnemyBonus	VISIBLE:DISPLAY		KEY:Special Enemy Bonus ~ Humanoid (Reptilian)	PREABILITY:1,CATEGORY=Special Ability,Favored Enemy ~ Humanoid (Reptilian)								BONUS:VAR|FavoredEnemyBonusHumanoidReptilian|3					STACK:YES	MULT:YES	CHOOSE:NOCHOICE											SOURCEPAGE:MM2
Magical Beast	CATEGORY:Special Ability	TYPE:SpecialEnemyBonus	VISIBLE:DISPLAY		KEY:Special Enemy Bonus ~ Magical Beast	PREABILITY:1,CATEGORY=Special Ability,Favored Enemy ~ Magical Beast								BONUS:VAR|FavoredEnemyBonusMagicalBeast|3					STACK:YES	MULT:YES	CHOOSE:NOCHOICE											SOURCEPAGE:MM2
Monstrous Humanoid	CATEGORY:Special Ability	TYPE:SpecialEnemyBonus	VISIBLE:DISPLAY		KEY:Special Enemy Bonus ~ Monstrous Humanoid	PREABILITY:1,CATEGORY=Special Ability,Favored Enemy ~ Monstrous Humanoid								BONUS:VAR|FavoredEnemyBonusMonstrousHumanoid|3					STACK:YES	MULT:YES	CHOOSE:NOCHOICE											SOURCEPAGE:MM2
Ooze	CATEGORY:Special Ability	TYPE:SpecialEnemyBonus	VISIBLE:DISPLAY		KEY:Special Enemy Bonus ~ Ooze	PREABILITY:1,CATEGORY=Special Ability,Favored Enemy ~ Ooze								BONUS:VAR|FavoredEnemyBonusOoze|3					STACK:YES	MULT:YES	CHOOSE:NOCHOICE											SOURCEPAGE:MM2
Outsider (Air)	CATEGORY:Special Ability	TYPE:SpecialEnemyBonus	VISIBLE:DISPLAY		KEY:Special Enemy Bonus ~ Outsider (Air)	PREABILITY:1,CATEGORY=Special Ability,Favored Enemy ~ Outsider (Air)								BONUS:VAR|FavoredEnemyBonusOutsiderAir|3					STACK:YES	MULT:YES	CHOOSE:NOCHOICE											SOURCEPAGE:MM2
Outsider (Earth)	CATEGORY:Special Ability	TYPE:SpecialEnemyBonus	VISIBLE:DISPLAY		KEY:Special Enemy Bonus ~ Outsider (Earth)	PREABILITY:1,CATEGORY=Special Ability,Favored Enemy ~ Outsider (Earth)								BONUS:VAR|FavoredEnemyBonusOutsiderEarth|3					STACK:YES	MULT:YES	CHOOSE:NOCHOICE											SOURCEPAGE:MM2
Outsider (Fire)	CATEGORY:Special Ability	TYPE:SpecialEnemyBonus	VISIBLE:DISPLAY		KEY:Special Enemy Bonus ~ Outsider (Fire)	PREABILITY:1,CATEGORY=Special Ability,Favored Enemy ~ Outsider (Fire)								BONUS:VAR|FavoredEnemyBonusOutsiderFire|3					STACK:YES	MULT:YES	CHOOSE:NOCHOICE											SOURCEPAGE:MM2
Outsider (Water)	CATEGORY:Special Ability	TYPE:SpecialEnemyBonus	VISIBLE:DISPLAY		KEY:Special Enemy Bonus ~ Outsider (Water)	PREABILITY:1,CATEGORY=Special Ability,Favored Enemy ~ Outsider (Water)								BONUS:VAR|FavoredEnemyBonusOutsiderWater|3					STACK:YES	MULT:YES	CHOOSE:NOCHOICE											SOURCEPAGE:MM2
Outsider (Lawful)	CATEGORY:Special Ability	TYPE:SpecialEnemyBonus	VISIBLE:DISPLAY		KEY:Special Enemy Bonus ~ Outsider (Lawful)	PREABILITY:1,CATEGORY=Special Ability,Favored Enemy ~ Outsider (Lawful)								BONUS:VAR|FavoredEnemyBonusOutsiderLawful|3					STACK:YES	MULT:YES	CHOOSE:NOCHOICE											SOURCEPAGE:MM2
Outsider (Chaotic)	CATEGORY:Special Ability	TYPE:SpecialEnemyBonus	VISIBLE:DISPLAY		KEY:Special Enemy Bonus ~ Outsider (Chaotic)	PREABILITY:1,CATEGORY=Special Ability,Favored Enemy ~ Outsider (Chaotic)								BONUS:VAR|FavoredEnemyBonusOutsiderChaotic|3					STACK:YES	MULT:YES	CHOOSE:NOCHOICE											SOURCEPAGE:MM2
Outsider (Good)	CATEGORY:Special Ability	TYPE:SpecialEnemyBonus	VISIBLE:DISPLAY		KEY:Special Enemy Bonus ~ Outsider (Good)	PREABILITY:1,CATEGORY=Special Ability,Favored Enemy ~ Outsider (Good)								BONUS:VAR|FavoredEnemyBonusOutsiderGood|3					STACK:YES	MULT:YES	CHOOSE:NOCHOICE											SOURCEPAGE:MM2
Outsider (Evil)	CATEGORY:Special Ability	TYPE:SpecialEnemyBonus	VISIBLE:DISPLAY		KEY:Special Enemy Bonus ~ Outsider (Evil)	PREABILITY:1,CATEGORY=Special Ability,Favored Enemy ~ Outsider (Evil)								BONUS:VAR|FavoredEnemyBonusOutsiderEvil|3					STACK:YES	MULT:YES	CHOOSE:NOCHOICE											SOURCEPAGE:MM2
Outsider (Native)	CATEGORY:Special Ability	TYPE:SpecialEnemyBonus	VISIBLE:DISPLAY		KEY:Special Enemy Bonus ~ Outsider (Native)	PREABILITY:1,CATEGORY=Special Ability,Favored Enemy ~ Outsider (Native)								BONUS:VAR|FavoredEnemyBonusOutsiderNative|3					STACK:YES	MULT:YES	CHOOSE:NOCHOICE											SOURCEPAGE:MM2
Plant	CATEGORY:Special Ability	TYPE:SpecialEnemyBonus	VISIBLE:DISPLAY		KEY:Special Enemy Bonus ~ Plant	PREABILITY:1,CATEGORY=Special Ability,Favored Enemy ~ Plant								BONUS:VAR|FavoredEnemyBonusPlant|3					STACK:YES	MULT:YES	CHOOSE:NOCHOICE											SOURCEPAGE:MM2
Undead	CATEGORY:Special Ability	TYPE:SpecialEnemyBonus	VISIBLE:DISPLAY		KEY:Special Enemy Bonus ~ Undead	PREABILITY:1,CATEGORY=Special Ability,Favored Enemy ~ Undead								BONUS:VAR|FavoredEnemyBonusUndead|3					STACK:YES	MULT:YES	CHOOSE:NOCHOICE											SOURCEPAGE:MM2
Vermin	CATEGORY:Special Ability	TYPE:SpecialEnemyBonus	VISIBLE:DISPLAY		KEY:Special Enemy Bonus ~ Vermin	PREABILITY:1,CATEGORY=Special Ability,Favored Enemy ~ Vermin								BONUS:VAR|FavoredEnemyBonusVermin|3					STACK:YES	MULT:YES	CHOOSE:NOCHOICE											SOURCEPAGE:MM2
#
CATEGORY=Internal|Standard Selection ~ Familiar.MOD	COMPANIONLIST:Familiar|Companion ~ Fire Bat|FOLLOWERADJUSTMENT:-14|PRECLASS:1,SPELLCASTER.Arcane=15|PRERACE:1,RACESUBTYPE=Fire|PREFEAT:1,Improved Familiar
#
Mimic Phrases	CATEGORY:Special Ability	TYPE:AnimalTrick.AnimalTrickMimicPhrases		DESC:Mimics Phrase ~ DC 23 ~ A corollax can be trained to repeat a particular phrases. Up to 9 phrases can be memorized each one with a different Handle Animal check.	KEY:Animal Trick ~ Mimic Phrases	PREMULT:1,[PREABILITY:1,CATEGORY=Special Ability,Animal Trick ~ Mimic Phrases],[!PREABILITY:1,CATEGORY=Special Ability,TYPE.AnimalTrickMimicPhrases]	PRERACE:1,Corollax																									SOURCEPAGE:MM2
