SOURCELONG:Monster Manual 2	SOURCESHORT:MM2	SOURCEWEB:http://www.gozzilioni.net									
#											
CLASS:Abeil Queen	HD:8	TYPE:Monster	MAXLEVEL:14	SOURCEPAGE:MM2	BONUS:CHECKS|BASE.Fortitude|CL/2+2	BONUS:CHECKS|BASE.Reflex|CL/3	BONUS:CHECKS|BASE.Will|CL/2+2	BONUS:COMBAT|BAB|CL|TYPE=Base.REPLACE			
# Class Name	Required Race		Reg. Race Type								
CLASS:Abeil Queen		PRERACE:1,Abeil (Queen)	PRERACETYPE:Monstrous Humanoid								
# Class Name	Skill Pts/Lvl	Add INT to Skill Points?									
CLASS:Abeil Queen	STARTSKILLPTS:2	MODTOSKILLS:NO									
1	ADD:SPELLCASTER|1|Druid										
2	BONUS:PCLEVEL|Druid|1										
3	BONUS:PCLEVEL|Druid|1										
4	BONUS:PCLEVEL|Druid|1										
5	BONUS:PCLEVEL|Druid|1										
6	BONUS:PCLEVEL|Druid|1										
7	BONUS:PCLEVEL|Druid|1	BONUS:PCLEVEL|Druid|1									
8	BONUS:PCLEVEL|Druid|1										
9	BONUS:PCLEVEL|Druid|1										
10	BONUS:PCLEVEL|Druid|1										
11	BONUS:PCLEVEL|Druid|1										
12	BONUS:PCLEVEL|Druid|1										
13	BONUS:PCLEVEL|Druid|1										
14	BONUS:PCLEVEL|Druid|1	BONUS:PCLEVEL|Druid|1									
#											
CLASS:Naga (Bone)	HD:12	TYPE:Monster	MAXLEVEL:15	SOURCEPAGE:MM2	BONUS:CHECKS|BASE.Fortitude|CL/3	BONUS:CHECKS|BASE.Reflex|CL/3	BONUS:CHECKS|BASE.Will|CL/2+2	BONUS:COMBAT|BAB|CL/2|TYPE=Base.REPLACE			
# Class Name	Required Race		Reg. Race Type								
CLASS:Naga (Bone)		PRERACE:1,Naga (Bone)	PRERACETYPE:Undead								
# Class Name	Skill Pts/Lvl	Add INT to Skill Points?									
CLASS:Naga (Bone)	STARTSKILLPTS:4	MODTOSKILLS:NO									
1		ADD:SPELLCASTER|1|Sorcerer 									
2	BONUS:PCLEVEL|Sorcerer|1										
3	BONUS:PCLEVEL|Sorcerer|1										
4	BONUS:PCLEVEL|Sorcerer|1										
5	BONUS:PCLEVEL|Sorcerer|1										
6	BONUS:PCLEVEL|Sorcerer|1										
7	BONUS:PCLEVEL|Sorcerer|1										
8	BONUS:PCLEVEL|Sorcerer|1										
9	BONUS:PCLEVEL|Sorcerer|1										
10	BONUS:PCLEVEL|Sorcerer|1										
11	BONUS:PCLEVEL|Sorcerer|1										
12	BONUS:PCLEVEL|Sorcerer|1										
13	BONUS:PCLEVEL|Sorcerer|1										
14	BONUS:PCLEVEL|Sorcerer|1										
15	BONUS:PCLEVEL|Sorcerer|1										
#											
CLASS:Air Weird	HD:8	TYPE:Monster	MAXLEVEL:14	SOURCEPAGE:MM2	BONUS:CHECKS|BASE.Fortitude|CL/3	BONUS:CHECKS|BASE.Reflex|CL/2+2	BONUS:CHECKS|BASE.Will|CL/3	BONUS:COMBAT|BAB|CL/3*4|TYPE=Base.REPLACE			
# Class Name	Required Race		Reg. Race Type								
CLASS:Air Weird		PRERACE:1,Elemental Weird (Air Weird)	PRERACETYPE:Elemental								
# Class Name	Skill Pts/Lvl	Add INT to Skill Points?									
CLASS:Air Weird	STARTSKILLPTS:2	MODTOSKILLS:YES									
1	BONUS:PCLEVEL|Sorcerer|1		ADD:SPELLCASTER|1|Sorcerer	SPELLLIST:3|Sorcerer|DOMAIN.Air|DOMAIN.Travel							
2	BONUS:PCLEVEL|Sorcerer|1										
3	BONUS:PCLEVEL|Sorcerer|1										
4	BONUS:PCLEVEL|Sorcerer|1										
5	BONUS:PCLEVEL|Sorcerer|1										
6	BONUS:PCLEVEL|Sorcerer|1										
7	BONUS:PCLEVEL|Sorcerer|1	BONUS:PCLEVEL|Sorcerer|1									
8	BONUS:PCLEVEL|Sorcerer|1										
9	BONUS:PCLEVEL|Sorcerer|1										
10	BONUS:PCLEVEL|Sorcerer|1										
11	BONUS:PCLEVEL|Sorcerer|1										
12	BONUS:PCLEVEL|Sorcerer|1										
13	BONUS:PCLEVEL|Sorcerer|1										
14	BONUS:PCLEVEL|Sorcerer|1	BONUS:PCLEVEL|Sorcerer|1									
15	BONUS:PCLEVEL|Sorcerer|1										
#											
CLASS:Earth Weird	HD:8	TYPE:Monster	MAXLEVEL:14	SOURCEPAGE:MM2	BONUS:CHECKS|BASE.Fortitude|CL/2+2	BONUS:CHECKS|BASE.Reflex|CL/3	BONUS:CHECKS|BASE.Will|CL/3	BONUS:COMBAT|BAB|CL/3*4|TYPE=Base.REPLACE			
# Class Name	Required Race		Reg. Race Type								
CLASS:Earth Weird		PRERACE:1,Elemental Weird (Earth Weird)	PRERACETYPE:Elemental								
# Class Name	Skill Pts/Lvl	Add INT to Skill Points?									
CLASS:Earth Weird	STARTSKILLPTS:2	MODTOSKILLS:YES									
1	BONUS:PCLEVEL|Sorcerer|1		ADD:SPELLCASTER|1|Sorcerer	SPELLLIST:3|Sorcerer|DOMAIN.Earth|DOMAIN.Destruction							
2	BONUS:PCLEVEL|Sorcerer|1										
3	BONUS:PCLEVEL|Sorcerer|1										
4	BONUS:PCLEVEL|Sorcerer|1										
5	BONUS:PCLEVEL|Sorcerer|1										
6	BONUS:PCLEVEL|Sorcerer|1										
7	BONUS:PCLEVEL|Sorcerer|1	BONUS:PCLEVEL|Sorcerer|1									
8	BONUS:PCLEVEL|Sorcerer|1										
9	BONUS:PCLEVEL|Sorcerer|1										
10	BONUS:PCLEVEL|Sorcerer|1										
11	BONUS:PCLEVEL|Sorcerer|1										
12	BONUS:PCLEVEL|Sorcerer|1										
13	BONUS:PCLEVEL|Sorcerer|1										
14	BONUS:PCLEVEL|Sorcerer|1	BONUS:PCLEVEL|Sorcerer|1									
15	BONUS:PCLEVEL|Sorcerer|1										
#											
CLASS:Fire Weird	HD:8	TYPE:Monster	MAXLEVEL:14	SOURCEPAGE:MM2	BONUS:CHECKS|BASE.Fortitude|CL/3	BONUS:CHECKS|BASE.Reflex|CL/2+2	BONUS:CHECKS|BASE.Will|CL/3	BONUS:COMBAT|BAB|CL/3*4|TYPE=Base.REPLACE			
# Class Name	Required Race		Reg. Race Type								
CLASS:Fire Weird		PRERACE:1,Elemental Weird (Fire Weird)	PRERACETYPE:Elemental								
# Class Name	Skill Pts/Lvl	Add INT to Skill Points?									
CLASS:Fire Weird	STARTSKILLPTS:2	MODTOSKILLS:YES									
1	BONUS:PCLEVEL|Sorcerer|1		ADD:SPELLCASTER|1|Sorcerer	SPELLLIST:3|Sorcerer|DOMAIN.Fire|DOMAIN.Sun							
2	BONUS:PCLEVEL|Sorcerer|1										
3	BONUS:PCLEVEL|Sorcerer|1										
4	BONUS:PCLEVEL|Sorcerer|1										
5	BONUS:PCLEVEL|Sorcerer|1										
6	BONUS:PCLEVEL|Sorcerer|1										
7	BONUS:PCLEVEL|Sorcerer|1	BONUS:PCLEVEL|Sorcerer|1									
8	BONUS:PCLEVEL|Sorcerer|1										
9	BONUS:PCLEVEL|Sorcerer|1										
10	BONUS:PCLEVEL|Sorcerer|1										
11	BONUS:PCLEVEL|Sorcerer|1										
12	BONUS:PCLEVEL|Sorcerer|1										
13	BONUS:PCLEVEL|Sorcerer|1										
14	BONUS:PCLEVEL|Sorcerer|1	BONUS:PCLEVEL|Sorcerer|1									
15	BONUS:PCLEVEL|Sorcerer|1										
#											
CLASS:Water Weird	HD:8	TYPE:Monster	MAXLEVEL:14	SOURCEPAGE:MM2	BONUS:CHECKS|BASE.Fortitude|CL/2+2	BONUS:CHECKS|BASE.Reflex|CL/3	BONUS:CHECKS|BASE.Will|CL/3	BONUS:COMBAT|BAB|CL/3*4|TYPE=Base.REPLACE			
# Class Name	Required Race		Reg. Race Type								
CLASS:Water Weird		PRERACE:1,Elemental Weird (Water Weird)	PRERACETYPE:Elemental								
# Class Name	Skill Pts/Lvl	Add INT to Skill Points?									
CLASS:Water Weird	STARTSKILLPTS:2	MODTOSKILLS:YES									
1	BONUS:PCLEVEL|Sorcerer|1		ADD:SPELLCASTER|1|Sorcerer	SPELLLIST:3|Sorcerer|DOMAIN.Water|DOMAIN.Healing							
2	BONUS:PCLEVEL|Sorcerer|1										
3	BONUS:PCLEVEL|Sorcerer|1										
4	BONUS:PCLEVEL|Sorcerer|1										
5	BONUS:PCLEVEL|Sorcerer|1										
6	BONUS:PCLEVEL|Sorcerer|1										
7	BONUS:PCLEVEL|Sorcerer|1	BONUS:PCLEVEL|Sorcerer|1									
8	BONUS:PCLEVEL|Sorcerer|1										
9	BONUS:PCLEVEL|Sorcerer|1										
10	BONUS:PCLEVEL|Sorcerer|1										
11	BONUS:PCLEVEL|Sorcerer|1										
12	BONUS:PCLEVEL|Sorcerer|1										
13	BONUS:PCLEVEL|Sorcerer|1										
14	BONUS:PCLEVEL|Sorcerer|1	BONUS:PCLEVEL|Sorcerer|1									
15	BONUS:PCLEVEL|Sorcerer|1										
#											
CLASS:Immoth	HD:8	TYPE:Monster	MAXLEVEL:10	SOURCEPAGE:MM2	BONUS:CHECKS|BASE.Fortitude|CL/3	BONUS:CHECKS|BASE.Reflex|CL/2+2	BONUS:CHECKS|BASE.Will|CL/3	BONUS:COMBAT|BAB|CL/3*4|TYPE=Base.REPLACE			
# Class Name	Required Race		Reg. Race Type								
CLASS:Immoth		PRERACE:1,Immoth	PRERACETYPE:Elemental								
# Class Name	Skill Pts/Lvl	Add INT to Skill Points?									
CLASS:Immoth	STARTSKILLPTS:2	MODTOSKILLS:YES									
###Block: Spell Restrictions											
1	PROHIBITSPELL:DESCRIPTOR.Fire										
#											
1	BONUS:PCLEVEL|Sorcerer|1		ADD:SPELLCASTER|1|Sorcerer								
2	BONUS:PCLEVEL|Sorcerer|1										
3	BONUS:PCLEVEL|Sorcerer|1										
4	BONUS:PCLEVEL|Sorcerer|1										
5	BONUS:PCLEVEL|Sorcerer|1										
6	BONUS:PCLEVEL|Sorcerer|1										
7	BONUS:PCLEVEL|Sorcerer|1	BONUS:PCLEVEL|Sorcerer|1									
8	BONUS:PCLEVEL|Sorcerer|1										
9	BONUS:PCLEVEL|Sorcerer|1										
10	BONUS:PCLEVEL|Sorcerer|1										
#											
# Class Name 1	Hit Dice (HD)	Type (TYPE:)	Abbreviation (ABB)	Max Level (MAXLEVEL)	Source Page (SOURCEPAGE)	Save checks bonus (Fortitude) (BONUS:CHECKS)	Save checks bonus (Reflex)	Save checks bonus (Will)	Combat bonus	EXCLASS	FINE
# Class Name req	Requirements	FINE									
# Class Name 3	Skill Pts/Lvl (STARTSKILLPTS)	Class Skill (CSKILL)	Spell Statistic (SPELLSTAT)	Spell type (SPELLTYPE)	Spellbook (SPELLBOOK)	knowspell (KNOWNSPELLS)	spell level increases (BONUS:CASTERLEVEL)	define class variables (DEFINE:variable|value	FINE		
#(level number)	ADD:SPELLCASTER o CAST	FEATAUTO proficiency	(FEATAUTO)	(SA)	(SA)	(DOMAIN)	(BONUS)			(DEFINE)	
CLASS:Spell Weaver	HD:8	TYPE:Monster		MAXLEVEL:30	SOURCEPAGE:MM2	BONUS:CHECKS|BASE.Fortitude|CL/3	BONUS:CHECKS|BASE.Reflex|CL/2+2	BONUS:CHECKS|BASE.Will|CL/2+2	BONUS:COMBAT|BAB|CL|TYPE=Base.REPLACE		
CLASS:Spell Weaver	PRERACE:1,Spell Weaver	PRERACETYPE:Monstrous Humanoid									
CLASS:Spell Weaver	STARTSKILLPTS:2	CSKILL:Knowledge (Arcana)|Knowledge (The Planes)|Listen|Spellcraft|Spot|Use Magic Device									
1	ADD:SPELLCASTER|1|Sorcerer		VFEAT:Spell Focus(Abjuration)				BONUS:PCLEVEL|Sorcerer|1	DEFINE:SorcererLVL|CL+2+classlevel("Sorcerer")	SPELLS:Innate|TIMES=ATWILL|CASTERLEVEL=SorcererLVL|Detect Magic,10+CHA|Invisibility,12+CHA	SPELLS:Innate|TIMES=1|CASTERLEVEL=SorcererLVL|Plane Shift	
1			VFEAT:Spell Focus(Evocation)	VFEAT:Spell Penetration			BONUS:PCLEVEL|Sorcerer|1				
2							BONUS:PCLEVEL|Sorcerer|1				
3							BONUS:PCLEVEL|Sorcerer|1				
4							BONUS:PCLEVEL|Sorcerer|1				
5							BONUS:PCLEVEL|Sorcerer|1				
6							BONUS:PCLEVEL|Sorcerer|1				
7							BONUS:PCLEVEL|Sorcerer|1				
8							BONUS:PCLEVEL|Sorcerer|1				
9							BONUS:PCLEVEL|Sorcerer|1				
10							BONUS:PCLEVEL|Sorcerer|1				
11							BONUS:PCLEVEL|Sorcerer|1				
12							BONUS:PCLEVEL|Sorcerer|1				
13							BONUS:PCLEVEL|Sorcerer|1				
14							BONUS:PCLEVEL|Sorcerer|1				
15							BONUS:PCLEVEL|Sorcerer|1				
16							BONUS:PCLEVEL|Sorcerer|1				
17							BONUS:PCLEVEL|Sorcerer|1				
18							BONUS:PCLEVEL|Sorcerer|1				
19							BONUS:PCLEVEL|Sorcerer|1				
20							BONUS:PCLEVEL|Sorcerer|1				
21							BONUS:PCLEVEL|Sorcerer|1				
22							BONUS:PCLEVEL|Sorcerer|1				
23							BONUS:PCLEVEL|Sorcerer|1				
24							BONUS:PCLEVEL|Sorcerer|1				
25							BONUS:PCLEVEL|Sorcerer|1				
26							BONUS:PCLEVEL|Sorcerer|1				
27							BONUS:PCLEVEL|Sorcerer|1				
28							BONUS:PCLEVEL|Sorcerer|1				
29							BONUS:PCLEVEL|Sorcerer|1				
30							BONUS:PCLEVEL|Sorcerer|1				
#											
# Class Name 1	Hit Dice (HD)	Type (TYPE:)	Abbreviation (ABB)	Max Level (MAXLEVEL)	Source Page (SOURCEPAGE)	Save checks bonus (Fortitude) (BONUS:CHECKS)	Save checks bonus (Reflex)	Save checks bonus (Will)	Combat bonus	EXCLASS	FINE
# Class Name req	Requirements	FINE									
# Class Name 3	Skill Pts/Lvl (STARTSKILLPTS)	Class Skill (CSKILL)	Spell Statistic (SPELLSTAT)	Spell type (SPELLTYPE)	Spellbook (SPELLBOOK)	knowspell (KNOWNSPELLS)	spell level increases (BONUS:CASTERLEVEL)	define class variables (DEFINE:variable|value	FINE		
#(level number)	ADD:SPELLCASTER o CAST	FEATAUTO proficiency	(FEATAUTO)	(SA)	(SA)	(DOMAIN)	(BONUS)			(DEFINE)	
CLASS:Sylph	HD:8	TYPE:Monster		MAXLEVEL:9	SOURCEPAGE:MM2	BONUS:CHECKS|BASE.Fortitude|CL/2+2	BONUS:CHECKS|BASE.Reflex|CL/2+2	BONUS:CHECKS|BASE.Will|CL/2+2	BONUS:COMBAT|BAB|CL|TYPE=Base.REPLACE		
CLASS:Sylph	PRERACE:1,Sylph	PRERACETYPE:Outsider									
CLASS:Sylph	STARTSKILLPTS:8	CSKILL:Knowledge (Arcana)|Knowledge (The Planes)|Listen|Spellcraft|Spot|Use Magic Device									
1	ADD:SPELLCASTER|1|Sorcerer						BONUS:PCLEVEL|Sorcerer|4				
2							BONUS:PCLEVEL|Sorcerer|1				
3							BONUS:PCLEVEL|Sorcerer|1				
4							BONUS:PCLEVEL|Sorcerer|1				
5							BONUS:PCLEVEL|Sorcerer|1				
6							BONUS:PCLEVEL|Sorcerer|1				
7							BONUS:PCLEVEL|Sorcerer|1				
8							BONUS:PCLEVEL|Sorcerer|1				
9							BONUS:PCLEVEL|Sorcerer|1				
#											
# Class Name 1	Hit Dice (HD)	Type (TYPE:)	Abbreviation (ABB)	Max Level (MAXLEVEL)	Source Page (SOURCEPAGE)	Save checks bonus (Fortitude) (BONUS:CHECKS)	Save checks bonus (Reflex)	Save checks bonus (Will)	Combat bonus	EXCLASS	FINE
# Class Name req	Requirements	FINE									
# Class Name 3	Skill Pts/Lvl (STARTSKILLPTS)	Class Skill (CSKILL)	Spell Statistic (SPELLSTAT)	Spell type (SPELLTYPE)	Spellbook (SPELLBOOK)	knowspell (KNOWNSPELLS)	spell level increases (BONUS:CASTERLEVEL)	define class variables (DEFINE:variable|value	FINE		
#(level number)	ADD:SPELLCASTER o CAST	FEATAUTO proficiency	(FEATAUTO)	(SA)	(SA)	(DOMAIN)	(BONUS)			(DEFINE)	
CLASS:Tempest (monster)	HD:8	TYPE:Monster		MAXLEVEL:72	SOURCEPAGE:MM2	BONUS:CHECKS|BASE.Fortitude|CL/2+2	BONUS:CHECKS|BASE.Reflex|CL/2+2	BONUS:CHECKS|BASE.Will|CL/3	BONUS:COMBAT|BAB|CL*3/4|TYPE=Base.REPLACE		
CLASS:Tempest (monster)	PRERACE:1,Tempest (monster)	PRERACETYPE:Elemental									
CLASS:Tempest (monster)	STARTSKILLPTS:2	MODTOSKILLS:YES									
1			ABILITY:Special Ability|AUTOMATIC|Elemental Traits|PREVAREQ:NoTypeTraits,0								
#											
# Class Name 1	Hit Dice (HD)	Type (TYPE:)	Abbreviation (ABB)	Max Level (MAXLEVEL)	Source Page (SOURCEPAGE)	Save checks bonus (Fortitude) (BONUS:CHECKS)	Save checks bonus (Reflex)	Save checks bonus (Will)	Combat bonus	EXCLASS	FINE
# Class Name req	Requirements	FINE									
# Class Name 3	Skill Pts/Lvl (STARTSKILLPTS)	Class Skill (CSKILL)	Spell Statistic (SPELLSTAT)	Spell type (SPELLTYPE)	Spellbook (SPELLBOOK)	knowspell (KNOWNSPELLS)	spell level increases (BONUS:CASTERLEVEL)	define class variables (DEFINE:variable|value	FINE		
#(level number)	ADD:SPELLCASTER o CAST	FEATAUTO proficiency	(FEATAUTO)	(SA)	(SA)	(DOMAIN)	(BONUS)			(DEFINE)	
CLASS:Arcanoloth	HD:8	TYPE:Monster		MAXLEVEL:24	SOURCEPAGE:MM2	BONUS:CHECKS|BASE.Fortitude|CL/2+2	BONUS:CHECKS|BASE.Reflex|CL/2+2	BONUS:CHECKS|BASE.Will|CL/2+2	BONUS:COMBAT|BAB|CL|TYPE=Base.REPLACE		
CLASS:Arcanoloth	PRERACE:1,Yugoloth (Arcanoloth)	PRERACETYPE:Outsider									
CLASS:Arcanoloth	STARTSKILLPTS:8	MODTOSKILLS:YES									
1		ADD:SPELLCASTER|1|Sorcerer 	ABILITY:Special Ability|AUTOMATIC|Outsider Traits|PREVAREQ:NoTypeTraits,0								
2	BONUS:PCLEVEL|Sorcerer|1										
3	BONUS:PCLEVEL|Sorcerer|1										
4	BONUS:PCLEVEL|Sorcerer|1										
5	BONUS:PCLEVEL|Sorcerer|1										
6	BONUS:PCLEVEL|Sorcerer|1										
7	BONUS:PCLEVEL|Sorcerer|1										
8	BONUS:PCLEVEL|Sorcerer|1										
9	BONUS:PCLEVEL|Sorcerer|1										
10	BONUS:PCLEVEL|Sorcerer|1										
11	BONUS:PCLEVEL|Sorcerer|1										
12	BONUS:PCLEVEL|Sorcerer|1										
13	BONUS:PCLEVEL|Sorcerer|1										
14	BONUS:PCLEVEL|Sorcerer|1										
15	BONUS:PCLEVEL|Sorcerer|1										
16	BONUS:PCLEVEL|Sorcerer|1										
17	BONUS:PCLEVEL|Sorcerer|1										
18	BONUS:PCLEVEL|Sorcerer|1										
19	BONUS:PCLEVEL|Sorcerer|1										
20	BONUS:PCLEVEL|Sorcerer|1										
21	BONUS:PCLEVEL|Sorcerer|1										
22	BONUS:PCLEVEL|Sorcerer|1										
23	BONUS:PCLEVEL|Sorcerer|1										
24	BONUS:PCLEVEL|Sorcerer|1										
