SOURCELONG:Savage Species	SOURCESHORT:SS	SOURCEWEB:http://www.gozzilioni.net																														
#																																
###Block: Creature Subtypes																																
# Template Name	outputname	Visible	Source Page	Special Ability																												
Feral		VISIBLE:YES	SOURCEPAGE:SS	PRERACE:1,RACETYPE=Humanoid,RACETYPE=Monstrous Humanoid	!PRERACE:1,RACESUBTYPE=Incorporeal		RACETYPE:Monstrous Humanoid		HITDIE:10	BONUS:MOVEADD|TYPE.Walk|10	BONUS:COMBAT|AC|6|TYPE=NaturalArmor.REPLACE	TEMPLATE:CHOOSE:Feral ~ Claw (Fine)|Feral ~ Claw (Diminutive)|Feral ~ Claw (Tiny)|Feral ~ Claw (Small)|Feral ~ Claw (Medium)|Feral ~ Claw (Large)|Feral ~ Claw (Huge)|Feral ~ Claw (Gargantuan)|Feral ~ Claw (Colossal)	ABILITY:Special Ability|AUTOMATIC|Improved Grab|PREHD:MIN=1	ABILITY:Special Ability|AUTOMATIC|Pounce|PREHD:MIN=4	ABILITY:Special Ability|AUTOMATIC|Rake|PREHD:MIN=8	ABILITY:Special Ability|AUTOMATIC|Rend|PREHD:MIN=12	VISION:Darkvision (60')	BONUS:VISION|Darkvision|30|PREHD:MIN=8	BONUS:VISION|Darkvision|30|PREHD:MIN=12	ABILITY:Special Ability|AUTOMATIC|Fast Healing	DEFINE:FeralFastHealing|min(5,(2+(HD/4)))	DEFINE:FastHealing|FeralFastHealing	BONUS:STAT|STR|4	BONUS:STAT|DEX|-2	BONUS:STAT|CON|2	BONUS:STAT|INT|-4	BONUS:STAT|WIS|2	BONUS:MISC|CR|1|PREHD:MIN=1	BONUS:MISC|CR|1|PREHD:MIN=4	BONUS:MISC|CR|1|PREHD:MIN=8	BONUS:MISC|CR|1|PREHD:MIN=12	LEVELADJUSTMENT:1
Feral ~ Claw (Fine)		VISIBLE:NO	SOURCEPAGE:SS	PRESIZEEQ:F	NATURALATTACKS:Claw,Weapon.Natural.Melee.Finesseable.Piercing.Slashing,*2,1d2																											
Feral ~ Claw (Diminutive)		VISIBLE:NO	SOURCEPAGE:SS	PRESIZEEQ:D	NATURALATTACKS:Claw,Weapon.Natural.Melee.Finesseable.Piercing.Slashing,*2,1d3																											
Feral ~ Claw (Tiny)		VISIBLE:NO	SOURCEPAGE:SS	PRESIZEEQ:T	NATURALATTACKS:Claw,Weapon.Natural.Melee.Finesseable.Piercing.Slashing,*2,1d4																											
Feral ~ Claw (Small)		VISIBLE:NO	SOURCEPAGE:SS	PRESIZEEQ:S	NATURALATTACKS:Claw,Weapon.Natural.Melee.Finesseable.Piercing.Slashing,*2,1d6																											
Feral ~ Claw (Medium)		VISIBLE:NO	SOURCEPAGE:SS	PRESIZEEQ:M	NATURALATTACKS:Claw,Weapon.Natural.Melee.Finesseable.Piercing.Slashing,*2,1d8																											
Feral ~ Claw (Large)		VISIBLE:NO	SOURCEPAGE:SS	PRESIZEEQ:L	NATURALATTACKS:Claw,Weapon.Natural.Melee.Finesseable.Piercing.Slashing,*2,2d6																											
Feral ~ Claw (Huge)		VISIBLE:NO	SOURCEPAGE:SS	PRESIZEEQ:H	NATURALATTACKS:Claw,Weapon.Natural.Melee.Finesseable.Piercing.Slashing,*2,2d8																											
Feral ~ Claw (Gargantuan)		VISIBLE:NO	SOURCEPAGE:SS	PRESIZEEQ:G	NATURALATTACKS:Claw,Weapon.Natural.Melee.Finesseable.Piercing.Slashing,*2,4d6																											
Feral ~ Claw (Colossal)		VISIBLE:NO	SOURCEPAGE:SS	PRESIZEEQ:C	NATURALATTACKS:Claw,Weapon.Natural.Melee.Finesseable.Piercing.Slashing,*2,4d8																											
Gelatinous		VISIBLE:YES	SOURCEPAGE:SS	PREALIGN:TN	!PRERACE:1,RACESUBTYPE:Ooze		RACETYPE:Aberration	HITDIE:10	BONUS:MOVEMULT|TYPE.Walk|0.5	BONUS:COMBAT|AC|-2|TYPE=NaturalArmor.REPLACE	TEMPLATE:CHOOSE:Slam (Fine)|Slam (Diminutive)|Slam (Tiny)|Slam (Small)|Slam (Medium)|Slam (Large)|Slam (Huge)|Slam (Gargantuan)|Slam (Colossal)	ABILITY:Special Ability|AUTOMATIC|Acid|Resilient (sneak attack)	ABILITY:Special Ability|AUTOMATIC|Immunity To Flanking|Immunity To Polymorph|Immunity To Stunning	ABILITY:Special Ability|AUTOMATIC|Resistance To Mind-Affecting|Resistance To Poison|Resistance To Sleep|Resistance To Paralysis	VISION:Blindsight (60')	BONUS:STAT|CON|6	BONUS:STAT|DEX|-4	DEFINESTAT:LOCK|INT|1	BONUS:STAT|WIS|-4	BONUS:STAT|CHA|-4	BONUS:SKILL|Hide|4|TYPE=Racial	BONUS:MISC|CR|2	DEFINE:MindAffectingResistanceBonus|4	DEFINE:PoisonResistanceBonus|4	DEFINE:SleepResistanceBonus|4	DEFINE:ParalysisResistanceBonus|4					
#Ghost Brute	see Libris Mortis																															
Incarnate Construct		VISIBLE:YES	SOURCEPAGE:SS	PRERACE:1,RACETYPE=Construct			TEMPLATE:CHOOSE:Incarnate Construct ~ Humanoid|Incarnate Construct ~ Giant	HITDIE:8	BONUS:MISC|CR|(CR/2)	LEVELADJUSTMENT:-2	FAVOREDCLASS:Fighter																					
Incarnate Construct ~ Humanoid		VISIBLE:NO	SOURCEPAGE:SS	PRESIZELTEQ:M			RACETYPE:Humanoid	MOVE:Walk,20	BONUS:MOVEADD|TYPE.Walk|10|PRESIZEEQ:M	BONUS:COMBAT|AC|max(3,NaturalArmor)-NaturalArmor																						
Incarnate Construct ~ Giant		VISIBLE:NO	SOURCEPAGE:SS	PRESIZEGTEQ:L			RACETYPE:Giant	MOVE:Walk,40	BONUS:COMBAT|AC|max(9,NaturalArmor)-NaturalArmor																							
Insectile		VISIBLE:YES	SOURCEPAGE:SS	PRERACE:1,RACETYPE=Humanoid,RACETYPE=Monstrous Humanoid			RACETYPE:Aberration	MOVECLONE:Walk,Climb,1	BONUS:COMBAT|AC|2|TYPE=NaturalArmor.REPLACE	HANDS:6	VISION:Darkvision (60')|Tremorsense (60')|Low-Light	ABILITY:Special Ability|AUTOMATIC|Wide Vision	BONUS:STAT|DEX|4	BONUS:STAT|WIS|2	BONUS:MISC|CR|1	LEVELADJUSTMENT:2	FAVOREDCLASS:Rogue	AUTO:LANG|Terran|Undercommon													
Monstrous Beast		VISIBLE:YES	SOURCEPAGE:SS	PRERACE:1,RACETYPE=Animal,RACETYPE=Vermin	PREALIGN:TN		RACETYPE:Magical Beast	DEFINE:MonstrousBeastBaseDC|10+(HD/2)	BONUS:ABILITYPOOL|Monstrous Beast Attack|1	BONUS:ABILITYPOOL|Monstrous Beast Quality|1	BONUS:MISC|CR|1	LEVELADJUSTMENT:2																			
Multiheaded (base)	OUTPUTNAME:Multiheaded	VISIBLE:YES	SOURCEPAGE:SS	!PRETEMPLATE:1,Multiheaded (add head)	!PRERACE:1,RACESUBTYPE=Incorporeal	TEMPLATE:CHOOSE:Multiheaded ~ Aberration|Multiheaded ~ Construct|Multiheaded ~ Dragon|Multiheaded ~ Elemental|Multiheaded ~ Fey|Multiheaded ~ Giant|Multiheaded ~ Humanoid|Multiheaded ~ Magical Beast|Multiheaded ~ Monstrous Humanoid|Multiheaded ~ Ooze|Multiheaded ~ Outsider|Multiheaded ~ Plant|Multiheaded ~ Undead|Multiheaded ~ Vermin|Multiheaded ~ Deathless	ABILITY:Special Ability|AUTOMATIC|Superior Two-Weapon Fighting	BONUS:COMBAT|AC|1|TYPE=NaturalArmor.REPLACE	VISION:Darkvision (90')	BONUS:STAT|CON|2	BONUS:SKILL|Listen,Search,Spot|2|TYPE=Racial	VFEAT:Improved Initiative|Combat Reflexes	BONUS:MISC|CR|2	LEVELADJUSTMENT:2																		
Multiheaded (add head)	OUTPUTNAME:Multiheaded	VISIBLE:YES	SOURCEPAGE:SS	PRETEMPLATE:1,Multiheaded (base)	!PRERACE:1,RACESUBTYPE=Incorporeal	TEMPLATE:CHOOSE:Multiheaded ~ Aberration|Multiheaded ~ Construct|Multiheaded ~ Dragon|Multiheaded ~ Elemental|Multiheaded ~ Fey|Multiheaded ~ Giant|Multiheaded ~ Humanoid|Multiheaded ~ Magical Beast|Multiheaded ~ Monstrous Humanoid|Multiheaded ~ Ooze|Multiheaded ~ Outsider|Multiheaded ~ Plant|Multiheaded ~ Undead|Multiheaded ~ Vermin|Multiheaded ~ Deathless	ABILITY:Special Ability|AUTOMATIC|Superior Multiweapon Fighting	BONUS:COMBAT|AC|1|TYPE=NaturalArmor.REPLACE	BONUS:STAT|CON|2	BONUS:SKILL|Listen,Search,Spot|2|TYPE=Racial	BONUS:MISC|CR|2	LEVELADJUSTMENT:2																				
Multiheaded ~ Aberration		VISIBLE:NO	SOURCEPAGE:SS	PRERACE:1,RACETYPE=Aberration	ADDLEVEL:Aberration|2																											
Multiheaded ~ Animal		VISIBLE:NO	SOURCEPAGE:SS	PRECLASS:1,Animal	ADDLEVEL:Animal|2	RACETYPE:Magical Beast																										
Multiheaded ~ Animal (Will)		VISIBLE:NO	SOURCEPAGE:SS	PRECLASS:1,Animal (Will)	ADDLEVEL:Animal (Will)|2	RACETYPE:Magical Beast																										
Multiheaded ~ Animal (Dire)		VISIBLE:NO	SOURCEPAGE:SS	PRECLASS:1,Animal (Dire)	ADDLEVEL:Animal (Dire)|2	RACETYPE:Magical Beast																										
Multiheaded ~ Construct		VISIBLE:NO	SOURCEPAGE:SS	PRERACE:1,RACETYPE=Construct	ADDLEVEL:Construct|2																											
Multiheaded ~ Dragon		VISIBLE:NO	SOURCEPAGE:SS	PRERACE:1,RACETYPE=Dragon	ADDLEVEL:Dragon|2																											
Multiheaded ~ Elemental		VISIBLE:NO	SOURCEPAGE:SS	PRERACE:1,RACETYPE=Elemental	ADDLEVEL:Elemental|2																											
Multiheaded ~ Fey		VISIBLE:NO	SOURCEPAGE:SS	PRERACE:1,RACETYPE=Fey	ADDLEVEL:Fey|2																											
Multiheaded ~ Giant		VISIBLE:NO	SOURCEPAGE:SS	PRERACE:1,RACETYPE=Giant	ADDLEVEL:Giant|2																											
Multiheaded ~ Humanoid		VISIBLE:NO	SOURCEPAGE:SS	PRERACE:1,RACETYPE=Humanoid	ADDLEVEL:Humanoid|2																											
Multiheaded ~ Magical Beast		VISIBLE:NO	SOURCEPAGE:SS	PRERACE:1,RACETYPE=Magical Beast	ADDLEVEL:Magical Beast|2																											
Multiheaded ~ Monstrous Humanoid		VISIBLE:NO	SOURCEPAGE:SS	PRERACE:1,RACETYPE=Monstrous Humanoid	ADDLEVEL:Monstrous Humanoid|2																											
Multiheaded ~ Ooze		VISIBLE:NO	SOURCEPAGE:SS	PRERACE:1,RACETYPE=Ooze	ADDLEVEL:Ooze|2																											
Multiheaded ~ Outsider		VISIBLE:NO	SOURCEPAGE:SS	PRERACE:1,RACETYPE=Outsider	ADDLEVEL:Outsider|2																											
Multiheaded ~ Plant		VISIBLE:NO	SOURCEPAGE:SS	PRERACE:1,RACETYPE=Plant	ADDLEVEL:Plant|2																											
Multiheaded ~ Undead		VISIBLE:NO	SOURCEPAGE:SS	PRERACE:1,RACETYPE=Undead	ADDLEVEL:Undead|2																											
Multiheaded ~ Vermin		VISIBLE:NO	SOURCEPAGE:SS	PRERACE:1,RACETYPE=Vermin	ADDLEVEL:Vermin|2																											
Multiheaded ~ Deathless		VISIBLE:NO	SOURCEPAGE:SS	PRERACE:1,RACETYPE=Deathless	ADDLEVEL:Deathless|2																											
Multiheaded ~ Abomination		VISIBLE:NO	SOURCEPAGE:SS	PRERACE:1,RACETYPE=Abomination	ADDLEVEL:Abomination|2																											
Mummified		VISIBLE:YES	SOURCEPAGE:SS	PRERACE:1,RACETYPE=Animal,RACETYPE=Giant,RACETYPE=Humanoid	!PRERACE:1,RACESUBTYPE=Incorporeal	PREALIGN:LE	RACETYPE:Undead	HITDIE:12	BONUS:MOVEADD|TYPE.Walk|-10	BONUS:COMBAT|AC|8|TYPE=NaturalArmor	TEMPLATE:CHOOSE:Slam (Fine)|Slam (Diminutive)|Slam (Tiny)|Slam (Small)|Slam (Medium)|Slam (Large)|Slam (Huge)|Slam (Gargantuan)|Slam (Colossal)	ABILITY:Special Ability|AUTOMATIC|Despair|Mummy Rot	ABILITY:Special Ability|AUTOMATIC|Undead Traits|Vulnerability To Fire	VISION:Darkvision (60')	DR:5/-	BONUS:STAT|STR|4	BONUS:STAT|DEX|-2	BONUS:STAT|INT|-4	BONUS:STAT|WIS|-4	BONUS:STAT|CHA|4	DEFINESTAT:NONSTAT|CON	DEFINESTAT:MINVALUE|INT|1	BONUS:MISC|CR|3	LEVELADJUSTMENT:4	FAVOREDCLASS:Fighter							
Reptilian Creature		VISIBLE:YES	SOURCEPAGE:SS	PRERACE:1,RACETYPE=Humanoid,RACETYPE=Monstrous Humanoid,RACETYPE=Giant	!PRERACE:1,RACESUBTYPE=Aquatic,RACESUBTYPE=Reptilian		RACESUBTYPE:Reptilian	BONUS:COMBAT|AC|2|TYPE=NaturalArmor.REPLACE	TEMPLATE:CHOOSE:Claw (Fine)|Claw (Diminutive)|Claw (Tiny)|Claw (Small)|Claw (Medium)|Claw (Large)|Claw (Huge)|Claw (Gargantuan)|Claw (Colossal)	VISION:Darkvision (60')	BONUS:STAT|STR|2	BONUS:STAT|CON|2	BONUS:STAT|WIS|2	BONUS:SKILL|Jump,Balance|4|TYPE=Racial	BONUS:MISC|CR|1	LEVELADJUSTMENT:2	FAVOREDCLASS:Fighter	AUTO:LANG|Draconic														
Spectral		VISIBLE:YES	SOURCEPAGE:SS	PRERACE:1,RACETYPE=Aberration,RACETYPE=Animal,RACETYPE=Dragon,RACETYPE=Giant,RACETYPE=Humanoid,RACETYPE=Magical Beast,RACETYPE=Monstrous Humanoid	PRESTAT:1,CHA=8	PREALIGN:LE	RACETYPE:Undead	RACESUBTYPE:Incorporeal	HITDIE:12	MOVE:Fly,80	ABILITY:Special Ability|AUTOMATIC|Flight Maneuverability	ABILITY:Special Ability|AUTOMATIC|Energy Drain	BONUS:VAR|EnergyDrainLVLs|2	ABILITY:Special Ability|AUTOMATIC|Create Spawn|Turn Resistance|Undead Traits|Unnatural Aura|Sunlight Powerlessness	BONUS:VAR|TurnResistBonus|2	BONUS:STAT|DEX|4	BONUS:STAT|INT|4	BONUS:STAT|WIS|4	BONUS:STAT|CHA|4	DEFINESTAT:NONSTAT|STR	DEFINESTAT:NONSTAT|CON	BONUS:SKILL|Hide,Listem,Search,Spot|8|TYPE=Racial	BONUS:MISC|CR|3	LEVELADJUSTMENT:7	FAVOREDCLASS:Fighter	BONUS:VAR|Maneuverability|5					
#Symbiotic																																
#Tauric																																
#Umbral vedi LM		VISIBLE:YES	SOURCEPAGE:SS	PRERACE:1,TYPE=Aberration,TYPE=Animal,TYPE=Dragon,TYPE=Giant,TYPE=Humanoid,TYPE=Magical Beast,TYPE=Monstrous Humanoid	PRESTAT:1,CHA=8	PREALIGN:CE	RACETYPE:Undead	TEMPLATE:Undead	TEMPLATE:Incorporeal	HITDIE:12	MOVE:Fly,40	ABILITY:Special Ability|AUTOMATIC|Flight Maneuverability	ABILITY:Special Ability|AUTOMATIC|Strength Damage	ABILITY:Special Ability|AUTOMATIC|Create Spawn|Turn Resistance|Undead Traits	BONUS:VAR|TurnResistBonus|2	BONUS:STAT|DEX|2	BONUS:STAT|INT|-4	BONUS:STAT|WIS|2	BONUS:STAT|CHA|2	DEFINE:LOCK.STR|10	DEFINE:LOCK.CON|10	BONUS:MISC|CR|3	LEVELADJUSTMENT:5	FAVOREDCLASS:Fighter	BONUS:VAR|Maneuverability|5							
Wight		VISIBLE:YES	SOURCEPAGE:SS	PRERACE:1,RACETYPE=Humanoid		PREALIGN:LE	RACETYPE:Undead	HITDIE:12	BONUS:COMBAT|AC|4|TYPE=NaturalArmor	ABILITY:Special Ability|AUTOMATIC|Energy Drain	BONUS:STAT|STR|2	BONUS:STAT|DEX|2	BONUS:STAT|WIS|2	BONUS:STAT|CHA|4	DEFINESTAT:NONSTAT|CON	BONUS:MISC|CR|3	LEVELADJUSTMENT:4	FAVOREDCLASS:Sorcerer													
Winged		VISIBLE:YES	SOURCEPAGE:SS	PRERACE:1,RACETYPE=Animal,RACETYPE=Giant,RACETYPE=Humanoid,RACETYPE=Monstrous Humanoid,RACETYPE=Vermin	!PREMOVE:1,Fly=1		TEMPLATE:CHOOSE:Winged ~ Giant|Winged ~ Humanoid|Winged ~ Animal	MOVECLONE:Walk,Fly,+20	ABILITY:Special Ability|AUTOMATIC|Flight Maneuverability	BONUS:VAR|Maneuverability|1|PRESTAT:1,CHA=1	BONUS:VAR|Maneuverability|1|PRESTAT:1,CHA=7	BONUS:VAR|Maneuverability|1|PRESTAT:1,CHA=11	BONUS:VAR|Maneuverability|1|PRESTAT:1,CHA=15	BONUS:VAR|Maneuverability|1|PRESTAT:1,CHA=17	BONUS:STAT|DEX|4	BONUS:STAT|WIS|2	BONUS:MISC|CR|1	LEVELADJUSTMENT:2	FAVOREDCLASS:Fighter													
Winged ~ Giant		VISIBLE:NO	SOURCEPAGE:SS	PRERACE:1,RACETYPE=Giant,RACETYPE=Monstrous Humanoid																												
Winged ~ Humanoid		VISIBLE:NO	SOURCEPAGE:SS	PRERACE:1,RACETYPE=Humanoid			RACETYPE:Monstrous Humanoid																									
Winged ~ Animal		VISIBLE:NO	SOURCEPAGE:SS	PRERACE:1,RACETYPE=Animal,RACETYPE=Vermin			RACETYPE:Magical Beast																									
Wraith		VISIBLE:YES	SOURCEPAGE:SS	PRERACE:1,RACETYPE=Humanoid		PREALIGN:LE	RACETYPE:Undead	RACESUBTYPE:Incorporeal	HITDIE:12	MOVE:Fly,60	ABILITY:Special Ability|AUTOMATIC|Flight Maneuverability	ABILITY:Special Ability|AUTOMATIC|Constitution Drain ~ Wraith	ABILITY:Special Ability|AUTOMATIC|Create Spawn|Turn Resistance|Undead Traits|Unnatural Aura|Sunlight Powerlessness	BONUS:VAR|TurnResistBonus|2	BONUS:STAT|DEX|6	BONUS:STAT|INT|4	BONUS:STAT|WIS|4	BONUS:STAT|CHA|4	DEFINESTAT:NONSTAT|STR	DEFINESTAT:NONSTAT|CON	VFEAT:Improved Initiative	BONUS:MISC|CR|5	LEVELADJUSTMENT:7	BONUS:VAR|Maneuverability|5	FAVOREDCLASS:Fighter						
Yuan-ti Tainted One		VISIBLE:YES	SOURCEPAGE:SS	PRERACE:1,RACETYPE=Humanoid	PRERACE:1,RACESUBTYPE=Human		ABILITY:Special Ability|AUTOMATIC|Poison	ABILITY:Special Ability|AUTOMATIC|Poison (Sp at will/con)|Polymorph Self ~ Yuan ti	DEFINE:PoisonLVL|HD	ABILITY:Special Ability|AUTOMATIC|Immunity To Poison	SR:12+(HD/3)	BONUS:STAT|CON|2	VFEAT:Alertness	BONUS:MISC|CR|1																		
Yuan-ti Broodguard		VISIBLE:YES	SOURCEPAGE:SS	PRERACE:1,RACETYPE=Humanoid	PRERACE:1,RACESUBTYPE=Human		RACETYPE:Monstrous Humanoid	ABILITY:Special Ability|AUTOMATIC|Rage|Broodguard Rage	ABILITY:Special Ability|AUTOMATIC|Immunity To Charm Effects|Immunity To Hold Effects	BONUS:STAT|DES|2	BONUS:STAT|CON|2	BONUS:STAT|INT|-4	BONUS:STAT|CHA|-4																		
Anthropomorphic		VISIBLE:YES	SOURCEPAGE:SS, pag. 214.	PRERACE:1,RACETYPE=Animal			RACETYPE:Monstrous Humanoid		LEGS:2	HANDS:2	HITDIE:8	VISION:Darkvision (60')	DEFINESTAT:LOCK|INT|11	DEFINESTAT:UNLOCK|INT	BONUS:STAT|WIS|2	BONUS:STAT|CHA|4	TEMPLATE:CHOOSE:Anthropomorpic ~ Small|Anthropomorpic ~ Medium|Anthropomorpic ~ Large																
Anthropomorpic ~ Small		VISIBLE:NO	SOURCEPAGE:SS	PRESIZELTEQ:T	SIZE:S	BONUS:MISC|CR|1																										
Anthropomorpic ~ Medium		VISIBLE:NO	SOURCEPAGE:SS		SIZE:M	BONUS:MISC|CR|1																										
Anthropomorpic ~ Large		VISIBLE:NO	SOURCEPAGE:SS	PRESIZEGTEQ:H	SIZE:L	BONUS:MISC|CR|-1																										
