#SOURCELONG:G	SOURCESHORT:G	SOURCEWEB:http://www.gozzilioni.net																															
#																																	
# Ability Name	Category of Ability	Type	visible	Special Ability			Restricted Ability	Define				BONUS				STACK	MULT	CHOOSE	SELECT														SOURCEPAGE:
###Mount																																	
CATEGORY=Internal|Master Traits.MOD	ABILITY:Special Ability|AUTOMATIC|Mount Traits|PRERACE:1,RACETYPE=Animal,RACETYPE=Magical Beast,RACETYPE=Vermin																																
CATEGORY=Internal|Master Traits.MOD	ABILITY:Special Ability|AUTOMATIC|Traits Output ~ Mount|PREMULT:2,[PREVAREQ:NoTypeTraits,0],[PRERACE:1,RACESUBTYPE=Mount]																																
Mount Traits	CATEGORY:Special Ability	TYPE:SubTraitAbility											BONUS:ABILITYPOOL|Breed Classification|1	BONUS:ABILITYPOOL|Breed Quality|1																			SOURCEPAGE:G
CATEGORY=Special Ability|Mount Traits.MOD	ABILITY:Training Level|AUTOMATIC|Wild|PRERACE:1,TYPE=Mount
Mount Traits	CATEGORY:Special Ability	TYPE:SpecialQuality.RacialTrait			KEY:Traits Output ~ Mount																												SOURCEPAGE:G
CATEGORY=Special Ability|Traits Output ~ Mount.MOD	DESC:Wild creature commonly found around the world.|PREABILITY:1,CATEGORY=Training Level,Wild																																
CATEGORY=Special Ability|Traits Output ~ Mount.MOD	DESC:The creature can sustain the presence of a rider, but it's cannot be reliable during a combat.|PREABILITY:1,CATEGORY=Training Level,Rideable																																
CATEGORY=Special Ability|Traits Output ~ Mount.MOD	DESC:The mount is trained to perform some simple tricks.|PREABILITY:1,CATEGORY=Training Level,Basic Training																																
CATEGORY=Special Ability|Traits Output ~ Mount.MOD	DESC:The mount can advance into mount classes.|PREABILITY:1,CATEGORY=Training Level,Advanced Workout																																

###General Lycanthrope																																	
Control Shape	CATEGORY:Special Ability	TYPE:SpecialQuality	VISIBLE:YES		KEY:Control Shape ~ Lycanthrope															CSKILL:Control Shape													SOURCEPAGE:SP
###Wererat Class Template																																	
Low Light	CATEGORY:Special Ability	TYPE:Internal	VISIBLE:DISPLAY		KEY:Low-Light Vision ~ Wererat							BONUS:VAR|HasLowLightVision|1																					SOURCEPAGE:SP
Alternate Form	CATEGORY:Special Ability	TYPE:Supernatural.SpecialQuality.Shapechage	VISIBLE:YES	DESC:Alternate Form (Dire Rat)	KEY:Alternate Form Dire Rat ~ Wererat	SERVESAS:ABILITY=Special Ability|Alternate Form	!PREABILITY:1,CATEGORY=Special Ability,TYPE.Shapechange																										SOURCEPAGE:SP
Alternate Form	CATEGORY:Special Ability	TYPE:Supernatural.SpecialQuality.Shapechage	VISIBLE:YES	DESC:Alternate Form (Dire Rat, Hybrid Form)	KEY:Alternate Form Hybrid ~ Wererat	SERVESAS:ABILITY=Special Ability|Alternate Form	!PREABILITY:1,CATEGORY=Special Ability,TYPE.Shapechange																										SOURCEPAGE:SP
Damage Reduction	CATEGORY:Special Ability	TYPE:Supernatural.SpecialQuality	VISIBLE:YES		KEY:Damage Reduction ~ Wererat			DEFINE:WereratDamageReduction|0				BONUS:DR|Silver|WereratDamageReduction|TYPE=Racial								DR:0/Silver													SOURCEPAGE:SP
Bite	CATEGORY:Special Ability	TYPE:SpecialAttack	VISIBLE:YES		KEY:Bite ~ Wererat															TEMPLATE:Bite (Small)													SOURCEPAGE:SP
###Wereboar Class Template																																	
Alternate Form	CATEGORY:Special Ability	TYPE:Supernatural.SpecialQuality.Shapechage	VISIBLE:YES	DESC:Alternate Form (Boar)	KEY:Alternate Form Boar ~ Wereboar	SERVESAS:ABILITY=Special Ability|Alternate Form	!PREABILITY:1,CATEGORY=Special Ability,TYPE.Shapechange																										SOURCEPAGE:SP
Low Light	CATEGORY:Special Ability	TYPE:Internal	VISIBLE:DISPLAY		KEY:Low-Light Vision ~ Wereboar							BONUS:VAR|HasLowLightVision|1																					SOURCEPAGE:SP
Alternate Form	CATEGORY:Special Ability	TYPE:Supernatural.SpecialQuality.Shapechage	VISIBLE:YES	DESC:Alternate Form (Boar, Hybrid Form)	KEY:Alternate Form Hybrid ~ Wereboar	SERVESAS:ABILITY=Special Ability|Alternate Form	!PREABILITY:1,CATEGORY=Special Ability,TYPE.Shapechange																										SOURCEPAGE:SP
Damage Reduction	CATEGORY:Special Ability	TYPE:Supernatural.SpecialQuality	VISIBLE:YES		KEY:Damage Reduction ~ Wereboar			DEFINE:WereboarDamageReduction|0				BONUS:DR|Silver|WereboarDamageReduction|TYPE=Racial								DR:0/Silver													SOURCEPAGE:SP
Gore	CATEGORY:Special Ability	TYPE:SpecialAttack	VISIBLE:DISPLAY		KEY:Gore ~ Wereboar							BONUS:WEAPONPROF=Gore|DAMAGE|max(0,STR/2)								NATURALATTACKS:Gore,Weapon.Natural.Melee.Finesseable.Piercing,*1,1d8													SOURCEPAGE:SP
Claw	CATEGORY:Special Ability	TYPE:SpecialAttack	VISIBLE:DISPLAY		KEY:Claw ~ Wereboar															TEMPLATE:Claw (Medium)													SOURCEPAGE:SP
###Werebear Class Template																																	
Alternate Form	CATEGORY:Special Ability	TYPE:Supernatural.SpecialQuality.Shapechage	VISIBLE:YES	DESC:Alternate Form (Brown Bear)	KEY:Alternate Form Brown Bear ~ Werebear	SERVESAS:ABILITY=Special Ability|Alternate Form	!PREABILITY:1,CATEGORY=Special Ability,TYPE.Shapechange																										SOURCEPAGE:SP
Low Light	CATEGORY:Special Ability	TYPE:Internal	VISIBLE:DISPLAY		KEY:Low-Light Vision ~ Werebear							BONUS:VAR|HasLowLightVision|1																					SOURCEPAGE:SP
Alternate Form	CATEGORY:Special Ability	TYPE:Supernatural.SpecialQuality.Shapechage	VISIBLE:YES	DESC:Alternate Form (Brown Bear, Hybrid Form)	KEY:Alternate Form Hybrid ~ Werebear	SERVESAS:ABILITY=Special Ability|Alternate Form	!PREABILITY:1,CATEGORY=Special Ability,TYPE.Shapechange																										SOURCEPAGE:SP
Damage Reduction	CATEGORY:Special Ability	TYPE:Supernatural.SpecialQuality	VISIBLE:YES		KEY:Damage Reduction ~ Werebear			DEFINE:WerebearDamageReduction|0				BONUS:DR|Silver|WerebearDamageReduction|TYPE=Racial								DR:0/Silver													SOURCEPAGE:SP
Bite	CATEGORY:Special Ability	TYPE:SpecialAttack	VISIBLE:DISPLAY		KEY:Bite ~ Werebear															TEMPLATE:Bite (Large)													SOURCEPAGE:SP
Claw	CATEGORY:Special Ability	TYPE:SpecialAttack	VISIBLE:DISPLAY		KEY:Claw ~ Werebear															TEMPLATE:Claw (Large)													SOURCEPAGE:SP
###Weretiger Class Template																																	
Alternate Form	CATEGORY:Special Ability	TYPE:Supernatural.SpecialQuality.Shapechage	VISIBLE:YES	DESC:Alternate Form (Tiger)	KEY:Alternate Form Tiger ~ Weretiger	SERVESAS:ABILITY=Special Ability|Alternate Form	!PREABILITY:1,CATEGORY=Special Ability,TYPE.Shapechange																										SOURCEPAGE:SP
Low Light	CATEGORY:Special Ability	TYPE:Internal	VISIBLE:DISPLAY		KEY:Low-Light Vision ~ Weretiger							BONUS:VAR|HasLowLightVision|1																					SOURCEPAGE:SP
Alternate Form	CATEGORY:Special Ability	TYPE:Supernatural.SpecialQuality.Shapechage	VISIBLE:YES	DESC:Alternate Form (Tiger, Hybrid Form)	KEY:Alternate Form Hybrid ~ Weretiger	SERVESAS:ABILITY=Special Ability|Alternate Form	!PREABILITY:1,CATEGORY=Special Ability,TYPE.Shapechange																										SOURCEPAGE:SP
Damage Reduction	CATEGORY:Special Ability	TYPE:Supernatural.SpecialQuality	VISIBLE:YES		KEY:Damage Reduction ~ Weretiger			DEFINE:WeretigerDamageReduction|0				BONUS:DR|Silver|WeretigerDamageReduction|TYPE=Racial								DR:0/Silver													SOURCEPAGE:SP
Bite	CATEGORY:Special Ability	TYPE:SpecialAttack	VISIBLE:DISPLAY		KEY:Bite ~ Weretiger															TEMPLATE:Bite (Medium)													SOURCEPAGE:SP
Claw	CATEGORY:Special Ability	TYPE:SpecialAttack	VISIBLE:DISPLAY		KEY:Claw ~ Weretiger															TEMPLATE:Claw (Medium)													SOURCEPAGE:SP
###Werewolf Class Template																																	
Alternate Form	CATEGORY:Special Ability	TYPE:Supernatural.SpecialQuality.Shapechage	VISIBLE:YES	DESC:Alternate Form (Wolf)	KEY:Alternate Form Wolf ~ Werewolf	SERVESAS:ABILITY=Special Ability|Alternate Form	!PREABILITY:1,CATEGORY=Special Ability,TYPE.Shapechange																										SOURCEPAGE:SP
Low Light	CATEGORY:Special Ability	TYPE:Internal	VISIBLE:DISPLAY		KEY:Low-Light Vision ~ Werewolf							BONUS:VAR|HasLowLightVision|1																					SOURCEPAGE:SP
Alternate Form	CATEGORY:Special Ability	TYPE:Supernatural.SpecialQuality.Shapechage	VISIBLE:YES	DESC:Alternate Form (Wolf, Hybrid Form)	KEY:Alternate Form Hybrid ~ Werewolf	SERVESAS:ABILITY=Special Ability|Alternate Form	!PREABILITY:1,CATEGORY=Special Ability,TYPE.Shapechange																										SOURCEPAGE:SP
Damage Reduction	CATEGORY:Special Ability	TYPE:Supernatural.SpecialQuality	VISIBLE:YES		KEY:Damage Reduction ~ Werewolf			DEFINE:WerewolfDamageReduction|0				BONUS:DR|Silver|WerewolfDamageReduction|TYPE=Racial								DR:0/Silver													SOURCEPAGE:SP
Bite	CATEGORY:Special Ability	TYPE:SpecialAttack	VISIBLE:DISPLAY		KEY:Bite ~ Werewolf															TEMPLATE:Bite (Medium)													SOURCEPAGE:SP
																																	
###Vampire Class Template																																	
Blood Drain (Lesser)	CATEGORY:Special Ability	TYPE:Extraordinary.SpecialAttack	VISIBLE:YES	DESC:1 Con damage.	KEY:Blood Drain (Lesser) ~ Vampire	SERVESAS:ABILITY=Special Ability|Blood Drain	!PREABILITY:1,CATEGORY=Special Ability,Blood Drain ~ VAMPIRE TEMPLATE,Blood Drain (Medium) ~ Vampire																										SOURCEPAGE:SP
Blood Drain (Moderate)	CATEGORY:Special Ability	TYPE:Extraordinary.SpecialAttack	VISIBLE:YES	DESC:1 Con drain.	KEY:Blood Drain (Moderate) ~ Vampire	SERVESAS:ABILITY=Special Ability|Blood Drain	!PREABILITY:1,CATEGORY=Special Ability,Blood Drain ~ VAMPIRE,Blood Drain (Lesser) ~ Vampire																										SOURCEPAGE:SP
Children of the Night	CATEGORY:Special Ability	TYPE:Supernatural.SpecialAttack	VISIBLE:YES	DESC:Vampires command the lesser creatures of the world. Starting at 5th level, a vampire can call forth a rat swarm, a bat swarm, or 1d3 wolves as a standard action once per day. The creature or creatures arrive in 2d6 rounds and serve the vampire for up to 1 hour.	KEY:Childrren of the Night (Lesser) ~ Vampire	SERVESAS:ABILITY=Special Ability|Children of the Night ~ VAMPIRE TEMPLATE	!PREABILITY:1,CATEGORY=Special Ability,Children of the Night ~ VAMPIRE TEMPLATE																										SOURCEPAGE:SP
Coffin Sanctuary	CATEGORY:Special Ability	TYPE:Extraordinary.SpecialQuality	VISIBLE:YES		KEY:Coffin Sanctuary (Lesser) ~ Vampire	SERVESAS:ABILITY=Special Ability|Coffin Sanctuary ~ Vampire	!PREABILITY:1,CATEGORY=Special Ability,Coffin Sanctuary ~ Vampire																										SOURCEPAGE:SP
Coffin Sanctuary	CATEGORY:Special Ability	TYPE:Extraordinary.SpecialQuality	VISIBLE:YES		KEY:Coffin Sanctuary ~ Vampire																												SOURCEPAGE:SP
Create Spawn	CATEGORY:Special Ability	TYPE:Supernatural.SpecialAttack	VISIBLE:YES	DESC:A humanoid or monstrous humanoid slain by a 7th-level or higher vampire's energy drain attack rises as a vampire spawn (see the Monster Manual) 1d4 days after burial. If the vampire instead drains the victim's Constitution to 0 or lower, the victim returns as a spawn if it had 4 or fewer HD and as a vampire if it had 5 or more HD. In either case, the new vampire or spawn is under the command of the vampire that created it and remains so enslaved until its master's destruction. At any given time, a vampire may have enslaved spawn whose Hit Dice total no more than his own.	KEY:Create Spawn (Lesser) ~ Vampire	SERVESAS:ABILITY=Special Ability|Create Spawn ~ VAMPIRE TEMPLATE	!PREABILITY:1,CATEGORY=Special Ability,Create Spawn ~ VAMPIRE TEMPLATE																										SOURCEPAGE:SP
Damage Reduction	CATEGORY:Special Ability	TYPE:Supernatural.SpecialQuality	VISIBLE:YES	DESC:A vampire's natural weapons are treated as magic weapons for the purpose of overcoming damage reduction.	KEY:Damage Reduction ~ Vampire			DEFINE:VampireDamageReduction|0				BONUS:DR|Silver and Magic|VampireDamageReduction|TYPE=Racial								ABILITY:Special Ability|AUTOMATIC|Natural Magic Weapons	DR:0/Silver and Magic												SOURCEPAGE:SP
Dominate	CATEGORY:Special Ability	TYPE:Supernatural.SpecialQuality	VISIBLE:YES	DESC:%1/day|DominatePerDay	KEY:Dominate (Lesser) ~ Vampire	SERVESAS:ABILITY=Special Ability|Dominate ~ VAMPIRE TEMPLATE	!PREABILITY:1,CATEGORY=Special Ability,Dominate ~ VAMPIRE TEMPLATE	DEFINE:DominatePerDay|0																									SOURCEPAGE:SP
Energy Drain	CATEGORY:Special Ability	TYPE:Supernatural.SpecialAttack	VISIBLE:YES	DESC:any living creature hit by his slam attack (or any other natural weapon he might possess) gains one negative level. For each negative level so bestowed, the vampire gains 5 temporary hit points. He can use his energy drain ability once per round.	KEY:Energy Drain (Lesser) ~ Vampire	SERVESAS:ABILITY=Special Ability|Energy Drain ~ VAMPIRE TEMPLATE	!PREABILITY:1,CATEGORY=Special Ability,Energy Drain ~ VAMPIRE TEMPLATE																										SOURCEPAGE:SP
Fast Healing	CATEGORY:Special Ability	TYPE:Extraordinary.SpecialQuality	VISIBLE:YES	DESC:Beginning at 6th level, a vampire heals 1 point of damage each round so long as he has at least 1 hit point, whether or not he is resting in his coffin. A living vampire reduced to fewer than 0 hp or an undead vampire reduced to 0 hit points is automatically forced into gaseous form (if he still has uses of that ability available) and must retreat to his coffin (see the Coffin Sanctuary, above).	KEY:Fast Healing (Lesser) ~ Vampire	SERVESAS:ABILITY=Special Ability|Fast Healing ~ VAMPIRE TEMPLATE	!PREABILITY:1,CATEGORY=Special Ability,Fast Healing ~ VAMPIRE TEMPLATE													ABILITY:Special Ability|AUTOMATIC|Fast Healing													SOURCEPAGE:SP
Gaseous Form	CATEGORY:Special Ability	TYPE:Supernatural.SpecialQuality	VISIBLE:YES	DESC:%1/day|GaseousFormPerDay	KEY:Gaseous Form (Lesser) ~ Vampire	SERVESAS:ABILITY=Special Ability|Gaseous Form ~ VAMPIRE TEMPLATE	!PREABILITY:1,CATEGORY=Special Ability,Gaseous Form ~ VAMPIRE TEMPLATE	DEFINE:GaseousFormPerDay|0																									SOURCEPAGE:SP
Resistances	CATEGORY:Special Ability	TYPE:Internal	VISIBLE:DISPLAY		KEY:Resistances ~ Vampire			DEFINE:VampireResistances|0				BONUS:VAR|ColdResistanceBonus|VampireResistance	BONUS:VAR|ElectricityResistanceBonus|VampireResistance																				SOURCEPAGE:SP
Skills	CATEGORY:Special Ability	TYPE:Internal	VISIBLE:DISPLAY		KEY:Skills ~ Vampire			DEFINE:VampireSkills|0				BONUS:SKILL|Bluff,Hide,Listen,Move Silently,Search,Sense Motive,Spot|VampireSkills|TYPE=Racial																					SOURCEPAGE:SP
Spawn Slavery	CATEGORY:Special Ability	TYPE:Supernatural.SpecialQuality	VISIBLE:YES		KEY:Spawn Slavery ~ Vampire																												SOURCEPAGE:SP
Undeath	CATEGORY:Special Ability	TYPE:SpecialQuality	VISIBLE:YES		KEY:Undeath ~ Vampire															TEMPLATE:Undeath ~ Vampire													SOURCEPAGE:SP
Vampire Aversions	CATEGORY:Special Ability	TYPE:SpecialQuality	VISIBLE:YES	DESC:The vampire gains the classic aversions of his kind. He cannot tolerate the strong odor of garlic and cannot enter an area laced with it. Similarly, he recoils from a mirror or a strongly presented holy symbol. These items don't harm the vampire -- they merely keep him at bay. A recoiling vampire must stay at least 5 feet away from a creature holding the mirror or holy symbol and cannot touch or make melee attacks against that creature for the rest of the encounter. Holding a vampire at bay requires a standard action. Most vampires are also unable to cross running water, although they can be carried over it while resting in their coffins or aboard a ship. (A vampire that has a natural swim speed may freely cross running water and is quite comfortable in water of any kind). Vampires are utterly unable to enter a home or other building unless invited in by someone with the authority to do so. They may freely enter public places, since such areas are by definition open to all.	KEY:Vampire Aversions ~ Vampire																												SOURCEPAGE:SP
Vulnerability	CATEGORY:Special Ability	TYPE:SpecialQuality.Vulnerability	VISIBLE:YES	DESC:A 5th-level or higher vampire exposed to direct sunlight is disoriented. While in this condition, he can take only a single move action or attack action in a round, and 3 full rounds of such exposure destroy it utterly. Similarly, immersing a typical vampire in running water robs it of onefifth of its hit points each round until it is destroyed at the end of the fifth round of immersion. (A vampire with a natural swim speed is not harmed by immersion in running water.)	KEY:Vulnerability (Lesser) ~ Vampire	SERVESAS:ABILITY=Special Ability|Vampire Weaknesses ~ VAMPIRE TEMPLATE	!PREABILITY:1,CATEGORY=Special Ability,Vampire Weaknesses ~ VAMPIRE TEMPLATE																										SOURCEPAGE:SP
###Half Dragon Class Template																																	
Resistances	CATEGORY:Special Ability	TYPE:Internal	VISIBLE:DISPLAY		KEY:Resistances ~ Half Dragon			DEFINE:HalfDragonResistances|0																									SOURCEPAGE:SP
Darkvision	CATEGORY:Special Ability	TYPE:Internal	VISIBLE:DISPLAY		KEY:Darkvision ~ Half Dragon							BONUS:VAR|RacialVision|1	BONUS:VAR|DarkvisionRange|60|TYPE=Base																				SOURCEPAGE:SP
Low Light	CATEGORY:Special Ability	TYPE:Internal	VISIBLE:DISPLAY		KEY:Low-Light Vision ~ Half Dragon							BONUS:VAR|HasLowLightVision|1																					SOURCEPAGE:SP
Breath Weapon	CATEGORY:Special Ability	TYPE:SpecialQuality.Extraordinary	VISIBLE:YES	DESC:30' Cone of Acid %1/day %3d8 (DC %2)|HalfDragonBreathTimes|HalfDragonBreathDC|BreathWeaponDice	KEY:Breath Weapon ~ Cone of Acid ~ Half Dragon			DEFINE:HalfDragonBreathTimes|1	DEFINE:HalfDragonBreathDC|0	DEFINE:BreathWeaponDice|0		BONUS:VAR|HalfDragonBreathDC|2|PREFEAT:1,Ability Focus (Breath Weapon)																					SOURCEPAGE:SP
Breath Weapon	CATEGORY:Special Ability	TYPE:SpecialQuality.Extraordinary	VISIBLE:YES	DESC:30' Cone of Cold %1/day %3d8 (DC %2)|HalfDragonBreathTimes|HalfDragonBreathDC|BreathWeaponDice	KEY:Breath Weapon ~ Cone of Cold ~ Half Dragon			DEFINE:HalfDragonBreathTimes|1	DEFINE:HalfDragonBreathDC|0	DEFINE:BreathWeaponDice|0		BONUS:VAR|HalfDragonBreathDC|2|PREFEAT:1,Ability Focus (Breath Weapon)																					SOURCEPAGE:SP
Breath Weapon	CATEGORY:Special Ability	TYPE:SpecialQuality.Extraordinary	VISIBLE:YES	DESC:30' Cone of Fire %1/day %3d8 (DC %2)|HalfDragonBreathTimes|HalfDragonBreathDC|BreathWeaponDice	KEY:Breath Weapon ~ Cone of Fire ~ Half Dragon			DEFINE:HalfDragonBreathTimes|1	DEFINE:HalfDragonBreathDC|0	DEFINE:BreathWeaponDice|0		BONUS:VAR|HalfDragonBreathDC|2|PREFEAT:1,Ability Focus (Breath Weapon)																					SOURCEPAGE:SP
Breath Weapon	CATEGORY:Special Ability	TYPE:SpecialQuality.Extraordinary	VISIBLE:YES	DESC:60' Line of Acid %1/day %3d8 (DC %2)|HalfDragonBreathTimes|HalfDragonBreathDC|BreathWeaponDice	KEY:Breath Weapon ~ Line of Acid ~ Half Dragon			DEFINE:HalfDragonBreathTimes|1	DEFINE:HalfDragonBreathDC|0	DEFINE:BreathWeaponDice|0		BONUS:VAR|HalfDragonBreathDC|2|PREFEAT:1,Ability Focus (Breath Weapon)																					SOURCEPAGE:SP
Breath Weapon	CATEGORY:Special Ability	TYPE:SpecialQuality.Extraordinary	VISIBLE:YES	DESC:60' Line of Electricity %1/day %3d8 (DC %2)|HalfDragonBreathTimes|HalfDragonBreathDC|BreathWeaponDice	KEY:Breath Weapon ~ Line of Electricity ~ Half Dragon			DEFINE:HalfDragonBreathTimes|1	DEFINE:HalfDragonBreathDC|0	DEFINE:BreathWeaponDice|0		BONUS:VAR|HalfDragonBreathDC|2|PREFEAT:1,Ability Focus (Breath Weapon)																					SOURCEPAGE:SP
Breath Weapon	CATEGORY:Special Ability	TYPE:SpecialQuality.Extraordinary	VISIBLE:YES	DESC:60' Line of Fire %1/day %3d8 (DC %2)|HalfDragonBreathTimes|HalfDragonBreathDC|BreathWeaponDice	KEY:Breath Weapon ~ Line of Fire ~ Half Dragon			DEFINE:HalfDragonBreathTimes|1	DEFINE:HalfDragonBreathDC|0	DEFINE:BreathWeaponDice|0		BONUS:VAR|HalfDragonBreathDC|2|PREFEAT:1,Ability Focus (Breath Weapon)																					SOURCEPAGE:SP
Dragonize	CATEGORY:Special Ability	TYPE:Internal	VISIBLE:DISPLAY		KEY:Dragonize ~ Half Dragon															TEMPLATE:Dragonize ~ Half Dragon													SOURCEPAGE:SP
###Half Fiend Class Template																																	
Darkvision	CATEGORY:Special Ability	TYPE:Internal	VISIBLE:DISPLAY		KEY:Darkvision ~ Half Fiend							BONUS:VAR|RacialVision|1	BONUS:VAR|DarkvisionRange|60|TYPE=Base																				SOURCEPAGE:SP
Spell Like Abilities	CATEGORY:Special Ability	TYPE:SpellLike.SpecialAttack	VISIBLE:YES	DESC:Spell-Like Abilities: Caster level as a sorcerer of half fiend's character level; save DC 10 + half fiend's cha modifier + spell level.	KEY:Spell-Like Abilities ~ Half Fiend		PRESTAT:1,INT=8,WIS=8	DEFINE:SpellLikeCasterLVL|0	DEFINE:HalfFiendLVL|0																								SOURCEPAGE:SP
CATEGORY=Special Ability|Spell-Like Abilities ~ Half Fiend.MOD				DESC:Spell-Like Abilities: 3/day-darkness.|PREVARGTEQ:HalfFiendLVL,1,SpellLikeCasterLVL,1																SPELLS:Innate|TIMES=3|CASTERLEVEL=SpellLikeCasterLVL|Darkness,12+CHA													
CATEGORY=Special Ability|Spell-Like Abilities ~ Half Fiend.MOD				DESC:Spell-Like Abilities: 3/day-poison.|PREVARGTEQ:HalfFiendLVL,1,SpellLikeCasterLVL,7																SPELLS:Innate|TIMES=3|CASTERLEVEL=SpellLikeCasterLVL|Poison,13+CHA													
CATEGORY=Special Ability|Spell-Like Abilities ~ Half Fiend.MOD				DESC:Spell-Like Abilities: 1/day-unhallow.|PREVARGTEQ:HalfFiendLVL,1,SpellLikeCasterLVL,13																SPELLS:Innate|TIMES=1|CASTERLEVEL=SpellLikeCasterLVL|Unhallow,15+CHA													
CATEGORY=Special Ability|Spell-Like Abilities ~ Half Fiend.MOD				DESC:Spell-Like Abilities: 1/day-desecrate.|PREVARGTEQ:HalfFiendLVL,2,SpellLikeCasterLVL,3																SPELLS:Innate|TIMES=1|CASTERLEVEL=SpellLikeCasterLVL|Desecrate,12+CHA													
CATEGORY=Special Ability|Spell-Like Abilities ~ Half Fiend.MOD				DESC:Spell-Like Abilities: 1/day-unholy bligt.|PREVARGTEQ:HalfFiendLVL,2,SpellLikeCasterLVL,6																SPELLS:Innate|TIMES=1|CASTERLEVEL=SpellLikeCasterLVL|Unholy Blight,14+CHA													
CATEGORY=Special Ability|Spell-Like Abilities ~ Half Fiend.MOD				DESC:Spell-Like Abilities: 3/day-unholy aura.|PREVARGTEQ:HalfFiendLVL,2,SpellLikeCasterLVL,13																SPELLS:Innate|TIMES=3|CASTERLEVEL=SpellLikeCasterLVL|Unholy Aura,18+CHA													
CATEGORY=Special Ability|Spell-Like Abilities ~ Half Fiend.MOD				DESC:Spell-Like Abilities: 1/day-contagion.|PREVARGTEQ:HalfFiendLVL,3,SpellLikeCasterLVL,9																SPELLS:Innate|TIMES=1|CASTERLEVEL=SpellLikeCasterLVL|Contagion,13+CHA													
CATEGORY=Special Ability|Spell-Like Abilities ~ Half Fiend.MOD				DESC:Spell-Like Abilities: 1/day-horrid wilting.|PREVARGTEQ:HalfFiendLVL,3,SpellLikeCasterLVL,15																SPELLS:Innate|TIMES=1|CASTERLEVEL=SpellLikeCasterLVL|Horrid Wilting,18+CHA													
CATEGORY=Special Ability|Spell-Like Abilities ~ Half Fiend.MOD				DESC:Spell-Like Abilities: 1/day-Summon Monster IX.|PREVARGTEQ:HalfFiendLVL,3,SpellLikeCasterLVL,17																SPELLS:Innate|TIMES=1|CASTERLEVEL=SpellLikeCasterLVL|Summon Monster IX,19+CHA													
CATEGORY=Special Ability|Spell-Like Abilities ~ Half Fiend.MOD				DESC:Spell-Like Abilities: 1/day-blasphemy.|PREVARGTEQ:HalfFiendLVL,4,SpellLikeCasterLVL,11																SPELLS:Innate|TIMES=1|CASTERLEVEL=SpellLikeCasterLVL|Blasphemy,17+CHA													
CATEGORY=Special Ability|Spell-Like Abilities ~ Half Fiend.MOD				DESC:Spell-Like Abilities: 1/day-destruction.|PREVARGTEQ:HalfFiendLVL,4,SpellLikeCasterLVL,19																SPELLS:Innate|TIMES=1|CASTERLEVEL=SpellLikeCasterLVL|Destruction,17+CHA													
Resistances	CATEGORY:Special Ability	TYPE:Internal	VISIBLE:DISPLAY		KEY:Resistances ~ Half Fiend			DEFINE:HalfFiendResistances|0				BONUS:VAR|AcidResistanceBonus,ColdResistanceBonus,ElectricityResistanceBonus,FireResistanceBonus|HalfFiendResistances|TYPE=Racial								ABILITY:Special Ability|AUTOMATIC|Resistance To Acid|Resistance To Cold|Resistance To Electricity|Resistance To Fire													SOURCEPAGE:SP
Spell Resistance	CATEGORY:Special Ability	TYPE:Supernatural.SpecialQuality	VISIBLE:YES		KEY:Spell Resistance ~ Half Fiend			DEFINE:HalfDFiendSpellResistance|0												SR:HalfFiendSpellResistance													
Damage Reduction	CATEGORY:Special Ability	TYPE:Supernatural.SpecialQuality	VISIBLE:YES	DESC:A half fiend's natural weapons are treated as magic weapons for the purpose of overcoming damage reduction.	KEY:Damage Reduction ~ Half Fiend			DEFINE:HalfFiendDamageReduction|0				BONUS:DR|Magic|HalfFiendDamageReduction|TYPE=Racial								ABILITY:Special Ability|AUTOMATIC|Natural Magic Weapons	DR:0/Magic												SOURCEPAGE:SP
Smite Good	CATEGORY:Special Ability	TYPE:Supernatural.SpecialAttack	VISIBLE:YES		KEY:Smite Good ~ Half Fiend			DEFINE:HalfFiendSmiteEvilLVL|0				BONUS:VAR|SmiteEvil|1	BONUS:VAR|SmiteEvilDamage|HalfFiendSmiteEvilLVL																				SOURCEPAGE:SP
###Lich																																	
Resistances	CATEGORY:Special Ability	TYPE:Internal	VISIBLE:DISPLAY		KEY:Resistances ~ Lich			DEFINE:LichResistances|0				BONUS:VAR|ColdResistanceBonus,ElectricityResistanceBonus|LichResistances|TYPE=Racial								ABILITY:Special Ability|AUTOMATIC|Resistance To Cold|Resistance To Electricity													SOURCEPAGE:SP
Skills	CATEGORY:Special Ability	TYPE:Internal	VISIBLE:DISPLAY		KEY:Skills ~ Lich			DEFINE:LichSkills|0				BONUS:SKILL|Hide,Listen,Move Silently,Spot|LichSkills|TYPE=Racial																					SOURCEPAGE:SP
Touch Attack (Lesser)	CATEGORY:Special Ability	TYPE:SpecialQuality.Extraordinary	VISIBLE:YES	DESC:Negative Energy 1d6+5 DC %1|LichAbilityDC	KEY:Touch Attack (Lesser) ~ Lich	SERVESAS:ABILITY=Special Ability|Touch Attack ~ Lich	!PREABILITY:1,CATEGORY=Special Ability,Touch Attack ~ Lich																										SOURCEPAGE:SP
Paralyzing Touch (Lesser)	CATEGORY:Special Ability	TYPE:SpecialQuality.Supernatural	VISIBLE:YES	DESC:1d4 round, DC %1|LichAbilityDC	KEY:Paralyzing Touch (Lesser) ~ Lich	SERVESAS:ABILITY=Special Ability|Paralyzing Touch ~ Lich Template	!PREABILITY:1,CATEGORY=Special Ability,Paralyzing Touch ~ LICH TEMPLATE,Paralyzing Touch (Medium),Paralyzing Touch (Greater) ~ Lich																										SOURCEPAGE:SP
Paralyzing Touch (Medium)	CATEGORY:Special Ability	TYPE:SpecialQuality.Supernatural	VISIBLE:YES	DESC:1d4 minutes, DC %1|LichAbilityDC	KEY:Paralyzing Touch (Medium) ~ Lich	SERVESAS:ABILITY=Special Ability|Paralyzing Touch ~ Lich Template	!PREABILITY:1,CATEGORY=Special Ability,Paralyzing Touch ~ LICH TEMPLATE,Paralyzing Touch (Greater) ~ Lich																										SOURCEPAGE:SP
Paralyzing Touch (Greater)	CATEGORY:Special Ability	TYPE:SpecialQuality.Supernatural	VISIBLE:YES	DESC:1d4 hours, DC %1|LichAbilityDC	KEY:Paralyzing Touch (Greater) ~ Lich	SERVESAS:ABILITY=Special Ability|Paralyzing Touch ~ Lich Template	!PREABILITY:1,CATEGORY=Special Ability,Paralyzing Touch ~ LICH TEMPLATE																										SOURCEPAGE:SP
Damage Reduction	CATEGORY:Special Ability	TYPE:Supernatural.SpecialQuality	VISIBLE:YES	DESC:A lich's natural weapons are treated as magic weapons for the purpose of overcoming damage reduction.	KEY:Damage Reduction ~ Lich			DEFINE:HalfFiendDamageReduction|0				BONUS:DR|Magic and Bludgeoning|LichDamageReduction|TYPE=Racial								ABILITY:Special Ability|AUTOMATIC|Natural Magic Weapons	DR:0/Magic and Bludgeoning												SOURCEPAGE:SP
###Ghost																																	
Skills	CATEGORY:Special Ability	TYPE:Internal	VISIBLE:DISPLAY		KEY:Skills ~ Ghost			DEFINE:GhostSkills|0				BONUS:SKILL|Hide,Listen,Search,Spot|GhostSkills|TYPE=Racial																					SOURCEPAGE:SP
