#SOURCELONG:Gozzilioni	SOURCESHORT:G	SOURCEWEB:http://www.gozzilioni.net								
#										
#Categories										
ABILITYCATEGORY:Warlock Invocation	CATEGORY:Warlock Invocation		VISIBLE:NO	EDITABLE:NO		EDITPOOL:YES	FRACTIONALPOOL:NO			
ABILITYCATEGORY:Wonderworker Bonus	CATEGORY:Wonderworker Bonus		VISIBLE:NO	EDITABLE:NO		EDITPOOL:YES	FRACTIONALPOOL:NO			
#										
#Abilitygroup:Warlock										
ABILITYCATEGORY:Warlock Dark Invocation	CATEGORY:Warlock Invocation	TYPE:LeastInvocation.LesserInvocation.GreaterInvocation.DarkInvocation	VISIBLE:QUALIFY	EDITABLE:NO		EDITPOOL:YES	FRACTIONALPOOL:NO	PLURAL:Warlock Dark Invocations	DISPLAYLOCATION:Class Abilities	
ABILITYCATEGORY:Warlock Greater Invocation	CATEGORY:Warlock Invocation	TYPE:LeastInvocation.LesserInvocation.GreaterInvocation	VISIBLE:QUALIFY	EDITABLE:NO		EDITPOOL:YES	FRACTIONALPOOL:NO	PLURAL:Warlock Greater Invocations	DISPLAYLOCATION:Class Abilities	
ABILITYCATEGORY:Warlock Least Invocation	CATEGORY:Warlock Invocation	TYPE:LeastInvocation	VISIBLE:QUALIFY	EDITABLE:NO		EDITPOOL:YES	FRACTIONALPOOL:NO	PLURAL:Warlock Least Invocations	DISPLAYLOCATION:Class Abilities	
ABILITYCATEGORY:Warlock Lesser Invocation	CATEGORY:Warlock Invocation	TYPE:LeastInvocation.LesserInvocation	VISIBLE:QUALIFY	EDITABLE:NO		EDITPOOL:YES	FRACTIONALPOOL:NO	PLURAL:Warlock Lesser Invocations	DISPLAYLOCATION:Class Abilities	
ABILITYCATEGORY:Wonderworker Arcane	CATEGORY:Wonderworker Bonus	TYPE:WonderworkerArcane	VISIBLE:QUALIFY	EDITABLE:NO		EDITPOOL:YES	FRACTIONALPOOL:NO	PLURAL:Wonderworker Arcanes	DISPLAYLOCATION:Class Abilities	
ABILITYCATEGORY:Wonderworker Divine	CATEGORY:Wonderworker Bonus	TYPE:WonderworkerDivine	VISIBLE:QUALIFY	EDITABLE:NO		EDITPOOL:YES	FRACTIONALPOOL:NO	PLURAL:Wonderworker Divines	DISPLAYLOCATION:Class Abilities	
ABILITYCATEGORY:Wonderworker Psionic	CATEGORY:Wonderworker Bonus	TYPE:WonderworkerPsionic	VISIBLE:QUALIFY	EDITABLE:NO		EDITPOOL:YES	FRACTIONALPOOL:NO	PLURAL:Wonderworker Psionicss	DISPLAYLOCATION:Class Abilities	
										
#										
#Abilitygroup:Madness										
ABILITYCATEGORY:Minor Madness	CATEGORY:Special Ability	TYPE:MadnessMinor	VISIBLE:QUALIFY	EDITABLE:NO		EDITPOOL:YES	FRACTIONALPOOL:NO	PLURAL:Minor Madnesses	DISPLAYLOCATION:Racial Abilities	
ABILITYCATEGORY:Moderate Madness	CATEGORY:Special Ability	TYPE:MadnessModerate	VISIBLE:QUALIFY	EDITABLE:NO		EDITPOOL:YES	FRACTIONALPOOL:NO	PLURAL:Moderate Madnesses	DISPLAYLOCATION:Racial Abilities	
ABILITYCATEGORY:Major Madness	CATEGORY:Special Ability	TYPE:MadnessMajor	VISIBLE:QUALIFY	EDITABLE:NO		EDITPOOL:YES	FRACTIONALPOOL:NO	PLURAL:Major Madnesses	DISPLAYLOCATION:Racial Abilities	
#										
#Abilitygroup:Racial										
ABILITYCATEGORY:Aberrant Blood	CATEGORY:Special Ability	TYPE:AberrantBlood	VISIBLE:QUALIFY	EDITABLE:NO		EDITPOOL:YES	FRACTIONALPOOL:NO	PLURAL:Aberrant Bloods	DISPLAYLOCATION:Racial Abilities	
ABILITYCATEGORY:Abomination Strenght	CATEGORY:Special Ability	TYPE:AbominationStrenght	VISIBLE:QUALIFY	EDITABLE:NO		EDITPOOL:YES	FRACTIONALPOOL:NO	PLURAL:Abomination Strenghts	DISPLAYLOCATION:Racial Abilities	
ABILITYCATEGORY:Abomination Weakness	CATEGORY:Special Ability	TYPE:AbominationWeakness	VISIBLE:QUALIFY	EDITABLE:NO		EDITPOOL:YES	FRACTIONALPOOL:NO	PLURAL:Abomination Weaknesses	DISPLAYLOCATION:Racial Abilities	
ABILITYCATEGORY:Monstrous Beast Attack	CATEGORY:Special Ability	TYPE:MonstrousBeastAttack	VISIBLE:QUALIFY	EDITABLE:NO		EDITPOOL:YES	FRACTIONALPOOL:NO	PLURAL:Monstrous Beast Attacks	DISPLAYLOCATION:Racial Abilities	
ABILITYCATEGORY:Monstrous Beast Quality	CATEGORY:Special Ability	TYPE:MonstrousBeastQuality	VISIBLE:QUALIFY	EDITABLE:NO		EDITPOOL:YES	FRACTIONALPOOL:NO	PLURAL:Monstrous Beast Qualitys	DISPLAYLOCATION:Racial Abilities	
ABILITYCATEGORY:Ghost Brute Attack	CATEGORY:Special Ability	TYPE:GhostBruteAttack	VISIBLE:QUALIFY	EDITABLE:NO		EDITPOOL:YES	FRACTIONALPOOL:NO	PLURAL:Ghost Brute Attacks	DISPLAYLOCATION:Racial Abilities	
ABILITYCATEGORY:Chimeric Breath	CATEGORY:Special Ability	TYPE:ChimericDragon	VISIBLE:QUALIFY	EDITABLE:NO		EDITPOOL:YES	FRACTIONALPOOL:NO	PLURAL:Chimeric Breaths	DISPLAYLOCATION:Racial Abilities	
ABILITYCATEGORY:Monster of Legend Attack	CATEGORY:Special Ability	TYPE:MonsterOfLegendAttack	VISIBLE:QUALIFY	EDITABLE:NO		EDITPOOL:YES	FRACTIONALPOOL:NO	PLURAL:Monster of Legend Attacks	DISPLAYLOCATION:Racial Abilities	
ABILITYCATEGORY:Monster of Legend Quality	CATEGORY:Special Ability	TYPE:MonsterOfLegendQuality	VISIBLE:QUALIFY	EDITABLE:NO		EDITPOOL:YES	FRACTIONALPOOL:NO	PLURAL:Monster of Legend Qualities	DISPLAYLOCATION:Racial Abilities	
ABILITYCATEGORY:Monster of Legend Immunity	CATEGORY:Special Ability	TYPE:MonsterOfLegendImmunity	VISIBLE:QUALIFY	EDITABLE:NO		EDITPOOL:YES	FRACTIONALPOOL:NO	PLURAL:Monster of Legend Immunitiess	DISPLAYLOCATION:Racial Abilities	
ABILITYCATEGORY:Pyroclastic Half Dragon Immunity	CATEGORY:Special Ability	TYPE:PyroclasticHalfDragonImmunity	VISIBLE:QUALIFY	EDITABLE:NO		EDITPOOL:YES	FRACTIONALPOOL:NO	PLURAL:Pyroclastic Half Dragon Immunities	DISPLAYLOCATION:Racial Abilities	
ABILITYCATEGORY:Planar Animal Companion	CATEGORY:Special Ability	TYPE:PlanarAnimalCompanion	VISIBLE:QUALIFY	EDITABLE:NO		EDITPOOL:YES	FRACTIONALPOOL:NO	PLURAL:Planar Animal Companions	DISPLAYLOCATION:Racial Abilities	
ABILITYCATEGORY:Planar Familiar	CATEGORY:Special Ability	TYPE:PlanarFamiliar	VISIBLE:QUALIFY	EDITABLE:NO		EDITPOOL:YES	FRACTIONALPOOL:NO	PLURAL:Planar Familiars	DISPLAYLOCATION:Racial Abilities	
ABILITYCATEGORY:Half Vampire Ability	CATEGORY:Special Ability	TYPE:HalfVampireAbility	VISIBLE:QUALIFY	EDITABLE:YES		EDITPOOL:YES	FRACTIONALPOOL:NO	PLURAL:Half Vampire Abilities	DISPLAYLOCATION:Racial Abilities	
ABILITYCATEGORY:Ghost Haunting Ability	CATEGORY:Special Ability	TYPE:GhostHauntingAbility	VISIBLE:QUALIFY	EDITABLE:NO		EDITPOOL:YES	FRACTIONALPOOL:NO	PLURAL:Ghost Haunting Abilities	DISPLAYLOCATION:Racial Abilities	
ABILITYCATEGORY:Ghost Sagacious Skill	CATEGORY:Special Ability	TYPE:GhostSagaciousSkills	VISIBLE:QUALIFY	EDITABLE:NO		EDITPOOL:YES	FRACTIONALPOOL:NO	PLURAL:Ghost Sagacious Skills	DISPLAYLOCATION:Racial Abilities	
ABILITYCATEGORY:Fey'ri Demonic Ability	CATEGORY:Special Ability	TYPE:FeyriDemonicAbility	VISIBLE:QUALIFY	EDITABLE:NO		EDITPOOL:YES	FRACTIONALPOOL:NO	PLURAL:Fey'ri Demonic Abilities	DISPLAYLOCATION:Racial Abilities	
ABILITYCATEGORY:Lich Ability	CATEGORY:Special Ability	TYPE:LichAbility	VISIBLE:QUALIFY	EDITABLE:NO		EDITPOOL:YES	FRACTIONALPOOL:NO	PLURAL:Lich Abilities	DISPLAYLOCATION:Racial Abilities	
ABILITYCATEGORY:Frostfell Ghost Ability	CATEGORY:Special Ability	TYPE:FrostfellGhostAbility.GhostAbility	VISIBLE:QUALIFY	EDITABLE:YES		EDITPOOL:YES	FRACTIONALPOOL:NO	PLURAL:Frostfell Ghost Abilities	DISPLAYLOCATION:Racial Abilities	
ABILITYCATEGORY:Frostfell Ghost Quality	CATEGORY:Special Ability	TYPE:FrostfellGhostAbility.GhostQuality	VISIBLE:QUALIFY	EDITABLE:YES		EDITPOOL:YES	FRACTIONALPOOL:NO	PLURAL:Frostfell Ghost Qualities	DISPLAYLOCATION:Racial Abilities	
ABILITYCATEGORY:Shifter Trait	CATEGORY:Special Ability	TYPE:ShifterTrait	VISIBLE:QUALIFY	EDITABLE:YES		EDITPOOL:YES	FRACTIONALPOOL:NO	PLURAL:Shifter Traits	DISPLAYLOCATION:Racial Abilities	
ABILITYCATEGORY:Vistani Tribal Heritage	CATEGORY:Special Ability	TYPE:VistaniTribalHeritage	VISIBLE:QUALIFY	EDITABLE:YES		EDITPOOL:YES	FRACTIONALPOOL:NO	PLURAL:Vistani Tribal Heritages	DISPLAYLOCATION:Racial Abilities	
ABILITYCATEGORY:Vistani Tribe	CATEGORY:Special Ability	TYPE:VistaniTribe	VISIBLE:QUALIFY	EDITABLE:YES		EDITPOOL:YES	FRACTIONALPOOL:NO	PLURAL:Vistani Tribes	DISPLAYLOCATION:Racial Abilities	
										
#										
#Abilitygroup:Feat										
ABILITYCATEGORY:Divine Champion Feat	CATEGORY:FEAT	TYPE:DivineChampion	VISIBLE:QUALIFY	EDITABLE:NO		EDITPOOL:YES	FRACTIONALPOOL:NO	PLURAL:Divine Champion Feats	DISPLAYLOCATION:Feats	
ABILITYCATEGORY:Epic Eye of Horus-Re Feat	CATEGORY:FEAT	TYPE:EpicEyeOfHorusRe	VISIBLE:QUALIFY	EDITABLE:NO		EDITPOOL:YES	FRACTIONALPOOL:NO	PLURAL:Epic Eye of Horus-Re Feats	DISPLAYLOCATION:Feats	
ABILITYCATEGORY:Epic Hammer of Moradin Feat	CATEGORY:FEAT	TYPE:EpicHammerOfMoradin	VISIBLE:QUALIFY	EDITABLE:NO		EDITPOOL:YES	FRACTIONALPOOL:NO	PLURAL:Epic Hammer of Moradin Feats	DISPLAYLOCATION:Feats	
ABILITYCATEGORY:Epic Hathran Feat	CATEGORY:FEAT	TYPE:EpicHathran	VISIBLE:QUALIFY	EDITABLE:NO		EDITPOOL:YES	FRACTIONALPOOL:NO	PLURAL:Epic Hathran Feats	DISPLAYLOCATION:Feats	
ABILITYCATEGORY:Epic Incantatrix Feat	CATEGORY:FEAT	TYPE:EpicIncantatrix	VISIBLE:QUALIFY	EDITABLE:NO		EDITPOOL:YES	FRACTIONALPOOL:NO	PLURAL:Epic Incantatrix Feats	DISPLAYLOCATION:Feats	
ABILITYCATEGORY:Epic Justiciar of Tyr Feat	CATEGORY:FEAT	TYPE:EpicJusticiarOfTyr	VISIBLE:QUALIFY	EDITABLE:NO		EDITPOOL:YES	FRACTIONALPOOL:NO	PLURAL:Epic Justiciar of Tyr Feats	DISPLAYLOCATION:Feats	
ABILITYCATEGORY:Epic Monk of the Long Death Feat	CATEGORY:FEAT	TYPE:EpicMonkOfTheLongDeath	VISIBLE:QUALIFY	EDITABLE:NO		EDITPOOL:YES	FRACTIONALPOOL:NO	PLURAL:Epic Monk of the Long Death Feats	DISPLAYLOCATION:Feats	
ABILITYCATEGORY:Epic Morninglord of Lathander Feat	CATEGORY:FEAT	TYPE:EpicMorninglordOfLathander	VISIBLE:QUALIFY	EDITABLE:NO		EDITPOOL:YES	FRACTIONALPOOL:NO	PLURAL:Epic Morninglord of Lathander Feats	DISPLAYLOCATION:Feats	
ABILITYCATEGORY:Epic Runecaster Feat	CATEGORY:FEAT	TYPE:EpicRunecaster	VISIBLE:QUALIFY	EDITABLE:NO		EDITPOOL:YES	FRACTIONALPOOL:NO	PLURAL:Epic Runecaster Feats	DISPLAYLOCATION:Feats	
ABILITYCATEGORY:Epic Shaaryan Hunter Feat	CATEGORY:FEAT	TYPE:EpicShaaryanHunter	VISIBLE:QUALIFY	EDITABLE:NO		EDITPOOL:YES	FRACTIONALPOOL:NO	PLURAL:Epic Shaaryan Hunter Feats	DISPLAYLOCATION:Feats	
ABILITYCATEGORY:Epic Shadow Adept Feat	CATEGORY:FEAT	TYPE:EpicShadowAdept	VISIBLE:QUALIFY	EDITABLE:NO		EDITPOOL:YES	FRACTIONALPOOL:NO	PLURAL:Epic Shadow Adept Feats	DISPLAYLOCATION:Feats	
ABILITYCATEGORY:Hexblade Feat	CATEGORY:FEAT	TYPE:Hexblade	VISIBLE:QUALIFY	EDITABLE:NO		EDITPOOL:YES	FRACTIONALPOOL:NO	PLURAL:Hexblade Feats	DISPLAYLOCATION:Feats	
ABILITYCATEGORY:Incantatrix Feat	CATEGORY:FEAT	TYPE:Metamagic	VISIBLE:QUALIFY	EDITABLE:NO		EDITPOOL:YES	FRACTIONALPOOL:NO	PLURAL:Incantatrix Feats	DISPLAYLOCATION:Feats	
ABILITYCATEGORY:Ronin Feat	CATEGORY:FEAT	TYPE:Ronin	VISIBLE:QUALIFY	EDITABLE:NO		EDITPOOL:YES	FRACTIONALPOOL:NO	PLURAL:Ronin Feats	DISPLAYLOCATION:Feats	
ABILITYCATEGORY:Shadow Thief Feat	CATEGORY:FEAT	TYPE:ShadowThief	VISIBLE:QUALIFY	EDITABLE:NO		EDITPOOL:YES	FRACTIONALPOOL:NO	PLURAL:Shadow Thief Feats	DISPLAYLOCATION:Feats	
ABILITYCATEGORY:Spellfire Hierophant Feat	CATEGORY:FEAT	TYPE:SpellfireHierophant	VISIBLE:QUALIFY	EDITABLE:NO		EDITPOOL:YES	FRACTIONALPOOL:NO	PLURAL:Spellfire Hierophant Feats	DISPLAYLOCATION:Feats	
ABILITYCATEGORY:Spellguard Feat	CATEGORY:FEAT	TYPE:Metamagic	VISIBLE:QUALIFY	EDITABLE:NO		EDITPOOL:YES	FRACTIONALPOOL:NO	PLURAL:Spellguard Feats	DISPLAYLOCATION:Feats	
ABILITYCATEGORY:Spellsword Feat	CATEGORY:FEAT	TYPE:Spellsword.Fighter.Metamagic	VISIBLE:QUALIFY	EDITABLE:NO		EDITPOOL:YES	FRACTIONALPOOL:NO	PLURAL:Spellsword Feats	DISPLAYLOCATION:Feats	
ABILITYCATEGORY:Worker Feat	CATEGORY:FEAT	TYPE:Worker	VISIBLE:QUALIFY	EDITABLE:NO		EDITPOOL:YES	FRACTIONALPOOL:NO	PLURAL:Worker Feats	DISPLAYLOCATION:Feats	
ABILITYCATEGORY:Epic Warmage Feat	CATEGORY:FEAT	TYPE:EpicWarmage	VISIBLE:QUALIFY	EDITABLE:NO		EDITPOOL:YES	FRACTIONALPOOL:NO	PLURAL:Epic Warmage Feats	DISPLAYLOCATION:Feats	
ABILITYCATEGORY:Epic Wu Jen Feat	CATEGORY:FEAT	TYPE:EpicWuJen	VISIBLE:QUALIFY	EDITABLE:NO		EDITPOOL:YES	FRACTIONALPOOL:NO	PLURAL:Epic Wu Jen Feats	DISPLAYLOCATION:Feats	
ABILITYCATEGORY:Dragon Shaman Feat	CATEGORY:FEAT	TYPE:DragonShaman	VISIBLE:QUALIFY	EDITABLE:NO		EDITPOOL:YES	FRACTIONALPOOL:NO	PLURAL:Dragon Shaman Feats	DISPLAYLOCATION:Feats	
ABILITYCATEGORY:Knight Feat	CATEGORY:FEAT	TYPE:Knight	VISIBLE:QUALIFY	EDITABLE:NO		EDITPOOL:YES	FRACTIONALPOOL:NO	PLURAL:Knight Feats	DISPLAYLOCATION:Feats	
ABILITYCATEGORY:Scout Feat	CATEGORY:FEAT	TYPE:Scout	VISIBLE:QUALIFY	EDITABLE:NO		EDITPOOL:YES	FRACTIONALPOOL:NO	PLURAL:Scout Feats	DISPLAYLOCATION:Feats	
ABILITYCATEGORY:Exemplar Feat	CATEGORY:FEAT	TYPE:Exemplar	VISIBLE:QUALIFY	EDITABLE:NO		EDITPOOL:YES	FRACTIONALPOOL:NO	PLURAL:Exemplar Feats	DISPLAYLOCATION:Feats	
ABILITYCATEGORY:Maester Feat	CATEGORY:FEAT	TYPE:Maester.ItemCreation	VISIBLE:QUALIFY	EDITABLE:NO		EDITPOOL:YES	FRACTIONALPOOL:NO	PLURAL:Maester Feats	DISPLAYLOCATION:Feats	
ABILITYCATEGORY:Epic Dungeon Delver Feat	CATEGORY:FEAT	TYPE:Epic.EpicDungeonDelver	VISIBLE:QUALIFY	EDITABLE:NO		EDITPOOL:YES	FRACTIONALPOOL:NO	PLURAL:Epic Dungeon Delver Feats	DISPLAYLOCATION:Feats	
ABILITYCATEGORY:Dragonrider Feat	CATEGORY:FEAT	TYPE:Dragonrider	VISIBLE:QUALIFY	EDITABLE:NO		EDITPOOL:YES	FRACTIONALPOOL:NO	PLURAL:Dragonrider Feats	DISPLAYLOCATION:Feats	
ABILITYCATEGORY:Sword of Righteousness Feat	CATEGORY:FEAT	TYPE:Exalted	VISIBLE:QUALIFY	EDITABLE:NO		EDITPOOL:YES	FRACTIONALPOOL:NO	PLURAL:Sword of Righteousness Feats	DISPLAYLOCATION:Feats	
ABILITYCATEGORY:Vassal of Bahamut Feat	CATEGORY:FEAT	TYPE:VassalBahamut	VISIBLE:QUALIFY	EDITABLE:NO		EDITPOOL:YES	FRACTIONALPOOL:NO	PLURAL:Vassal of Bahamut Feats	DISPLAYLOCATION:Feats	
ABILITYCATEGORY:Wonderworker Feat	CATEGORY:FEAT	TYPE:Wonderworker	VISIBLE:QUALIFY	EDITABLE:NO		EDITPOOL:YES	FRACTIONALPOOL:NO	PLURAL:Wonderworker Feats	DISPLAYLOCATION:Feats	
ABILITYCATEGORY:Flying Mount Feat	CATEGORY:FEAT	TYPE:FlyingMount	VISIBLE:QUALIFY	EDITABLE:NO		EDITPOOL:YES	FRACTIONALPOOL:NO	PLURAL:Flying Mount Feats	DISPLAYLOCATION:Feats	
ABILITYCATEGORY:Exalted Arcanist Feat	CATEGORY:FEAT	TYPE:Exalted 	VISIBLE:QUALIFY	EDITABLE:NO		EDITPOOL:YES	FRACTIONALPOOL:NO	PLURAL:Exalted Arcanist Feats	DISPLAYLOCATION:Feats	
ABILITYCATEGORY:Anointed Knight Feat	CATEGORY:FEAT	TYPE:AnointedKnight 	VISIBLE:QUALIFY	EDITABLE:NO		EDITPOOL:YES	FRACTIONALPOOL:NO	PLURAL:Anointed Knight Feats	DISPLAYLOCATION:Feats	
ABILITYCATEGORY:Initiate of Pistis Sophia Feat	CATEGORY:FEAT	TYPE:InitiateOfPistisSophia 	VISIBLE:QUALIFY	EDITABLE:NO		EDITPOOL:YES	FRACTIONALPOOL:NO	PLURAL:Initiate of Pistis Sophia Feats	DISPLAYLOCATION:Feats	
ABILITYCATEGORY:Guild Wizard of Waterdeep Feat	CATEGORY:FEAT	TYPE:ItemCreation.GuildWizardOfWaterdeep	VISIBLE:QUALIFY	EDITABLE:NO		EDITPOOL:YES	FRACTIONALPOOL:NO	PLURAL:Guild Wizard of Waterdeep Feats	DISPLAYLOCATION:Feats	
ABILITYCATEGORY:War Wizard of Cormyr Feat	CATEGORY:FEAT	TYPE:Metamagic.WarWizardCormyr	VISIBLE:QUALIFY	EDITABLE:NO		EDITPOOL:YES	FRACTIONALPOOL:NO	PLURAL:War Wizard of Cormyr Feats	DISPLAYLOCATION:Feats	
ABILITYCATEGORY:Violent Knowledge Feat	CATEGORY:FEAT	TYPE:ViolentKnowledge	VISIBLE:QUALIFY	EDITABLE:NO		EDITPOOL:YES	FRACTIONALPOOL:NO	PLURAL:Violent Knowledge Feats	DISPLAYLOCATION:Feats	
ABILITYCATEGORY:Doomlord Feat	CATEGORY:FEAT	TYPE:DoomlordFeat	VISIBLE:QUALIFY	EDITABLE:NO		EDITPOOL:YES	FRACTIONALPOOL:NO	PLURAL:Doomlord Feats	DISPLAYLOCATION:Feats	
ABILITYCATEGORY:Cipher Adept Feat	CATEGORY:FEAT	TYPE:CipherAdeptFeat	VISIBLE:QUALIFY	EDITABLE:NO		EDITPOOL:YES	FRACTIONALPOOL:NO	PLURAL:Cipher Adept Feats	DISPLAYLOCATION:Feats	
ABILITYCATEGORY:Cloud Anchorite Feat	CATEGORY:FEAT	TYPE:CloudAnchoriteFeat	VISIBLE:QUALIFY	EDITABLE:NO		EDITPOOL:YES	FRACTIONALPOOL:NO	PLURAL:Cloud Anchorite Feats	DISPLAYLOCATION:Feats	
ABILITYCATEGORY:Shifter Feat	CATEGORY:FEAT	TYPE:Shifter	VISIBLE:QUALIFY	EDITABLE:NO		EDITPOOL:YES	FRACTIONALPOOL:NO	PLURAL:Shifter Feats	DISPLAYLOCATION:Feats	
ABILITYCATEGORY:Warforged Feat	CATEGORY:FEAT	TYPE:Warforged	VISIBLE:QUALIFY	EDITABLE:NO		EDITPOOL:YES	FRACTIONALPOOL:NO	PLURAL:Warforged Feats	DISPLAYLOCATION:Feats	
ABILITYCATEGORY:Nerra Feat	CATEGORY:FEAT	TYPE:NerraFeat	VISIBLE:QUALIFY	EDITABLE:NO		EDITPOOL:YES	FRACTIONALPOOL:NO	PLURAL:Nerra Feats	DISPLAYLOCATION:Feats	
ABILITYCATEGORY:Shadow Ability	CATEGORY:Special Ability	TYPE:ShadowAbility	VISIBLE:QUALIFY	EDITABLE:NO		EDITPOOL:YES	FRACTIONALPOOL:NO	PLURAL:Shadow Abilities	DISPLAYLOCATION:Racial Abilities	
#										
#Abilitygroup:Class										
ABILITYCATEGORY:Animal Lord First Totem	CATEGORY:Special Ability	TYPE:AnimalLordFirstTotem	VISIBLE:QUALIFY	EDITABLE:NO		EDITPOOL:YES	FRACTIONALPOOL:NO	PLURAL:Animal Lord First Totems	DISPLAYLOCATION:Class Abilities	
ABILITYCATEGORY:Animal Lord Second Totem	CATEGORY:Special Ability	TYPE:AnimalLordSecondTotem	VISIBLE:QUALIFY	EDITABLE:NO		EDITPOOL:YES	FRACTIONALPOOL:NO	PLURAL:Animal Lord Second Totems	DISPLAYLOCATION:Class Abilities	
ABILITYCATEGORY:Anoint Ancestral Weapon	CATEGORY:Special Ability	TYPE:AnointAncestralWeapon	VISIBLE:QUALIFY	EDITABLE:NO		EDITPOOL:YES	FRACTIONALPOOL:NO	PLURAL:Anoint Ancestral Weapons	DISPLAYLOCATION:Class Abilities	
ABILITYCATEGORY:Anoint Self	CATEGORY:Special Ability	TYPE:AnointSelf	VISIBLE:QUALIFY	EDITABLE:NO		EDITPOOL:YES	FRACTIONALPOOL:NO	PLURAL:Anoint Selves	DISPLAYLOCATION:Class Abilities	
ABILITYCATEGORY:Artisan Master Skills	CATEGORY:Special Ability	TYPE:ArtisanMasterSkills	VISIBLE:QUALIFY	EDITABLE:NO		EDITPOOL:YES	FRACTIONALPOOL:NO	PLURAL:Artisan Master Skills	DISPLAYLOCATION:Class Abilities	
ABILITYCATEGORY:Black Magic Oil	CATEGORY:Special Ability	TYPE:BlackMagicOil	VISIBLE:QUALIFY	EDITABLE:NO		EDITPOOL:YES	FRACTIONALPOOL:NO	PLURAL:Black Magic Oils	DISPLAYLOCATION:Class Abilities	
ABILITYCATEGORY:Black Magic Elixir	CATEGORY:Special Ability	TYPE:BlackMagicElixir	VISIBLE:QUALIFY	EDITABLE:NO		EDITPOOL:YES	FRACTIONALPOOL:NO	PLURAL:Black Magic Elixirs	DISPLAYLOCATION:Class Abilities	
ABILITYCATEGORY:Censure Fiend	CATEGORY:Special Ability	TYPE:CensureFiend	VISIBLE:QUALIFY	EDITABLE:NO		EDITPOOL:YES	FRACTIONALPOOL:NO	PLURAL:Censure Fiends	DISPLAYLOCATION:Class Abilities	
ABILITYCATEGORY:Cover Identity	CATEGORY:Special Ability	TYPE:CoverIdentity	VISIBLE:QUALIFY	EDITABLE:NO		EDITPOOL:YES	FRACTIONALPOOL:NO	PLURAL:Cover Identities	DISPLAYLOCATION:Class Abilities	
ABILITYCATEGORY:Draconic Heritage Ancestor	CATEGORY:Special Ability	TYPE:DraconicHeritageAncestor	VISIBLE:QUALIFY	EDITABLE:NO		EDITPOOL:YES	FRACTIONALPOOL:NO	PLURAL:Draconic Heritage Ancestors	DISPLAYLOCATION:Class Abilities	
ABILITYCATEGORY:Draconic Heritage Legacy	CATEGORY:Special Ability	TYPE:DraconicHeritageLegacy	VISIBLE:QUALIFY	EDITABLE:NO		EDITPOOL:YES	FRACTIONALPOOL:NO	PLURAL:Draconic Heritage Legacies	DISPLAYLOCATION:Class Abilities	
ABILITYCATEGORY:Draconic Heritage Power	CATEGORY:Special Ability	TYPE:DraconicHeritagePower	VISIBLE:QUALIFY	EDITABLE:NO		EDITPOOL:YES	FRACTIONALPOOL:NO	PLURAL:Draconic Heritage Powers	DISPLAYLOCATION:Class Abilities	
ABILITYCATEGORY:Draconic Heritage Resistance	CATEGORY:Special Ability	TYPE:DraconicHeritageResistance	VISIBLE:QUALIFY	EDITABLE:NO		EDITPOOL:YES	FRACTIONALPOOL:NO	PLURAL:Draconic Heritage Resistances	DISPLAYLOCATION:Class Abilities	
ABILITYCATEGORY:Monk Resistance	CATEGORY:Special Ability	TYPE:MonkResistance	VISIBLE:QUALIFY	EDITABLE:NO		EDITPOOL:YES	FRACTIONALPOOL:NO	PLURAL:Monk Resistances	DISPLAYLOCATION:Class Abilities	
ABILITYCATEGORY:Draconic Aura	CATEGORY:Special Ability	TYPE:DraconicAura	VISIBLE:QUALIFY	EDITABLE:NO		EDITPOOL:YES	FRACTIONALPOOL:NO	PLURAL:Draconic Auras	DISPLAYLOCATION:Class Abilities
ABILITYCATEGORY:Dragonkith Resistance	CATEGORY:Special Ability	TYPE:DragonkithResistance	VISIBLE:QUALIFY	EDITABLE:NO		EDITPOOL:YES	FRACTIONALPOOL:NO	PLURAL:Dragonkith Resistances	DISPLAYLOCATION:Class Abilities	
ABILITYCATEGORY:Druid Shapeform	CATEGORY:Special Ability	TYPE:DruidShapeform	VISIBLE:QUALIFY	EDITABLE:NO		EDITPOOL:YES	FRACTIONALPOOL:NO	PLURAL:Druid Shapeforms	DISPLAYLOCATION:Class Abilities	
ABILITYCATEGORY:Elemental Mastery	CATEGORY:Special Ability	TYPE:ElementalMastery	VISIBLE:QUALIFY	EDITABLE:NO		EDITPOOL:YES	FRACTIONALPOOL:NO	PLURAL:Elemental Masteries	DISPLAYLOCATION:Class Abilities	
ABILITYCATEGORY:Energy Focus	CATEGORY:Special Ability	TYPE:EnergyFocus	VISIBLE:QUALIFY	EDITABLE:NO		EDITPOOL:YES	FRACTIONALPOOL:NO	PLURAL:Energy Foci	DISPLAYLOCATION:Class Abilities	
ABILITYCATEGORY:Exotic Weapon Stunt	CATEGORY:Special Ability	TYPE:ExoticWeaponStunt	VISIBLE:QUALIFY	EDITABLE:NO		EDITPOOL:YES	FRACTIONALPOOL:NO	PLURAL:Exotic Weapon Stunts	DISPLAYLOCATION:Class Abilities	
ABILITYCATEGORY:Favored Soul Resistance	CATEGORY:Special Ability	TYPE:FsoEnergyResistance	VISIBLE:QUALIFY	EDITABLE:NO		EDITPOOL:YES	FRACTIONALPOOL:NO	PLURAL:Favored Soul Resistances	DISPLAYLOCATION:Class Abilities	
ABILITYCATEGORY:Fearsome Reputation	CATEGORY:Special Ability	TYPE:FearsomeReputation	VISIBLE:QUALIFY	EDITABLE:NO		EDITPOOL:YES	FRACTIONALPOOL:NO	PLURAL:Fearsome Reputations	DISPLAYLOCATION:Class Abilities	
ABILITYCATEGORY:Geomancer Drift	CATEGORY:Special Ability	TYPE:Drift1.Drift2.Drift3.Drift4.Drift5	VISIBLE:QUALIFY	EDITABLE:NO		EDITPOOL:YES	FRACTIONALPOOL:NO	PLURAL:Geomancers Drifts	DISPLAYLOCATION:Class Abilities	
ABILITYCATEGORY:Geomancer Ley Line	CATEGORY:Special Ability	TYPE:LeyLine	VISIBLE:QUALIFY	EDITABLE:NO		EDITPOOL:YES	FRACTIONALPOOL:NO	PLURAL:Geomancers Ley Lines	DISPLAYLOCATION:Class Abilities	
ABILITYCATEGORY:Great Oratory	CATEGORY:Special Ability	TYPE:GreatOratory	VISIBLE:QUALIFY	EDITABLE:NO		EDITPOOL:YES	FRACTIONALPOOL:NO	PLURAL:Great Oratories	DISPLAYLOCATION:Class Abilities	
ABILITYCATEGORY:Hidecarved Immunity	CATEGORY:Special Ability	TYPE:HidecarvedImmunity	VISIBLE:QUALIFY	EDITABLE:NO		EDITPOOL:YES	FRACTIONALPOOL:NO	PLURAL:Hidecarved Immunities	DISPLAYLOCATION:Class Abilities	
ABILITYCATEGORY:Hidecarved Increased Resistance	CATEGORY:Special Ability	TYPE:HidecarvedIncreasedResistance	VISIBLE:QUALIFY	EDITABLE:NO		EDITPOOL:YES	FRACTIONALPOOL:NO	PLURAL:Hidecarved Increased Resistances	DISPLAYLOCATION:Class Abilities	
ABILITYCATEGORY:Hidecarved Resistance	CATEGORY:Special Ability	TYPE:HidecarvedResistance	VISIBLE:QUALIFY	EDITABLE:NO		EDITPOOL:YES	FRACTIONALPOOL:NO	PLURAL:Hidecarved Resistances	DISPLAYLOCATION:Class Abilities	
ABILITYCATEGORY:Hurl Trick	CATEGORY:Special Ability	TYPE:TwoHandedHurlTrick	VISIBLE:QUALIFY	EDITABLE:NO		EDITPOOL:YES	FRACTIONALPOOL:NO	PLURAL:Hurl Tricks	DISPLAYLOCATION:Class Abilities	
ABILITYCATEGORY:Immediate Magic	CATEGORY:Special Ability	TYPE:ImmediateMagic	VISIBLE:QUALIFY	EDITABLE:NO		EDITPOOL:YES	FRACTIONALPOOL:NO	PLURAL:Immediate Magics	DISPLAYLOCATION:Class Abilities	
ABILITYCATEGORY:Improved Caster Level	CATEGORY:Special Ability	TYPE:ImprovedCasterLevel	VISIBLE:QUALIFY	EDITABLE:NO		EDITPOOL:YES	FRACTIONALPOOL:NO	PLURAL:Improved Caster Levels	DISPLAYLOCATION:Class Abilities	
ABILITYCATEGORY:Knight's Challenge	CATEGORY:Special Ability	TYPE:KnightChallenge	VISIBLE:QUALIFY	EDITABLE:NO		EDITPOOL:YES	FRACTIONALPOOL:NO	PLURAL:Knight's Challenges	DISPLAYLOCATION:Class Abilities	
ABILITYCATEGORY:Nature's Armament	CATEGORY:Special Ability	TYPE:NatureArmament	VISIBLE:QUALIFY	EDITABLE:NO		EDITPOOL:YES	FRACTIONALPOOL:NO	PLURAL:Nature's Armaments	DISPLAYLOCATION:Class Abilities	
ABILITYCATEGORY:Martyr Champion Ability	CATEGORY:Special Ability	TYPE:MartyrLevel	VISIBLE:QUALIFY	EDITABLE:NO		EDITPOOL:YES	FRACTIONALPOOL:NO	PLURAL:Martyr Champion Abilities	DISPLAYLOCATION:Class Abilities	
ABILITYCATEGORY:Precocious Apprentice Type	CATEGORY:Special Ability	TYPE:PreAppSpells	VISIBLE:QUALIFY	EDITABLE:NO		EDITPOOL:YES	FRACTIONALPOOL:NO	PLURAL:Precocious Apprentice Type	DISPLAYLOCATION:Feats	
ABILITYCATEGORY:Predator Animal	CATEGORY:Special Ability	TYPE:PredatorRageAnimal	VISIBLE:QUALIFY	EDITABLE:NO		EDITPOOL:YES	FRACTIONALPOOL:NO	PLURAL:Predator Animals	DISPLAYLOCATION:Class Abilities	
ABILITYCATEGORY:Sentinel of Barrai Energy Resistance	CATEGORY:Special Ability	TYPE:SentinelBarraiEnergyResistance	VISIBLE:QUALIFY	EDITABLE:NO		EDITPOOL:YES	FRACTIONALPOOL:NO	PLURAL:Sentinel of Barrai Energy Resistances	DISPLAYLOCATION:Class Abilities	
ABILITYCATEGORY:Skill Artistry	CATEGORY:Special Ability	TYPE:SkillArtistry	VISIBLE:QUALIFY	EDITABLE:NO		EDITPOOL:YES	FRACTIONALPOOL:NO	PLURAL:Skill Artistries	DISPLAYLOCATION:Class Abilities	
ABILITYCATEGORY:Skill Level	CATEGORY:Special Ability	TYPE:SkillLevel	VISIBLE:QUALIFY	EDITABLE:NO		EDITPOOL:YES	FRACTIONALPOOL:NO	PLURAL:Skills Level	DISPLAYLOCATION:Class Abilities	
ABILITYCATEGORY:Skill Mastery	CATEGORY:Special Ability	TYPE:SkillMastery	VISIBLE:QUALIFY	EDITABLE:NO		EDITPOOL:YES	FRACTIONALPOOL:NO	PLURAL:Skill Masteries	DISPLAYLOCATION:Class Abilities	
ABILITYCATEGORY:Spell Secret	CATEGORY:Special Ability	TYPE:SpellSecret	VISIBLE:QUALIFY	EDITABLE:NO		EDITPOOL:YES	FRACTIONALPOOL:NO	PLURAL:Spell Secrets	DISPLAYLOCATION:Class Abilities	
ABILITYCATEGORY:Spirit Guide	CATEGORY:Special Ability	TYPE:SpiritGuide	VISIBLE:QUALIFY	EDITABLE:NO		EDITPOOL:YES	FRACTIONALPOOL:NO	PLURAL:Spirit Guides	DISPLAYLOCATION:Class Abilities	
ABILITYCATEGORY:Stone Power	CATEGORY:Special Ability	TYPE:StonePower	VISIBLE:QUALIFY	EDITABLE:NO		EDITPOOL:YES	FRACTIONALPOOL:NO	PLURAL:Stone Powers	DISPLAYLOCATION:Class Abilities	
ABILITYCATEGORY:Taboo	CATEGORY:Special Ability	TYPE:Taboo	VISIBLE:QUALIFY	EDITABLE:NO		EDITPOOL:YES	FRACTIONALPOOL:NO	PLURAL:Taboos	DISPLAYLOCATION:Class Abilities	
ABILITYCATEGORY:Talon of Tiamat Immunity	CATEGORY:Special Ability	TYPE:TalonOfTiamatImmunity	VISIBLE:QUALIFY	EDITABLE:NO		EDITPOOL:YES	FRACTIONALPOOL:NO	PLURAL:Talon of Tiamat Immunities	DISPLAYLOCATION:Class Abilities	
ABILITYCATEGORY:Tatoo Power	CATEGORY:Special Ability	TYPE:TatooPower	VISIBLE:QUALIFY	EDITABLE:NO		EDITPOOL:YES	FRACTIONALPOOL:NO	PLURAL:Tatoo Powers	DISPLAYLOCATION:Class Abilities	
ABILITYCATEGORY:Thrown Weapon Trick	CATEGORY:Special Ability	TYPE:ThrownTrick	VISIBLE:QUALIFY	EDITABLE:NO		EDITPOOL:YES	FRACTIONALPOOL:NO	PLURAL:Thrown Weapon Tricks	DISPLAYLOCATION:Class Abilities	
ABILITYCATEGORY:Turn Air	CATEGORY:Special Ability	TYPE:TurnAir	VISIBLE:QUALIFY	EDITABLE:NO		EDITPOOL:YES	FRACTIONALPOOL:NO	PLURAL:Turn Air	DISPLAYLOCATION:Class Abilities	
ABILITYCATEGORY:Turn Cold	CATEGORY:Special Ability	TYPE:TurnCold	VISIBLE:QUALIFY	EDITABLE:NO		EDITPOOL:YES	FRACTIONALPOOL:NO	PLURAL:Turn Cold	DISPLAYLOCATION:Class Abilities	
ABILITYCATEGORY:Turn Earth	CATEGORY:Special Ability	TYPE:TurnEarth	VISIBLE:QUALIFY	EDITABLE:NO		EDITPOOL:YES	FRACTIONALPOOL:NO	PLURAL:Turn Earth	DISPLAYLOCATION:Class Abilities	
ABILITYCATEGORY:Turn Fire	CATEGORY:Special Ability	TYPE:TurnFire	VISIBLE:QUALIFY	EDITABLE:NO		EDITPOOL:YES	FRACTIONALPOOL:NO	PLURAL:Turn Fire	DISPLAYLOCATION:Class Abilities	
ABILITYCATEGORY:Turn Water	CATEGORY:Special Ability	TYPE:TurnWater	VISIBLE:QUALIFY	EDITABLE:NO		EDITPOOL:YES	FRACTIONALPOOL:NO	PLURAL:Turn Water	DISPLAYLOCATION:Class Abilities	
ABILITYCATEGORY:Warshaper Morph	CATEGORY:Special Ability	TYPE:WarshaperMorph	VISIBLE:QUALIFY	EDITABLE:NO		EDITPOOL:YES	FRACTIONALPOOL:NO	PLURAL:Warshaper Morphs	DISPLAYLOCATION:Class Abilities	
ABILITYCATEGORY:Harper Priest Blessing	CATEGORY:Special Ability	TYPE:HarperBlessing	VISIBLE:QUALIFY	EDITABLE:NO		EDITPOOL:YES	FRACTIONALPOOL:NO	PLURAL:Harper Priest Blessings	DISPLAYLOCATION:Class Abilities	
ABILITYCATEGORY:Mage Killer Improved Saves	CATEGORY:Special Ability	TYPE:ImprovedSaves	VISIBLE:QUALIFY	EDITABLE:NO		EDITPOOL:YES	FRACTIONALPOOL:NO	PLURAL:Make Killer Improved Saves	DISPLAYLOCATION:Class Abilities	
ABILITYCATEGORY:Mage Killer Spell Focus	CATEGORY:Special Ability	TYPE:SpellFocus	VISIBLE:QUALIFY	EDITABLE:NO		EDITPOOL:YES	FRACTIONALPOOL:NO	PLURAL:Make Killer Spell Focuses	DISPLAYLOCATION:Class Abilities	
ABILITYCATEGORY:Hathran Spell	CATEGORY:Special Ability	TYPE:HathranSpell	VISIBLE:QUALIFY	EDITABLE:NO		EDITPOOL:YES	FRACTIONALPOOL:NO	PLURAL:Hathran Spells	DISPLAYLOCATION:Class Abilities	
ABILITYCATEGORY:Thrall of Demogorgon Ability	CATEGORY:Special Ability	TYPE:ThrallOfDemogorgonAbility	VISIBLE:QUALIFY	EDITABLE:NO		EDITPOOL:YES	FRACTIONALPOOL:NO	PLURAL:Thrall of Demogorgon Abilities	DISPLAYLOCATION:Class Abilities	
ABILITYCATEGORY:Thrall of Orcus Ability	CATEGORY:Special Ability	TYPE:ThrallOfOrcusAbility	VISIBLE:QUALIFY	EDITABLE:NO		EDITPOOL:YES	FRACTIONALPOOL:NO	PLURAL:Thrall of Orcus Abilities	DISPLAYLOCATION:Class Abilities	
ABILITYCATEGORY:Thrall of Orcus Deformity	CATEGORY:Special Ability	TYPE:ThrallOfOrcusDeformity	VISIBLE:QUALIFY	EDITABLE:NO		EDITPOOL:YES	FRACTIONALPOOL:NO	PLURAL:Thrall of Orcus Deformities	DISPLAYLOCATION:Class Abilities	
ABILITYCATEGORY:Warmage Sudden Ability	CATEGORY:Special Ability	TYPE:WarmageSuddenAbility	VISIBLE:QUALIFY	EDITABLE:NO		EDITPOOL:YES	FRACTIONALPOOL:NO	PLURAL:Warmage Sudden Abilities	DISPLAYLOCATION:Class Abilities	
ABILITYCATEGORY:Warlock Energy Resistance	CATEGORY:Special Ability	TYPE:WarlockEnergyResistance	VISIBLE:QUALIFY	EDITABLE:NO		EDITPOOL:YES	FRACTIONALPOOL:NO	PLURAL:Warlock Energy Resistances	DISPLAYLOCATION:Class Abilities	
ABILITYCATEGORY:Elemental Heritage Resistance	CATEGORY:Special Ability	TYPE:ElementalHeritageResistance	VISIBLE:QUALIFY	EDITABLE:NO		EDITPOOL:YES	FRACTIONALPOOL:NO	PLURAL:Heritage Resistances	DISPLAYLOCATION:Class Abilities	
ABILITYCATEGORY:Outer Planar Heritage Reduction	CATEGORY:Special Ability	TYPE:OuterPlanarHeritageReduction	VISIBLE:QUALIFY	EDITABLE:NO		EDITPOOL:YES	FRACTIONALPOOL:NO	PLURAL:Outer Planar Heritage Reductions	DISPLAYLOCATION:Class Abilities	
ABILITYCATEGORY:Doomlord Body or Soul	CATEGORY:Special Ability	TYPE:DoolordBodyOrSoul	VISIBLE:QUALIFY	EDITABLE:NO		EDITPOOL:YES	FRACTIONALPOOL:NO	PLURAL:Warlock Energy Resistances	DISPLAYLOCATION:Class Abilities	
ABILITYCATEGORY:Graft Flesh	CATEGORY:Special Ability	TYPE:GraftFlesh	VISIBLE:QUALIFY	EDITABLE:NO		EDITPOOL:YES	FRACTIONALPOOL:NO	PLURAL:Graft Fleshes	DISPLAYLOCATION:Class Abilities	
ABILITYCATEGORY:Undead Graft	CATEGORY:Special Ability	TYPE:UndeadGraft	VISIBLE:QUALIFY	EDITABLE:NO		EDITPOOL:YES	FRACTIONALPOOL:NO	PLURAL:Undead Grafts	DISPLAYLOCATION:Class Abilities	
ABILITYCATEGORY:Gain Knowledge	CATEGORY:Special Ability	TYPE:GainKnowledge	VISIBLE:QUALIFY	EDITABLE:NO		EDITPOOL:YES	FRACTIONALPOOL:NO	PLURAL:Gain Knowledges	DISPLAYLOCATION:Class Abilities	
ABILITYCATEGORY:Mark of Fate	CATEGORY:Special Ability	TYPE:MarkOfFate	VISIBLE:QUALIFY	EDITABLE:NO		EDITPOOL:YES	FRACTIONALPOOL:NO	PLURAL:Marks of Fate	DISPLAYLOCATION:Class Abilities	
ABILITYCATEGORY:Beast Hunter Courage	CATEGORY:Special Ability	TYPE:BeastHunterCourage	VISIBLE:QUALIFY	EDITABLE:NO		EDITPOOL:YES	FRACTIONALPOOL:NO	PLURAL:Beast Hunter Courage	DISPLAYLOCATION:Class Abilities	
ABILITYCATEGORY:Elder Secret	CATEGORY:Special Ability	TYPE:ElderSecret	VISIBLE:QUALIFY	EDITABLE:NO		EDITPOOL:YES	FRACTIONALPOOL:NO	PLURAL:Elder Secrets	DISPLAYLOCATION:Class Abilities	
ABILITYCATEGORY:Maug Graft	CATEGORY:Special Ability	TYPE:MaugGraft	VISIBLE:QUALIFY	EDITABLE:NO		EDITPOOL:YES	FRACTIONALPOOL:NO	PLURAL:Maug Graft	DISPLAYLOCATION:Class Abilities	
#
ABILITYCATEGORY:Vile Spellcasting Type	CATEGORY:Special Ability	TYPE:VileSpells	VISIBLE:QUALIFY	EDITABLE:NO		EDITPOOL:YES	FRACTIONALPOOL:NO	PLURAL:Vile Spellcasting Types	DISPLAYLOCATION:Feats	
ABILITYCATEGORY:Sanctified Spellcasting Type	CATEGORY:Special Ability	TYPE:SanctifiedSpells	VISIBLE:QUALIFY	EDITABLE:NO		EDITPOOL:YES	FRACTIONALPOOL:NO	PLURAL:Sanctified Spellcasting Types	DISPLAYLOCATION:Feats	
ABILITYCATEGORY:Necrotic Cyst Spellcasting Type	CATEGORY:Special Ability	TYPE:NecroticCystSpells	VISIBLE:QUALIFY	EDITABLE:NO		EDITPOOL:YES	FRACTIONALPOOL:NO	PLURAL:Necrotic Cyst Spellcasting Types	DISPLAYLOCATION:Feats	
#										
#Abilitygroup:Favored Enemies										
ABILITYCATEGORY:Ancient Foe	CATEGORY:Special Ability	TYPE:AncientFoe	VISIBLE:QUALIFY	EDITABLE:NO		EDITPOOL:YES	FRACTIONALPOOL:NO	PLURAL:Ancient Foes	DISPLAYLOCATION:Class Abilities	POOL:AncientFoes
ABILITYCATEGORY:Ancient Foe Bonus	CATEGORY:Special Ability	TYPE:AncientFoeBonus	VISIBLE:QUALIFY	EDITABLE:NO		EDITPOOL:YES	FRACTIONALPOOL:NO	PLURAL:Ancient Foe Bonuses	DISPLAYLOCATION:Class Abilities	POOL:AncientFBonuses
ABILITYCATEGORY:Chosen Foe	CATEGORY:Special Ability	TYPE:ChosenFoe	VISIBLE:QUALIFY	EDITABLE:NO		EDITPOOL:YES	FRACTIONALPOOL:NO	PLURAL:Chosen Foes	DISPLAYLOCATION:Class Abilities	POOL:ChosenFoes
ABILITYCATEGORY:Chosen Foe Bonus	CATEGORY:Special Ability	TYPE:ChosenFoeBonus	VISIBLE:QUALIFY	EDITABLE:NO		EDITPOOL:YES	FRACTIONALPOOL:NO	PLURAL:Chosen Foe Bonuses	DISPLAYLOCATION:Class Abilities	POOL:ChosenFBonuses
ABILITYCATEGORY:Dark Nemesi	CATEGORY:Special Ability	TYPE:DarkNemesi	VISIBLE:QUALIFY	EDITABLE:NO		EDITPOOL:YES	FRACTIONALPOOL:NO	PLURAL:Dark Nemesis	DISPLAYLOCATION:Class Abilities	POOL:DarkNemesis
ABILITYCATEGORY:Dark Nemesi Bonus	CATEGORY:Special Ability	TYPE:DarkNemesiBonus	VISIBLE:QUALIFY	EDITABLE:NO		EDITPOOL:YES	FRACTIONALPOOL:NO	PLURAL:Dark Nemesi Bonuses	DISPLAYLOCATION:Class Abilities	POOL:DarkNBonuses
ABILITYCATEGORY:Foe Hunter	CATEGORY:Special Ability	TYPE:FoeHunter	VISIBLE:QUALIFY	EDITABLE:NO		EDITPOOL:YES	FRACTIONALPOOL:NO	PLURAL:Foe Hunter Enemies	DISPLAYLOCATION:Class Abilities	POOL:FoeHunterEnemies
ABILITYCATEGORY:Foe Hunter Bonus	CATEGORY:Special Ability	TYPE:FoeHunterBonus	VISIBLE:QUALIFY	EDITABLE:NO		EDITPOOL:YES	FRACTIONALPOOL:NO	PLURAL:Foe Hunter Bonuses	DISPLAYLOCATION:Class Abilities	POOL:FoeHunterEBonuses
ABILITYCATEGORY:Harper Favored Enemy	CATEGORY:Special Ability	TYPE:FavoredHarperEnemy	VISIBLE:QUALIFY	EDITABLE:NO		EDITPOOL:YES	FRACTIONALPOOL:NO	PLURAL:Favored Harper Enemies	DISPLAYLOCATION:Class Abilities	POOL:FavoredHarperEnemies
ABILITYCATEGORY:Harper Favored Enemy Bonus	CATEGORY:Special Ability	TYPE:FavoredHarperEnemyBonus	VISIBLE:QUALIFY	EDITABLE:NO		EDITPOOL:YES	FRACTIONALPOOL:NO	PLURAL:Favored Harper Enemy Bonuses	DISPLAYLOCATION:Class Abilities	POOL:FavoredEHarperBonuses
ABILITYCATEGORY:Kharash Favored Enemy	CATEGORY:Special Ability	TYPE:FavoredKharashEnemy	VISIBLE:QUALIFY	EDITABLE:NO		EDITPOOL:YES	FRACTIONALPOOL:NO	PLURAL:Favored Harper Enemies	DISPLAYLOCATION:Class Abilities	POOL:FavoredKharashEnemies
ABILITYCATEGORY:Kharash Favored Enemy Bonus	CATEGORY:Special Ability	TYPE:FavoredKharashEnemyBonus	VISIBLE:QUALIFY	EDITABLE:NO		EDITPOOL:YES	FRACTIONALPOOL:NO	PLURAL:Favored Harper Enemy Bonuses	DISPLAYLOCATION:Class Abilities	POOL:FavoredEKharashBonuses
ABILITYCATEGORY:Monster Hunter Studied Foe	CATEGORY:Special Ability	TYPE:StudiedFoeEnemy	VISIBLE:QUALIFY	EDITABLE:NO		EDITPOOL:YES	FRACTIONALPOOL:NO	PLURAL:Monster Hunter Studied Enemies	DISPLAYLOCATION:Class Abilities	POOL:StudiedFoeEnemies
ABILITYCATEGORY:Monster Hunter Studied Foe Bonus	CATEGORY:Special Ability	TYPE:StudiedFoeEnemyBonus	VISIBLE:QUALIFY	EDITABLE:NO		EDITPOOL:YES	FRACTIONALPOOL:NO	PLURAL:Monster Hunter Studied Bonuses	DISPLAYLOCATION:Class Abilities	POOL:StudiedFoeEBonuses
ABILITYCATEGORY:Abolisher Enemy	CATEGORY:Special Ability	TYPE:AbolisherEnemy	VISIBLE:QUALIFY	EDITABLE:NO		EDITPOOL:YES	FRACTIONALPOOL:NO	PLURAL:Abolisher Enemies	DISPLAYLOCATION:Class Abilities	POOL:AbolisherEnemies
ABILITYCATEGORY:Abolisher Enemy Bonus	CATEGORY:Special Ability	TYPE:AbolisherEnemyBonus	VISIBLE:QUALIFY	EDITABLE:NO		EDITPOOL:YES	FRACTIONALPOOL:NO	PLURAL:Abolisher Enemy Bonuses	DISPLAYLOCATION:Class Abilities	POOL:AbolisherEBonuses
										
#										
#Abilitygroup:Steed										
ABILITYCATEGORY:Steed Feat	CATEGORY:Steed Feat		VISIBLE:NO	EDITABLE:NO		EDITPOOL:YES	FRACTIONALPOOL:NO			
ABILITYCATEGORY:Steed Feat ~ General	CATEGORY:Steed Feat	TYPE:SteedElephant.SteedCamel.SteedBattle.SteedDressage.SteedGeneral 	VISIBLE:QUALIFY	EDITABLE:NO		EDITPOOL:YES	FRACTIONALPOOL:NO	PLURAL:Steed Feats ~ General	DISPLAYLOCATION:Steed Feats	POOL:SteedFeat
ABILITYCATEGORY:Steed Feat ~ Battle	CATEGORY:Steed Feat	TYPE:SteedBattle 	VISIBLE:QUALIFY	EDITABLE:NO		EDITPOOL:YES	FRACTIONALPOOL:NO	PLURAL:Steed Feats ~ Battle	DISPLAYLOCATION:Steed Feats	
#										
ABILITYCATEGORY:Training Level	CATEGORY:Special Ability	TYPE:Training	VISIBLE:QUALIFY	EDITABLE:YES		EDITPOOL:YES	FRACTIONALPOOL:NO	PLURAL:Trainings	DISPLAYLOCATION:Steed Racial Abilities	
ABILITYCATEGORY:Training Trick	CATEGORY:Special Ability	TYPE:TrainingTricks.TrainingPurpose	VISIBLE:QUALIFY	EDITABLE:YES		EDITPOOL:YES	FRACTIONALPOOL:NO	PLURAL:Training Tricks	DISPLAYLOCATION:Steed Racial Abilities	
ABILITYCATEGORY:Advanced Training	CATEGORY:Special Ability	TYPE:AdvancedTraining	VISIBLE:QUALIFY	EDITABLE:NO		EDITPOOL:NO	FRACTIONALPOOL:NO	PLURAL:Advanced Trainings	DISPLAYLOCATION:Steed Racial Abilities	
ABILITYCATEGORY:Breed Classification	CATEGORY:Special Ability	TYPE:BreedClass	VISIBLE:QUALIFY	EDITABLE:NO		EDITPOOL:YES	FRACTIONALPOOL:NO	PLURAL:Breeds	DISPLAYLOCATION:Steed Racial Abilities	
										
#										
#Abilitygroup:Familiar										
ABILITYCATEGORY:Abberrant Familiar	CATEGORY:Special Ability	TYPE:AbberrantFamiliar	VISIBLE:QUALIFY	EDITABLE:NO		EDITPOOL:YES	FRACTIONALPOOL:NO	PLURAL:Abberrant Familiar	DISPLAYLOCATION:Racial Abilities	
