#SOURCELONG:G	SOURCESHORT:G	SOURCEWEB:http://www.gozzilioni.net																														
#																																
# Ability Name	Category of Ability	Type	visible	Special ABility			Restricted Ability	Define			BONUS				STACK	MULT	CHOOSE	SELECT														SOURCEPAGE:
###Block: Razziali Base Modificate																																
#Elf Racial Trait Default																																
CATEGORY=Internal|Elf Racial Trait Default.MOD	ABILITY:Elf Racial Trait|AUTOMATIC|Elf Favored Class ~ Wizard|!PREABILITY:1,CATEGORY=Special Ability,TYPE.ElfFavoredClass																															
																																
###Block: Razziali Nuove																																
Merfolk Racial Trait Default	CATEGORY:Internal																															SOURCEPAGE:SSh
CATEGORY=Internal|Merfolk Racial Trait Default.MOD	ABILITY:Merfolk Racial Trait|AUTOMATIC|Merfolk Skills|!PREABILITY:1,CATEGORY=Special Ability,TYPE.MerfolkSkills																															
CATEGORY=Internal|Merfolk Racial Trait Default.MOD	ABILITY:Merfolk Racial Trait|AUTOMATIC|Aquatic ~ Merfolk|!PREABILITY:1,CATEGORY=Special Ability,TYPE.MerfolkAquaticRace																															
CATEGORY=Internal|Merfolk Racial Trait Default.MOD	ABILITY:Merfolk Racial Trait|AUTOMATIC|Low-Light Vision ~ Merfolk|!PREABILITY:1,CATEGORY=Special Ability,TYPE.MerfolkRacialVision																															
CATEGORY=Internal|Merfolk Racial Trait Default.MOD	ABILITY:Merfolk Racial Trait|AUTOMATIC|Merfolk Skill Bonus|!PREABILITY:1,CATEGORY=Special Ability,TYPE.MerfolkSkillBonus																															
CATEGORY=Internal|Merfolk Racial Trait Default.MOD	ABILITY:Merfolk Racial Trait|AUTOMATIC|Merfolk Bonus Feat|!PREABILITY:1,CATEGORY=Special Ability,TYPE.MerfolkBonusFeat																															
CATEGORY=Internal|Merfolk Racial Trait Default.MOD	ABILITY:Merfolk Racial Trait|AUTOMATIC|Favored Class ~ Any|!PREABILITY:1,CATEGORY=Special Ability,TYPE.MerfolkFavoredClass																															
CATEGORY=Internal|Merfolk Racial Trait Default.MOD	ABILITY:Merfolk Racial Trait|AUTOMATIC|Amphibious ~ Merfolk|!PREABILITY:1,CATEGORY=Special Ability,TYPE.MerfolkAmphibious																															
Half Merrow Racial Trait Default	CATEGORY:Internal																															SOURCEPAGE:SSh
CATEGORY=Internal|Half Merrow Racial Trait Default.MOD	ABILITY:Half Merrow Racial Trait|AUTOMATIC|Low-Light Vision ~ Half Merrow|!PREABILITY:1,CATEGORY=Special Ability,TYPE.HalfMerrowRacialVision																															
CATEGORY=Internal|Half Merrow Racial Trait Default.MOD	ABILITY:Half Merrow Racial Trait|AUTOMATIC|Imposing Demeanor|!PREABILITY:1,CATEGORY=Special Ability,TYPE.HalfMerrowImposingDemeanor																															
CATEGORY=Internal|Half Merrow Racial Trait Default.MOD	ABILITY:Half Merrow Racial Trait|AUTOMATIC|Half Merrow Skills|!PREABILITY:1,CATEGORY=Special Ability,TYPE.HalfMerrowSkills																															
CATEGORY=Internal|Half Merrow Racial Trait Default.MOD	ABILITY:Half Merrow Racial Trait|AUTOMATIC|Clumsy|!PREABILITY:1,CATEGORY=Special Ability,TYPE.HalfMerrowClumsy																															
CATEGORY=Internal|Half Merrow Racial Trait Default.MOD	ABILITY:Half Merrow Racial Trait|AUTOMATIC|Oversize|!PREABILITY:1,CATEGORY=Special Ability,TYPE.HalfMerrowOversize																															
CATEGORY=Internal|Half Merrow Racial Trait Default.MOD	ABILITY:Half Merrow Racial Trait|AUTOMATIC|Amphibious ~ Half Merrow|!PREABILITY:1,CATEGORY=Special Ability,TYPE.HalfMerrowAmphibious																															
																																
###Block: Razziali Specifiche Nuove																																
Dwarf Glacial Racial Trait	CATEGORY:Internal							DEFINE:SpellLikeCasterLVL|0			BONUS:VAR|SpellLikeCasterLVL|min(3,TL+2)								ABILITY:Special Ability|AUTOMATIC|No Poison Save|No Stonecunning|No Weapon Familiarity ~ Dwarf Glacial|Dwarf Glacial Skills|Darkvision ~ Dwarf Glacial|Light Sensitivity ~ Dwarf Glacial|Dwarf Glacial Spell-Like Abilities|Immunity To Paralysis|Immunity To Poison|Immunity To Phantasms													SOURCEPAGE:PH
Halfling Jerren Racial Trait	CATEGORY:Internal																		ABILITY:Special Ability|AUTOMATIC|Halfling Jerren Thrown Attacks|Halfling Jerren Skills													SOURCEPAGE:BoVD
Human Neanderthal Racial Trait	CATEGORY:Internal							DEFINE:IllteracyLVL|0			BONUS:VAR|IllteracyLVL|1								ABILITY:Special Ability|AUTOMATIC|Primitive Weapon Mastery|Human Neandertal Skills|Climate Tolerant|Human Neandertal Blood	ABILITY:Special Ability|VIRTUAL|Illiteracy|PREVAREQ:TL,IlliteracyLVL												SOURCEPAGE:Fro
Gnome Fire Racial Trait	CATEGORY:Internal																		ABILITY:Special Ability|AUTOMATIC|Gnome Stonecunning|Gnome Caster Level|Immunity To Fire|Vulnerability To Cold|No Illusion Save|Darkvision ~ Gnome Fire|No Weapon Familiarity ~ Gnome Fire|No Alchemy Skill|Gnome Fire Spell-Like Abilities													SOURCEPAGE:PH
Merfolk Shore Racial Trait	CATEGORY:Internal																		ABILITY:Special Ability|AUTOMATIC|Merfolk Favored Class ~ Bard													SOURCEPAGE:SSh
Merfolk Shelf Racial Trait	CATEGORY:Internal																		ABILITY:Special Ability|AUTOMATIC|Merfolk Favored Class ~ Fighter													SOURCEPAGE:SSh
Merfolk Deep Racial Trait	CATEGORY:Internal																		ABILITY:Special Ability|AUTOMATIC|Merfolk Favored Class ~ Barbarian													SOURCEPAGE:SSh
Half Merrow Racial Trait	CATEGORY:Internal																															SOURCEPAGE:SSh
Half Merrow Tailed Racial Trait	CATEGORY:Internal																		ABILITY:Special Ability|AUTOMATIC|Tailed ~ Half Merrow|Half Merrow Skills ~ Tailed													SOURCEPAGE:SSh
Elf Coral Racial Trait	CATEGORY:Internal																		ABILITY:Special Ability|AUTOMATIC|Gills ~ Aquatic Elf|Low-Light Vision ~ Elf Coral|Weapon Proficiency ~ Elf Coral|Skills ~ Elf Coral													SOURCEPAGE:SSh
Elf Kelp Racial Trait	CATEGORY:Internal																		ABILITY:Special Ability|AUTOMATIC|Gills ~ Aquatic Elf|Low-Light Vision ~ Elf Kelp|Weapon Proficiency ~ Elf Kelp|Skills ~ Elf Kelp|Elf Favored Class ~ Ranger													SOURCEPAGE:SSh
																																
#Dwarf																																
+2 racial bonus on Appraise checks that are related to stone or metal items.	CATEGORY:Special Ability	TYPE:RacialTraits.DwarfRacialTrait.DwarfAppraise	VISIBLE:YES	DESC:+%1 racial bonus on Appraise checks that are related to ice, snow or frostfell materials.|DwarfAppraiseSkillBonus	KEY:Dwarf Glacial Appraise		TEMPDESC:+2 racial bonus on Appraise checks that are related to ice, snow or frostfell materials.	DEFINE:DwarfAppraiseSkillBonus|2			TEMPBONUS:PC|SKILL|Appraise|DwarfAppraiseSkillBonus|TYPE=Racial																					SOURCEPAGE:Fro
+2 racial bonus on Craft checks that are related to stone or metal.	CATEGORY:Special Ability	TYPE:RacialTraits.DwarfRacialTrait.DwarfCraft	VISIBLE:YES	DESC:+%1 racial bonus on Craft checks that are related to ice, snow or frostfell materials.|DwarfCraftSkillBonus	KEY:Dwarf Glacial Craft		TEMPDESC:+2 racial bonus on Craft checks that are related to ice, snow or frostfell materials.	DEFINE:DwarfCraftSkillBonus|2			TEMPBONUS:PC|SKILL|TYPE.Craft|DwarfCraftSkillBonus|TYPE=Racial																					SOURCEPAGE:Fro
+4 racial bonus on Move Silently checks.	CATEGORY:Special Ability	TYPE:RacialTraits.DwarfRacialTrait.DwarfSkillBonus	VISIBLE:YES		KEY:Dwarf Glacial Skills						BONUS:SKILL|Move Silently|4|TYPE=Racial																					
Cold Tolerant	CATEGORY:Special Ability	TYPE:RacialTraits.DwarfRacialTrait	VISIBLE:YES	DESC:+2 racial bonus on saving throw against cold damage and cold effects.		SERVESAS:ABILITY=FEAT|Cold Endurance																										SOURCEPAGE:Fro
Icecunning	CATEGORY:Special Ability	TYPE:RacialTraits.DwarfRacialTrait.DwarfStonecunning	VISIBLE:YES	DESC:+2 racial bonus on Search checks to notice unusual construction or hazard in ice and snow|!PRERULE:1,DISPLAYSKILLUSE							BONUS:SKILL|Search (Notice unusual stonework)|2|TYPE=Racial																					SOURCEPAGE:Fro
No Poison Save	CATEGORY:Special Ability	TYPE:RacialTraits.DwarfRacialTrait.DwarfPoisonResistance	VISIBLE:NO																													SOURCEPAGE:Fro
No Stonecunning	CATEGORY:Special Ability	TYPE:RacialTraits.DwarfRacialTrait.DwarfStonecunning	VISIBLE:NO																													SOURCEPAGE:PH
No Weapon Familiarity	CATEGORY:Special Ability	TYPE:RacialTraits.DwarfRacialTrait.DwarfWeaponFamiliarity	VISIBLE:NO		KEY:No Weapon Familiarity ~ Dwarf Glacial																											SOURCEPAGE:PH
Darkvision	CATEGORY:Special Ability	TYPE:RacialTraits.DwarfRacialTrait.RacialVision.DwarfDarkvision.DwarfRacialVision	VISIBLE:YES	DESC:Dwarves can see in the dark up to 120 feet. Darkvision is black and white only, but it is otherwise like normal sight, and dwarves can function just fine with no light at all.	KEY:Darkvision ~ Dwarf Glacial						BONUS:VAR|RacialVision|1	BONUS:VAR|DarkvisionRange|120|TYPE=Base																				SOURCEPAGE:PH
Light Sensitivity	CATEGORY:Special Ability	TYPE:RacialTraits.DwarfRacialTrait.SpecialQuality.Weakness	VISIBLE:YES	DESC:Glacial dwarves are dazzled in bright sunlight or within the radius of a daylight spell.	KEY:Light Sensitivity ~ Dwarf Glacial																											SOURCEPAGE:PH
Spell-Like Abilities	CATEGORY:Special Ability	TYPE:RacialTraits.DwarfRacialTrait.DwarfSpellLikeAbilities	VISIBLE:YES	DESC:Spell-Like Abilities: 1/day-chill touch, obscuring mist. Caster level equal to class level+2 (minimum 3); save DC 10 + dwarf's Int modifier + spell level.	KEY:Dwarf Glacial Spell-Like Abilities			DEFINE:SpellLikeCasterLVL|0												SPELLS:Innate|TIMES=1|CASTERLEVEL=SpellLikeCasterLVL|Chill Touch,11+INT|Obscuring Mist,11+INT												SOURCEPAGE:BoVD
																																
#Elf																																
Low-Light Vision	CATEGORY:Special Ability	TYPE:RacialTraits.ElfRacialTrait.ElfRacialVision	VISIBLE:DISPLAY	DESC:Coral Elves see four times as far as human in condition of dim light.	KEY:Low-Light Vision ~ Elf Coral						BONUS:VAR|HasLowLightVision|1	BONUS:VAR|LowLightDistance|2|TYPE=Racial																				SOURCEPAGE:SSh
Low-Light Vision	CATEGORY:Special Ability	TYPE:RacialTraits.ElfRacialTrait.ElfRacialVision	VISIBLE:DISPLAY	DESC:Kelp Elves see five times as far as human in condition of dim light.	KEY:Low-Light Vision ~ Elf Kelp						BONUS:VAR|HasLowLightVision|1	BONUS:VAR|LowLightDistance|3|TYPE=Racial																				SOURCEPAGE:SSh
Weapon Proficiency	CATEGORY:Special Ability	TYPE:RacialTraits.ElfRacialTrait.ElfWeaponProficiency.SpecialQuality	VISIBLE:YES	DESC:Coral Elves receive the Martial Weapon Proficiency feats for the Light Crossbow and Short Spear as bonus feats.	KEY:Weapon Proficiency ~ Elf Coral							AUTO:WEAPONPROF|Crossbow (Light)|Shortspear																				SOURCEPAGE:SSh
Weapon Proficiency	CATEGORY:Special Ability	TYPE:RacialTraits.ElfRacialTrait.ElfWeaponProficiency.SpecialQuality	VISIBLE:YES	DESC:Kelp Elves receive the Martial Weapon Proficiency feats for the Short Spear and the Net as bonus feats.	KEY:Weapon Proficiency ~ Elf Kelp							AUTO:WEAPONPROF|Shortspear|Net																				SOURCEPAGE:SSh
+8 racial bonus on Swim checks.	CATEGORY:Special Ability	TYPE:RacialTraits.ElfRacialTrait.ElfAquaticSkills	VISIBLE:YES		KEY:Skills ~ Elf Coral						BONUS:SKILL|Swim|8|TYPE=Racial								CSKILL:Swim													SOURCEPAGE:SSh
+8 racial bonus on Swim checks.	CATEGORY:Special Ability	TYPE:RacialTraits.ElfRacialTrait.ElfAquaticSkills	VISIBLE:YES		KEY:Skills ~ Elf Kelp						BONUS:SKILL|Swim|8|TYPE=Racial								CSKILL:Swim													SOURCEPAGE:SSh
Favored Class ~ Wizard	CATEGORY:Special Ability	TYPE:RacialTraits.ElfRacialTrait.ElfRacialDefault	VISIBLE:NO		KEY:Elf Favored Class ~ Wizard																											SOURCEPAGE:SSh
Favored Class ~ Ranger	CATEGORY:Special Ability	TYPE:RacialTraits.ElfRacialTrait.ElfKelpFavoredClass	VISIBLE:NO		KEY:Elf Favored Class ~ Ranger																											SOURCEPAGE:SSh
																																
																																
#Gnome																																
Spell-Like Abilities	CATEGORY:Special Ability	TYPE:RacialTraits.GnomeRacialTrait.GnomeSpellLikeAbilities	VISIBLE:YES	DESC:Spell-Like Abilities: 1/day-speak with animals (arctic mammal only, duration 1 minute). A gnome with a Charisma score of at least 10 also has the following spell-like abilities: 1/day-dancing lights, prestidigitation and ray of frost. Caster level 1st; save DC 10 + gnome's Cha modifier + spell level.	KEY:Gnome Ice Spell-Like Abilities															SPELLS:Innate|TIMES=1|CASTERLEVEL=1|Speak with Arctic Mammals,11+CHA	SPELLS:Innate|TIMES=1|CASTERLEVEL=1|Dancing Lights,10+CHA|Ray of Frost,10+CHA|Prestidigitation,10+CHA|PRESTAT:1,CHA=10											SOURCEPAGE:BoVD
Spell-Like Abilities	CATEGORY:Special Ability	TYPE:RacialTraits.GnomeRacialTrait.GnomeSpellLikeAbilities	VISIBLE:YES	DESC:Spell-Like Abilities: 1/day-heat metal and produce flame. Caster level equals fire gnome's character level; save DC 10 + gnome's Cha modifier + spell level.	KEY:Gnome Fire Spell-Like Abilities															SPELLS:Innate|TIMES=1|CASTERLEVEL=TL|Heat Metal,12+CHA|Produce Flame,11+CHA												SOURCEPAGE:PH
Stonecunning	CATEGORY:Special Ability	TYPE:RacialTraits.GnomeRacialTrait.GnomeStonecunning	VISIBLE:YES	DESC:This ability grants a fire gnomes a +2 racial bonus on Search checks to notice unusual stonework, such as sliding walls, stonework traps, new construction (even when built to match the old), unsafe stone surfaces, shaky stone ceilings, and the like. Something that isn't stone but that is disguised as stone also counts as unusual stonework. A fire gnome who merely comes within 10 feet of unusual stonework can make a Search check as if he were actively searching, and a fire gnome can use the Search skill to find stonework traps as a rogue can. A fire gnome can also intuit depth, sensing his approximate depth underground as naturally as a human can sense which way is up.	KEY:Gnome Stonecunning						BONUS:SKILL|Search (Notice unusual stonework)|2|TYPE=Racial																					SOURCEPAGE:PH
+2 bonus caster level when casting spells or spell-like abilities with fire descriptor	CATEGORY:Special Ability	TYPE:RacialTraits.GnomeRacialTrait.GnomeIllusionDC	VISIBLE:YES		KEY:Gnome Caster Level						BONUS:CASTERLEVEL|DESCRIPTOR.Fire|2																					SOURCEPAGE:PH
No Illusion Save	CATEGORY:Special Ability	TYPE:RacialTraits.GnomeRacialTrait.GnomeSaveBonus	VISIBLE:NO																													SOURCEPAGE:PH
No Weapon Familiarity	CATEGORY:Special Ability	TYPE:RacialTraits.GnomeRacialTrait.GnomeWeaponFamiliarity	VISIBLE:NO		KEY:No Weapon Familiarity ~ Gnome Fire																											SOURCEPAGE:PH
Darkvision	CATEGORY:Special Ability	TYPE:RacialTraits.GnomeRacialTrait.GnomeRacialVision	VISIBLE:YES	DESC:Fire gnomes can see in the dark up to 60 feet. Darkvision is black and white only, but it is otherwise like normal sight, and gnome fire can function just fine with no light at all.	KEY:Darkvision ~ Gnome Fire						BONUS:VAR|RacialVision|1	BONUS:VAR|DarkvisionRange|60|TYPE=Base																				SOURCEPAGE:PH
No Alchemy Skill	CATEGORY:Special Ability	TYPE:RacialTraits.GnomeRacialTrait.GnomeAlchemySkill	VISIBLE:NO																													SOURCEPAGE:PH
																																
#Half Merrow																																
Low-Light Vision	CATEGORY:Special Ability	TYPE:RacialTraits.HalfMerrowRacialTrait.HalfMerrowRacialDefault	VISIBLE:DISPLAY	DESC:Half Merrow see four times as far as human in the dim murk beneath the waves.	KEY:Low-Light Vision ~ Half Merrow						BONUS:VAR|HasLowLightVision|1	BONUS:VAR|LowLightDistance|2|TYPE=Racial																				SOURCEPAGE:SSh
Imposing Demeanor	CATEGORY:Special Ability	TYPE:RacialTraits.HalfMerrowRacialTrait.HalfMerrowRacialDefault	VISIBLE:YES	DESC:Half Merrow may use Strength rather than Charisma as the ability modifier for Intimidate, and Intimidate is always considered a class skill for them.							BONUS:SKILL|Intimidate|max(STR,CHA)-CHA								CSKILL:Intimidate													SOURCEPAGE:SSh
+6 racial bonus on Swim checks.	CATEGORY:Special Ability	TYPE:RacialTraits.HalfMerrowRacialTrait.HalfMerrowRacialDefault	VISIBLE:YES		KEY:Half Merrow Skills						BONUS:SKILL|Swim|6|TYPE=Racial								CSKILL:Swim													SOURCEPAGE:SSh
Clumsy	CATEGORY:Special Ability	TYPE:RacialTraits.HalfMerrowRacialTrait.HalfMerrowRacialDefault	VISIBLE:YES	DESC:Half Merrow fingers are thick and blunt, ginving them a -2 circumstance penalty on any manipulation skills, such as Sleight of Hands or Disable Device.								BONUS:SKILL|Disable Device,Sleight of Hand|-2|TYPE=Circumstance																				SOURCEPAGE:SSh
Oversize	CATEGORY:Special Ability	TYPE:RacialTraits.HalfMerrowRacialTrait.HalfMerrowRacialDefault	VISIBLE:YES	DESC:While not quite Large creatures, half merrow are at the very upper end of Medium-sized and must pay 20 percent more for armor and clothing.																												SOURCEPAGE:SSh
Amphibious	CATEGORY:Special Ability	TYPE:RacialTraits.HalfMerrowRacialTrait.HalfMerrowRacialDefault	VISIBLE:YES	DESC:Half Merrow are capable of breathing air, though they prefer water. They suffer -1 circumstance penalty to all rolls - skill and ability checks, attack rolls, damage rolls, saving throws, etc - when out of water more than two hours.	KEY:Amphibious ~ Half Merrow																											SOURCEPAGE:SSh
+8 racial bonus on Swim checks.	CATEGORY:Special Ability	TYPE:RacialTraits.HalfMerrowRacialTrait.HalfMerrowSkills	VISIBLE:YES		KEY:Half Merrow Skills ~ Tailed	PREABILITY:1,CATEGORY=Special Ability,Tailed ~ Half Merrow					BONUS:SKILL|Swim|8|TYPE=Racial								CSKILL:Swim													SOURCEPAGE:SSh
Tailed	CATEGORY:Special Ability	TYPE:RacialTraits.HalfMerrowRacialTrait.HalfMerrowAmphibious	VISIBLE:YES	DESC:Tailed	KEY:Tailed ~ Half Merrow																											SOURCEPAGE:SSh
																																
#Halfling																																
+1 racial bonus on attack rolls with thrown weapons and slings.	CATEGORY:Special Ability	TYPE:RacialTraits.HalflingRacialTrait.HalflingMorale	VISIBLE:YES		KEY:Halfling Jerren Thrown Attacks						BONUS:COMBAT|TOHIT.Thrown,TOHIT.Sling|1|TYPE=Racial																					SOURCEPAGE:BoVD
+2 racial bonus on Intimidate, Bluff, Move Silently and Listen checks.	CATEGORY:Special Ability	TYPE:RacialTraits.HalflingRacialTrait.HalflingSkills	VISIBLE:YES		KEY:Halfling Jerren Skills						BONUS:SKILL|Intimidate,Bluff,Listen,Move Silently|2|TYPE=Racial																					SOURCEPAGE:BoVD
+2 racial bonus on Jump, Move Silently and Survival checks.	CATEGORY:Special Ability	TYPE:RacialTraits.HalflingRacialTrait.HalflingSkills	VISIBLE:YES		KEY:Halfling Tundra Skills						BONUS:SKILL|Jump,Move Silently,Survival|2|TYPE=Racial																					SOURCEPAGE:Fro
																																
#Human																																
+2 racial bonus on Listen, Spot and Survival checks.	CATEGORY:Special Ability	TYPE:RacialTraits.HumanRacialTrait.HumanSkills	VISIBLE:YES		KEY:Human Neandertal Skills						BONUS:SKILL|Intimidate,Bluff,Listen,Move Silently|2|TYPE=Racial																					SOURCEPAGE:BoVD
1 extra vile feat at 1st level.	CATEGORY:Special Ability	TYPE:RacialTraits.HumanRacialTrait.HumanBonusFeat	VISIBLE:YES	DESC:1 extra vile feat at 1st level.	KEY:Human Vasharan Bonus Feat						BONUS:ABILITYPOOL|Vile Feat|1																					SOURCEPAGE:BoVD
Climate Tolerant	CATEGORY:Special Ability	TYPE:RacialTraits.HumanRacialTrait	VISIBLE:YES			SERVESAS:ABILITY=FEAT|Cold Endurance																										SOURCEPAGE:Fro
Favored Class ~ Barbarian	CATEGORY:Special Ability	TYPE:RacialTraits.HumanRacialTrait.HumanFavoredClass	VISIBLE:NO		KEY:Human Favored Class ~ Barbarian																											SOURCEPAGE:Fro
Favored Class ~ Ranger	CATEGORY:Special Ability	TYPE:RacialTraits.HumanRacialTrait.HumanFavoredClass	VISIBLE:NO		KEY:Human Favored Class ~ Ranger																											SOURCEPAGE:Fro
Primitive Weapon Mastery	CATEGORY:Special Ability	TYPE:RacialTraits.HumanRacialTrait.HumanAttacks.SpecialQuality.Extraordinary	VISIBLE:YES								BONUS:WEAPONPROF=TYPE.PrimitiveMelee|TOHIT|1																					SOURCEPAGE:Fro
Human Blood	CATEGORY:Special Ability	TYPE:RacialTraits.HumanRacialTrait.HumanBlood.SpecialQuality	VISIBLE:YES	DESC:For all effects related to race, a Neandertal is considered an Human.	KEY:Human Neandertal Blood																											SOURCEPAGE:Fro
																																
#Merfolk																																
+8 racial bonus on Swim checks.	CATEGORY:Special Ability	TYPE:RacialTraits.MerfolkRacialTrait.MerfolkfRacialDefault	VISIBLE:YES		KEY:Merfolk Skills						BONUS:SKILL|Swim|8|TYPE=Racial								CSKILL:Swim													SOURCEPAGE:SSh
Aquatic ~ Merfolk	CATEGORY:Special Ability	TYPE:RacialTraits.MerfolkRacialTrait.MerfolkfRacialDefault	VISIBLE:YES	DESC:Merfolk are considered aquatic creature and suffer no penalties for normal skill use or combat underwater, except otherwise noted.																												SOURCEPAGE:SSh
Low-Light Vision	CATEGORY:Special Ability	TYPE:RacialTraits.MerfolkRacialTrait.MerfolkfRacialDefault	VISIBLE:DISPLAY	DESC:Merfolk has low-light vision out of 60 feet.	KEY:Low-Light Vision ~ Merfolk						BONUS:VAR|HasLowLightVision|1																					SOURCEPAGE:SSh
4 extra skill points at 1st level and 1 extra skill point at each additional level.	CATEGORY:Special Ability	TYPE:RacialTraits.MerfolkRacialTrait.MerfolkfRacialDefault	VISIBLE:DISPLAY	DESC:4 extra skill points at 1st level and 1 extra skill point at each additional level.	KEY:Merfolk Skill Bonus						BONUS:SKILLPOINTS|NUMBER|1																					SOURCEPAGE:SSh
1 extra feat at 1st level.	CATEGORY:Special Ability	TYPE:RacialTraits.MerfolkRacialTrait.MerfolkfRacialDefault	VISIBLE:DISPLAY	DESC:1 extra feat at 1st level.	KEY:Merfolk Bonus Feat																											SOURCEPAGE:SSh
CATEGORY=Special Ability|Favored Class ~ Any.MOD		TYPE:MerfolkRacialTrait																														
CATEGORY=Special Ability|Amphibious ~ Merfolk.MOD		TYPE:RacialTraits.MerfolkRacialTrait.MerfolkfRacialDefault																														
Favored Class ~ Fighter	CATEGORY:Special Ability	TYPE:RacialTraits.MerfolkRacialTrait.MerfolkFavoredClass	VISIBLE:NO		KEY:Merfolk Favored Class ~ Fighter																											SOURCEPAGE:SSh
Favored Class ~ Barbarian	CATEGORY:Special Ability	TYPE:RacialTraits.MerfolkRacialTrait.MerfolkFavoredClass	VISIBLE:NO		KEY:Merfolk Favored Class ~ Barbarian																											SOURCEPAGE:SSh
Favored Class ~ Bard	CATEGORY:Special Ability	TYPE:RacialTraits.MerfolkRacialTrait.MerfolkFavoredClass	VISIBLE:NO		KEY:Merfolk Favored Class ~ Bard																											SOURCEPAGE:SSh
