# Gem dragon max age 1200+(75*Charisma score) ??? 
# Hellfire wyrn max age 1200+(50*Charisma score) ??? 
# monster Mayhem dragon max age 1200+(50*Charisma score) ??? 
AGESET:11|Great Wyrm			
#MM2
RACENAME:Dragon (Amethyst%	BASEAGE:1201	MAXAGE:2850	AGEDIEROLL:1d100
RACENAME:Dragon (Crystal%	BASEAGE:1201	MAXAGE:2700	AGEDIEROLL:1d100
RACENAME:Dragon (Emerald%	BASEAGE:1201	MAXAGE:3150	AGEDIEROLL:1d100
RACENAME:Dragon (Sapphire%	BASEAGE:1201	MAXAGE:3150	AGEDIEROLL:1d100
RACENAME:Dragon (Topaz%	BASEAGE:1201	MAXAGE:3450	AGEDIEROLL:1d100
RACENAME:Dragon (Hellfire%	BASEAGE:1201	MAXAGE:2600	AGEDIEROLL:1d100
#Monster Mayehm
RACENAME:Dragon (Mist%	BASEAGE:1201	MAXAGE:2200	AGEDIEROLL:1d100
RACENAME:Dragon (Mercury%	BASEAGE:1201	MAXAGE:2200	AGEDIEROLL:1d100
RACENAME:Dragon (Steel%	BASEAGE:1201	MAXAGE:2400	AGEDIEROLL:1d100

AGESET:12|Twilight
#MM2
RACENAME:Dragon (Amethyst%	BASEAGE:2851		AGEDIEROLL:1d100
RACENAME:Dragon (Crystal%	BASEAGE:2701		AGEDIEROLL:1d100
RACENAME:Dragon (Emerald%	BASEAGE:3151		AGEDIEROLL:1d100
RACENAME:Dragon (Sapphire%	BASEAGE:3151		AGEDIEROLL:1d100
RACENAME:Dragon (Topaz%	BASEAGE:3451		AGEDIEROLL:1d100
RACENAME:Dragon (Hellfire%	BASEAGE:2601		AGEDIEROLL:1d100
#Monster Mayehm
RACENAME:Dragon (Mist%	BASEAGE:2201		AGEDIEROLL:1d100
RACENAME:Dragon (Mercury%	BASEAGE:2201		AGEDIEROLL:1d100
RACENAME:Dragon (Steel%	BASEAGE:2401		AGEDIEROLL:1d100