SOURCELONG:Gozzilioni	SOURCESHORT:G	SOURCEWEB:http://www.gozzilioni.net																		
###Block: Creature Subtypes																				
# Template Name	Visible	Source Page	Special Ability																	
#																				
# Template																				
Augmented (Aberration)	VISIBLE:NO	RACESUBTYPE:Augmented|Augmented Aberration																		
Augmented (Animal)	VISIBLE:NO	RACESUBTYPE:Augmented|Augmented Animal																		
Augmented (Construct)	VISIBLE:NO	RACESUBTYPE:Augmented|Augmented Elemental																		
Augmented (Dragon)	VISIBLE:NO	RACESUBTYPE:Augmented|Augmented Dragon																		
Augmented (Elemental)	VISIBLE:NO	RACESUBTYPE:Augmented|Augmented Elemental																		
Augmented (Fey)	VISIBLE:NO	RACESUBTYPE:Augmented|Augmented Fey																		
Augmented (Giant)	VISIBLE:NO	RACESUBTYPE:Augmented|Augmented Giant																		
Augmented (Humanoid)	VISIBLE:NO	RACESUBTYPE:Augmented|Augmented Humanoid																		
Augmented (Magical Beast)	VISIBLE:NO	RACESUBTYPE:Augmented|Augmented Magical Beast																		
Augmented (Monstrous Humanoid)	VISIBLE:NO	RACESUBTYPE:Augmented|Augmented Monstrous Humanoid																		
Augmented (Ooze)	VISIBLE:NO	RACESUBTYPE:Augmented|Augmented Ooze																		
Augmented (Outsider)	VISIBLE:NO	RACESUBTYPE:Augmented|Augmented Outsider																		
Augmented (Plant)	VISIBLE:NO	RACESUBTYPE:Augmented|Augmented Plant																		
Augmented (Undead)	VISIBLE:NO	RACESUBTYPE:Augmented|Augmented Undead																		
Augmented (Vermin)	VISIBLE:NO	RACESUBTYPE:Augmented|Augmented Vermin																		
#																				
Horse Untrained	VISIBLE:NO
#
Assign Subtype ~ Mount														RACESUBTYPE:Mount
Assign Subtype ~ Steed														RACESUBTYPE:Steed
Assign Subtype ~ Acid														RACESUBTYPE:Acid
Assign Subtype ~ Electricity														RACESUBTYPE:Electricity
#
Vampire.MOD	RACESUBTYPE:Vampire
#