SOURCELONG:Book of Exalted Deeds	SOURCESHORT:EXD	SOURCEWEB:http://www.gozzilioni.net																																																			
																																																					
###Block: Proficiencies																																																					
# Ability Name	Category of Ability	Type	Visible	Special ABility					Define					Bonus					Stackable?	Multiple?	Choose	select										Source Page																					
Beloved Valarian Shield Proficiency	CATEGORY:Special Ability	TYPE:Internal	VISIBLE:NO	AUTO:SHIELDPROF|SHIELDTYPE=Buckler|SHIELDTYPE=Light	AUTO:WEAPONPROF|Shieldbash (Light)																											SOURCEPAGE:EXD																					
																																																					
# Ability Name																																																					
Apostole of Peace Turning	CATEGORY:Special Ability	TYPE:Internal	VISIBLE:NO						DEFINE:AllowExtraTurning|1	DEFINE:AllowImprovedTurning|1				BONUS:VAR|TurnTimesBase|3+CHA|TYPE=Base	BONUS:VAR|TurnCheckBase|CHA|TYPE=Base																	SOURCEPAGE:EXD																					
Apostole of Peace Censuring	CATEGORY:Special Ability	TYPE:Internal	VISIBLE:NO											BONUS:VAR|CensureTimesBase|3+CHA|TYPE=Base	BONUS:VAR|CensureCheckBase|CHA|TYPE=Base																	SOURCEPAGE:EXD																					
Celestial Mystic Blessing of Pearly Heaven	CATEGORY:Special Ability	TYPE:Internal	VISIBLE:NO						DEFINE:MysticalKnowledgeLVL|0					BONUS:VAR|MysticalKnowledge|MysticalKnowledgeLVL	BONUS:VAR|MysticalKnowledge|2|PRESKILL:1,Knowledge (History)=5																	SOURCEPAGE:EXD																					
Celestial Mystic Blessing of Crystal Heaven	CATEGORY:Special Ability	TYPE:Internal	VISIBLE:NO						DEFINE:BlessingCrystalHeavenLVL|0					BONUS:VAR|BlessingCrystalHeavenPF|3*BlessingCrystalHeavenLVL																		SOURCEPAGE:EXD																					
Champion of Gwynharwyf Rage	CATEGORY:Special Ability	TYPE:Internal	VISIBLE:NO						DEFINE:ChampionOfGwynharwyfRageLVL|0						BONUS:VAR|BarbRageTimesLVL|ChampionOfGwynharwyfRageLVL	BONUS:VAR|BarbRagePowerLVL|ChampionOfGwynharwyfRageLVL																SOURCEPAGE:EXD																					
Champion of Gwynharwyf Smite Evil	CATEGORY:Special Ability	TYPE:Internal	VISIBLE:NO						DEFINE:ChampionOfGwynharwyfSmiteEvilLVL|0					BONUS:VAR|SmiteEvilDamage|ChampionOfGwynharwyfSmiteEvilLVL	BONUS:VAR|SmiteEvil|(ChampionOfGwynharwyfSmiteEvilLVL+3)/4																	SOURCEPAGE:EXD																					
Champion of Gwynharwyf DR	CATEGORY:Special Ability	TYPE:Internal	VISIBLE:NO						DEFINE:ChampionOfGwynharwyfDR|0	DEFINE:ChampionOfGwynharwyfDRLVL|0				BONUS:VAR|ChampionOfGwynharwyfDR|ChampionOfGwynharwyfDRLVL/2	BONUS:VAR|ChampionOfGwynharwyfDR|1|PREVAREQ:ChampionOfGwynharwyfDRLVL,3								DR:ChampionOfGwynharwyfDR/-									SOURCEPAGE:EXD																					
Defender of Sealtiel Defensive Stance	CATEGORY:Special Ability	TYPE:Internal	VISIBLE:NO						DEFINE:DefenderOfSealtielLVL|0					BONUS:VAR|DefensiveStanceTimes|(DefenderOfSealtielLVL+1)/2	BONUS:VAR|DefensiveStanceDuration|3																	SOURCEPAGE:EXD																					
Emissary of Barachiel Calling	CATEGORY:Special Ability	TYPE:Internal	VISIBLE:NO						DEFINE:EmissaryOfBarachielCallingLVL|0					BONUS:VAR|CallingPerDay|EmissaryOfBarachielCallingLVL																		SOURCEPAGE:EXD																					
Fist of Raziel Smite Evil	CATEGORY:Special Ability	TYPE:Internal	VISIBLE:NO						DEFINE:FistOfRazielSmiteEvilLVL|0					BONUS:VAR|SmiteEvilDamage|FistOfRazielSmiteEvilLVL	BONUS:VAR|SmiteEvil|(FistOfRazielSmiteEvilLVL+1)/2	BONUS:VAR|FistOfRazielSmiteEvilPower|(FistOfRazielSmiteEvilLVL+1)/2																SOURCEPAGE:EXD																					
Initiate of Pistis Sophia Smite Evil	CATEGORY:Special Ability	TYPE:Internal	VISIBLE:NO						DEFINE:InitiateOfPistisSophiaSmiteEvilLVL|0					BONUS:VAR|SmiteEvilDamage|InitiateOfPistisSophiaSmiteEvilLVL	BONUS:VAR|SmiteEvil|(InitiateOfPistisSophiaSmiteEvilLVL+1)/3	BONUS:VAR|SmiteEvilToHit|max(max(CHA,0),0)-max(CHA,0)+4																SOURCEPAGE:EXD																					
Lion of Talsid Animal Companion	CATEGORY:Special Ability	TYPE:Internal	VISIBLE:NO						DEFINE:LionTalsidAnimalCompLVL|0					BONUS:VAR|CompLevel|LionTalsidAnimalCompLVL																		SOURCEPAGE:EXD																					
Lion of Talsid Wild Shape	CATEGORY:Special Ability	TYPE:Internal	VISIBLE:NO						DEFINE:LionOfTalsidWildShape|0					BONUS:VAR|WildShapeDuration|LionOfTalsidWildShape-2																		SOURCEPAGE:EXD																					
Lion of Talsid Wild Shape Times	CATEGORY:Special Ability	TYPE:Internal	VISIBLE:NO											BONUS:VAR|WildShapeTimes|1|PREVARGTEQ:LionOfTalsidWildShape,3	BONUS:VAR|WildShapeTimes|1|PREVARGTEQ:LionOfTalsidWildShape,4	BONUS:VAR|WildShapeTimes|1|PREVARGTEQ:LionOfTalsidWildShape,5	BONUS:VAR|WildShapeTimes|1|PREVARGTEQ:LionOfTalsidWildShape,8															SOURCEPAGE:EXD																					
Lion of Talsid Wild Shape Progression	CATEGORY:Special Ability	TYPE:Internal	VISIBLE:NO											BONUS:VAR|WildShapeProgression|1|PREVARGTEQ:LionOfTalsidWildShape,3	BONUS:VAR|WildShapeProgression|1|PREVARGTEQ:LionOfTalsidWildShape,6	BONUS:VAR|WildShapeProgression|1|PREVARGTEQ:LionOfTalsidWildShape,9																SOURCEPAGE:EXD																					
Lion of Talsid Swiftness	CATEGORY:Special Ability	TYPE:Internal	VISIBLE:NO						DEFINE:LionOfTalsidSwiftnessLVL|0					BONUS:VAR|LionSSwiftnessDuration|LionOfTalsidSwiftnessLVL																		SOURCEPAGE:EXD																					
Lion of Talsid Roar	CATEGORY:Special Ability	TYPE:Internal	VISIBLE:NO						DEFINE:LionOfTalsidRoarLVL|0					BONUS:VAR|RoarDC|LionOfTalsidRoarLVL																		SOURCEPAGE:EXD																					
Prophet of Erathaol Ecstasy	CATEGORY:Special Ability	TYPE:Internal	VISIBLE:NO						DEFINE:ProphetOfErathaolEcstasyLVL|0					BONUS:VAR|EcstasyPerDay|ProphetOfErathaolEcstasyLVL																																							
Risen Martyr Holy Purpose	CATEGORY:Special Ability	TYPE:Internal	VISIBLE:NO						DEFINE:RisenMartyrHolyPurposeLVL|0					BONUS:VAR|HolyPurposeBonus|1+(RisenMartyrHolyPurposeLVL/3)																																							
Sentinel of Barrai Bear Form Progression	CATEGORY:Special Ability	TYPE:Internal	VISIBLE:NO						DEFINE:SentinelOfBarraiBearFormLVL|0					BONUS:VAR|BearFormProgression|1|PREVARGTEQ:SentinelOfBarraiBearFormLVL,3	BONUS:VAR|BearFormProgression|1|PREVARGTEQ:SentinelOfBarraiBearFormLVL,7	BONUS:VAR|BearFormHD|SentinelOfBarraiBearFormLVL																SOURCEPAGE:EXD																					
Sentinel of Barrai Cavalry of Dire Bears	CATEGORY:Special Ability	TYPE:Internal	VISIBLE:NO											BONUS:VAR|CavalryOfDireBearsPerWeek|0																																							
Skylord Improved Mounted Combat	CATEGORY:Special Ability	TYPE:Internal	VISIBLE:NO						DEFINE:SkylordImprovedMountedCombatLVL|0					BONUS:VAR|ImprovedMountedCombatBonus|(((SkylordImprovedMountedCombatLVL-1)/2)*2)																																							
Skylord Deadly Charge ~ attack	CATEGORY:Special Ability	TYPE:Internal	VISIBLE:NO											BONUS:VAR|DeadlyChargeDie|6	BONUS:VAR|DeadlyCharge|2																																						
Skylord Summon Tempest	CATEGORY:Special Ability	TYPE:Internal	VISIBLE:NO											BONUS:VAR|SummonTempestPerWeek|1																																							
Slayer of Domiel Death Touch	CATEGORY:Special Ability	TYPE:Internal	VISIBLE:NO						DEFINE:SlayerOfDomielDeathTouchLVL|0					BONUS:VAR|DeathTouchDie|SlayerOfDomielDeathTouchLVL	BONUS:VAR|DeathTouch|1|PREVARGTEQ:SlayerOfDomielDeathTouchLVL,1	BONUS:VAR|DeathTouch|1|PREVARGTEQ:SlayerOfDomielDeathTouchLVL,4	BONUS:VAR|DeathTouch|1|PREVARGTEQ:SlayerOfDomielDeathTouchLVL,8	BONUS:VAR|DeathTouch|1|PREVARGTEQ:SlayerOfDomielDeathTouchLVL,10																																			
Slayer of Domiel Sneak Attack	CATEGORY:Special Ability	TYPE:Internal	VISIBLE:NO						DEFINE:SlayerOfDomielSneakAttackLVL|0					BONUS:VAR|SneakAttack|(SlayerOfDomielSneakAttackLVL+1)/2																																							
Stalker of Karash Favored Enemy	CATEGORY:Special Ability	TYPE:Internal	VISIBLE:NO						DEFINE:StalkerOfKarashFavoredEnemyLVL|0					BONUS:VAR|FavoredKharashEnemies|1	BONUS:VAR|FavoredEBonuses|1	BONUS:VAR|FavoredKharashEBonuses|1																																					
Stalker of Kharash Smite Evil	CATEGORY:Special Ability	TYPE:Internal	VISIBLE:NO						DEFINE:StalkerOfKharashSmiteEvilLVL|0					BONUS:VAR|SmiteEvilDamage|StalkerOfKharashSmiteEvilLVL	BONUS:VAR|SmiteEvil|(StalkerOfKharashSmiteEvilLVL-4)/2	BONUS:VAR|SmiteEvilToHit|max(max(CHA,0),0)-max(CHA,0)+4																SOURCEPAGE:EXD																					
Swanmay Shifting	CATEGORY:Special Ability	TYPE:Internal	VISIBLE:NO						DEFINE:SwanmayShiftingLVL|0					BONUS:VAR|ShiftingPerDay|1|PREVARGTEQ:SwanmayShiftingLVL,1	BONUS:VAR|ShiftingPerDay|1|PREVARGTEQ:SwanmayShiftingLVL,2	BONUS:VAR|ShiftingPerDay|1|PREVARGTEQ:SwanmayShiftingLVL,3	BONUS:VAR|ShiftingPerDay|1|PREVARGTEQ:SwanmayShiftingLVL,6	BONUS:VAR|ShiftingPerDay|1|PREVARGTEQ:SwanmayShiftingLVL,10																																			
Swanmay Wild Empathy	CATEGORY:Special Ability	TYPE:Internal	VISIBLE:NO						DEFINE:SwanmayWildEmpathyLVL|0					BONUS:VAR|WildEmpathy|2|PREVARGTEQ:SwanmayWildEmpathyLVL,4	BONUS:VAR|WildEmpathy|2|PREVARGTEQ:SwanmayWildEmpathyLVL,8	BONUS:VAR|WildEmpathy|2|PREVARGTEQ:SwanmayWildEmpathyLVL,10																																					
Swanmay Favored Enemy	CATEGORY:Special Ability	TYPE:Internal	VISIBLE:NO											BONUS:VAR|FavoredEnemies|1	BONUS:VAR|FavoredEBonuses|1																																						SOURCEPAGE:ClassesII.rtf
Vassal of Bahamut Imperious Aura	CATEGORY:Special Ability	TYPE:Internal	VISIBLE:NO						DEFINE:VassalOfBahamutImperiousAuraLVL|0					BONUS:VAR|ImperiousAuraBonus|VassalOfBahamutImperiousAuraLVL																																							
Vassal of Bahamut Dragonwrack	CATEGORY:Special Ability	TYPE:Internal	VISIBLE:NO						DEFINE:VassalOfBahamutDragonwrackLVL|0					BONUS:VAR|Dragonwrack|1+((VassalOfBahamutDragonwrackLVL-1)/3)	BONUS:VAR|DragonwrackDie|6																																						
Rhek Smite Chaos	CATEGORY:Special Ability	TYPE:Internal	VISIBLE:NO											BONUS:VAR|SmiteChaosDamage|5	BONUS:VAR|SmiteChaos|3																																						