SOURCELONG:Book of Exalted Deeds	SOURCESHORT:EXD	SOURCEWEB:http://www.gozzilioni.net									
# Class Name	Hit Dice (HD)	Type (TYPE:)	Abbreviation (ABB)	Max Level (MAXLEVEL)	Source Page (SOURCEPAGE)	Save checks bonus (Fortitude) (BONUS:CHECKS)	Save checks bonus (Reflex)	Save checks bonus (Willpower)	Combat bonus	EXCLASS	FINE
# Class Name	Requirements	FINE									
# Class Name	Skill Pts/Lvl (STARTSKILLPTS)	Class Skill (CSKILL)						define class variables (DEFINE:variable|value	FINE		
# Class Name	Spell Statistic (SPELLSTAT)	Spell type (SPELLTYPE)	Spellbook (SPELLBOOK/MEMORIZE)	knowspell (KNOWNSPELLS)	spell level increases (BONUS:CASTERLEVEL)						
#(level number)	ADD:SPELLCASTER o CAST	AUTO:WEAPONPROF	(FEATAUTO)	(SA)	(SA)	(DOMAIN)	(BONUS)			(DEFINE)	
CLASS:Firre	HD:8	TYPE:Monster		MAXLEVEL:24	SOURCEPAGE:EXD	BONUS:CHECKS|BASE.Fortitude|CL/2+2	BONUS:CHECKS|BASE.Reflex|CL/2+2	BONUS:CHECKS|BASE.Will|CL/2+2	BONUS:COMBAT|BAB|CL|TYPE=Base.REPLACE		
CLASS:Firre	PRERACETYPE:Outsider	PRERACE:1,Eladrin (Firre)									
CLASS:Firre	STARTSKILLPTS:8	MODTOSKILLS:YES									
1				ABILITY:Special Ability|AUTOMATIC|Outsider Proficiencies|PREVAREQ:NoTypeProficiencies,0	ABILITY:Special Ability|AUTOMATIC|Outsider Traits|PREVAREQ:NoTypeTraits,0						
#											
1				ABILITY:Special Ability|AUTOMATIC|Bardic Fascinate|Bardic Inspire Competence|Bardic Inspire Courage|Bardic Suggestion			BONUS:VAR|BardicMusicLvl|CL
#											
1	BONUS:PCLEVEL|Cleric|1	ADD:SPELLCASTER|Cleric				DOMAIN:Chaos|Fire|Good|Magic	BONUS:DOMAIN|NUMBER|4
2	BONUS:PCLEVEL|Cleric|1										
3	BONUS:PCLEVEL|Cleric|1	BONUS:PCLEVEL|Cleric|1									
4	BONUS:PCLEVEL|Cleric|1										
5	BONUS:PCLEVEL|Cleric|1	BONUS:PCLEVEL|Cleric|1									
6	BONUS:PCLEVEL|Cleric|1										
7	BONUS:PCLEVEL|Cleric|1	BONUS:PCLEVEL|Cleric|1									
8	BONUS:PCLEVEL|Cleric|1										
#											
CLASS:Ursinal	HD:8	TYPE:Monster		MAXLEVEL:30	SOURCEPAGE:EXD	BONUS:CHECKS|BASE.Fortitude|CL/2+2	BONUS:CHECKS|BASE.Reflex|CL/2+2	BONUS:CHECKS|BASE.Will|CL/2+2	BONUS:COMBAT|BAB|CL|TYPE=Base.REPLACE		
CLASS:Ursinal	PRERACETYPE:Outsider	PRERACE:1,Guardinal (Ursinal)									
CLASS:Ursinal	STARTSKILLPTS:8	MODTOSKILLS:YES									
1	BONUS:PCLEVEL|Wizard|1	ADD:SPELLCASTER|Wizard
2	BONUS:PCLEVEL|Wizard|1										
3	BONUS:PCLEVEL|Wizard|1										
4	BONUS:PCLEVEL|Wizard|1										
5	BONUS:PCLEVEL|Wizard|1										
6	BONUS:PCLEVEL|Wizard|1	BONUS:PCLEVEL|Wizard|1									
7	BONUS:PCLEVEL|Wizard|1										
8	BONUS:PCLEVEL|Wizard|1										
9	BONUS:PCLEVEL|Wizard|1										
10	BONUS:PCLEVEL|Wizard|1										
