SOURCELONG:Ravenloft Dungeon Master's Guide	SOURCESHORT:RLDMG	SOURCEWEB:http://www.gozzilioni.net							
									
#			TYPE:Magic.Wondrous.Headgear	COST:2000	WT:0		SOURCEPAGE:RLDMG
###Block								mods	eqmods
Paints of Arcane Mark			TYPE:Magic.Wondrous.Consumable	COST:25	WT:0		SOURCEPAGE:RLDMG		
Sphere of the Night			TYPE:Magic.Wondrous.Consumable	COST:750	WT:0		SOURCEPAGE:RLDMG		
Tentacle Aquarium			TYPE:Magic.Wondrous.Consumable	COST:1400	WT:0		SOURCEPAGE:RLDMG		
Earful Scroll			TYPE:Magic.Scroll.Consumable	COST:585	WT:0		SOURCEPAGE:RLDMG		
Teleporting Message Scroll			TYPE:Magic.Scroll.Consumable	COST:4800	WT:0		SOURCEPAGE:RLDMG		
Geographic Scroll			TYPE:Magic.Scroll.Consumable	COST:2500	WT:0		SOURCEPAGE:RLDMG		
Geographic Scroll (Teleporting)	OUTPUTNAME:Geographic Scroll, [NAME]		TYPE:Magic.Scroll.Consumable	COST:2500	WT:0		SOURCEPAGE:RLDMG		
Geographic Circle			TYPE:Magic.Scroll.Consumable	COST:4850	WT:0		SOURCEPAGE:RLDMG		
Scroll of Literacy			TYPE:Magic.Scroll.Consumable	COST:50	WT:0		SOURCEPAGE:RLDMG		
Scroll of Musical key			TYPE:Magic.Scroll.Consumable	COST:150	WT:0		SOURCEPAGE:RLDMG		
#
Flask of Courage			TYPE:Magic.Flask.Consumable	COST:750	WT:0	SOURCEPAGE:RLDMG	EQMOD:CHARGED_ITEM_50|CHARGES[50]	
Hammer of Animate Object			TYPE:Magic.Wondrous.Consumable	COST:49500	WT:0	SOURCEPAGE:RLDMG	EQMOD:CHARGED_ITEM_50|CHARGES[50]
Knock Key			TYPE:Magic.Wondrous.Consumable	COST:4500	WT:0	SOURCEPAGE:RLDMG	EQMOD:CHARGED_ITEM_50|CHARGES[50]
Scalper of Animated Skin			TYPE:Magic.Wondrous.Consumable	COST:44500	WT:0	SOURCEPAGE:RLDMG	EQMOD:CHARGED_ITEM_50|CHARGES[50]
Zealous Sacrifical Object			TYPE:Magic.Wondrous.Consumable	COST:11250	WT:0	SOURCEPAGE:RLDMG	EQMOD:CHARGED_ITEM_50|CHARGES[50]
#
Amulet of Death Ward			TYPE:Magic.Wondrous.Amulet	COST:56000	WT:0		SOURCEPAGE:RLDMG	ABILITY:Special Ability|VIRTUAL|Immunity To Death Effects
Animated Painting			TYPE:Magic.Wondrous	COST:32000	WT:0		SOURCEPAGE:RLDMG
Musical Instrument (Bagpipes of Inharmonious Vengeance)	OUTPUTNAME:[NAME]	TYPE:Magic.Tools.Instrument.Wind.Resizable	COST:50400	WT:3		SOURCEPAGE:RLDMG			EQMOD:MWORKI	SPROP:Phantasmal Killer with Perform (Wind Instrument) DC 15.			BONUS:SKILL|Perform (Wind Instruments)|2|TYPE=Circumstance|PRETYPE:1,Masterwork		
Bomb Sack			TYPE:Magic.Wondrous	COST:2000	WT:0		SOURCEPAGE:RLDMG
Bomb Satchel			TYPE:Magic.Wondrous	COST:12000	WT:0		SOURCEPAGE:RLDMG
Candle of Nightmares			TYPE:Magic.Wondrous.Candle.LightSource	COST:12000	WT:0		SOURCEPAGE:RLDMG	QUALITY:Shadowy Illumination|5 ft.	QUALITY:Duration|1 hr.
Cloak of Stealth			TYPE:Magic.Wondrous.Cape	COST:2750	WT:0		SOURCEPAGE:RLDMG	SPROP:Each times is don, can choose +5 bonus on Hide or Move Silently.
Crest of Alarm			TYPE:Magic.Wondrous	COST:4000	WT:0		SOURCEPAGE:RLDMG
Death Shades			TYPE:Magic.Wondrous.Eyegear	COST:2000	WT:0		SOURCEPAGE:RLDMG
Desk of Deceased Scholars			TYPE:Magic.Wondrous	COST:30000	WT:0		SOURCEPAGE:RLDMG
Detective's Magnifying Glass			TYPE:Magic.Wondrous.Eyegear	COST:8000	WT:0		SOURCEPAGE:RLDMG	BONUS:SKILL|Search,Spot|10|TYPE=Competence
Dog Whistle of the Spectral Hound			TYPE:Magic.Wondrous	COST:90000	WT:0		SOURCEPAGE:RLDMG	SPELLS:Dog Whistle of the Spectral Hound|TIMES=ATWILL|CASTERLEVEL=9|Mordenkainen's Faithful Hound
Finger of Commanding			TYPE:Magic.Wondrous	COST:5400	WT:0		SOURCEPAGE:RLDMG
Goblet of Gossip			TYPE:Magic.Wondrous	COST:2000	WT:0		SOURCEPAGE:RLDMG
Ghost Sound Drums			TYPE:Magic.Wondrous	COST:1000	WT:0		SOURCEPAGE:RLDMG
Grave Robber's Shovel			TYPE:Magic.Wondrous	COST:132000	WT:0		SOURCEPAGE:RLDMG
Guardiam Amulet			TYPE:Magic.Wondrous.Amulet	COST:56000	WT:0		SOURCEPAGE:RLDMG	SPELLS:Guardian Amulet|TIMES=ATWILL|CASTERLEVEL=7|Status
Hell House			TYPE:Magic.Wondrous	COST:182000	WT:0		SOURCEPAGE:RLDMG
Heinfroth's Contemplative Davenport			TYPE:Magic.Wondrous	COST:81000	WT:0		SOURCEPAGE:RLDMG
Musical Instrument (Horn of Feasting)	OUTPUTNAME:[NAME]	TYPE:Magic.Tools.Instrument.Wind.Resizable	COST:71300	WT:2		SOURCEPAGE:RLDMG			EQMOD:MWORKI				BONUS:SKILL|Perform (Wind Instruments)|2|TYPE=Circumstance|PRETYPE:1,Masterwork		SPELLS:Horn of Feasting|TIMES=ATWILL|CASTERLEVEL=11|Heroes' Feast
Musical Instrument (Horn of Red Death)	OUTPUTNAME:[NAME]	TYPE:Magic.Tools.Instrument.Wind.Resizable	COST:60500	WT:2		SOURCEPAGE:RLDMG			EQMOD:MWORKI.SPL_CHRG|SPELLNAME[Geas (Lesser)]SPELLLEVEL[4]CASTERLEVEL[11]CHARGES[50]				BONUS:SKILL|Perform (Wind Instruments)|2|TYPE=Circumstance|PRETYPE:1,Masterwork		SPELLS:Horn of Red Death|TIMES=ATWILL|CASTERLEVEL=11|Heroes' Feast
Hypnotism Disk			TYPE:Magic.Wondrous	COST:6200	WT:0		SOURCEPAGE:RLDMG	BONUS:SKILL|Hypnosis|10
Musical Instrument (Lute of Hypnotic Pattern)	OUTPUTNAME:[NAME]	TYPE:Magic.Tools.Instrument.String.Resizable	COST:9700	WT:2		SOURCEPAGE:RLDMG			EQMOD:MWORKI				BONUS:SKILL|Perform (String Instruments)|2|TYPE=Circumstance|PRETYPE:1,Masterwork		SPELLS:Lute of Hypnotic Pattern|TIMES=ATWILL|CASTERLEVEL=3|Hypnotic Pattern
Johann's Ladder			TYPE:Magic.Wondrous	COST:25500	WT:500		SOURCEPAGE:RLDMG	SPELLS:Johann's Ladder|TIMES=1|CASTERLEVEL=7|Polymorph
Magician's Top Hat			TYPE:Magic.Wondrous	COST:2000	WT:0		SOURCEPAGE:RLDMG	BONUS:SKILL|Sleight of Hands|10|TYPE=Competence
Magician's Hat of Summoning			TYPE:Magic.Wondrous	COST:3600	WT:0		SOURCEPAGE:RLDMG	SPROP:3/day can pull tiny animal with 1HD or less (Sleight of Hands DC  15)
Magical Compass			TYPE:Magic.Wondrous	COST:1000	WT:0		SOURCEPAGE:RLDMG
Mask of the Dead			TYPE:Magic.Wondrous.Headgear	COST:2000	WT:0		SOURCEPAGE:RLDMG	SPROP:3/day Invisibility to Undead for 10 minutes.
Mirror of Reflecting			TYPE:Magic.Wondrous	COST:27500	WT:0		SOURCEPAGE:RLDMG
Musical Instrument (Pipe Organ of Villainous Motivation)	OUTPUTNAME:[NAME]	TYPE:Magic.Tools.Instrument.Keyboard.Resizable	COST:25800	WT:1000		SOURCEPAGE:RLDMG			EQMOD:MWORKI				BONUS:SKILL|Perform (Keyboard Instruments)|2|TYPE=Circumstance|PRETYPE:1,Masterwork
Quill of the Mark			TYPE:Magic.Wondrous	COST:8100	WT:0		SOURCEPAGE:RLDMG	SPELLS:Quill of the Mark|TIMES=ATWILL|CASTERLEVEL=9|Mark of Justice
Repose Rack			TYPE:Magic.Wondrous	COST:12000	WT:25		SOURCEPAGE:RLDMG
Scroll of Return			TYPE:Magic.Wondrous.Scroll	COST:175000	WT:0		SOURCEPAGE:RLDMG
Severed Mage Hand			TYPE:Magic.Wondrous.Amulet	COST:1000	WT:2		SOURCEPAGE:RLDMG
Shroud of Levitation			TYPE:Magic.Wondrous	COST:12000	WT:1		SOURCEPAGE:RLDMG
Snowshoes of Alacrity			TYPE:Magic.Wondrous.Boot	COST:58200	WT:2		SOURCEPAGE:RLDMG	SPROP:+5 competence bonus on Balance check when on snow or ice as well Freedom of Movement or Expeditious Retreat.
Spray of Nausea			TYPE:Magic.Wondrous	COST:5400	WT:0		SOURCEPAGE:RLDMG
Spirit Eye			TYPE:Magic.Wondrous	COST:90000	WT:0		SOURCEPAGE:RLDMG
Spurs of Phantom Steed			TYPE:Magic.Wondrous.Boot	COST:5400	WT:0		SOURCEPAGE:RLDMG	SPROP:3 hours/day Phantom Steed.
Spurs of Phantom Steed (Greater)	OUTPUTNAME:Spurs of Phantom Steed, Greater		TYPE:Magic.Wondrous.Boot	COST:27000	WT:0		SOURCEPAGE:RLDMG	SPROP:Phantom Steed at will.
Stirrup of Horsemanship			TYPE:Magic.Wondrous	COST:2000	WT:0		SOURCEPAGE:RLDMG	BONUS:SKILL|Ride|10|TYPE=Competence
Van de Voor Generator			TYPE:Magic.Wondrous	COST:12000	WT:1		SOURCEPAGE:RLDMG
Vistani Wagon			TYPE:Magic.Transportation.Container		CONTAINS:4000|Any		COST:90000	WT:1000	SOURCEPAGE:RLDMG
#
Beacon of Ill Omen			TYPE:Cursed.Magic.Wondrous.LightSource				COST:2500	WT:3		SOURCEPAGE:RLDMG	QUALITY:Bright Illumination|20 ft.	QUALITY:Shadowy Illumination|40 ft.	QUALITY:Duration|Permanent
#Beacon of Ill Omen (Cursed)	OUTPUTNAME:Cursed Beacon of Ill Omen		TYPE:Cursed.Magic.Wondrous.LightSource				COST:2500	WT:3		SOURCEPAGE:RLDMG	QUALITY:Bright Illumination|5 mi.	QUALITY:Duration|Permanent
Book of Idle Thought			TYPE:Cursed.Magic.Wondrous.Book.Spellbook				COST:16000	WT:1		SOURCEPAGE:RLDMG	NUMPAGES:100	PAGEUSAGE:max(SPELLLEVEL,1)
Cloak of Ghastly Imprisonment			TYPE:Cursed.Magic.Wondrous.Cape	COST:58000	WT:2		SOURCEPAGE:RLDMG	SPROP:3%% cumulative chanche that the wielder and who is traveling with him become trapped on the Ethereal.
Amulet of Wicked Darkness			TYPE:Cursed.Magic.Wondrous.Amulet	COST:25000	WT:0		SOURCEPAGE:RLDMG	BONUS:VISION|Darkvision|120	SPROP:no magical light function within 60'-ft.
Gauntlets of Ghoulish Appetite			TYPE:Cursed.Magic.Wondrous.Glove	COST:18000	WT:1		SOURCEPAGE:RLDMG	BONUS:STAT|STR|2|TYPE=Enhancement	ABILITY:Special Ability|VIRTUAL|Gauntlets of Ghoulish Appetite ~ Claw
Helm of Hateful Whispers			TYPE:Cursed.Magic.Wondrous.Headgear	COST:1000	WT:2		SOURCEPAGE:RLDMG	ABILITY:Special Ability|VIRTUAL|Fortification	DEFINE:FortificationPower|1
