SOURCELONG:Ravenloft Dungeon Master's Guide	SOURCESHORT:RLDMG	SOURCEWEB:http://www.gozzilioni.net																					
																							
#Avenger's Sword	COST:44900																						
#Azalin Dagger	COST:11200																						
#Blessed Blade	COST:18000																						
#Club of Bashing	COST:8000																						
#Divine Sword	COST:18000																						
#Gray Matter Blade	COST:32000																						
#Carrion Blade	COST:72000																						
#Courageous Blade	COST:3300																						
#Deadly Vengeance Bone Weapon	COST:8000																						
#Deception Blade	COST:5000																						
#Ghoul Gloves	COST:6000																						
#Greater Magic Longsword	COST:5700																						
#Hell Scythe	COST:8300																						
#Lash of Stigmata	COST:18000																						
#Pistol of Accuracy +1	COST:1600																						
#Pistol of Accuracy +2	COST:4600																						
#Pistol of Accuracy +3	COST:9600																						
#Pistol of Accuracy +4	COST:16600																						
#Pistol of Accuracy +5	COST:25600																						
#Pistol of Speed	COST:24000																						
#Questing Sword	COST:11500																						
#Sacred Greatsword	COST:32000																						
#Sacrifical Dagger	COST:94500																						
#Sun Axe	COST:10200																						
#Sylvan Short Sword	COST:8300																						
#Vampiric Axe	COST:32300																						
#Vistani Dagger of Divination	COST:18300
#Shrieking Dagger	COST:7500
#Morbid Jester	COST:7500
#Venomous Loyalty	COST:12500

# Equipment Name	Output Name		Type	Cost	Weight	Base Quantity	Modifier	Requires Modification?	Source Page	Weapon prop. bonus	Special Property												
#Axe of Ancestral Virtue		PROFICIENCY:WEAPON|Waraxe (Dwarven)	TYPE:Enhancement.Weapon.Melee.Martial.Exotic.Specific.Dwarven.Slashing.Axe.Relic	COST:60	WT:8	WIELD:TwoHanded		SIZE:M	DAMAGE:1d10	CRITRANGE:1	CRITMULT:x3	EQMOD:ADAMANT_WEAP.PLUS4W.KEEN							SOURCEPAGE:CD	MODS:NO		ABILITY:Special Ability|VIRTUAL|Axe of Ancestral Virtue Ability	PREDEITY:1,Moradin
Avenger's Sword		PROFICIENCY:WEAPON|Longsword	TYPE:Enhancement.Weapon.Melee.Martial.Specific.Slashing.Sword	COST:15	WT:4	WIELD:OneHanded		SIZE:M	DAMAGE:1d8	CRITRANGE:2	CRITMULT:x2	EQMOD:STEEL.MWORKW.PLUS2W							SOURCEPAGE:RLDMG	MODS:NO	SPROP:Locate Creature on last creature wounded.	SPELLS:Avenger's Sword|TIMES=3|CASTERLEVEL=7|Locate Creature	BONUS:WEAPON|TOHIT|3|TYPE=Enhancement|PRECLASS:1,Avenger,Righteous Avenger
Azalin Dagger		PROFICIENCY:WEAPON|Dagger	TYPE:Enhancement.Weapon.Melee.Finesseable.Ranged.Thrown.Simple.Specific.Piercing.Slashing.Dagger	COST:2	WT:1	WIELD:Light		SIZE:M	DAMAGE:1d4	CRITRANGE:2	CRITMULT:x2	EQMOD:STEEL.MWORKW.PLUS2W	RANGE:10						SOURCEPAGE:RLDMG	MODS:NO	SPROP:Greater Invisibility after the first hit once per day.		
Blessed Blade		PROFICIENCY:WEAPON|Longsword	TYPE:Enhancement.Weapon.Melee.Martial.Specific.Slashing.Sword	COST:15	WT:4	WIELD:OneHanded		SIZE:M	DAMAGE:1d8	CRITRANGE:2	CRITMULT:x2	EQMOD:STEEL.MWORKW.PLUS1W							SOURCEPAGE:RLDMG	MODS:NO	SPROP:additional +2/+2d6 if a Blessed wielder use against a non Virtuous.	ABILITY:Special Ability|VIRTUAL|Resistance To Fear	BONUS:VAR|FearResistanceBonus|1|TYPE=Morale
Club of Bashing		PROFICIENCY:WEAPON|Club	TYPE:Enhancement.Weapon.Melee.Ranged.Thrown.Simple.Specific.Bludgeoning.Club	COST:0	WT:3	WIELD:OneHanded		SIZE:M	DAMAGE:1d6	CRITRANGE:1	CRITMULT:x2	EQMOD:WOOD.MWORKW.PLUS1W.BASH_M	RANGE:10						SOURCEPAGE:RLDMG	MODS:NO			
Divine Sword		PROFICIENCY:WEAPON|Longsword	TYPE:Enhancement.Weapon.Melee.Martial.Specific.Slashing.Sword	COST:15	WT:4	WIELD:OneHanded		SIZE:M	DAMAGE:1d8	CRITRANGE:2	CRITMULT:x2	EQMOD:STEEL.MWORKW.PLUS1W							SOURCEPAGE:RLDMG	MODS:NO		SPELLS:Divine Sword|TIMES=1|CASTERLEVEL=7|Divine Power	
Gray Matter Blade		PROFICIENCY:WEAPON|Longsword	TYPE:Enhancement.Weapon.Melee.Martial.Specific.Slashing.Sword	COST:15	WT:4	WIELD:OneHanded		SIZE:M	DAMAGE:1d8	CRITRANGE:2	CRITMULT:x2	EQMOD:STEEL.MWORKW.PLUS1W.KEEN							SOURCEPAGE:RLDMG	MODS:NO			
Carrion Blade		PROFICIENCY:WEAPON|Guisarme	TYPE:Enhancement.Weapon.Melee.Martial.Reach.Specific.Slashing.Polearm	COST:9	WT:12	WIELD:TwoHanded		SIZE:M	DAMAGE:2d4	CRITRANGE:1	CRITMULT:x3	EQMOD:STEEL.MWORKW.PLUS1W		REACHMULT:2					SOURCEPAGE:RLDMG	MODS:NO			
Courageous Blade		PROFICIENCY:WEAPON|Rapier	TYPE:Enhanced.Weapon.Melee.Martial.Finesseable.Specific.Piercing.Sword	COST:20	WT:2	WIELD:OneHanded		SIZE:M	DAMAGE:1d6	CRITRANGE:3	CRITMULT:x2	EQMOD:STEEL.MWORKW.PLUS1W							SOURCEPAGE:RLDMG	MODS:NO		BONUS:WEAPON|DAMAGEMULT:2|-0.5	BONUS:CHECKS|Will|2|TYPE=Equipment
Deadly Vengeance Bone Weapon		PROFICIENCY:WEAPON|Dagger	TYPE:Enhancement.Weapon.Melee.Finesseable.Ranged.Thrown.Simple.Specific.Piercing.Slashing.Dagger	COST:2	WT:1	WIELD:Light		SIZE:M	DAMAGE:1d4	CRITRANGE:2	CRITMULT:x2	EQMOD:STEEL.MWORKW.PLUS2W	RANGE:10						SOURCEPAGE:RLDMG	MODS:NO	SPROP:+2d6 points against living.		
Deception Blade		PROFICIENCY:WEAPON|Sword (Short)	TYPE:Enhanced.Weapon.Melee.Finesseable.Martial.Specific.Piercing.Sword	COST:10	WT:2	WIELD:Light		SIZE:M	DAMAGE:1d6	CRITRANGE:2	CRITMULT:x2	EQMOD:STEEL.MWORKW.PLUS1W							SOURCEPAGE:RLDMG	MODS:NO		BONUS:SKILL|Bluff|5|TYPE=Competence	BONUS:WEAPON|TOHIT|-4|!PRECLASS:1,Rogue
Ghoul Gloves		PROFICIENCY:WEAPON|Gauntlet (Spiked)	TYPE:Enhanced.Weapon.Melee.Finesseable.Simple.Specific.Piercing.Unarmed.Gauntlet	COST:5	WT:1	WIELD:Light		SIZE:M	DAMAGE:1d4	CRITRANGE:1	CRITMULT:x2	EQMOD:STEEL.MWORKW.SPL_CHRG|SPELLNAME[Ghoul Touch]SPELLLEVEL[2]CASTERLEVEL[3]CHARGES[50]							SOURCEPAGE:RLDMG	MODS:NO		BONUS:EQM|WEIGHTADD|-1|PREMULT:3,[PREEQUIP:1,TYPE.Armor],[PREEQUIP:1,TYPE.Medium,TYPE.Heavy],[!PREEQUIP:1,Breastplate]	
Greater Magic Longsword		PROFICIENCY:WEAPON|Longsword	TYPE:Enhancement.Weapon.Melee.Martial.Specific.Slashing.Sword	COST:15	WT:4	WIELD:OneHanded		SIZE:M	DAMAGE:1d8	CRITRANGE:2	CRITMULT:x2	EQMOD:STEEL.MWORKW							SOURCEPAGE:RLDMG	MODS:NO	SPROP:Permanently drain 1 point of wisdom. 1/day +% bonus to a single attack|max(5,TL/3)	BONUS:STAT|WIS|-1	
Hell Scythe		PROFICIENCY:WEAPON|Scythe	TYPE:Enhancement.Weapon.Melee.Martial.Specific.Piercing.Slashing.Scythe	COST:18	WT:10	WIELD:TwoHanded		SIZE:M	DAMAGE:2d4	CRITRANGE:1	CRITMULT:x4	EQMOD:STEEL.MWORKW.PLUS1W							SOURCEPAGE:RLDMG	MODS:NO	SPROP:+3d8 points of sonic damage after activation for the duration of the combat (Fort DC 14 or deaf permanently).		
Lash of Stigmata		PROFICIENCY:WEAPON|Whip	TYPE:Enhancement.Weapon.Melee.Exotic.Specific.Reach.Finesseable.Subdual.Slashing	COST:1	WT:2	WIELD:OneHanded		SIZE:M	DAMAGE:1d3	CRITRANGE:1	CRITMULT:x2	EQMOD:LEATHER.MWORKW.PLUS1W			REACH:15				SOURCEPAGE:RLDMG	MODS:NO	SPROP:+2d6 points holy damage against evil, plus 2 /round until cured..		
Living Saw		PROFICIENCY:WEAPON|Greataxe	TYPE:Enhancement.Weapon.Melee.Martial.Specific.Slashing.Axe	COST:20	WT:12	WIELD:TwoHanded		SIZE:M	DAMAGE:1d12	CRITRANGE:1	CRITMULT:x3	EQMOD:STEEL.MWORKW							SOURCEPAGE:RLDMG	MODS:NO	SPROP:+2d8 point of damage when activated (Horror save DC 20 if hit for more than 20 points in a single blow)		
Pistol of Accuracy +1	OUTPUTNAME:Pistol of Accuracy	PROFICIENCY:WEAPON|Firearms	TYPE:Enhancement.Weapon.Exotic.Ranged.Piercing.Specific.Container.Bullet.Pistol	COST:250	WT:3	WIELD:OneHanded	CONTAINS:1|Bullet=1|Gunpowder=1	SIZE:M	DAMAGE:1d10	CRITRANGE:1	CRITMULT:x3	EQMOD:STEEL.MWORKW.PLUS1W	RANGE:50						SOURCEPAGE:RLDMG	MODS:NO			
Pistol of Accuracy +2	OUTPUTNAME:Pistol of Accuracy	PROFICIENCY:WEAPON|Firearms	TYPE:Enhancement.Weapon.Exotic.Ranged.Piercing.Specific.Container.Bullet.Pistol	COST:250	WT:3	WIELD:OneHanded	CONTAINS:1|Bullet=1|Gunpowder=1	SIZE:M	DAMAGE:1d10	CRITRANGE:1	CRITMULT:x3	EQMOD:STEEL.MWORKW.PLUS2W	RANGE:50						SOURCEPAGE:RLDMG	MODS:NO			
Pistol of Accuracy +3	OUTPUTNAME:Pistol of Accuracy	PROFICIENCY:WEAPON|Firearms	TYPE:Enhancement.Weapon.Exotic.Ranged.Piercing.Specific.Container.Bullet.Pistol	COST:250	WT:3	WIELD:OneHanded	CONTAINS:1|Bullet=1|Gunpowder=1	SIZE:M	DAMAGE:1d10	CRITRANGE:1	CRITMULT:x3	EQMOD:STEEL.MWORKW.PLUS3W	RANGE:50						SOURCEPAGE:RLDMG	MODS:NO			
Pistol of Accuracy +4	OUTPUTNAME:Pistol of Accuracy	PROFICIENCY:WEAPON|Firearms	TYPE:Enhancement.Weapon.Exotic.Ranged.Piercing.Specific.Container.Bullet.Pistol	COST:250	WT:3	WIELD:OneHanded	CONTAINS:1|Bullet=1|Gunpowder=1	SIZE:M	DAMAGE:1d10	CRITRANGE:1	CRITMULT:x3	EQMOD:STEEL.MWORKW.PLUS4W	RANGE:50						SOURCEPAGE:RLDMG	MODS:NO			
Pistol of Accuracy +5	OUTPUTNAME:Pistol of Accuracy	PROFICIENCY:WEAPON|Firearms	TYPE:Enhancement.Weapon.Exotic.Ranged.Piercing.Specific.Container.Bullet.Pistol	COST:250	WT:3	WIELD:OneHanded	CONTAINS:1|Bullet=1|Gunpowder=1	SIZE:M	DAMAGE:1d10	CRITRANGE:1	CRITMULT:x3	EQMOD:STEEL.MWORKW.PLUS5W	RANGE:50						SOURCEPAGE:RLDMG	MODS:NO			
Pistol of Speed		PROFICIENCY:WEAPON|Firearms	TYPE:Enhancement.Weapon.Exotic.Ranged.Piercing.Specific.Container.Bullet.Pistol	COST:250	WT:3	WIELD:OneHanded	CONTAINS:1|Bullet=1|Gunpowder=1	SIZE:M	DAMAGE:1d10	CRITRANGE:1	CRITMULT:x3	EQMOD:STEEL.MWORKW	RANGE:50						SOURCEPAGE:RLDMG	MODS:NO	SPROP:when used as a secondary weapon, during a full attack action, the pistol can benefit the full attack bonus as if were a primary weapon.		
Questing Sword		PROFICIENCY:WEAPON|Sword (Bastard)	TYPE:Enhancement.Weapon.Melee.Martial.Exotic.Specific.Slashing.Sword	COST:35	WT:6	WIELD:TwoHanded		SIZE:M	DAMAGE:1d10	CRITRANGE:2	CRITMULT:x2	EQMOD:STEEL.MWORKW.PLUS1W							SOURCEPAGE:RLDMG	MODS:NO	SPROP:Temporarily damage 1 point of wisdom. 1/day user can ask one question for about the fullfillment of his quest.	BONUS:WEAPON|WIELDCATEGORY|-1|PREFEAT:1,Exotic Weapon Proficiency (Sword (Bastard))	
Sacred Greatsword		PROFICIENCY:WEAPON|Greatsword	TYPE:Weapon.Melee.Martial.Standard.Slashing.Sword	COST:50	WT:8	WIELD:TwoHanded		SIZE:M	DAMAGE:2d6	CRITRANGE:2	CRITMULT:x2	EQMOD:STEEL.MWORKW.PLUS1W.HOLY_M							SOURCEPAGE:RLDMG	MODS:NO	SPROP:Holy Sword as the spell for 14 rounds.|PRECLASS:1,Paladin=1		
Sacrifical Dagger		PROFICIENCY:WEAPON|Dagger	TYPE:Enhancement.Weapon.Melee.Finesseable.Ranged.Thrown.Simple.Specific.Piercing.Slashing.Dagger	COST:2	WT:1	WIELD:Light		SIZE:M	DAMAGE:1d4	CRITRANGE:2	CRITMULT:x2	EQMOD:STEEL.MWORKW.SPL_CHRG|SPELLNAME[Slay Living]SPELLLEVEL[5]CASTERLEVEL[11]CHARGES[50]	RANGE:10						SOURCEPAGE:RLDMG	MODS:NO	SPROP:Slay Living		
Sun Axe		PROFICIENCY:WEAPON|Greataxe	TYPE:Enhancement.Weapon.Melee.Martial.SpecificSlashing.Axe	COST:20	WT:12	WIELD:TwoHanded		SIZE:M	DAMAGE:1d12	CRITRANGE:1	CRITMULT:x3	EQMOD:STEEL							SOURCEPAGE:RLDMG	MODS:NO		BONUS:WEAPON|WIELDCATEGORY|-1	SPELLS:Sun Axe|TIMES=1|CASTERLEVEL=5|Continual Flame
Sylvan Short Sword	OUTPUTNAME:Sylvan Sword, Short	PROFICIENCY:WEAPON|Sword (Short)	TYPE:Enhanced.Weapon.Melee.Finesseable.Martial.Specific.Piercing.Sword.Elven	COST:10	WT:2	WIELD:Light		SIZE:M	DAMAGE:1d6	CRITRANGE:2	CRITMULT:x2	EQMOD:STEEL.MWORKW.PLUS1W							SOURCEPAGE:RLDMG	MODS:NO	SPROP:+1d6 points of damage against non-elf humanoid.	BONUS:SKILL|Bluff|5|TYPE=Competence	PRERACE:1,RACESUBTYPE=Elf
Vampiric Axe		PROFICIENCY:WEAPON|Greataxe	TYPE:Enhancement.Weapon.Melee.Martial.SpecificSlashing.Axe	COST:20	WT:12	WIELD:TwoHanded		SIZE:M	DAMAGE:1d12	CRITRANGE:1	CRITMULT:x3	EQMOD:STEEL.MWORKW.WOUND							SOURCEPAGE:RLDMG	MODS:NO	SPROP:Vampiric Touch on succesful attack.		
Vistani Dagger of Divination		PROFICIENCY:WEAPON|Dagger	TYPE:Enhancement.Weapon.Melee.Finesseable.Ranged.Thrown.Simple.Specific.Piercing.Slashing.Dagger	COST:2	WT:1	WIELD:Light		SIZE:M	DAMAGE:1d4	CRITRANGE:2	CRITMULT:x2	EQMOD:STEEL.MWORKW	RANGE:10						SOURCEPAGE:RLDMG	MODS:NO	SPROP:if used to wound the subject of the divination (at least 1 hp of damage), the divination caster level is effectively one higher.	SPELLS:Vistani Dagger of Divination|TIMES=3|CASTERLEVEL=7|Divination
#
Shrieking Dagger		PROFICIENCY:WEAPON|Dagger	TYPE:Cursed.Enhancement.Weapon.Melee.Finesseable.Ranged.Thrown.Simple.Specific.Piercing.Slashing.Dagger	COST:2	WT:1	WIELD:Light		SIZE:M	DAMAGE:1d4	CRITRANGE:2	CRITMULT:x2	EQMOD:STEEL.MWORKW.PLUS1W	RANGE:10						SOURCEPAGE:RLDMG	MODS:NO	SPROP:Scream when used for a sneak attack.		
Morbid Jester		PROFICIENCY:WEAPON|Sword (Cutlass)	TYPE:Cursed.Enhancement.Weapon.Melee.Finesseable.Martial.Specific.Slashing.Piercing.Sword	COST:15	WT:3		EQMOD:STEEL.MWORKW.PLUS2W					CRITMULT:x2	CRITRANGE:2	DAMAGE:1d6	WIELD:Light	SIZE:M	SOURCEPAGE:RLDMG	MODS:NO	SPROP:Tasha's Hideous Laughter on wielder when below one quarter of its maximum hit points (Will DC 13).
Venomous Loyalty		PROFICIENCY:WEAPON|Longsword	TYPE:Cursed.Enhancement.Weapon.Melee.Martial.Specific.Slashing.Sword	COST:15	WT:4	WIELD:OneHanded		SIZE:M	DAMAGE:1d8	CRITRANGE:2	CRITMULT:x2	EQMOD:STEEL.MWORKW.PLUS3W							SOURCEPAGE:RLDMG	MODS:NO	SPROP:blde tranfosrm into a Viper when unfolded for more than a monute. Automatically hitting the wielder without miss chanche.