SOURCELONG:Ravenloft Dungeon Master's Guide	SOURCESHORT:RLDMG	SOURCEWEB:http://www.gozzilioni.net
#
# type		HITDIE:12		CR:2	DR:10/Silver and Magic		LEVELADJUSTMENT:8	TEMPLATE:Undead	TEMPLATE:CHOOSE:Slam (Fine)|Slam (Diminutive)|Slam (Tiny)|Slam (Small)|Slam (Medium)|Slam (Large)|Slam (Huge)|Slam (Gargantuan)|Slam (Colossal)	SOURCEPAGE:MonstersT-Z.rtf	SAB:Blood Drain (Ex)	SAB:Children of the Night (Su)	SAB:Dominate (Su) DC%|VampireAbilityDC	SAB:Energy Drain (Su)	SAB:Create Spawn (Su)	SAB:Alternate Form (Su)	SAB:Fast Healing 5 (Ex)	SAB:Gaseous Form (Su)	SAB:Energy Resistance Cold/Electricity 10	SAB:Turn Resistance +4 (Ex)	SAB:Spider Climb (Ex)	DEFINE:VampireAbilityDC|0		PREALIGN:2,5,8		BONUS:COMBAT|AC|6|TYPE=NaturalArmor.REPLACE		BONUS:SKILL|Bluff,Hide,Listen,Move Silently,Search,Sense Motive,Spot|8|TYPE=Racial	BONUS:STAT|STR|6	BONUS:STAT|DEX|4	BONUS:STAT|INT|2	BONUS:STAT|WIS|2	BONUS:STAT|CHA|4	BONUS:VAR|VampireAbilityDC|15+CHA		FEAT:Alertness,Combat Reflexes,Dodge,Improved Initiative,Lightning Reflexes		TYPE:Undead
#																																						
Outcast Rating		VISIBLE:NO	DEFINE:OutcastRatingBase|0	TEMPLATE:CHOOSE:Outcast Rating Size Tiny|Outcast Rating Size Small|Outcast Rating Size Medium|Outcast Rating Size Large|Outcast Rating Size Huge	TEMPLATE:CHOOSE:Outcast Rating Appearance Slightly Inhuman|Outcast Rating Appearance Distinctly Inhuman|Outcast Rating Appearance Monstrous	TEMPLATE:CHOOSE:Outcast Rating Racial Reputation Angelic|Outcast Rating Racial Reputation Good|Outcast Rating Racial Reputation Evil|Outcast Rating Racial Reputation Predatory|Outcast Rating Racial Reputation Fiendish	TEMPLATE:Outcast Rating Beyond the Pale
Outcast Rating Size Tiny	VISIBLE:NO	PRESIZELTEQ:T	BONUS:VAR|OutcastRatingBase|-1
Outcast Rating Size Small	VISIBLE:NO	PRESIZEEQ:S
Outcast Rating Size Medium	VISIBLE:NO	PRESIZEEQ:M	BONUS:VAR|OutcastRatingBase|1
Outcast Rating Size Large	VISIBLE:NO	PRESIZEEQ:L	BONUS:VAR|OutcastRatingBase|2
Outcast Rating Size Huge	VISIBLE:NO	PRESIZEGTEQ:H	BONUS:VAR|OutcastRatingBase|4
Outcast Rating Appearance Slightly Inhuman	VISIBLE:NO	BONUS:VAR|OutcastRatingBase|1
Outcast Rating Appearance Distinctly Inhuman	VISIBLE:NO	BONUS:VAR|OutcastRatingBase|2
Outcast Rating Appearance Monstrous	VISIBLE:NO	BONUS:VAR|OutcastRatingBase|3
Outcast Rating Racial Reputation Angelic		VISIBLE:NO	BONUS:VAR|OutcastRatingBase|-2
Outcast Rating Racial Reputation Good		VISIBLE:NO	BONUS:VAR|OutcastRatingBase|-1
Outcast Rating Racial Reputation Evil		VISIBLE:NO	BONUS:VAR|OutcastRatingBase|1
Outcast Rating Racial Reputation Predatory		VISIBLE:NO	BONUS:VAR|OutcastRatingBase|2
Outcast Rating Racial Reputation Fiendish		VISIBLE:NO	BONUS:VAR|OutcastRatingBase|3
Outcast Rating Beyond the Pale	VISIBLE:NO	BONUS:VAR|OutcastRatingBase|1	PREMULT:1,[PRERACE:1,RACETYPE=Elemental],[PRERACE:1,RACETYPE=Construct],[PRERACE:1,RACETYPE=Fey],[PRERACE:1,RACETYPE=Outsider],[PRERACE:1,RACETYPE=Undead]
#
Gauntlets of Ghoulish Appetite ~ Claw	VISIBLE:NO	PREEQUIP:1,Gauntlets of Ghoulish Appetite	NATURALATTACKS:Claw,Weapon.Natural.Melee.Finesseable.Piercing.Slashing,*2,2d4