SOURCELONG:Arms and Equipment Guide	SOURCESHORT:AaEG	SOURCEWEB:http://www.wizards.com

#Weapon Groupings used to facilitate homebrews:		
#	Sword, Spear, Axe, Bow, Unarmed	
#	Melee, Ranged, Thrown, Spell	
#	Bludgeoning, Slashing, Piercing	
#	TwoHanded, DoubleWeapon, MeleeTwoHanded, Reach	
#	MeleeSlashing, MeleePiercing, MeeleBludgeoning, RangedSlashing, RangedPiercing, RangedBludgeoning	
#	RangedTouch	
Lucern Hammer	TYPE:Martial.Melee.Piercing.MeleePiercing.TwoHanded.Hammer
#
Bracers (Claw)	TYPE:Exotic.Melee.Piercing.MeleePiercing.Light.Unarmed.Claw.Gauntlet
Dagger (Stump)	TYPE:Exotic.Melee.Piercing.MeleePiercing.Light.Dagger
Gauntlet (Ward Cestus)	TYPE:Exotic.Melee.Piercing.MeleePiercing.Light.Unarmed.Gauntlet
Battlepick (Gnome)	TYPE:Martial.Exotic.Melee.Piercing.MeleePiercing.TwoHanded.Pick.Gnomish
Sapara	TYPE:Exotic.Melee.Slashing.MeleeSlashing.Light
Sword (Butterfly)	TYPE:Exotic.Melee.Slashing.MeleeSlashing.Sword
Tonfa	TYPE:Exotic.Melee.Bludgeoning.MeleeBludgeoning.Light
War Fan	TYPE:Exotic.Melee.Slashing.MeleeSlashing.Light
Chain and Dagger	TYPE:Exotic.Melee.Piercing.MeleePiercing.TwoHanded.Reach.Chain
Sword (Mercurial)	TYPE:Exotic.Melee.Slashing.MeleeSlashing.OneHanded.Sword
Duom	TYPE:Exotic.Melee.Piercing.MeleePiercing.TwoHanded.Reach
Greatsword (Mercurial)	TYPE:Exotic.Melee.Slashing.MeleeSlashing.TwoHanded.Sword
Gyrspike	TYPE:Exotic.Melee.Bludgeoning.MeleeBludgeoning.TwoHanded.DoubleWeapon	HANDS:2
Mace (Double)	TYPE:Exotic.Melee.Bludgeoning.MeleeBludgeoning.TwoHanded.DoubleWeapon.Mace	HANDS:2
Scimitar (Double)	TYPE:Exotic.Melee.Slashing.MeleeSlashing.TwoHanded.DoubleWeapon.Scimitar	HANDS:2
Staff (Three Section)	TYPE:Exotic.Melee.Bludgeoning.MeleeBludgeoning.TwoHanded.Quarterstaff
Fullblade	TYPE:Exotic.Martial.Melee.Slashing.MeleeSlashing.TwoHanded.Sword
#
Fukimi Bari	TYPE:Exotic.Ranged.Piercing.RangedPiercing.Light
Skiprock	TYPE:Exotic.Ranged.Bludgeoning.RangedBludgeoning.Light.Halfling
Bolas (Two Ball)	TYPE:Exotic.Ranged.Bludgeoning.RangedBludgeoning.Light.Thrown.Bolas
Calculus (Gnome)	TYPE:Exotic.Ranged.Light.Sling.Gnomish
Throwing Iron	TYPE:Exotic.Ranged.Slashing.RangedSlashing.Light.Thrown
Whip Dagger	TYPE:Exotic.Melee.Slashing.MeleeSlashing.Light.Reach.Whip
Gauntlet (Spring Loaded)	TYPE:Exotic.Melee.Ranged.Piercing.MeleePiercing.RangedPiercing.OneHanded.Unarmed.Gauntlet
Javelin (Spinning)	TYPE:Exotic.Ranged.Piercing.RangedPiercing.OneHanded.Thrown.Javelin
Crossbow (Great)	TYPE:Exotic.Ranged.Piercing.RangedPiercing.TwoHanded.Crossbow	HANDS:2
Bow (Double/Elven)	TYPE:Exotic.Martial.Ranged.Piercing.RangedPiercing.TwoHanded.Bow.Longbow.Elven	HANDS:2
Shotput	TYPE:Exotic.Melee.Bludgeoning.MeleeBludgeoning.OneHanded
