SOURCELONG:Arms and Equipment Guide	SOURCESHORT:AaEG	SOURCEWEB:http://www.wizards.com																							
																									
#Ranged Weapons																									
#Sword (Wakizashi)	OUTPUTNAME:Sword, Wakizashi	PROFICIENCY:WEAPON|Sword (Short)	TYPE:Weapon.Melee.Finesseable.Martial.Standard.Piercing.Sword	COST:10	WT:2	WIELD:Light		SIZE:M	DAMAGE:1d6	CRITRANGE:2	CRITMULT:x2	EQMOD:STEEL						SOURCEPAGE:CW							
#Blowgun (Greater)	OUTPUTNAME:Blowgun, Greater	PROFICIENCY:WEAPON|Blowgun (Greater)	TYPE:Weapon.Ranged.Exotic.Standard.Piercing.Container.Projectile.Blowgun	COST:15	WT:2													SOURCEPAGE:CW	RANGE:			CONTAINS:UNLIM|Dart=1			
Fukimi Bari	OUTPUTNAME:Fukimi-bari	PROFICIENCY:WEAPON|Fukimi Bari	TYPE:Weapon.Ranged.Exotic.Standard.Piercing	COST:1	WT:0.1	WIELD:Light		SIZE:M	DAMAGE:1	CRITRANGE:1	CRITMULT:x2	EQMOD:STEEL						SOURCEPAGE:AaEG	RANGE:5	SPROP:no STR applied to damage.					
Skiprock		PROFICIENCY:WEAPON|Skiprock	TYPE:Weapon.Ranged.Exotic.Standard.Bludgeoning.Halfling	COST:3	WT:0.25	WIELD:Light		SIZE:M	DAMAGE:1d3	CRITRANGE:1	CRITMULT:x2	EQMOD:STEEL						SOURCEPAGE:AaEG	RANGE:10	SPROP:second target with -2 to hit penalty on attack roll.					
Bolas (Two Ball)	OUTPUTNAME:Bolas, Two-Ball	PROFICIENCY:WEAPON|Bolas (Two Ball)	TYPE:Weapon.Ranged.Exotic.Standard.Thrown.Bludgeoning.Bolas	COST:5	WT:2	WIELD:Light		SIZE:M	DAMAGE:1d4	CRITRANGE:1	CRITMULT:x2	EQMOD:STEEL						SOURCEPAGE:AaEG	RANGE:10						
Calculus (Gnome)	OUTPUTNAME:Calculus, [NAME]	PROFICIENCY:WEAPON|Calculus (Gnome)	TYPE:Weapon.Ranged.Exotic.Standard.Container.Projectile.Sling.Gnomish	COST:50	WT:2	WIELD:Light		SIZE:M	DAMAGE:0			EQMOD:STEEL						SOURCEPAGE:AaEG	RANGE:50	SPROP:damage are based on projectile effects.		CONTAINS:-1|Total=1|Potion=1|Flask=1			
Chakram		PROFICIENCY:WEAPON|Chakram	TYPE:Weapon.Ranged.Exotic.Standard.Slashing.Thrown.Sling	COST:15	WT:2	WIELD:Light		SIZE:M	DAMAGE:1d4	CRITRANGE:1	CRITMULT:x3	EQMOD:STEEL						SOURCEPAGE:AaEG	RANGE:30						
Throwing Iron		PROFICIENCY:WEAPON|Throwing Iron	TYPE:Weapon.Ranged.Exotic.Standard.Slashing.Thrown	COST:8	WT:3	WIELD:Light		SIZE:M	DAMAGE:1d6	CRITRANGE:2	CRITMULT:x2	EQMOD:STEEL						SOURCEPAGE:AaEG	RANGE:10						
Whip Dagger	OUTPUTNAME:Whip-dagger	PROFICIENCY:WEAPON|Whip Dagger	TYPE:Weapon.Melee.Reach.Exotic.Standard.Finesseable.Slashing.Whip	COST:25	WT:3	WIELD:Light		SIZE:M	DAMAGE:1d6	CRITRANGE:2	CRITMULT:x2	EQMOD:LEATHER						SOURCEPAGE:AaEG			REACH:15				
Gauntlet (Spring Loaded)	OUTPUTNAME:Gauntlet, Spring-loaded	PROFICIENCY:WEAPON|Gauntlet (Spring Loaded)	TYPE:Weapon.Melee.Ranged.Finesseable.Exotic.Standard.Piercing.Unarmed.Gauntlet.Container.Projectile	COST:200	WT:3	WIELD:OneHanded	SLOTS:1	SIZE:M	DAMAGE:1d4	CRITRANGE:1	CRITMULT:x2	EQMOD:STEEL						SOURCEPAGE:AeEG	RANGE:20			CONTAINS:1|Bolt=1			
Javelin (Spinning)	OUTPUTNAME:Javelin, [NAME]	PROFICIENCY:WEAPON|Javelin (Spinning)	TYPE:Weapon.Exotic.Ranged.Standard.Piercing.Thrown.Javelin	COST:2	WT:2	WIELD:OneHanded		SIZE:M	DAMAGE:1d8	CRITRANGE:2	CRITMULT:x2	EQMOD:WOOD						SOURCEPAGE:AaEG	RANGE:50						
Crossbow (Great)	OUTPUTNAME:Crossbow, [NAME]	PROFICIENCY:WEAPON|Crossbow (Great)	TYPE:Weapon.Exotic.Ranged.Standard.Piercing.Container.Projectile.Crossbow	COST:100	WT:15	WIELD:TwoHand	SLOTS:2	SIZE:M	DAMAGE:1d12	CRITRANGE:2	CRITMULT:x2	EQMOD:WOOD						SOURCEPAGE:AaEG	RANGE:150			CONTAINS:1|Bolt=1			
Bow (Double/Elven)	OUTPUTNAME:Double Bow, elven	PROFICIENCY:WEAPON|Bow (Double/Elven)	TYPE:Weapon.Martial.Exotic.Ranged.Piercing.Container.Projectile.Bow.Longbow.Elven	COST:1000	WT:3	WIELD:TwoHand	SLOTS:2	SIZE:M	DAMAGE:1d8	CRITRANGE:1	CRITMULT:x3	EQMOD:WOOD						SOURCEPAGE:AaEG	RANGE:90	SPROP:you can fire 2 arrows at once|PREFEAT:1,Exotic Weapon Proficiency(Bow (Double/Elven))		CONTAINS:2|Arrow=2	BONUS:WEAPON|DAMAGE|min(STR,0)		
#Harpoon	vedi FRO																								
Shotput		PROFICIENCY:WEAPON|Shotput	TYPE:Weapon.Melee.Martial.Exotic.Ranged.Standard.Bludgeoning	COST:10	WT:15	WIELD:OneHanded		SIZE:M	DAMAGE:2d6	CRITRANGE:2	CRITMULT:x3	EQMOD:STEEL						SOURCEPAGE:AaEG	RANGE:10				BONUS:WEAPON|TOHIT|-3	BONUS:WEAPON|TOHIT|+3|PREMULT:2,[PREFEAT:1,Exotic Weapon Proficiency(Shotput)],[PRESIZEGTEQ:M]	
#																									
Whip Dagger (Might)	OUTPUTNAME:[NAME] Whip Dagger STR	PROFICIENCY:WEAPON|Whip Dagger	TYPE:Weapon.Melee.Reach.Exotic.Standard.Finesseable.Slashing.Whip.Might	COST:125	WT:3	WIELD:Light		SIZE:M	DAMAGE:1d6	CRITRANGE:2	CRITMULT:x2	EQMOD:LEATHER						SOURCEPAGE:AaEG			REACH:15		BONUS:WEAPON|DAMAGE|min(STR,0)		MODS:REQUIRED
Whip Dagger (Might +0)	OUTPUTNAME:[NAME] Whip Dagger STR0	PROFICIENCY:WEAPON|Whip Dagger	TYPE:Weapon.Melee.Reach.Exotic.Standard.Finesseable.Slashing.Whip.Might	COST:125	WT:3	WIELD:Light		SIZE:M	DAMAGE:1d6	CRITRANGE:2	CRITMULT:x2	EQMOD:LEATHER						SOURCEPAGE:AaEG			REACH:15				MODS:NO
