SOURCELONG:Arms and Equipment Guide	SOURCESHORT:AaEG	SOURCEWEB:http://www.gozzilioni.net																						
#	#=IF(LOOKUP(CONCATENATE("#";A2);$A$4:$A$75)=CONCATENATE("#";A2);"";A2)																							
# Equipment Name	Output Name		Type	Cost	Weight	Base Quantity	Modifier	Requires Modification?	Source Page	Weapon prop. bonus	Special Property		REACHMULT:2	RANGE										
#Bladed Crossbow	COST:32350																							
#Bow of Arcane Might	COST:8600																							
#Bow of Force	COST:32700																							
#Bow of Mighty Pulling	COST:26375																							
#Bow of Radiance	COST:40375																							
#Bow of Songs	COST:32330																							
#Bow of the Solars	COST:100100																							
#Bow of the Steppes	COST:18525																							
#Bow of the Sympathetic Enhancement	COST:32330																							
#Crossbow (Deathwand)	COST:10335																							
#Crossbow (Dwarven Mauler)	COST:18700																							
#Crossbow (Inevitable)	COST:18335																							
#Crossbow of Retrieving	COST:13400																							
#Crossbow of Trailing Flame	COST:18550																							
#Dart of Pinning	COST:18300																							
#Force Web	COST:72320																							
#Gnome Steam Bow	COST:18530																							
#Gnome's Toolkit	COST:10335																							
#Gray Snare	COST:74320																							
#Guardian Bow	COST:50700																							
#Javelin of Chain Lightning	COST:3301																							
#Javelin of Lightning (Greater)	COST:1501																							
#Javelin of Obliteration	COST:9301																							
#Javelin of Precision	COST:50301																							
#Larethian Protector	COST:50375																							
#Living Net	COST:18320																							
#Moonsilver Shard	COST:50																							
#Ricochet Sling	COST:32300																							
#Self Loading Crossbow	COST:12350																							
#Shadow's Hand	COST:30301																							
#Skybow	COST:25975																							
#Sling of Misdirection	COST:30300																							
#Sorcerer's Hand	COST:18335																							
																								
																								
																								
																								
																								
																								
																								
																								
																								
																								
																								
																								
																								
																								
																								
																								
																								
																								
																								
																								
																								
																								
																								
																								
																								
																								
																								
																								
																								
																								
																								
																								
																								
																								
																								
																								
																								
																								
																								
																								
# Equipment Name	Output Name		Type	Cost	Weight	Base Quantity	Modifier	Requires Modification?	Source Page	Weapon prop. bonus	Special Property		REACHMULT:2	RANGE										
Bladed Crossbow		PROFICIENCY:WEAPON|Crossbow (Heavy)	TYPE:Enhancement.Weapon.Simple.Ranged.Specific.Piercing.Container.Projectile.Crossbow.Double	COST:50	WT:8	WIELD:Light		SIZE:M	DAMAGE:1d10	CRITRANGE:2	CRITMULT:x2	EQMOD:WOOD.MWORKW.PLUS2W		RANGE:120	ALTTYPE:Enhancement.Weapon.Exotic.Slashing	ALTDAMAGE:1d8	ALTCRITRANGE:1	ALTCRITMULT:x2	ALTEQMOD:STEEL.MWORKW.PLUS2W	SOURCEPAGE:AaEG	MODS:NO	SPROP:-4 to hit melee attack.|!PREFEAT:1,Exotic Weapon Proficiency (Bladed Crossbow)		CONTAINS:1|Bolt=1
Bow of Arcane Might		PROFICIENCY:WEAPON|Longbow	TYPE:Enhancement.Weapon.Martial.Ranged.Specific.Piercing.Container.Projectile.Bow.Longbow.Composite	COST:100	WT:3		SLOTS:2	SIZE:M	DAMAGE:1d8	CRITRANGE:1	CRITMULT:x3	EQMOD:WOOD.MWORKW.PLUS1W.BOWSTR|2		RANGE:110						SOURCEPAGE:AaEG	MODS:NO	SPROP:bonus to damage equal to a slot level sacrified (move equivalent)	BONUS:WEAPON|DAMAGE|min(STR,0)	CONTAINS:1|Arrow=1
Bow of Force		PROFICIENCY:WEAPON|Longbow	TYPE:Enhancement.Weapon.Martial.Ranged.Specific.Piercing.Container.Projectile.Bow.Longbow.Composite	COST:100	WT:3		SLOTS:2	SIZE:M	DAMAGE:1d8	CRITRANGE:1	CRITMULT:x3	EQMOD:WOOD.MWORKW.PLUS2W.BOWSTR|3		RANGE:110						SOURCEPAGE:AaEG	MODS:NO	SPROP:arrows fired becomes energy attacks.	BONUS:WEAPON|DAMAGE|min(STR,0)	CONTAINS:1|Arrow=1
Bow of Mighty Pulling		PROFICIENCY:WEAPON|Shortbow	TYPE:Enhancement.Weapon.Martial.Ranged.Specific.Piercing.Container.Projectile.Bow.Shortbow.Composite	COST:75	WT:2		SLOTS:2	SIZE:M	DAMAGE:1d6	CRITRANGE:1	CRITMULT:x3	EQMOD:WOOD.MWORKW.PLUS3W.BOWSTR|0		RANGE:70						SOURCEPAGE:AaEG	MODS:NO	SPROP:% bonus on damage (Move Equivalent action to charge)|STR	BONUS:WEAPON|DAMAGE|min(STR,0)	CONTAINS:1|Arrow=1
Bow of Radiance		PROFICIENCY:WEAPON|Longbow	TYPE:Enhancement.Weapon.Martial.Ranged.Specific.Piercing.Container.Projectile.Bow.Longbow	COST:75	WT:3		SLOTS:2	SIZE:M	DAMAGE:1d8	CRITRANGE:1	CRITMULT:x3	EQMOD:WOOD.MWORKW.PLUS2W.DAYLGHT_R		RANGE:100						SOURCEPAGE:AaEG	MODS:NO	SPROP:arrows shots sheds Light as the spell.	BONUS:WEAPON|DAMAGE|min(STR,0)	CONTAINS:1|Arrow=1
Bow of the Solars		PROFICIENCY:WEAPON|Longbow	TYPE:Enhancement.Weapon.Martial.Ranged.Specific.Piercing.Container.Projectile.Bow.Longbow.Composite	COST:100	WT:3		SLOTS:2	SIZE:M	DAMAGE:1d8	CRITRANGE:1	CRITMULT:x3	EQMOD:WOOD.MWORKW.PLUS2W.BOWSTR|5		RANGE:110						SOURCEPAGE:AaEG	MODS:NO	SPROP:arrows fired becomes slaying arrows.	BONUS:WEAPON|DAMAGE|min(STR,0)	CONTAINS:1|Arrow=1
Bow of Songs		PROFICIENCY:WEAPON|Shortbow	TYPE:Enhancement.Weapon.Martial.Ranged.Specific.Piercing.Container.Projectile.Bow.Shortbow	COST:30	WT:2		SLOTS:2	SIZE:M	DAMAGE:1d6	CRITRANGE:1	CRITMULT:x3	EQMOD:WOOD.MWORKW.PLUS2W		RANGE:60						SOURCEPAGE:AaEG	MODS:NO	SPROP:Use one bardic music to add % CHA bonus to attack and damage.|CHA	BONUS:WEAPON|DAMAGE|min(STR,0)	CONTAINS:1|Arrow=1
Bow of the Steppes		PROFICIENCY:WEAPON|Longbow	TYPE:Enhancement.Weapon.Martial.Ranged.Specific.Piercing.Container.Projectile.Bow.Longbow.Composite	COST:100	WT:3		SLOTS:2	SIZE:M	DAMAGE:1d8	CRITRANGE:1	CRITMULT:x3	EQMOD:WOOD.MWORKW.PLUS2W.BOWSTR|2		RANGE:110						SOURCEPAGE:AaEG	MODS:NO	SPROP:reduce penalty when shot while riding.	BONUS:WEAPON|DAMAGE|min(STR,0)	CONTAINS:1|Arrow=1
Bow of the Sympathetic Enhancement		PROFICIENCY:WEAPON|Shortbow	TYPE:Enhancement.Weapon.Martial.Ranged.Specific.Piercing.Container.Projectile.Bow.Shortbow	COST:30	WT:2		SLOTS:2	SIZE:M	DAMAGE:1d6	CRITRANGE:1	CRITMULT:x3	EQMOD:WOOD.MWORKW.PLUS2W		RANGE:60						SOURCEPAGE:AaEG	MODS:NO	SPROP:normal arrows fired becomes treated as +1 magic arrows.	BONUS:WEAPON|DAMAGE|min(STR,0)	CONTAINS:1|Arrow=1
#Bowstaff	vedi CAd 																							
Crossbow (Deathwand)	OUTPUTNAME:Crossbow, Deathwand	PROFICIENCY:WEAPON|Crossbow (Light)	TYPE:Enhancement.Weapon.Simple.Ranged.Specific.Piercing.Container.Projectile.Crossbow	COST:35	WT:4			SIZE:M	DAMAGE:1d8	CRITRANGE:2	CRITMULT:x2	EQMOD:WOOD.MWORKW.PLUS2W		RANGE:80						SOURCEPAGE:AaEG	MODS:NO	SPROP:use the wand as if equipped.		CONTAINS:UNLIM|Total=3|Wand=2|Bolt=1
Crossbow (Dwarven Mauler)		PROFICIENCY:WEAPON|Crossbow (Heavy)	TYPE:Enhancement.Weapon.Simple.Ranged.Specific.Piercing.Container.Projectile.Crossbow	COST:50	WT:8	WIELD:Light		SIZE:L	DAMAGE:1d12	CRITRANGE:2	CRITMULT:x2	EQMOD:WOOD.MWORKW.PLUS2W		RANGE:120						SOURCEPAGE:AaEG	MODS:NO	SPROP:against giants and goblinoid critical multiplier is x4.		CONTAINS:1|Bolt=1
Crossbow (Inevitable)		PROFICIENCY:WEAPON|Crossbow (Light)	TYPE:Enhancement.Weapon.Simple.Ranged.Specific.Piercing.Container.Projectile.Crossbow	COST:35	WT:4			SIZE:M	DAMAGE:1d8	CRITRANGE:2	CRITMULT:x2	EQMOD:WOOD.MWORKW.PLUS1W		RANGE:80						SOURCEPAGE:AaEG	MODS:NO	SPROP:as long as continue to miss on the same target, the hit bonus increases from +0 Insight to +5 insight bonus.		CONTAINS:1|Bolt=1
Crossbow of Retrieving		PROFICIENCY:WEAPON|Crossbow (Hand)	TYPE:Enhancement.Weapon.Exotic.Ranged.Piercing.Specific.Container.Projectile.Crossbow	COST:100	WT:2	WIELD:Light		SIZE:M	DAMAGE:1d4	CRITRANGE:2	CRITMULT:x2	EQMOD:WOOD.MWORKW.PLUS2W		RANGE:30						SOURCEPAGE:AaEG	MODS:NO	SPROP:Mage Hand on any inanimate object hit with a bolt. 		CONTAINS:1|Bolt=1
Crossbow of Trailing Flame		PROFICIENCY:WEAPON|Crossbow (Repeating Light)	TYPE:Enhancement.Weapon.Exotic.Ranged.Piercing.Specific.Container.Projectile.Crossbow	COST:250	WT:6			SIZE:M	DAMAGE:1d8	CRITRANGE:2	CRITMULT:x2	EQMOD:WOOD.MWORKW.PLUS1W.FLM_R		RANGE:80						SOURCEPAGE:AaEG	MODS:NO	SPROP:+1 flaming damage each shot after the first in the same round.		CONTAINS:5|Bolt=5
Dart of Pinning		PROFICIENCY:WEAPON|Dart	TYPE:Enhancement.Weapon.Simple.Ranged.Specified.Piercing.Thrown.Dart	COST:0.5	WT:0.5	WIELD:Light		SIZE:M	DAMAGE:1d4	CRITRANGE:1	CRITMULT:x2	EQMOD:WOOD.MWORKW.PLUS2W		RANGE:20						SOURCEPAGE:AaEG	MODS:NO	SPROP:Fort DC 13 or paralyzed (Carrion Crawler Brain Juice)		
Force Web		PROFICIENCY:WEAPON|Net	TYPE:Enhancement.Weapon.Exotic.Ranged.Specific.Thrown	COST:20	WT:6							EQMOD:ROPE.MWORKW.PLUS4W		RANGE:10						SOURCEPAGE:AaEG	MODS:NO	SPROP:Escape Artist DC 20, Hardness 10, 30 hit points. Strength DC 40 to break.		
Gnome Steam Bow		PROFICIENCY:WEAPON|Shortbow	TYPE:Enhancement.Weapon.Martial.Ranged.Specific.Piercing.Container.Projectile.Bow.Shortbow.Gnomish	COST:30	WT:2		SLOTS:2	SIZE:M	DAMAGE:1d6	CRITRANGE:1	CRITMULT:x3	EQMOD:WOOD.MWORKW.PLUS1W		RANGE:60						SOURCEPAGE:AaEG	MODS:NO		BONUS:WEAPON|DAMAGE|min(STR,0)	CONTAINS:1|Arrow=1
Gnome's Toolkit		PROFICIENCY:WEAPON|Crossbow (Light)	TYPE:Enhancement.Weapon.Simple.Ranged.Specific.Piercing.Container.Projectile.Crossbow.Gnomish	COST:35	WT:4			SIZE:M	DAMAGE:1d8	CRITRANGE:2	CRITMULT:x2	EQMOD:WOOD.MWORKW.PLUS2W		RANGE:80						SOURCEPAGE:AaEG	MODS:NO	SPROP:as long as continue to miss on the same target, the hit bonus increases from +0 Insight to +5 insight bonus.		CONTAINS:*6|Any
Gray Snare		PROFICIENCY:WEAPON|Net	TYPE:Enhancement.Weapon.Exotic.Ranged.Specific.Thrown	COST:20	WT:6							EQMOD:ROPE.MWORKW.PLUS1W		RANGE:10						SOURCEPAGE:AaEG	MODS:NO	SPROP:1/day transform into a Gray Ooze.		
Guardian Bow		PROFICIENCY:WEAPON|Longbow	TYPE:Enhancement.Weapon.Martial.Ranged.Specific.Piercing.Container.Projectile.Bow.Longbow.Composite	COST:100	WT:3		SLOTS:2	SIZE:M	DAMAGE:1d8	CRITRANGE:1	CRITMULT:x3	EQMOD:WOOD.MWORKW.PLUS2W.BOWSTR|3		RANGE:110						SOURCEPAGE:AaEG	MODS:NO	SPROP:provokes attack of opportunity only from the target.	BONUS:WEAPON|DAMAGE|min(STR,0)	CONTAINS:1|Arrow=1
Javelin of Chain Lightning		PROFICIENCY:WEAPON|Javelin	TYPE:Enhancement.Weapon.Simple.Ranged.Specific.Piercing.Thrown.Javelin	COST:1	WT:2				DAMAGE:1d6	CRITRANGE:1	CRITMULT:x2	EQMOD:WOOD.MWORKW		RANGE:30						SOURCEPAGE:AaEG	MODS:NO	SPROP:Chain Lightning on target as primary target and eleven nearest as secondary dealing 11D6 on primary and 5d6 on secondary (Reflex DC 19 for half).		
Javelin of Lightning (Greater)	OUTPUTNAME:Greater Javeling of Lightning	PROFICIENCY:WEAPON|Javelin	TYPE:Enhancement.Weapon.Simple.Ranged.Specific.Piercing.Thrown.Javelin	COST:1	WT:2				DAMAGE:1d6	CRITRANGE:1	CRITMULT:x2	EQMOD:WOOD.MWORKW		RANGE:30						SOURCEPAGE:AaEG	MODS:NO	SPROP:Lighnintbolt 10d6 on target (Reflex DC 14 for half).		
Javelin of Obliteration		PROFICIENCY:WEAPON|Javelin	TYPE:Enhancement.Weapon.Simple.Ranged.Specific.Piercing.Thrown.Javelin.Touch	COST:1	WT:2				DAMAGE:1d6	CRITRANGE:1	CRITMULT:x2	EQMOD:WOOD.MWORKW		RANGE:30						SOURCEPAGE:AaEG	MODS:NO	SPROP:Disintegrate on target (Reflex DC 19 for partial).		
Javelin of Precision		PROFICIENCY:WEAPON|Javelin	TYPE:Enhancement.Weapon.Simple.Ranged.Specific.Piercing.Thrown.Javelin	COST:1	WT:2				DAMAGE:1d6	CRITRANGE:1	CRITMULT:x2	EQMOD:WOOD.MWORKW.PLUS3W		RANGE:30						SOURCEPAGE:AaEG	MODS:NO	SPROP:ignore cover bonus to AC. 		
Larethian Protector		PROFICIENCY:WEAPON|Longbow	TYPE:Enhancement.Weapon.Martial.Ranged.Specific.Piercing.Container.Projectile.Bow.Longbow	COST:75	WT:3		SLOTS:2	SIZE:M	DAMAGE:1d8	CRITRANGE:1	CRITMULT:x3	EQMOD:WOOD.MWORKW.PLUS2W		RANGE:100						SOURCEPAGE:AaEG	MODS:NO	SPROP:Use one Turn Undead attempt to add %d6 bonus to the damage against an evil humanoid.|CHA	BONUS:WEAPON|DAMAGE|min(STR,0)	CONTAINS:1|Arrow=1
Living Net		PROFICIENCY:WEAPON|Net	TYPE:Enhancement.Weapon.Exotic.Ranged.Specific.Thrown	COST:20	WT:6							EQMOD:ROPE.MWORKW.PLUS2W		RANGE:20						SOURCEPAGE:AaEG	MODS:NO	SPROP:Trip the target as free action.		
Moonsilver Shard		PROFICIENCY:WEAPON|Dart	TYPE:Enhancement.Weapon.Simple.Ranged.Specified.Piercing.Thrown.Dart	COST:0.5	WT:0.5	WIELD:Light		SIZE:M	DAMAGE:1d4	CRITRANGE:1	CRITMULT:x2	EQMOD:WOOD.MWORKW		RANGE:150						SOURCEPAGE:AaEG	MODS:NO	SPROP:Act as Magic Missile darts.		
Ricochet Sling		PROFICIENCY:WEAPON|Sling	TYPE:Enhancement.Weapon.Simple.Ranged.Specific.Bludgeoning.Container.Projectile.Sling	COST:0	WT:0				DAMAGE:1d4	CRITRANGE:1	CRITMULT:x2	EQMOD:LEATHER		RANGE:50						SOURCEPAGE:AaEG	MODS:NO	SPROP:Bounce attack against wall to target within 5'ft, denying Dexterity.	BONUS:WEAPON|DAMAGE|STR	CONTAINS:1|SlingStone=1
Self Loading Crossbow		PROFICIENCY:WEAPON|Crossbow (Heavy)	TYPE:Enhancement.Weapon.Simple.Ranged.Specific.Piercing.Container.Projectile.Crossbow	COST:50	WT:8			SIZE:M	DAMAGE:1d10	CRITRANGE:2	CRITMULT:x2	EQMOD:WOOD.MWORKW.PLUS1W		RANGE:120						SOURCEPAGE:AaEG	MODS:NO	SPROP:loading is move equivalent action.		CONTAINS:1|Bolt=1
Shadow's Hand		PROFICIENCY:WEAPON|Shuriken	TYPE:Enhancement.Weapon.Exotic.Ranged.Piercing.Specific.Monk.Thrown	COST:0.2	WT:0.1	WIELD:Light		SIZE:M	DAMAGE:1d2	CRITRANGE:1	CRITMULT:x2	EQMOD:STEEL.MWORKW.PLUS2W.WOUND.THROWN_AMMO		RANGE:10						SOURCEPAGE:AaEG	MODS:NO			
Skybow		PROFICIENCY:WEAPON|Longbow	TYPE:Enhancement.Weapon.Martial.Ranged.Specific.Piercing.Container.Projectile.Bow.Longbow	COST:75	WT:3		SLOTS:2	SIZE:M	DAMAGE:1d8	CRITRANGE:1	CRITMULT:x3	EQMOD:WOOD.MWORKW.PLUS2W.BANE_M_SBT|Subtype (Earth)		RANGE:100						SOURCEPAGE:AaEG	MODS:NO	SPROP:1/day ignore cover like Seeker Arrow of Arcane Archer.	BONUS:WEAPON|DAMAGE|min(STR,0)	CONTAINS:1|Arrow=1
Sling of Misdirection		PROFICIENCY:WEAPON|Sling	TYPE:Enhancement.Weapon.Simple.Ranged.Specific.Bludgeoning.Container.Projectile.Sling	COST:0	WT:0				DAMAGE:1d4	CRITRANGE:1	CRITMULT:x2	EQMOD:LEATHER.MWORKW.PLUS1W.BANE_M|Constructs		RANGE:50						SOURCEPAGE:AaEG	MODS:NO	SPROP:any construct hits act as Random Action (Will DC 12 negate).	BONUS:WEAPON|DAMAGE|STR	CONTAINS:1|SlingStone=1
Sorcerer's Hand		PROFICIENCY:WEAPON|Crossbow (Light)	TYPE:Enhancement.Weapon.Simple.Ranged.Specific.Piercing.Container.Projectile.Crossbow	COST:35	WT:4			SIZE:M	DAMAGE:1d8	CRITRANGE:2	CRITMULT:x2	EQMOD:WOOD.MWORKW.PLUS2W		RANGE:80						SOURCEPAGE:AaEG	MODS:NO	SPROP:+1 casterlevel when casting a ray spell. +2 enhancement bonus on attack rolls for rays.		CONTAINS:1|Bolt=1
