SOURCELONG:Arms and Equipment Guide	SOURCESHORT:AaEG	SOURCEWEB:http://www.gozzilioni.net																			
																					
# Equipment Name	Required Proficiency			Type									Cost		Weight	AC Penalty Check	Maximum DEX Bonus	Source Page		% of Spell Failure	Combat bonus
#Light Armor																					
Bark	PROFICIENCY:ARMOR|Bark	TYPE:Armor.Light.Suit.Nonmetal	COST:5	WT:15	ACCHECK:-2	EQMOD:WOOD	MAXDEX:5	SOURCEPAGE:AaEG	SPELLFAILURE:15	BONUS:COMBAT|AC|2|TYPE=Armor											
Bondleaf Wrap	PROFICIENCY:ARMOR|Bondleaf Wrap	TYPE:Armor.Light.Suit.Nonmetal	COST:1000	WT:2		EQMOD:LEATHER		SOURCEPAGE:AaEG		BONUS:COMBAT|AC|1|TYPE=Armor											
Bone	PROFICIENCY:ARMOR|Bone	TYPE:Armor.Light.Suit.Nonmetal	COST:20	WT:20	ACCHECK:-3	EQMOD:BONE	MAXDEX:4	SOURCEPAGE:AaEG	SPELLFAILURE:15	BONUS:COMBAT|AC|3|TYPE=Armor											
Cord	PROFICIENCY:ARMOR|Cord	TYPE:Armor.Light.Suit.Nonmetal	COST:15	WT:15	ACCHECK:-1	EQMOD:CLOTH	MAXDEX:5	SOURCEPAGE:AaEG	SPELLFAILURE:5	BONUS:COMBAT|AC|2|TYPE=Armor											
Leather Scale	PROFICIENCY:ARMOR|Leather Scale	TYPE:Armor.Light.Suit.Nonmetal	COST:35	WT:20	ACCHECK:-2	EQMOD:LEATHER	MAXDEX:6	SOURCEPAGE:AaEG	SPELLFAILURE:15	BONUS:COMBAT|AC|3|TYPE=Armor											
Moonivy	PROFICIENCY:ARMOR|Moonivy	TYPE:Armor.Light.Suit	COST:16000	WT:5	ACCHECK:0	EQMOD:STEEL	MAXDEX:6	SOURCEPAGE:AaEG	SPELLFAILURE:10	BONUS:COMBAT|AC|4|TYPE=Armor											
Wicker	PROFICIENCY:ARMOR|Wicker	TYPE:Armor.Light.Suit.Nonmetal	COST:1	WT:5	ACCHECK:0	EQMOD:CLOTH	MAXDEX:5	SOURCEPAGE:AaEG	SPELLFAILURE:10	BONUS:COMBAT|AC|1|TYPE=Armor											
Wood	PROFICIENCY:ARMOR|Wood	TYPE:Armor.Light.Suit.Nonmetal	COST:15	WT:15	ACCHECK:-3	EQMOD:WOOD	MAXDEX:4	SOURCEPAGE:AaEG	SPELLFAILURE:15	BONUS:COMBAT|AC|3|TYPE=Armor											
																					
#Medium Armor																					
Brigandine	PROFICIENCY:ARMOR|Brigandine	TYPE:Armor.Medium.Suit	COST:30	WT:40	ACCHECK:-5	EQMOD:STEEL	MAXDEX:2	SOURCEPAGE:AaEG	SPELLFAILURE:30	BONUS:COMBAT|AC|4|TYPE=Armor											
Lamellar Armor	PROFICIENCY:ARMOR|Lamellar	TYPE:Armor.Medium.Suit	COST:150	WT:35	ACCHECK:-4	EQMOD:STEEL	MAXDEX:3	SOURCEPAGE:AaEG	SPELLFAILURE:30	BONUS:COMBAT|AC|5|TYPE=Armor											
Ring Armor	PROFICIENCY:ARMOR|Ring	TYPE:Armor.Medium.Suit	COST:75	WT:35	ACCHECK:-3	EQMOD:STEEL	MAXDEX:4	SOURCEPAGE:AaEG	SPELLFAILURE:30	BONUS:COMBAT|AC|4|TYPE=Armor											
Shell Armor	PROFICIENCY:ARMOR|Shell	TYPE:Armor.Medium.Suit.Nonmetal	COST:25	WT:20	ACCHECK:-2	EQMOD:SHELL	MAXDEX:3	SOURCEPAGE:AaEG	SPELLFAILURE:20	BONUS:COMBAT|AC|3|TYPE=Armor											
																					
#Heavy																					
Coral Armor	PROFICIENCY:ARMOR|Coral	TYPE:Armor.Heavy.Suit.Nonmetal	COST:225	WT:40	ACCHECK:-7	EQMOD:STEEL	MAXDEX:1	SOURCEPAGE:AaEG	SPELLFAILURE:30	BONUS:COMBAT|AC|6|TYPE=Armor											
Dendritic	PROFICIENCY:ARMOR|Dendritic	TYPE:Armor.Heavy.Suit.Nonmetal	COST:2000	WT:60	ACCHECK:-8	EQMOD:STEEL	MAXDEX:0	SOURCEPAGE:AaEG	SPELLFAILURE:40	BONUS:COMBAT|AC|9|TYPE=Armor											
Stone (Dwarven)	PROFICIENCY:ARMOR|Stone (Dwarven)	TYPE:Armor.Heavy.Suit.Nonmetal	COST:1750	WT:80	ACCHECK:-7	EQMOD:STONE	MAXDEX:0	SOURCEPAGE:AaEG	SPELLFAILURE:40	BONUS:COMBAT|AC|9|TYPE=Armor	OUTPUTNAME:Stone, Dwarven										
																					
#Shields																					
Buckler (Beetle)	PROFICIENCY:SHIELD|Buckler (Beetle)	TYPE:Shield.Buckler.Standard	COST:6600	WT:5	ACCHECK:-1	EQMOD:STEEL		SOURCEPAGE:AaEG	SPELLFAILURE:5	BONUS:COMBAT|AC|1|TYPE=Shield	OUTPUTNAME:Buckler, Beetle	SLOTS:0	BONUS:COMBAT|TOHIT|-1|PREMULT:1,[PREEQUIPBOTH:1,TYPE=Melee],[PREEQUIPSECONDARY:1,TYPE=Melee]	BONUS:COMBAT|AC|1|TYPE=Enhancement							
Dastana	PROFICIENCY:SHIELD|Dastana	TYPE:Shield.Light.Standard.Bracer	COST:25	WT:5	ACCHECK:-1	EQMOD:STEEL		SOURCEPAGE:AaEG	SPELLFAILURE:5	BONUS:COMBAT|AC|1|TYPE=Shield|PREEQUIP:1,Padded,Leather,Chain Shirt		WIELD:Light	SIZE:M	DAMAGE:1d3							
Shield (Stiletto)	PROFICIENCY:SHIELD|Shield (Stiletto)	TYPE:Shield.Light.Standard	COST:30	WT:10	ACCHECK:-1	EQMOD:STEEL		SOURCEPAGE:AaEG	SPELLFAILURE:5	BONUS:COMBAT|AC|1|TYPE=Shield		WIELD:Light	SIZE:M	DAMAGE:1d3							
