SOURCELONG:Arms and Equipment Guide	SOURCESHORT:AaEG	SOURCEWEB:http://www.wizards.com												
														
# Equipment Name		Type	Cost	Weight	Source Page	Special Property	Desc	Bonus to skill		Contains				
Animal Call		TYPE:Goods.General.Resizable	COST:20	WT:0	SOURCEPAGE:AaEG	SPROP:+2 circumstance on Wilderness Lore when hunting for food								
Armor Maintenance Kit		TYPE:Goods.General.Resizable	COST:1	WT:1	SOURCEPAGE:AaEG	SPROP:+2 circumstance on Craft (Armorsmithing) when repairing an armor								
Ascender/Slider		TYPE:Goods.General.Resizable	COST:20	WT:1	SOURCEPAGE:AaEG	SPROP:+1 circumstance on Climb check when using a single rope								
Banner/Standard		TYPE:Goods.General.Resizable	COST:30	WT:10	SOURCEPAGE:AaEG	SPROP:+2 circumstance on Spot checks to be seen on distance								
Barbed Wire (50-ft)		TYPE:Goods.General.Resizable	COST:75	WT:35	SOURCEPAGE:AaEG									
Bolt Cutters		TYPE:Goods.General.Resizable	COST:6	WT:5	SOURCEPAGE:AaEG									
Book (False)		TYPE:Goods.General.Resizable	COST:30	WT:2	SOURCEPAGE:AaEG									
Brewmaker (Dwarven)		TYPE:Goods.General.Resizable	COST:40	WT:5	SOURCEPAGE:AaEG									
Cage (Diminutive)		TYPE:Goods.General.Resizable	COST:10	WT:13	SOURCEPAGE:AaEG	SPROP:One diminutive creature or multiple smaller								
Cage (Large)		TYPE:Goods.General.Resizable	COST:75	WT:200	SOURCEPAGE:AaEG	SPROP:One large creature or multiple smaller								
Cage (Medium)		TYPE:Goods.General.Resizable	COST:50	WT:100	SOURCEPAGE:AaEG	SPROP:One Medium creature or multiple smaller								
Cage (Small)		TYPE:Goods.General.Resizable	COST:25	WT:75	SOURCEPAGE:AaEG	SPROP:One small creature or multiple smaller								
Cage (Tiny)		TYPE:Goods.General.Resizable	COST:15	WT:25	SOURCEPAGE:AaEG	SPROP:One tiny creature or multiple smaller								
Candelabra 4-candle gold		TYPE:Goods.Sacred.Resizable.Church.Candelabra.LightSource.Container	COST:25	WT:1	SOURCEPAGE:AaEG		CONTAINS:1|Candle=4	QUALITY:Shadowy Illumination|10 ft.	QUALITY:Duration|1 hr.					
Candelabra 4-candle silver		TYPE:Goods.Sacred.Resizable.Church.Candelabra.LightSource	COST:10	WT:.5	SOURCEPAGE:AaEG		CONTAINS:1|Candle=4	QUALITY:Shadowy Illumination|10 ft.	QUALITY:Duration|1 hr.					
Candelabra 8-candle gold		TYPE:Goods.Sacred.Resizable.Church.Candelabra.LightSource	COST:35	WT:2	SOURCEPAGE:AaEG		CONTAINS:1|Candle=8	QUALITY:Shadowy Illumination|15 ft.	QUALITY:Duration|1 hr.					
Candelabra 8-candle silver		TYPE:Goods.Sacred.Resizable.Church.Candelabra.LightSource	COST:20	WT:1	SOURCEPAGE:AaEG		CONTAINS:1|Candle=8	QUALITY:Shadowy Illumination|15 ft.	QUALITY:Duration|1 hr.					
Candelabra 16-candle gold		TYPE:Goods.Sacred.Resizable.Church.Candelabra.LightSource	COST:45	WT:6	SOURCEPAGE:AaEG		CONTAINS:1|Candle=16	QUALITY:Shadowy Illumination|20 ft.	QUALITY:Duration|1 hr.					
Candelabra 16-candle silver		TYPE:Goods.Sacred.Resizable.Church.Candelabra.LightSource	COST:25	WT:3	SOURCEPAGE:AaEG		CONTAINS:1|Candle=16	QUALITY:Shadowy Illumination|20 ft.	QUALITY:Duration|1 hr.					
Candle (insectbane)		TYPE:Goods.Sacred.Resizable.Church.Candle.LightSource	COST:.1	WT:0	SOURCEPAGE:AaEG			QUALITY:Shadowy Illumination|10 ft.	QUALITY:Duration|1 hr.					
Candle (wick/50-ft)		TYPE:Goods.Sacred.Resizable.Church.Candle.LightSource	COST:.2	WT:0	SOURCEPAGE:AaEG			QUALITY:Shadowy Illumination|50 ft.	QUALITY:Duration|1 hr.					
Candle Mold		TYPE:Goods.Sacred.Resizable.Church.Candelabra	COST:1.2	WT:5	SOURCEPAGE:AaEG									
Crane Portable (str 22)		TYPE:Goods.General.Resizable	COST:30	WT:75	SOURCEPAGE:AaEG									
Crane Portable (str 24)		TYPE:Goods.General.Resizable	COST:60	WT:120	SOURCEPAGE:AaEG									
Crane Portable (str 28)		TYPE:Goods.General.Resizable	COST:120	WT:3250	SOURCEPAGE:AaEG									
Earplug		TYPE:Goods.General.Resizable	COST:0.3	WT:0	SOURCEPAGE:AaEG	SPROP:+1 circumstance on saves against sonic attacks		BONUS:SKILL|Listen|-4|TYPE=Circumstance						
Finger Blades		TYPE:Goods.General.Resizable.Glove	COST:20	WT:0	SOURCEPAGE:AaEG			BONUS:SKILL|Pick Pocket|1|TYPE=Circumstance						
Fishing Tackle		TYPE:Goods.General.Resizable	COST:20	WT:5	SOURCEPAGE:AaEG	SPROP:+1 circumstance on Survival check when gathering food around bodies of water								
Flotation Bags		TYPE:Goods.General.Resizable	COST:5	WT:1	SOURCEPAGE:AaEG			BONUS:SKILL|Swim|2|TYPE=Circcumstance						
Fowler's Snare		TYPE:Goods.General.Resizable	COST:20	WT:5	SOURCEPAGE:AaEG	SPROP:+1 circumstance on Survival check when capturing birds and other small animals								
Game Board (portable)		TYPE:Goods.General.Resizable	COST:2	WT:1	SOURCEPAGE:AaEG									
Glass Cutter		TYPE:Goods.General.Resizable	COST:2	WT:1	SOURCEPAGE:AaEG									
Grappling Hook (collapsing)		TYPE:Goods.General.Resizable	COST:3	WT:2	SOURCEPAGE:AaEG									
Grappling Ladder (10-ft)		TYPE:Goods.General.Resizable	COST:40	WT:8	SOURCEPAGE:AaEG									
Hacksaw (common)		TYPE:Goods.General.Resizable	COST:5	WT:1	SOURCEPAGE:AaEG									
Hacksaw (superior)		TYPE:Goods.General.Resizable	COST:20	WT:1	SOURCEPAGE:AaEG									
Hammock		TYPE:Goods.General.Resizable	COST:5	WT:1	SOURCEPAGE:AaEG									
Heat Mat		TYPE:Goods.General.Resizable	COST:45	WT:0	SOURCEPAGE:AaEG									
Helmet (thieving)		TYPE:Goods.General.Resizable.Headgear	COST:10	WT:1	SOURCEPAGE:AaEG			BONUS:SKILL|Listen|1|TYPE=Circumstance						
Holy Text		TYPE:Goods.Sacred.Resizable	COST:10	WT:3	SOURCEPAGE:AaEG									
Housebreaker Harness		TYPE:Goods.General.Resizable	COST:20	WT:2	SOURCEPAGE:AaEG			BONUS:SKILL|Climb|1|TYPE=Circumstance	BONUS:SKILL|Balance,Escape Artist,Hide,Jump,Pick Pocket,Tumble|-2|TYPE=Circumstance					
Ice Axe		TYPE:Goods.General.Resizable	COST:10	WT:5	SOURCEPAGE:AaEG	SPROP:+1 circumstance on Climb check when climbing icy surfaces								
Insect Netting		TYPE:Goods.General.Resizable	COST:200	WT:5	SOURCEPAGE:AaEG									
Jeweler's Loupe		TYPE:Goods.General.Resizable.Eyegear	COST:20	WT:0	SOURCEPAGE:AaEG			BONUS:SKILL|Appraise|1|TYPE=Circumstance						
Keg (cask)		TYPE:Goods.General.Resizable.Container	COST:1	WT:20	SOURCEPAGE:AaEG		CONTAINS:20|Liquid=20							
Keg (hand)		TYPE:Goods.General.Resizable.Container	COST:.5	WT:10	SOURCEPAGE:AaEG		CONTAINS:10|Liquid=10							
Lantern (fog-cutter)		TYPE:Goods.General.Resizable.LightSource	COST:20	WT:3	SOURCEPAGE:AaEG			QUALITY:Bright Illumination|60 ft. cone	QUALITY:Shadowy Illumination|120 ft. cone	QUALITY:Duration|6 hr./pint				
Leash and Muzzle (diminutive)		TYPE:Goods.General.Resizable	COST:.2	WT:0	SOURCEPAGE:AaEG			BONUS:SKILL|Handle Animal|1|TYPE=Circumstance|PRETYPE:Masterwork						
Leash and Muzzle (medium)		TYPE:Goods.General.Resizable	COST:.8	WT:0	SOURCEPAGE:AaEG			BONUS:SKILL|Handle Animal|1|TYPE=Circumstance|PRETYPE:Masterwork						
Leash and Muzzle (small)		TYPE:Goods.General.Resizable	COST:.6	WT:0	SOURCEPAGE:AaEG			BONUS:SKILL|Handle Animal|1|TYPE=Circumstance|PRETYPE:Masterwork						
Leash and Muzzle (tiny)		TYPE:Goods.General.Resizable	COST:.4	WT:0	SOURCEPAGE:AaEG			BONUS:SKILL|Handle Animal|1|TYPE=Circumstance|PRETYPE:Masterwork						
Magnet (small)		TYPE:Goods.General.Resizable	COST:10	WT:1	SOURCEPAGE:AaEG									
Marbles		TYPE:Goods.General.Resizable	COST:.2	WT:2	SOURCEPAGE:AaEG									
Mess Kit		TYPE:Goods.General.Resizable	COST:.6	WT:1	SOURCEPAGE:AaEG									
Mill (hand)		TYPE:Goods.General.Resizable	COST:2	WT:1	SOURCEPAGE:AaEG									
Money Belt		TYPE:Goods.General.Resizable.Container	COST:4	WT:0	SOURCEPAGE:AaEG					CONTAINS:50|Coins=50				
Music Box		TYPE:Goods.General.Resizable	COST:35	WT:0	SOURCEPAGE:AaEG									
Net (Butterfly)		TYPE:Goods.General.Resizable	COST:10	WT:.25	SOURCEPAGE:AaEG									
Percolator		TYPE:Goods.General.Resizable	COST:1	WT:1	SOURCEPAGE:AaEG									
Periscope		TYPE:Goods.General.Resizable	COST:20	WT:2	SOURCEPAGE:AaEG									
Pestle and Mortar		TYPE:Goods.General.Resizable	COST:5	WT:1	SOURCEPAGE:AaEG									
Pulley		TYPE:Goods.General.Resizable	COST:5	WT:1	SOURCEPAGE:AaEG									
Quiver (scabbard)		TYPE:Goods.General.Resizable	COST:10	WT:2	SOURCEPAGE:AaEG									
Rope (Elven/20 Ft.)		TYPE:Goods.General	COST:50	WT:5	SOURCEPAGE:AaEG			BONUS:SKILL|Use Rope|3|TYPE=Circumstance						
Saw (folding)		TYPE:Goods.General.Resizable	COST:2	WT:2	SOURCEPAGE:AaEG									
Shoes (silent)		TYPE:Goods.General.Resizable.Boot	COST:10	WT:1	SOURCEPAGE:AaEG			BONUS:SKILL|Move Silently|1|TYPE=Circumstance						
Shriek Rock		TYPE:Goods.General.Resizable	COST:3	WT:.25	SOURCEPAGE:AaEG									
Skis and Poles		TYPE:Goods.General.Resizable	COST:15	WT:6	SOURCEPAGE:AaEG									
Slate Board		TYPE:Goods.General.Resizable	COST:5	WT:1	SOURCEPAGE:AaEG									
Snorkel		TYPE:Goods.General.Resizable	COST:1	WT:.5	SOURCEPAGE:AaEG									
Snow Googles		TYPE:Goods.General.Resizable.Eyegear	COST:2	WT:0	SOURCEPAGE:AaEG	SPROP:+2 circumstance bonus on saves to resist blinding effects		BONUS:SKILL|Spot,Search|-4|TYPE=Circumstance						
Snowshoes		TYPE:Goods.General.Resizable.Boot	COST:15	WT:8	SOURCEPAGE:AaEG									
Sparker		TYPE:Goods.General.Resizable	COST:2	WT:0	SOURCEPAGE:AaEG									
Spider Poles		TYPE:Goods.General.Resizable	COST:35	WT:8	SOURCEPAGE:AaEG									
Sprayer		TYPE:Goods.General.Resizable	COST:15	WT:4	SOURCEPAGE:AaEG									
Springwall		TYPE:Goods.General.Resizable	COST:60	WT:1	SOURCEPAGE:AaEG									
Stilts		TYPE:Goods.General.Resizable	COST:5	WT:8	SOURCEPAGE:AaEG									
Table Case (folding)		TYPE:Goods.General.Resizable	COST:5	WT:5	SOURCEPAGE:AaEG									
Tarp		TYPE:Goods.General.Resizable	COST:5	WT:30	SOURCEPAGE:AaEG									
Tent (1 person)		TYPE:Goods.General.Resizable	COST:5	WT:10	SOURCEPAGE:AaEG									
Tent (4 person)		TYPE:Goods.General.Resizable	COST:20	WT:40	SOURCEPAGE:AaEG									
Tent (20 person/pavilion)		TYPE:Goods.General.Resizable	COST:100	WT:300	SOURCEPAGE:AaEG									
Tent (8 person/Teepee)		TYPE:Goods.General.Resizable	COST:60	WT:100	SOURCEPAGE:AaEG									
Tent (tree/elven)		TYPE:Goods.General.Resizable	COST:30	WT:5	SOURCEPAGE:AaEG									
Tongs (metal)		TYPE:Goods.General.Resizable	COST:3	WT:4	SOURCEPAGE:AaEG									
Tree Stand		TYPE:Goods.General.Resizable	COST:15	WT:5	SOURCEPAGE:AaEG									
Twine (roll/50-ft)		TYPE:Goods.General	COST:.2	WT:0	SOURCEPAGE:AaEG									
Winch (portable/str 18)		TYPE:Goods.General.Resizable	COST:20	WT:20	SOURCEPAGE:AaEG									
Winch (portable/str 20)		TYPE:Goods.General.Resizable	COST:40	WT:40	SOURCEPAGE:AaEG									
Winch (portable/str 22)		TYPE:Goods.General.Resizable	COST:80	WT:80	SOURCEPAGE:AaEG									
														
###Block:Farming Tools														
Billhook		TYPE:Goods.Farming.Resizable	COST:5	WT:2	SOURCEPAGE:AaEG									
Hoe		TYPE:Goods.Farming.Resizable	COST:3	WT:2	SOURCEPAGE:AaEG									
Pitchfork		TYPE:Goods.Farming.Resizable	COST:2	WT:4	SOURCEPAGE:AaEG									
Post-hole digger		TYPE:Goods.Farming.Resizable	COST:4	WT:8	SOURCEPAGE:AaEG									
Rake		TYPE:Goods.Farming.Resizable	COST:1	WT:3	SOURCEPAGE:AaEG									
														
###Block:Alchemical Stuff and Liquids														
Chaotic Water		TYPE:Goods.Liquid	COST:24.5	WT:0.75	SOURCEPAGE:AaEG									
Chaotic Water (flask)		TYPE:Goods.Flask	COST:25	WT:1	SOURCEPAGE:AaEG									
Lawful Water		TYPE:Goods.Liquid	COST:24.5	WT:0.75	SOURCEPAGE:AaEG									
Lawful Water (flask)		TYPE:Goods.Flask	COST:25	WT:1	SOURCEPAGE:AaEG									
														
#Tools														
Animal Trainer's Kit		TYPE:Goods.Tools.Masterwork.Resizable	COST:50	WT:5	SOURCEPAGE:AaEG			BONUS:SKILL|Handle Animal|2|TYPE=Circumstance						
Forger's Kit		TYPE:Goods.Tools.Masterwork.Resizable	COST:25	WT:2	SOURCEPAGE:AaEG			BONUS:SKILL|Forgery|2|TYPE=Circumstance						
Jester's Kit		TYPE:Goods.Tools.Masterwork.Resizable	COST:10	WT:5	SOURCEPAGE:AaEG	SPROP:+2 circumstance bonus on Perform (Comedy), Perform (Buffoonery) or Disguise								
Navigator's Kit		TYPE:Goods.Tools.Masterwork.Resizable	COST:250	WT:8	SOURCEPAGE:AaEG	SPROP:+2 circumstance bonus on Intuit Direction and Wilderness Lore while at sea, and Profession (Cartographer) checks to make maps		BONUS:SKILL|Forgery|2|TYPE=Circumstance						
Scryer's Kit		TYPE:Goods.Tools.Masterwork.Resizable	COST:40	WT:2	SOURCEPAGE:AaEG			BONUS:SKILL|Scry|2|TYPE=Circumstance						
Swimmer's Kit		TYPE:Goods.Tools.Masterwork.Resizable	COST:15	WT:5	SOURCEPAGE:AaEG			BONUS:SKILL|Swim|2|TYPE=Circumstance						
														
###Block:Clothing														
Outfit (Animal Training)		TYPE:Goods.Clothing.Resizable.Armor.Light	COST:10	WT:20	SOURCEPAGE:AaEG						ACCHECK:-7	MAXDEX:1	SPELLFAILURE:40	BONUS:COMBAT|AC|2|TYPE=Armor.REPLACE
Outfit (Beekeper)		TYPE:Goods.Clothing.Resizable	COST:9	WT:4	SOURCEPAGE:AaEG	SPROP:+6 CA against stinging and biting fine creature								
Outfit (Desert)		TYPE:Goods.Clothing.Resizable	COST:6	WT:3	SOURCEPAGE:AaEG									
Outfit (Heatswit)		TYPE:Goods.Clothing.Resizable	COST:20	WT:15	SOURCEPAGE:AaEG	SPROP:3/Fire								
Outfit (Spelunker)		TYPE:Goods.Clothing.Resizable	COST:5	WT:9	SOURCEPAGE:AaEG									
Bodyswuit (black)		TYPE:Goods.Clothing.Resizable	COST:30	WT:1	SOURCEPAGE:AaEG	SPROP:+2 circumstance bonus on Hide checks in dark condition (at least half concealment)								
Boot (Smuggler's)		TYPE:Goods.Clothing.Resizable.Boot	COST:10	WT:1	SOURCEPAGE:AaEG									
Fullcloth (Winter)		TYPE:Goods.Clothing.Resizable	COST:4	WT:2	SOURCEPAGE:AaEG	SPROP:+1 circumstance bonus on Fortitude against cold								
Helmet (Miner's)		TYPE:Goods.Clothing.Resizable.Headgear.Container	COST:1	WT:1	SOURCEPAGE:AaEG					CONTAINS:1|Candle=1				
Vest (Knife)		TYPE:Goods.Clothing.Resizable.Shirt.Container	COST:25	WT:2	SOURCEPAGE:AaEG					CONTAINS:10|Dagger=10				
Apron (leather)		TYPE:Goods.Clothing.Resizable.Cape	COST:.3	WT:2	SOURCEPAGE:AaEG									
Belt (baldric)		TYPE:Goods.Clothing.Resizable.Belt	COST:.7	WT:.5	SOURCEPAGE:AaEG									
Belt (leather)		TYPE:Goods.Clothing.Resizable.Belt	COST:.2	WT:0	SOURCEPAGE:AaEG									
Belt (fine)		TYPE:Goods.Clothing.Resizable.Belt	COST:25	WT:0	SOURCEPAGE:AaEG									
Boot (high)		TYPE:Goods.Clothing.Resizable.Boot	COST:.5	WT:1	SOURCEPAGE:AaEG									
Boot (hip/wading)		TYPE:Goods.Clothing.Resizable.Boot	COST:1	WT:3	SOURCEPAGE:AaEG									
Boot (low)		TYPE:Goods.Clothing.Resizable.Boot	COST:.3	WT:.5	SOURCEPAGE:AaEG									
Boot (riding)		TYPE:Goods.Clothing.Resizable.Boot	COST:1	WT:1	SOURCEPAGE:AaEG									
Breeches/Pants (Sackcloth)		TYPE:Goods.Clothing.Resizable	COST:.05	WT:1	SOURCEPAGE:AaEG									
Breeches/Pants (Cotton)		TYPE:Goods.Clothing.Resizable	COST:.1	WT:1	SOURCEPAGE:AaEG									
Breeches/Pants (Leather)		TYPE:Goods.Clothing.Resizable	COST:.8	WT:1.5	SOURCEPAGE:AaEG									
Breeches/Pants (Velvet)		TYPE:Goods.Clothing.Resizable	COST:4	WT:1	SOURCEPAGE:AaEG									
Breeches/Pants (silk)		TYPE:Goods.Clothing.Resizable	COST:5	WT:0	SOURCEPAGE:AaEG									
Bustle		TYPE:Goods.Clothing.Resizable	COST:5	WT:1	SOURCEPAGE:AaEG									
Cape (half)		TYPE:Goods.Clothing.Resizable.Cape	COST:1	WT:1	SOURCEPAGE:AaEG									
Cape (full)		TYPE:Goods.Clothing.Resizable.Cape	COST:1	WT:3	SOURCEPAGE:AaEG									
Chemise (Sacklot)		TYPE:Goods.Clothing.Resizable.Shirt	COST:.08	WT:0	SOURCEPAGE:AaEG									
Chemise (Linen)		TYPE:Goods.Clothing.Resizable.Shirt	COST:.1	WT:0	SOURCEPAGE:AaEG									
Chemise (Silk)		TYPE:Goods.Clothing.Resizable.Shirt	COST:6	WT:0	SOURCEPAGE:AaEG									
Coat/jacket/jerkin (Cotton)		TYPE:Goods.Clothing.Resizable.Shirt	COST:.6	WT:2	SOURCEPAGE:AaEG									
Coat/jacket/jerkin (Leather)		TYPE:Goods.Clothing.Resizable.Shirt	COST:1	WT:3	SOURCEPAGE:AaEG									
Coat/jacket/jerkin (Wool)		TYPE:Goods.Clothing.Resizable.Shirt	COST:1	WT:3	SOURCEPAGE:AaEG									
Coat/jacket/jerkin (Velvet)		TYPE:Goods.Clothing.Resizable.Shirt	COST:8	WT:1	SOURCEPAGE:AaEG									
Coat/jacket/jerkin (Silk)		TYPE:Goods.Clothing.Resizable.Shirt	COST:10	WT:1	SOURCEPAGE:AaEG									
Coat/jacket/jerkin (Fur)		TYPE:Goods.Clothing.Resizable.Shirt	COST:50	WT:6	SOURCEPAGE:AaEG									
Cloak (Cotton)		TYPE:Goods.Clothing.Resizable.Cape	COST:.3	WT:2	SOURCEPAGE:AaEG									
Cloak (Wool)		TYPE:Goods.Clothing.Resizable.Cape	COST:.5	WT:3	SOURCEPAGE:AaEG									
Cloak (Fur)		TYPE:Goods.Clothing.Resizable.Cape	COST:20	WT:6	SOURCEPAGE:AaEG									
Codpiece		TYPE:Goods.Clothing.Resizable.Shirt	COST:.6	WT:0	SOURCEPAGE:AaEG									
Collar (Spiked)		TYPE:Goods.Clothing.Resizable.Amulet	COST:10	WT:0	SOURCEPAGE:AaEG									
Corset		TYPE:Goods.Clothing.Resizable.Shirt	COST:10	WT:0	SOURCEPAGE:AaEG									
Double/Vest (Cotton)		TYPE:Goods.Clothing.Resizable.Shirt	COST:.1	WT:0	SOURCEPAGE:AaEG									
Double/Vest (Leather)		TYPE:Goods.Clothing.Resizable.Shirt	COST:.3	WT:.5	SOURCEPAGE:AaEG									
Double/Vest (Velvet)		TYPE:Goods.Clothing.Resizable.Shirt	COST:2	WT:1	SOURCEPAGE:AaEG									
Double/Vest (Brocade)		TYPE:Goods.Clothing.Resizable.Shirt	COST:8	WT:1	SOURCEPAGE:AaEG									
Dress (Peasant)		TYPE:Goods.Clothing.Resizable.Shirt	COST:.5	WT:3	SOURCEPAGE:AaEG									
Dress (Average)		TYPE:Goods.Clothing.Resizable.Shirt	COST:.8	WT:5	SOURCEPAGE:AaEG									
Dress (Fine)		TYPE:Goods.Clothing.Resizable.Shirt	COST:20	WT:8	SOURCEPAGE:AaEG									
Dress (Exquisite)		TYPE:Goods.Clothing.Resizable.Shirt	COST:75	WT:10	SOURCEPAGE:AaEG									
Girdle		TYPE:Goods.Clothing.Resizable.Belt	COST:.6	WT:1	SOURCEPAGE:AaEG									
Gloves (Leather)		TYPE:Goods.Clothing.Resizable.Glove	COST:.5	WT:0	SOURCEPAGE:AaEG									
Gloves (Canvas)		TYPE:Goods.Clothing.Resizable.Glove	COST:.05	WT:0	SOURCEPAGE:AaEG									
Gloves (Mittens)		TYPE:Goods.Clothing.Resizable.Glove	COST:.8	WT:0	SOURCEPAGE:AaEG									
Gloves (Silk)		TYPE:Goods.Clothing.Resizable.Glove	COST:15	WT:0	SOURCEPAGE:AaEG									
Headwear (Hat/broad-brimmed)		TYPE:Goods.Clothing.Resizable.Headgear	COST:8	WT:0	SOURCEPAGE:AaEG									
Headwear (Hat/fur-trimmed)		TYPE:Goods.Clothing.Resizable.Headgear	COST:1.5	WT:0	SOURCEPAGE:AaEG									
Headwear (Cap/Cotton))		TYPE:Goods.Clothing.Resizable.Headgear	COST:.08	WT:0	SOURCEPAGE:AaEG									
Headwear (Cap/Wool)		TYPE:Goods.Clothing.Resizable.Headgear	COST:.1	WT:0	SOURCEPAGE:AaEG									
Headwear (Coif)		TYPE:Goods.Clothing.Resizable.Headgear	COST:.2	WT:0	SOURCEPAGE:AaEG									
Headwear (Fez)		TYPE:Goods.Clothing.Resizable.Headgear	COST:.1	WT:0	SOURCEPAGE:AaEG									
Headwear (Hood/Wool)		TYPE:Goods.Clothing.Resizable.Headgear	COST:.08	WT:0	SOURCEPAGE:AaEG									
Headwear (Hood/Cotton)		TYPE:Goods.Clothing.Resizable.Headgear	COST:.05	WT:0	SOURCEPAGE:AaEG									
Headwear (Hood/Fur)		TYPE:Goods.Clothing.Resizable.Headgear	COST:1	WT:0	SOURCEPAGE:AaEG									
Headwear (Turban)		TYPE:Goods.Clothing.Resizable.Headgear	COST:.2	WT:.5	SOURCEPAGE:AaEG									
Loincloth		TYPE:Goods.Clothing.Resizable	COST:.03	WT:0	SOURCEPAGE:AaEG									
Nightshirt (Silk)		TYPE:Goods.Clothing.Resizable.Shirt	COST:6	WT:0	SOURCEPAGE:AaEG									
Robe (Sackcloth)		TYPE:Goods.Clothing.Resizable.Robe	COST:.1	WT:2	SOURCEPAGE:AaEG									
Robe (Cotton)		TYPE:Goods.Clothing.Resizable.Robe	COST:1	WT:2	SOURCEPAGE:AaEG									
Robe (Linen)		TYPE:Goods.Clothing.Resizable.Robe	COST:1	WT:2	SOURCEPAGE:AaEG									
Robe (Velvet)		TYPE:Goods.Clothing.Resizable.Robe	COST:3	WT:3	SOURCEPAGE:AaEG									
Robe (Silk)		TYPE:Goods.Clothing.Resizable.Robe	COST:5	WT:2	SOURCEPAGE:AaEG									
Pads (Knee)		TYPE:Goods.Clothing.Resizable.Bracer	COST:.3	WT:.5	SOURCEPAGE:AaEG									
Pads (Elbow)		TYPE:Goods.Clothing.Resizable.Bracer	COST:.3	WT:.5	SOURCEPAGE:AaEG									
Pads (Shin Guards)		TYPE:Goods.Clothing.Resizable.Bracer	COST:.4	WT:.5	SOURCEPAGE:AaEG									
Sash (Cotton)		TYPE:Goods.Clothing.Resizable.Amulet	COST:.2	WT:0	SOURCEPAGE:AaEG									
Sash (Wool)		TYPE:Goods.Clothing.Resizable.Amulet	COST:.1	WT:0	SOURCEPAGE:AaEG									
Sash (Silk)		TYPE:Goods.Clothing.Resizable.Amulet	COST:4	WT:0	SOURCEPAGE:AaEG									
Shirt (Sackcloth)		TYPE:Goods.Clothing.Resizable.Shirt	COST:.05	WT:.5	SOURCEPAGE:AaEG									
Shirt (Cotton)		TYPE:Goods.Clothing.Resizable.Shirt	COST:.1	WT:.5	SOURCEPAGE:AaEG									
Shirt (Linen)		TYPE:Goods.Clothing.Resizable.Shirt	COST:.1	WT:.5	SOURCEPAGE:AaEG									
Shirt (Velvet)		TYPE:Goods.Clothing.Resizable.Shirt	COST:5	WT:.5	SOURCEPAGE:AaEG									
Shirt (Silk)		TYPE:Goods.Clothing.Resizable.Shirt	COST:10	WT:0	SOURCEPAGE:AaEG									
Shoes (Leather)		TYPE:Goods.Clothing.Resizable.Boot	COST:.3	WT:1	SOURCEPAGE:AaEG									
Shoes (Sandals)		TYPE:Goods.Clothing.Resizable.Boot	COST:.2	WT:.5	SOURCEPAGE:AaEG									
Shoes (Tabi)		TYPE:Goods.Clothing.Resizable.Boot	COST:.2	WT:.5	SOURCEPAGE:AaEG									
Shoes (Slippers)		TYPE:Goods.Clothing.Resizable.Boot	COST:.1	WT:0	SOURCEPAGE:AaEG									
Shoes (Dancing)		TYPE:Goods.Clothing.Resizable.Boot	COST:15	WT:0	SOURCEPAGE:AaEG									
Warrior's Skirt (Leather)		TYPE:Goods.Clothing.Resizable.Shirt	COST:.5	WT:1	SOURCEPAGE:AaEG									
Stockings		TYPE:Goods.Clothing.Resizable	COST:.4	WT:0	SOURCEPAGE:AaEG									
Suspenders		TYPE:Goods.Clothing.Resizable	COST:.8	WT:0	SOURCEPAGE:AaEG									
Tabard		TYPE:Goods.Clothing.Resizable.Cape	COST:.5	WT:.5	SOURCEPAGE:AaEG									
Toga (Peasant)		TYPE:Goods.Clothing.Resizable.Cape	COST:.08	WT:3	SOURCEPAGE:AaEG									
Toga (Velvet)		TYPE:Goods.Clothing.Resizable.Cape	COST:5	WT:3	SOURCEPAGE:AaEG									
Toga (Silk)		TYPE:Goods.Clothing.Resizable.Cape	COST:45	WT:3	SOURCEPAGE:AaEG									
Tunic (Sackcloth)		TYPE:Goods.Clothing.Resizable.Shirt	COST:.05	WT:1	SOURCEPAGE:AaEG									
Tunic (Cotton)		TYPE:Goods.Clothing.Resizable.Shirt	COST:.05	WT:1	SOURCEPAGE:AaEG									
Tunic (Velvet)		TYPE:Goods.Clothing.Resizable.Shirt	COST:2	WT:1	SOURCEPAGE:AaEG									
Tunic (Silk)		TYPE:Goods.Clothing.Resizable.Shirt	COST:5	WT:1	SOURCEPAGE:AaEG									
														
###Block:Trade Goods														
#Spices														
Angelica		TYPE:Goods.Trade.Resizable	COST:.05	WT:.06	SOURCEPAGE:AaEG									
Anise		TYPE:Goods.Trade.Resizable	COST:.03	WT:.06	SOURCEPAGE:AaEG									
Basil		TYPE:Goods.Trade.Resizable	COST:.1	WT:.06	SOURCEPAGE:AaEG									
Bergamot		TYPE:Goods.Trade.Resizable	COST:.03	WT:.06	SOURCEPAGE:AaEG									
Borage		TYPE:Goods.Trade.Resizable	COST:.02	WT:.06	SOURCEPAGE:AaEG									
Caraway		TYPE:Goods.Trade.Resizable	COST:.02	WT:.06	SOURCEPAGE:AaEG									
Cardamom		TYPE:Goods.Trade.Resizable	COST:2	WT:.06	SOURCEPAGE:AaEG									
Chives		TYPE:Goods.Trade.Resizable	COST:.02	WT:.06	SOURCEPAGE:AaEG									
Cinnamon		TYPE:Goods.Trade.Resizable	COST:1	WT:.06	SOURCEPAGE:AaEG									
Clary		TYPE:Goods.Trade.Resizable	COST:.08	WT:.06	SOURCEPAGE:AaEG									
Cloves		TYPE:Goods.Trade.Resizable	COST:20	WT:.06	SOURCEPAGE:AaEG									
Coriander		TYPE:Goods.Trade.Resizable	COST:.1	WT:.06	SOURCEPAGE:AaEG									
Costmary		TYPE:Goods.Trade.Resizable	COST:.03	WT:.06	SOURCEPAGE:AaEG									
Cubeb		TYPE:Goods.Trade.Resizable	COST:15	WT:.06	SOURCEPAGE:AaEG									
Cumin		TYPE:Goods.Trade.Resizable	COST:.03	WT:.06	SOURCEPAGE:AaEG									
Dillweed		TYPE:Goods.Trade.Resizable	COST:.03	WT:.06	SOURCEPAGE:AaEG									
Fennel Seed		TYPE:Goods.Trade.Resizable	COST:.1	WT:.06	SOURCEPAGE:AaEG									
Fenugreek		TYPE:Goods.Trade.Resizable	COST:.3	WT:.06	SOURCEPAGE:AaEG									
Garlic		TYPE:Goods.Trade.Resizable	COST:.01	WT:.06	SOURCEPAGE:AaEG									
Ginger		TYPE:Goods.Trade.Resizable	COST:10	WT:.06	SOURCEPAGE:AaEG									
Horebound		TYPE:Goods.Trade.Resizable	COST:.04	WT:.06	SOURCEPAGE:AaEG									
Horseradish		TYPE:Goods.Trade.Resizable	COST:.01	WT:.06	SOURCEPAGE:AaEG									
Hyssop		TYPE:Goods.Trade.Resizable	COST:.05	WT:.06	SOURCEPAGE:AaEG									
Juniper		TYPE:Goods.Trade.Resizable	COST:.3	WT:.06	SOURCEPAGE:AaEG									
Laurel		TYPE:Goods.Trade.Resizable	COST:4	WT:.06	SOURCEPAGE:AaEG									
Lemon Balm		TYPE:Goods.Trade.Resizable	COST:.2	WT:.06	SOURCEPAGE:AaEG									
Liquorice Root		TYPE:Goods.Trade.Resizable	COST:.4	WT:.06	SOURCEPAGE:AaEG									
Lovage		TYPE:Goods.Trade.Resizable	COST:.1	WT:.06	SOURCEPAGE:AaEG									
Mace		TYPE:Goods.Trade.Resizable	COST:25	WT:.06	SOURCEPAGE:AaEG									
Marjoram		TYPE:Goods.Trade.Resizable	COST:.05	WT:.06	SOURCEPAGE:AaEG									
Mint		TYPE:Goods.Trade.Resizable	COST:.03	WT:.06	SOURCEPAGE:AaEG									
Mustard Seed		TYPE:Goods.Trade.Resizable	COST:.05	WT:.06	SOURCEPAGE:AaEG									
Nutmeg		TYPE:Goods.Trade.Resizable	COST:30	WT:.06	SOURCEPAGE:AaEG									
Oregano		TYPE:Goods.Trade.Resizable	COST:.2	WT:.06	SOURCEPAGE:AaEG									
Parsley		TYPE:Goods.Trade.Resizable	COST:.04	WT:.06	SOURCEPAGE:AaEG									
Pepper		TYPE:Goods.Trade.Resizable	COST:30	WT:.06	SOURCEPAGE:AaEG									
Poppy Seed		TYPE:Goods.Trade.Resizable	COST:8	WT:.06	SOURCEPAGE:AaEG									
Rose Hips		TYPE:Goods.Trade.Resizable	COST:5	WT:.06	SOURCEPAGE:AaEG									
Rosemary		TYPE:Goods.Trade.Resizable	COST:.5	WT:.06	SOURCEPAGE:AaEG									
Saffron		TYPE:Goods.Trade.Resizable	COST:65	WT:.06	SOURCEPAGE:AaEG									
Sage		TYPE:Goods.Trade.Resizable	COST:.1	WT:.06	SOURCEPAGE:AaEG									
Salt		TYPE:Goods.Trade.Resizable	COST:.01	WT:.06	SOURCEPAGE:AaEG									
Sweet Cicely		TYPE:Goods.Trade.Resizable	COST:.1	WT:.06	SOURCEPAGE:AaEG									
Tarragon		TYPE:Goods.Trade.Resizable	COST:1	WT:.06	SOURCEPAGE:AaEG									
Thyme		TYPE:Goods.Trade.Resizable	COST:.1	WT:.06	SOURCEPAGE:AaEG									
Turmeric		TYPE:Goods.Trade.Resizable	COST:25	WT:.06	SOURCEPAGE:AaEG									
Woodruff		TYPE:Goods.Trade.Resizable	COST:.1	WT:.06	SOURCEPAGE:AaEG									
#Corns														
Barley		TYPE:Goods.Trade.Resizable	COST:1	WT:1	SOURCEPAGE:AaEG									
Buckwheat		TYPE:Goods.Trade.Resizable	COST:.5	WT:1	SOURCEPAGE:AaEG									
Chick Peas		TYPE:Goods.Trade.Resizable	COST:3	WT:1	SOURCEPAGE:AaEG									
Lentils		TYPE:Goods.Trade.Resizable	COST:2	WT:1	SOURCEPAGE:AaEG									
Millet		TYPE:Goods.Trade.Resizable	COST:.7	WT:1	SOURCEPAGE:AaEG									
Oats		TYPE:Goods.Trade.Resizable	COST:.7	WT:1	SOURCEPAGE:AaEG									
Rice		TYPE:Goods.Trade.Resizable	COST:5	WT:1	SOURCEPAGE:AaEG									
Rye		TYPE:Goods.Trade.Resizable	COST:.7	WT:1	SOURCEPAGE:AaEG									
Wheat		TYPE:Goods.Trade.Resizable	COST:.01	WT:1	SOURCEPAGE:AaEG									
#Flours														
Barley (Flours)		TYPE:Goods.Trade.Resizable	COST:2	WT:1	SOURCEPAGE:AaEG									
Buckwheat (Flours)		TYPE:Goods.Trade.Resizable	COST:1	WT:1	SOURCEPAGE:AaEG									
Rye (Flours)		TYPE:Goods.Trade.Resizable	COST:1.5	WT:1	SOURCEPAGE:AaEG									
Wheat (Flours)		TYPE:Goods.Trade.Resizable	COST:3	WT:1	SOURCEPAGE:AaEG									
#Fruit														
Apples		TYPE:Goods.Food.Resizable	COST:1	WT:1	SOURCEPAGE:AaEG									
Apricots		TYPE:Goods.Food.Resizable	COST:15	WT:1	SOURCEPAGE:AaEG									
Carrots		TYPE:Goods.Food.Resizable	COST:1	WT:1	SOURCEPAGE:AaEG									
Cherries		TYPE:Goods.Food.Resizable	COST:.5	WT:1	SOURCEPAGE:AaEG									
Currants		TYPE:Goods.Food.Resizable	COST:.1	WT:1	SOURCEPAGE:AaEG									
Dates		TYPE:Goods.Food.Resizable	COST:5	WT:1	SOURCEPAGE:AaEG									
Elderberries		TYPE:Goods.Food.Resizable	COST:.1	WT:1	SOURCEPAGE:AaEG									
Figs		TYPE:Goods.Food.Resizable	COST:7	WT:1	SOURCEPAGE:AaEG									
Green Beans		TYPE:Goods.Food.Resizable	COST:.2	WT:1	SOURCEPAGE:AaEG									
Green Peas		TYPE:Goods.Food.Resizable	COST:.2	WT:1	SOURCEPAGE:AaEG									
Mushrooms		TYPE:Goods.Food.Resizable	COST:.2	WT:1	SOURCEPAGE:AaEG									
Onions		TYPE:Goods.Food.Resizable	COST:.5	WT:1	SOURCEPAGE:AaEG									
Peaches		TYPE:Goods.Food.Resizable	COST:15	WT:1	SOURCEPAGE:AaEG									
Pears		TYPE:Goods.Food.Resizable	COST:5	WT:1	SOURCEPAGE:AaEG									
Prunes		TYPE:Goods.Food.Resizable	COST:3	WT:1	SOURCEPAGE:AaEG									
Raisins		TYPE:Goods.Food.Resizable	COST:1	WT:1	SOURCEPAGE:AaEG									
Tomatoes		TYPE:Goods.Food.Resizable	COST:1	WT:1	SOURCEPAGE:AaEG									
#Nuts														
Almonds		TYPE:Goods.Food.Resizable	COST:3	WT:1	SOURCEPAGE:AaEG									
Cashews		TYPE:Goods.Food.Resizable	COST:20	WT:1	SOURCEPAGE:AaEG									
Chestnut		TYPE:Goods.Food.Resizable	COST:1	WT:1	SOURCEPAGE:AaEG									
Hazenuts		TYPE:Goods.Food.Resizable	COST:.5	WT:1	SOURCEPAGE:AaEG									
Pine nuts		TYPE:Goods.Food.Resizable	COST:10	WT:1	SOURCEPAGE:AaEG									
Pistachios		TYPE:Goods.Food.Resizable	COST:15	WT:1	SOURCEPAGE:AaEG									
Walnuts		TYPE:Goods.Food.Resizable	COST:.3	WT:1	SOURCEPAGE:AaEG									
#Oils														
Olive oil		TYPE:Goods.Liquid	COST:5	WT:1	SOURCEPAGE:AaEG									
Almond Oil		TYPE:Goods.Liquid	COST:10	WT:1	SOURCEPAGE:AaEG									
Walnut Oil		TYPE:Goods.Liquid	COST:2	WT:1	SOURCEPAGE:AaEG									
Hazelnut Oil		TYPE:Goods.Liquid	COST:3	WT:1	SOURCEPAGE:AaEG									
Sesame Oil		TYPE:Goods.Liquid	COST:10	WT:1	SOURCEPAGE:AaEG									
Sunflower Oil		TYPE:Goods.Liquid	COST:.3	WT:1	SOURCEPAGE:AaEG									
Safflower Oil		TYPE:Goods.Liquid	COST:.2	WT:1	SOURCEPAGE:AaEG									
Rapeseed Oil		TYPE:Goods.Liquid	COST:.1	WT:1	SOURCEPAGE:AaEG									
#Meats														
Beef (Corned)		TYPE:Goods.Food.Resizable	COST:3	WT:1	SOURCEPAGE:AaEG									
Beef (Dried)		TYPE:Goods.Food.Resizable	COST:5	WT:1	SOURCEPAGE:AaEG									
Beef (Jerked)		TYPE:Goods.Food.Resizable	COST:7	WT:1	SOURCEPAGE:AaEG									
Beef (Sausage)		TYPE:Goods.Food.Resizable	COST:2	WT:1	SOURCEPAGE:AaEG									
Beef (Smocked)		TYPE:Goods.Food.Resizable	COST:4	WT:1	SOURCEPAGE:AaEG									
Buffalo (Dried)		TYPE:Goods.Food.Resizable	COST:30	WT:1	SOURCEPAGE:AaEG									
Buffalo (Jerked)		TYPE:Goods.Food.Resizable	COST:45	WT:1	SOURCEPAGE:AaEG									
Cod (Salted)		TYPE:Goods.Food.Resizable	COST:5	WT:1	SOURCEPAGE:AaEG									
Cod (Smocked)		TYPE:Goods.Food.Resizable	COST:7	WT:1	SOURCEPAGE:AaEG									
Herring (Pickled)		TYPE:Goods.Food.Resizable	COST:3	WT:1	SOURCEPAGE:AaEG									
Herring (Salted)		TYPE:Goods.Food.Resizable	COST:5	WT:1	SOURCEPAGE:AaEG									
Pork (Bacon)		TYPE:Goods.Food.Resizable	COST:4	WT:1	SOURCEPAGE:AaEG									
Pork (Ham)		TYPE:Goods.Food.Resizable	COST:5	WT:1	SOURCEPAGE:AaEG									
Pork (Salted)		TYPE:Goods.Food.Resizable	COST:3	WT:1	SOURCEPAGE:AaEG									
Pork (Sausage)		TYPE:Goods.Food.Resizable	COST:1	WT:1	SOURCEPAGE:AaEG									
Salmon (Salted)		TYPE:Goods.Food.Resizable	COST:10	WT:1	SOURCEPAGE:AaEG									
Salmon (Smocked)		TYPE:Goods.Food.Resizable	COST:15	WT:1	SOURCEPAGE:AaEG									
Sardines		TYPE:Goods.Food.Resizable	COST:4	WT:1	SOURCEPAGE:AaEG									
#Exotic														
Chillis		TYPE:Goods.Food.Resizable	COST:25	WT:1	SOURCEPAGE:AaEG									
Coffee		TYPE:Goods.Trade.Resizable	COST:50	WT:1	SOURCEPAGE:AaEG									
Coconut		TYPE:Goods.Food.Resizable	COST:50	WT:1	SOURCEPAGE:AaEG									
Hickory Nuts		TYPE:Goods.Food.Resizable	COST:200	WT:1	SOURCEPAGE:AaEG									
Lotus		TYPE:Goods.Trade.Resizable	COST:3334	WT:1	SOURCEPAGE:AaEG									
Maple Sugar		TYPE:Goods.Food.Resizable	COST:75	WT:1	SOURCEPAGE:AaEG									
Paprika		TYPE:Goods.Food.Resizable	COST:500	WT:1	SOURCEPAGE:AaEG									
Pimento		TYPE:Goods.Food.Resizable	COST:667	WT:1	SOURCEPAGE:AaEG									
Pineapple		TYPE:Goods.Food.Resizable	COST:150	WT:1	SOURCEPAGE:AaEG									
Sarsaparilla		TYPE:Goods.Food.Resizable	COST:167	WT:1	SOURCEPAGE:AaEG									
Tobacco		TYPE:Goods.Trade.Resizable	COST:.5	WT:1	SOURCEPAGE:AaEG									
Vanilla		TYPE:Goods.Food.Resizable	COST:1250	WT:1	SOURCEPAGE:AaEG									
Walnuts (Black)		TYPE:Goods.Food.Resizable	COST:100	WT:1	SOURCEPAGE:AaEG									
#Wines														
Frostwine		TYPE:Goods.Liquid.Food.Resizable	COST:40	WT:1	SOURCEPAGE:AaEG									
Aleeian (Elven)		TYPE:Goods.Liquid.Food.Resizable	COST:100	WT:1	SOURCEPAGE:AaEG									
Garnet (Dwarven)		TYPE:Goods.Liquid.Food.Resizable	COST:90	WT:1	SOURCEPAGE:AaEG									
Mushroom		TYPE:Goods.Liquid.Food.Resizable	COST:135	WT:1	SOURCEPAGE:AaEG									
Spiderblood (Drow)		TYPE:Goods.Liquid.Food.Resizable	COST:150	WT:1	SOURCEPAGE:AaEG									
Frenzywater		TYPE:Goods.Liquid.Food.Resizable	COST:15	WT:1	SOURCEPAGE:AaEG									
Moondrop (Elven)		TYPE:Goods.Liquid.Food.Resizable	COST:220	WT:1	SOURCEPAGE:AaEG									
Kragg (Orc)		TYPE:Goods.Liquid.Food.Resizable	COST:30	WT:1	SOURCEPAGE:AaEG									
														
#Alchemist														
Bladefire		TYPE:Goods.Alchemical.Flask	COST:20	WT:1	SOURCEPAGE:AaEG									
Bullet (Acid)		TYPE:Goods.Alchemical.Ammunition.SlingStone	COST:10	WT:.6	SOURCEPAGE:AaEG									
Bullet (Flame)		TYPE:Goods.Alchemical.Ammunition.SlingStone	COST:20	WT:.6	SOURCEPAGE:AaEG									
Blullet (Priest's)		TYPE:Goods.Alchemical.Ammunition.SlingStone	COST:25	WT:.6	SOURCEPAGE:AaEG									
Candle (Focusing)		TYPE:Goods.Alchemical.Sacred.Candle	COST:100	WT:1	SOURCEPAGE:AaEG			QUALITY:Shadowy Illumination|10 ft.	QUALITY:Duration|1 hr.					
Candle (Restful)		TYPE:Goods.Alchemical.Sacred.Candle	COST:100	WT:1	SOURCEPAGE:AaEG			QUALITY:Shadowy Illumination|10 ft.	QUALITY:Duration|1 hr.					
Clearbreath		TYPE:Goods.Alchemical.Vial	COST:50	WT:0	SOURCEPAGE:AaEG									
Darkvision Powder		TYPE:Goods.Alchemical.Vial	COST:10	WT:0.06	SOURCEPAGE:AaEG									
Defoliator		TYPE:Goods.Alchemical.Flask	COST:20	WT:1	SOURCEPAGE:AaEG	SPROP:2d4 Hp damage to Plants								
Dehydratated Food		TYPE:Goods.Alchemical.Food.Resizable	COST:2	WT:.24	SOURCEPAGE:AaEG									
Dwarfblind		TYPE:Goods.Alchemical	COST:50	WT:1	SOURCEPAGE:AaEG									
Farflame Oil		TYPE:Goods.Alchemical.Flask	COST:2	WT:1	SOURCEPAGE:AaEG									
Fleetfoot		TYPE:Goods.Alchemical.Vial	COST:50	WT:0	SOURCEPAGE:AaEG									
Ghostoil		TYPE:Goods.Alchemical.Flask	COST:50	WT:1	SOURCEPAGE:AaEG									
Gravebane		TYPE:Goods.Alchemical.Flask	COST:50	WT:1	SOURCEPAGE:AaEG	SPROP:Repels Undead								
Hawk's Ointment		TYPE:Goods.Alchemical.Vial	COST:50	WT:0	SOURCEPAGE:AaEG									
Instant Rope		TYPE:Goods.Alchemical.Flask	COST:25	WT:1	SOURCEPAGE:AaEG									
Longbreath		TYPE:Goods.Alchemical.Vial	COST:50	WT:0	SOURCEPAGE:AaEG									
Motelight		TYPE:Goods.Alchemical.Flask	COST:20	WT:1	SOURCEPAGE:AaEG	SPROP:Distract								
Nature's Draught		TYPE:Goods.Alchemical.Vial	COST:50	WT:0	SOURCEPAGE:AaEG									
Polar Skin		TYPE:Goods.Alchemical.Flask	COST:25	WT:1	SOURCEPAGE:AaEG									
Signal Torch		TYPE:Goods.Alchemical	COST:1	WT:1	SOURCEPAGE:AaEG									
Sparkstone		TYPE:Goods.Alchemical	COST:50	WT:1	SOURCEPAGE:AaEG	SPROP:1d6 Hp in 5-ft radius								
Stonebreaker Acid		TYPE:Goods.Alchemical.Flask	COST:20	WT:1	SOURCEPAGE:AaEG	SPROP:3d10 Hp damage to stone objects								
Verminbane		TYPE:Goods.Alchemical.Flask	COST:20	WT:1	SOURCEPAGE:AaEG									
Vicious Bleeder		TYPE:Goods.Alchemical.Flask	COST:50	WT:1	SOURCEPAGE:AaEG									
														
Animal Training Pole		TYPE:Goods.General.Resizable	COST:10	WT:3	SOURCEPAGE:AaEG	SPROP:+2 Circumstance bonus on attemps to teach an animal a task								
Cloak (Forester's)		TYPE:Goods.Clothing.Resizable.Cape	COST:20	WT:3	SOURCEPAGE:AaEG	SPROP:+1 Circumstance bonus on Hide check made in Forest								
Crossbow Sight (Gnomish)		TYPE:Goods.General.Resizable	COST:150	WT:1	SOURCEPAGE:AaEG	SPROP:Treat the target as 2 increments closer								
Listening cone		TYPE:Goods.General.Resizable	COST:20	WT:1	SOURCEPAGE:AaEG	SPROP:+1 Circumstance bonus on Listen checks made through a door or solid obstacles								
Backpack (Framed)		TYPE:Goods.General.Resizable.Container	COST:50	WT:2	SOURCEPAGE:AaEG					CONTAINS:10%-1|Any=-1				
Robe (Desert)		TYPE:Goods.Clothing.Resizable.Robe	COST:20	WT:2	SOURCEPAGE:AaEG	SPROP:+2 Circimstance bonus on Fortitude saves against exposure to high temperature								
Sheath (Boot)		TYPE:Goods.General.Resizable	COST:30	WT:0	SOURCEPAGE:AaEG									
Sheath (Wrist)		TYPE:Goods.General.Resizable	COST:20	WT:0	SOURCEPAGE:AaEG									
														
Hireling (Alchemist)		TYPE:Service	COST:1		SOURCEPAGE:AaEG	SPROP:Expert/Craft (Alchemy)								
Hireling (Animal tender/groom)		TYPE:Service	COST:0.1		SOURCEPAGE:AaEG	SPROP:Commoner/Handle Animal								
Hireling (Animal Trainer)		TYPE:Service	COST:0.8		SOURCEPAGE:AaEG	SPROP:Expert/Handle Animal								
Hireling (Animal Trainer/Exotic)		TYPE:Service	COST:1		SOURCEPAGE:AaEG	SPROP:Expert/Handle Animal								
Hireling (Apothecary)		TYPE:Service	COST:1		SOURCEPAGE:AaEG	SPROP:Expert/Knowledge (Herbs), Craft (Alchemy)								
Hireling (Appraiser)		TYPE:Service	COST:0.3		SOURCEPAGE:AaEG	SPROP:Expert/Appraise								
Hireling (Architect)		TYPE:Service	COST:0.5		SOURCEPAGE:AaEG	SPROP:Expert/Profession (Architect)								
Hireling (Armorer)		TYPE:Service	COST:0.3		SOURCEPAGE:AaEG	SPROP:Expert/Craft (Armorsmithing)								
Hireling (Barrister)		TYPE:Service	COST:1		SOURCEPAGE:AaEG	SPROP:Expert/Diplomacy								
Hireling (Blacksmith)		TYPE:Service	COST:0.3		SOURCEPAGE:AaEG	SPROP:Expert/Craft (Blacksmith)								
Hireling (Bookbinder)		TYPE:Service	COST:0.3		SOURCEPAGE:AaEG	SPROP:Expert/Craft (Bookbinding)								
Hireling (Bowyer)		TYPE:Service	COST:0.3		SOURCEPAGE:AaEG	SPROP:Commoner or Expert/Craft (Bowmaking)								
Hireling (Brazier)		TYPE:Service	COST:0.3		SOURCEPAGE:AaEG	SPROP:Expert/Craft (Brassmaking)								
Hireling (Brewer)		TYPE:Service	COST:0.3		SOURCEPAGE:AaEG	SPROP:Commoner or Expert/Craft (Brewing)								
Hireling (Butler)		TYPE:Service	COST:0.5		SOURCEPAGE:AaEG	SPROP:Expert/Diplomacy or Profession (Butler)								
Hireling (Carpenter)		TYPE:Service	COST:0.3		SOURCEPAGE:AaEG	SPROP:Expert/Craft (Woodworking)								
Hireling (Cartographer)		TYPE:Service	COST:0.4		SOURCEPAGE:AaEG	SPROP:Expert/Craft (Mapmaking), Forgery								
Hireling (Cartwright)		TYPE:Service	COST:0.2		SOURCEPAGE:AaEG	SPROP:Commoner or Expert/Craft (Woodworking)								
Hireling (Chandler)		TYPE:Service	COST:0.2		SOURCEPAGE:AaEG	SPROP:Commoner or Expert/Craft (Candlemaking)								
Hireling (Clerk)		TYPE:Service	COST:0.4		SOURCEPAGE:AaEG	SPROP:Commoner or Expert/Profession (Clerk)								
Hireling (Cobbler)		TYPE:Service	COST:0.3		SOURCEPAGE:AaEG	SPROP:Commoner or Expert/Craft (Shoemaking)								
Hireling (Coiffeur)		TYPE:Service	COST:0.2		SOURCEPAGE:AaEG	SPROP:Commoner/Profession (Hairdresser)								
Hireling (Coffinmaker)		TYPE:Service	COST:0.3		SOURCEPAGE:AaEG	SPROP:Commoner or Expert/Craft (Woodworking)								
Hireling (Composer)		TYPE:Service	COST:0.4		SOURCEPAGE:AaEG	SPROP:Expert/Perform (any)								
Hireling (Cook)		TYPE:Service	COST:0.1		SOURCEPAGE:AaEG	SPROP:Commoner or Expert/Profession (Cook)								
Hireling (Cooper)		TYPE:Service	COST:0.3		SOURCEPAGE:AaEG	SPROP:Commoner or Expert/Craft (Woodworking)								
Hireling (Courier/in town)		TYPE:Service	COST:0.02		SOURCEPAGE:AaEG	SPROP:Commoner/Knowledge (Local), Run feat. Cost per mile.								
Hireling (Courier/out of town)		TYPE:Service	COST:0.02		SOURCEPAGE:AaEG	SPROP:Commoner/Knowledge (Local), Ride. Cost per mile.								
Hireling (Coppersmith)		TYPE:Service	COST:0.3		SOURCEPAGE:AaEG	SPROP:Expert/Craft (Coppersmithing)								
Hireling (Dowser)		TYPE:Service	COST:1		SOURCEPAGE:AaEG	SPROP:Commoner or Adept/Survival								
Hireling (Dyer)		TYPE:Service	COST:0.2		SOURCEPAGE:AaEG	SPROP:Expert/Craft (Dyemaking)								
Hireling (Embalmer)		TYPE:Service	COST:0.3		SOURCEPAGE:AaEG	SPROP:Expert/Profession (Embalmer), Craft (Alchemy)								
Hireling (Engineer)		TYPE:Service	COST:0.5		SOURCEPAGE:AaEG	SPROP:Expert/Profession (Engineer)								
Hireling (Engineer/Siege)		TYPE:Service	COST:2		SOURCEPAGE:AaEG	SPROP:Expert/Knowledge (Tactics)								
Hireling (Entertainer)		TYPE:Service	COST:0.4		SOURCEPAGE:AaEG	SPROP:Commoner or Expert/Perform (any)								
Hireling (Performer)		TYPE:Service	COST:0.4		SOURCEPAGE:AaEG	SPROP:Commoner or Expert/Perform (any)								
Hireling (Fletcher)		TYPE:Service	COST:0.3		SOURCEPAGE:AaEG	SPROP:Expert/Craft (Bowmaking)								
Hireling (Footman)		TYPE:Service	COST:0.1		SOURCEPAGE:AaEG	SPROP:Commoner/Diplomacy, Knowledge (Nobility)								
Hireling (Gemcutter)		TYPE:Service	COST:0.4		SOURCEPAGE:AaEG	SPROP:Expert/Craft (Gemcutting)								
Hireling (Goldsmith)		TYPE:Service	COST:0.4		SOURCEPAGE:AaEG	SPROP:Expert/Craft (Goldmithing)								
Hireling (Governess)		TYPE:Service	COST:0.4		SOURCEPAGE:AaEG	SPROP:Expert/Diplomacy, Knowledge (Nobility)								
Hireling (Guide/Wilderness)		TYPE:Service	COST:0.3		SOURCEPAGE:AaEG	SPROP:Commoner or Expert/Knowledge (Local), Survival								
Hireling (Guide/City)		TYPE:Service	COST:0.3		SOURCEPAGE:AaEG	SPROP:Commoner or Expert/Knowledge (Local), Diplomacy								
Hireling (Haberdasher)		TYPE:Service	COST:0.2		SOURCEPAGE:AaEG	SPROP:Commoner or Expert/Craft (Hatmaking)								
Hireling (Healer)		TYPE:Service	COST:0.5		SOURCEPAGE:AaEG	SPROP:Adept/Heal, cure light wounds								
Hireling (Horner)		TYPE:Service	COST:0.3		SOURCEPAGE:AaEG	SPROP:Expert/Craft (Hornmaking)								
Hireling (Interpreter)		TYPE:Service	COST:0.3		SOURCEPAGE:AaEG	SPROP:Expert/Speak Language								
Hireling (Jeweler)		TYPE:Service	COST:0.4		SOURCEPAGE:AaEG	SPROP:Expert/Craft (Jewelmaking)								
Hireling (Laborer)		TYPE:Service	COST:0.1		SOURCEPAGE:AaEG	SPROP:Expert/Craft (any), Strength.								
Hireling (Launderer)		TYPE:Service	COST:0.1		SOURCEPAGE:AaEG	SPROP:Commoner/Profession (Launderer)								
Hireling (Limner/Painter)		TYPE:Service	COST:0.6		SOURCEPAGE:AaEG	SPROP:Commoner or Expert/Craft (Painting)								
Hireling (Locksmith)		TYPE:Service	COST:0.4		SOURCEPAGE:AaEG	SPROP:Expert/Craft (Locksmithing)								
Hireling (Maid)		TYPE:Service	COST:0.1		SOURCEPAGE:AaEG	SPROP:Commoner/Profession (Maid)								
Hireling (Masseuse)		TYPE:Service	COST:0.2		SOURCEPAGE:AaEG	SPROP:Expert/Profession (Masseuse)								
Hireling (Matchmaker)		TYPE:Service	COST:0.2		SOURCEPAGE:AaEG	SPROP:Commoner/Diplomacy, Sense Motive								
Hireling (Midwife)		TYPE:Service	COST:0.3		SOURCEPAGE:AaEG	SPROP:Commoner or Expert/Profession (Midwife)								
Hireling (Miller)		TYPE:Service	COST:0.2		SOURCEPAGE:AaEG	SPROP:Commoner or Expert/Craft (Milling)								
Hireling (Nursemaid)		TYPE:Service	COST:0.1		SOURCEPAGE:AaEG	SPROP:Commoner/Profession (Nursemaid)								
Hireling (Navigator)		TYPE:Service	COST:0.3		SOURCEPAGE:AaEG	SPROP:Expert/Survival, Profession (Sailor)								
Hireling (Painter/Portrait)		TYPE:Service	COST:1		SOURCEPAGE:AaEG	SPROP:Expert/Craft (Painting)								
Hireling (Parchmentmaker)		TYPE:Service	COST:0.3		SOURCEPAGE:AaEG	SPROP:Expert/Craft(Parchmentmaking)								
Hireling (Pewtener)		TYPE:Service	COST:0.3		SOURCEPAGE:AaEG	SPROP:Expert/Craft (Pewtenermaking)								
Hireling (Polisher/Cleaner)		TYPE:Service	COST:0.08		SOURCEPAGE:AaEG	SPROP:Commoner/Profession (Cleaner)								
Hireling (Porter)		TYPE:Service	COST:0.1		SOURCEPAGE:AaEG	SPROP:Commoner/Craft (any), Strength.								
Hireling (Potter)		TYPE:Service	COST:0.2		SOURCEPAGE:AaEG	SPROP:Commoner/Craft (Pottermaking)								
Hireling (Sage)		TYPE:Service	COST:2		SOURCEPAGE:AaEG	SPROP:Expert/Knowledge (any)								
Hireling (Sailor/Crew)		TYPE:Service	COST:0.1		SOURCEPAGE:AaEG	SPROP:Commoner or Expert/Profession (Sailor)								
Hireling (Sailor/Mate)		TYPE:Service	COST:0.4		SOURCEPAGE:AaEG	SPROP:Expert/Profession (Sailor), Intimidate								
Hireling (Scribe)		TYPE:Service	COST:0.3		SOURCEPAGE:AaEG	SPROP:Expert/Profession (Scribe)								
Hireling (Sculptor)		TYPE:Service	COST:0.6		SOURCEPAGE:AaEG	SPROP:Expert/Craft (Sculpting)								
Hireling (Sheperd)		TYPE:Service	COST:0.1		SOURCEPAGE:AaEG	SPROP:Commoner/Handle Animal								
Hireling (Shipwright)		TYPE:Service	COST:1		SOURCEPAGE:AaEG	SPROP:Expert/Craft (Shipmaking)								
Hireling (Silversmith)		TYPE:Service	COST:0.4		SOURCEPAGE:AaEG	SPROP:Expert/Craft (Silversmithing)								
Hireling (Skinner)		TYPE:Service	COST:0.3		SOURCEPAGE:AaEG	SPROP:Commoner/Craft (Skinning)								
Hireling (Soapmaker)		TYPE:Service	COST:0.1		SOURCEPAGE:AaEG	SPROP:Commoner or Expert/Craft (Soapmaking)								
Hireling (Soothsayer)		TYPE:Service	COST:1		SOURCEPAGE:AaEG	SPROP:Expert or Adept/Scry, Divination								
Hireling (Tanner)		TYPE:Service	COST:0.2		SOURCEPAGE:AaEG	SPROP:Commoner or Expert/Craft (Tanning)								
Hireling (Teamster)		TYPE:Service	COST:0.3		SOURCEPAGE:AaEG	SPROP:Commoner/Handle Animal, Ride								
Hireling (Valet)		TYPE:Service	COST:0.2		SOURCEPAGE:AaEG	SPROP:Commoner/Diplomacy								
Hireling (Vintner)		TYPE:Service	COST:0.4		SOURCEPAGE:AaEG	SPROP:Expert/Craft (Winemaking)								
Hireling (Weaponsmithing)		TYPE:Service	COST:0.4		SOURCEPAGE:AaEG	SPROP:Expert/Craft (Weaponsmithing)								
Hireling (Weaver)		TYPE:Service	COST:0.2		SOURCEPAGE:AaEG	SPROP:Commoner or Expert/Craft (Weaving)								
Hireling (Wheelwright)		TYPE:Service	COST:0.3		SOURCEPAGE:AaEG	SPROP:Expert/Craft (Wheelmaking)								
														
#Block: Transportation														
Launch		TYPE:Goods.Transportation.Container.Ships.WaterShip	COST:500	WT:0	SOURCEPAGE:AaEG				SIZE:H	CONTAINS:10000|Any				
Catamaran		TYPE:Goods.Transportation.Container.Ships.WaterShip	COST:2000	WT:0	SOURCEPAGE:AaEG				SIZE:G	CONTAINS:10000|Any				
Yacht		TYPE:Goods.Transportation.Container.Ships.WaterShip	COST:30000	WT:0	SOURCEPAGE:AaEG				SIZE:C	CONTAINS:60000|Any				
Ironclad		TYPE:Goods.Transportation.Container.Ships.WaterShip	COST:30000	WT:0	SOURCEPAGE:AaEG				SIZE:C	CONTAINS:2000|Any				
Gnome Submersible		TYPE:Goods.Transportation.Container.Ships.WaterShip	COST:80000	WT:0	SOURCEPAGE:AaEG				SIZE:C	CONTAINS:40000|Any				
Barge		TYPE:Goods.Transportation.Container.Ships.WaterShip	COST:6000	WT:0	SOURCEPAGE:AaEG				SIZE:C	CONTAINS:200000|Any				
Hang Glider		TYPE:Goods.Transportation.Ships.AirShip	COST:300	WT:0	SOURCEPAGE:AaEG				SIZE:L					
Ornithopter		TYPE:Goods.Transportation.Ships.AirShip	COST:4000	WT:0	SOURCEPAGE:AaEG				SIZE:L					
Zeppelin		TYPE:Goods.Transportation.Container.Ships.AirShip	COST:60000	WT:0	SOURCEPAGE:AaEG				SIZE:C	CONTAINS:20000|Any				
Dirigible		TYPE:Goods.Transportation.Container.Ships.AirShip	COST:35000	WT:0	SOURCEPAGE:AaEG				SIZE:G	CONTAINS:10000|Any				
Carriage (Huge)	OUTPUTNAME:Carriage, Huge	TYPE:Goods.Transportation.Container	COST:500	WT:400	SOURCEPAGE:AaEG				SIZE:H	CONTAINS:500|Any				
Cart (Large)	OUTPUTNAME:Cart, Large	TYPE:Goods.Transportation.Container	COST:15	WT:200	SOURCEPAGE:AaEG				SIZE:L	CONTAINS:500|Any				
Chariot (Single)	OUTPUTNAME:Chariot, Single	TYPE:Goods.Transportation	COST:100	WT:300	SOURCEPAGE:AaEG				SIZE:M					
Chariot (Double)	OUTPUTNAME:Chariot, Double	TYPE:Goods.Transportation	COST:400	WT:600	SOURCEPAGE:AaEG				SIZE:L					
Mobile Redbout		TYPE:Goods.Transportation.Container	COST:1500	WT:8000	SOURCEPAGE:AaEG				SIZE:H	CONTAINS:1000|Any				
Siege Tower (Large)	OUTPUTNAME:Siege Tower, Large	TYPE:Goods.SiegeEngine	COST:4000	WT:32000	SOURCEPAGE:AaEG	SPROP:5 man crew + 25 soldiers			SIZE:H					
Siege Tower (Small)	OUTPUTNAME:Siege Tower, Small	TYPE:Goods.SiegeEngine	COST:1000	WT:16000	SOURCEPAGE:AaEG	SPROP:1 man crew + 15 soldiers			SIZE:H					
Sled		TYPE:Goods.Transportation.Container	COST:20	WT:300	SOURCEPAGE:AaEG				SIZE:L	CONTAINS:2000|Any				
Stagecoach		TYPE:Goods.Transportation.Container	COST:800	WT:750	SOURCEPAGE:AaEG	SPROP:1 man crew + 7 passengers			SIZE:H	CONTAINS:1000|Any				
Worg Warsled		TYPE:Goods.Transportation.Container	COST:400	WT:900	SOURCEPAGE:AaEG				SIZE:H	CONTAINS:700|Any				
Halfling Warwagon		TYPE:Goods.Transportation.Container	COST:800	WT:750	SOURCEPAGE:AaEG	SPROP:1 man crew + 7 passengers			SIZE:H	CONTAINS:1000|Any				
Siege Tower (WarWagon)	OUTPUTNAME:Siege Tower, War Wagon	TYPE:Goods.Transportation.Container	COST:2000	WT:1000	SOURCEPAGE:AaEG				SIZE:G	CONTAINS:4000|Any				
Dwarven Tunneler		TYPE:Goods.Transportation.Container.Ships.UndergroundShip	COST:70000	WT:40000	SOURCEPAGE:AaEG	SPROP:5 man crew + 10 soldiers			SIZE:H					
Carriage		TYPE:Goods.Transportation.Container	COST:200	WT:100	SOURCEPAGE:AaEG					CONTAINS:400|Any	SIZE:L	PRESIZEGTEQ:L		
Sidecar Saddle		TYPE:Goods.Transportation.Container.Resizable.Mount.Saddle	COST:60	WT:40	SOURCEPAGE:AaEG					CONTAINS:100|Any				
