SOURCELONG:Gozzilioni Arms and Equipment Guide	SOURCESHORT:AaEG	SOURCEWEB:http://www.gozzilioni.net	SOURCEDATE:2003-03																								
																											
###Block:Weapons																											
# Equipment Name	Output Name	Required Proficiency	Type	Cost	Weight	Wield Category	Slot Needed	Size	Damage	Critical Hit Range	Critical Hit Multiplier	Modifier	Alternative Type	Alternative Damage	Alternative Critical Range	Alternative Critical	Alternative Modifier	SOURCEPAGE:	Range	Reach	Reach Multiplier			BONUS:EQM	Special Property	Weapon prop. bonus	
# Natural																											
																											
# Melee 																											
Battlepick (Gnome)	OUTPUTNAME:Battlepick, Gnome	PROFICIENCY:WEAPON|Battlepick (Gnome)	TYPE:Weapon.Martial.Exotic.Melee.Piercing.TwoHanded.Pick.Gnomish	COST:10	WT:5	WIELD:TwoHanded		SIZE:S	DAMAGE:1d6	CRITRANGE:1	CRITMULT:x4	EQMOD:STEEL						SOURCEPAGE:AaEG								BONUS:WEAPON|WIELDCATEGORY|-1|PREFEAT:1,Exotic Weapon Proficiency (Battlepick (Gnome))	
Gauntlet (Bladed)	OUTPUTNAME:Gauntlet, [NAME]	PROFICIENCY:WEAPON|Gauntlet (Bladed)	TYPE:Weapon.Exotic.Melee.Piercing.Light.Finesseable.Unarmed.Gauntlet	COST:10	WT:4	WIELD:Light	SLOTS:1	SIZE:M	DAMAGE:1d3	CRITRANGE:1	CRITMULT:x2	EQMOD:STEEL						SOURCEPAGE:AaEG									
Bracers (Claw)	OUTPUTNAME:[NAME] Bracers	PROFICIENCY:WEAPON|Bracers (Claw)	TYPE:Weapon.Exotic.Melee.Piercing.Light.Finesseable.Unarmed.Claw.Gauntlet	COST:30	WT:2	WIELD:Light	SLOTS:1	SIZE:M	DAMAGE:1d4	CRITRANGE:2	CRITMULT:x2	EQMOD:STEEL						SOURCEPAGE:AaEG									
Bracers (Claw/Panther)	OUTPUTNAME:[NAME] Bracers	PROFICIENCY:WEAPON|Bracers (Claw)	TYPE:Weapon.Exotic.Melee.Piercing.Light.Finesseable.Unarmed.Claw.Gauntlet	COST:75	WT:3	WIELD:Light	SLOTS:1	SIZE:M	DAMAGE:1d4	CRITRANGE:1	CRITMULT:x3	EQMOD:STEEL						SOURCEPAGE:AaEG									
Bracers (Claw/Tiger)	OUTPUTNAME:[NAME] Bracers	PROFICIENCY:WEAPON|Bracers (Claw)	TYPE:Weapon.Exotic.Melee.Piercing.Light.Finesseable.Unarmed.Claw.Gauntlet	COST:5	WT:2	WIELD:Light	SLOTS:1	SIZE:M	DAMAGE:1d4	CRITRANGE:2	CRITMULT:x2	EQMOD:STEEL						SOURCEPAGE:AaEG									
Bracers (Claw/Nekode)	OUTPUTNAME:[NAME] Bracers	PROFICIENCY:WEAPON|Bracers (Claw)	TYPE:Weapon.Exotic.Melee.Piercing.Light.Finesseable.Unarmed.Claw.Gauntlet	COST:5	WT:2	WIELD:Light	SLOTS:1	SIZE:M	DAMAGE:1d4	CRITRANGE:2	CRITMULT:x2	EQMOD:STEEL						SOURCEPAGE:AaEG							SPROP:+1 circumstance bonus to Climb checks.		BONUS:SKILL|Climb|1|TYPE=Circumstance
Chain and Dagger	OUTPUTNAME:Chain-and-Dagger	PROFICIENCY:WEAPON|Chain and Dagger	TYPE:Weapon.Exotic.Melee.Piercing.TwoHanded.Reach.Finesseable.Chain	COST:4	WT:4	WIELD:TwoHanded		SIZE:M	DAMAGE:1d4	CRITRANGE:2	CRITMULT:x2	EQMOD:STEEL						SOURCEPAGE:AaEG			REACHMULT:2						
Chakram		PROFICIENCY:WEAPON|Chakram	TYPE:Weapon.Exotic.Ranged.Slashing.Light.Finesseable	COST:15	WT:2	WIELD:Light		SIZE:M	DAMAGE:1d4	CRITRANGE:1	CRITMULT:x3	EQMOD:STEEL						SOURCEPAGE:AaEG	RANGE:30								
Duom		PROFICIENCY:WEAPON|Duom	TYPE:Weapon.Exotic.Melee.Piercing.TwoHanded.Reach	COST:20	WT:8	WIELD:TwoHanded		SIZE:M	DAMAGE:1d8	CRITRANGE:1	CRITMULT:x3	EQMOD:STEEL						SOURCEPAGE:AaEG			REACHMULT:2						
Fullblade		PROFICIENCY:WEAPON|Fullblade	TYPE:Weapon.Exotic.Martial.Melee.Slashing.TwoHanded.Sword	COST:100	WT:23	WIELD:TwoHanded		SIZE:L	DAMAGE:2d8	CRITRANGE:2	CRITMULT:x2	EQMOD:STEEL						SOURCEPAGE:AaEG								BONUS:WEAPON|WIELDCATEGORY|-1|PREFEAT:1,Exotic Weapon Proficiency (Fullblade)	
Greatsword (Mercurial)	OUTPUTNAME:Greatsword, Mercurial	PROFICIENCY:WEAPON|Greatsword (Mercurial)	TYPE:Weapon.Exotic.Melee.Slashing.TwoHanded.Sword	COST:600	WT:17	WIELD:TwoHanded		SIZE:M	DAMAGE:2d6	CRITRANGE:1	CRITMULT:x4	EQMOD:STEEL						SOURCEPAGE:AaEG								BONUS:WEAPON|TOHIT|-3|TYPE=NonProficient	BONUS:WEAPON|TOHIT|+3|TYPE=NonProficient|PREFEAT:1,Exotic Weapon Proficiency (Greatsword (Mercurial))
Gyrspike		PROFICIENCY:WEAPON|Gyrspike	TYPE:Weapon.Exotic.Melee.Bludgeoning.TwoHanded.DoubleWeapon	COST:90	WT:20	WIELD:TwoHanded		SIZE:M	DAMAGE:1d8	CRITRANGE:2	CRITMULT:x2	EQMOD:STEEL	ALTTYPE:Weapon.Exotic.Melee.Slashing	ALTDAMAGE:1d8	ALTCRITRANGE:2	ALTCRITMULT:x2	ALTEQMOD:STEEL	SOURCEPAGE:AaEG									
Kopesh		PROFICIENCY:WEAPON|Kopesh	TYPE:Weapon.Exotic.Melee.Slashing.OneHanded.Sword	COST:20	WT:12	WIELD:OneHanded		SIZE:M	DAMAGE:1d8	CRITRANGE:2	CRITMULT:x2	EQMOD:STEEL						SOURCEPAGE:AaEG									
Sword (Mercurial)	OUTPUTNAME:Sword, Mercurial	PROFICIENCY:WEAPON|Sword (Mercurial)	TYPE:Weapon.Exotic.Melee.Slashing.OneHanded.Sword	COST:400	WT:6	WIELD:OneHanded		SIZE:M	DAMAGE:1d8	CRITRANGE:1	CRITMULT:x4	EQMOD:STEEL						SOURCEPAGE:AaEG								BONUS:WEAPON|TOHIT|-2|TYPE=NonProficient	BONUS:WEAPON|TOHIT|+2|TYPE=NonProficient|PREFEAT:1,Exotic Weapon Proficiency (Sword (Mercurial))
Hammer (Lucerne)	OUTPUTNAME:Hammer, Lucerne	PROFICIENCY:WEAPON|Hammer (Lucerne)	TYPE:Weapon.Martial.Melee.Piercing.TwoHanded.Hammer	COST:12	WT:10	WIELD:TwoHanded		SIZE:M	DAMAGE:2d4	CRITRANGE:1	CRITMULT:x4	EQMOD:STEEL						SOURCEPAGE:AaEG									
Mace (Double)	OUTPUTNAME:Mace, [NAME]	PROFICIENCY:WEAPON|Mace (Double)	TYPE:Weapon.Exotic.Melee.Bludgeoning.TwoHanded.Double.Mace	COST:125	WT:25	WIELD:TwoHanded		SIZE:M	DAMAGE:1d8	CRITRANGE:1	CRITMULT:x2	EQMOD:STEEL	ALTTYPE:Weapon.Exotic.Melee.Bludgeoning	ALTDAMAGE:1d8	ALTCRITRANGE:1	ALTCRITMULT:x2	ALTEQMOD:STEEL	SOURCEPAGE:AaEG									
Manti		PROFICIENCY:WEAPON|Manti	TYPE:Weapon.Exotic.Melee.Piercing.TwoHanded.Spear	COST:15	WT:9	WIELD:TwoHanded		SIZE:M	DAMAGE:1d8	CRITRANGE:1	CRITMULT:x3	EQMOD:WOOD						SOURCEPAGE:AaEG									
Maul		PROFICIENCY:WEAPON|Maul	TYPE:Weapon.Martial.Melee.Bludgeoning.TwoHanded.Hammer.Dwarven	COST:15	WT:20	WIELD:TwoHanded		SIZE:M	DAMAGE:1d10	CRITRANGE:1	CRITMULT:x3	EQMOD:WOOD						SOURCEPAGE:AaEG									
Sai		PROFICIENCY:WEAPON|Sai	TYPE:Weapon.Exotic.Melee.Piercing.Light.Finesseable	COST:1	WT:2	WIELD:Light		SIZE:M	DAMAGE:1d4	CRITRANGE:1	CRITMULT:x2	EQMOD:WOOD						SOURCEPAGE:AaEG									
Sapara		PROFICIENCY:WEAPON|Sapara	TYPE:Weapon.Exotic.Melee.Slashing.Light.Finesseable	COST:15	WT:6	WIELD:Light		SIZE:M	DAMAGE:1d6	CRITRANGE:2	CRITMULT:x2	EQMOD:STEEL						SOURCEPAGE:AaEG									
Scimitar (Double)	OUTPUTNAME:Scimitar, [NAME]	PROFICIENCY:WEAPON|Scimitar (Double)	TYPE:Weapon.Exotic.Melee.Slashing.TwoHanded.Double.Scimitar	COST:125	WT:15	WIELD:TwoHanded	SLOTS:2	SIZE:M	DAMAGE:1d6	CRITRANGE:3	CRITMULT:x2	EQMOD:STEEL	ALTTYPE:Weapon.Exotic.Melee.Slashing	ALTDAMAGE:1d6	ALTCRITRANGE:3	ALTCRITMULT:x2	ALTEQMOD:STEEL	SOURCEPAGE:AaEG									
Knife (Stump)	OUTPUTNAME:Knife, [NAME]	PROFICIENCY:WEAPON|Knife (Stump)	TYPE:Weapon.Exotic.Melee.Piercing.Light.Finesseable.Dagger	COST:8	WT:2	WIELD:Light		SIZE:M	DAMAGE:1d4	CRITRANGE:2	CRITMULT:x2	EQMOD:STEEL						SOURCEPAGE:AaEG									
Sword (Butterfly)	OUTPUTNAME:Sword, [NAME]	PROFICIENCY:WEAPON|Sword (Butterfly)	TYPE:Weapon.Exotic.Melee.Slashing.Light.Finesseable.Sword	COST:10	WT:2	WIELD:Light		SIZE:M	DAMAGE:1d6	CRITRANGE:2	CRITMULT:x2	EQMOD:STEEL						SOURCEPAGE:AaEG									
Staff (Three Section)	OUTPUTNAME:Staff, Three-section	PROFICIENCY:WEAPON|Staff (Three Section)	TYPE:Weapon.Exotic.Melee.Bludgeoning.TwoHanded.Quarterstaff	COST:4	WT:8	WIELD:TwoHanded		SIZE:M	DAMAGE:1d8	CRITRANGE:1	CRITMULT:x3	EQMOD:WOOD						SOURCEPAGE:AaEG									
Tonfa		PROFICIENCY:WEAPON|Tonfa	TYPE:Weapon.Exotic.Melee.Bludgeoning.Light.Finesseable	COST:0.2	WT:2	WIELD:Light		SIZE:M	DAMAGE:1d6	CRITRANGE:1	CRITMULT:x2	EQMOD:STEEL						SOURCEPAGE:AaEG									
Dagger (Triple)	OUTPUTNAME:Dagger, [NAME]	PROFICIENCY:WEAPON|Dagger (Triple)	TYPE:Weapon.Exotic.Melee.Piercing.Light.Finesseable.Dagger	COST:10	WT:1	WIELD:Light		SIZE:M	DAMAGE:1d4	CRITRANGE:2	CRITMULT:x2	EQMOD:STEEL						SOURCEPAGE:AaEG									
War Fan		PROFICIENCY:WEAPON|War Fan	TYPE:Weapon.Exotic.Melee.Slashing.Light.Finesseable	COST:30	WT:3	WIELD:Light		SIZE:M	DAMAGE:1d6	CRITRANGE:1	CRITMULT:x3	EQMOD:STEEL						SOURCEPAGE:AaEG									
Gauntlet (Ward Cestus)	OUTPUTNAME:Gauntlet, [NAME]	PROFICIENCY:WEAPON|Gauntlet (Ward Cestus)	TYPE:Weapon.Exotic.Melee.Piercing.Light.Finesseable.Unarmed.Gauntlet	COST:10	WT:4	WIELD:Light	SLOTS:1	SIZE:M	DAMAGE:1d3	CRITRANGE:1	CRITMULT:x2	EQMOD:STEEL						SOURCEPAGE:AaEG									
Whip (Composite)	OUTPUTNAME:[NAME] Whip STR	PROFICIENCY:WEAPON|Whip	TYPE:Weapon.Exotic.Melee.Slashing.Reach.Finesseable.Subdual.Whip.Composite	COST:100	WT:2	WIELD:OneHanded		SIZE:M	DAMAGE:1d2	CRITRANGE:1	CRITMULT:x2	EQMOD:LEATHER						SOURCEPAGE:AaEG		REACH:15		MODS:REQUIRED				BONUS:WEAPON|DAMAGE|min(STR,0)	
Whip (Composite +0)	OUTPUTNAME:[NAME] Whip STR0	PROFICIENCY:WEAPON|Whip	TYPE:Weapon.Exotic.Melee.Slashing.Reach.Finesseable.Subdual.Whip.Composite	COST:100	WT:2	WIELD:OneHanded		SIZE:M	DAMAGE:1d2	CRITRANGE:1	CRITMULT:x2	EQMOD:LEATHER						SOURCEPAGE:AaEG		REACH:15		MODS:NO					
Whip Dagger	OUTPUTNAME:Whip-dagger	PROFICIENCY:WEAPON|Whip Dagger	TYPE:Weapon.Exotic.Melee.Slashing.Light.Reach.Finesseable.Whip	COST:25	WT:3	WIELD:Light		SIZE:M	DAMAGE:1d6	CRITRANGE:2	CRITMULT:x2	EQMOD:LEATHER						SOURCEPAGE:AaEG		REACH:15							
Whip Dagger (Composite)	OUTPUTNAME:[NAME] Whip Dagger STR	PROFICIENCY:WEAPON|Whip Dagger	TYPE:Weapon.Exotic.Melee.Slashing.Light.Reach.Finesseable.Whip.Composite	COST:125	WT:3	WIELD:Light		SIZE:M	DAMAGE:1d6	CRITRANGE:2	CRITMULT:x2	EQMOD:LEATHER						SOURCEPAGE:AaEG		REACH:15		MODS:REQUIRED				BONUS:WEAPON|DAMAGE|min(STR,0)	
Whip Dagger (Composite +0)	OUTPUTNAME:[NAME] Whip Dagger STR0	PROFICIENCY:WEAPON|Whip Dagger	TYPE:Weapon.Exotic.Melee.Slashing.Light.Reach.Finesseable.Whip.Composite	COST:125	WT:3	WIELD:Light		SIZE:M	DAMAGE:1d6	CRITRANGE:2	CRITMULT:x2	EQMOD:LEATHER						SOURCEPAGE:AaEG		REACH:15		MODS:NO					
																											
# Ranged																											
Bolas (Two Ball)	OUTPUTNAME:Bolas, Two-Ball	PROFICIENCY:WEAPON|Bolas (Two Ball)	TYPE:Weapon.Exotic.Ranged.Bludgeoning.Light.Thrown.Bolas	COST:5	WT:2	WIELD:Light		SIZE:M	DAMAGE:1d4	CRITRANGE:1	CRITMULT:x2	EQMOD:WOOD						SOURCEPAGE:AaEG	RANGE:10								
Calculus (Gnome)	OUTPUTNAME:Calculus, [NAME]	PROFICIENCY:WEAPON|Calculus (Gnome)	TYPE:Weapon.Exotic.Ranged.Container.Light.Projectile.Sling.Gnomish	COST:50	WT:2	WIELD:Light		SIZE:M	DAMAGE:0			EQMOD:STEEL						SOURCEPAGE:AaEG	RANGE:50				CONTAINS:UNLIM|Total=1|Potion=1|Flask=1|SlingStone=1|SpecificSlingStone=1		SPROP:damage are based on projectile effects.		
Crossbow (Great)	OUTPUTNAME:Crossbow, [NAME]	PROFICIENCY:WEAPON|Crossbow (Great)	TYPE:Weapon.Exotic.Ranged.Piercing.TwoHanded.Container.Projectile.Crossbow	COST:100	WT:15	WIELD:TwoHanded	SLOTS:2	SIZE:M	DAMAGE:1d12	CRITRANGE:2	CRITMULT:x2	EQMOD:WOOD						SOURCEPAGE:AaEG	RANGE:150				CONTAINS:UNLIM|Bolt|SpecificBolt				
Bow (Double/Elven)	OUTPUTNAME:Double Bow, Elven	PROFICIENCY:WEAPON|Bow (Double/Elven)	TYPE:Weapon.Exotic.Martial.Ranged.Piercing.TwoHanded.Container.Projectile.Bow.Longbow.Elven	COST:1000	WT:3	WIELD:TwoHanded	SLOTS:2	SIZE:M	DAMAGE:1d8	CRITRANGE:1	CRITMULT:x3	EQMOD:WOOD						SOURCEPAGE:AaEG	RANGE:90				CONTAINS:UNLIM|Arrow|SpecificArrow		SPROP:you can fire 2 arrows at once with only ont to hit rolla at -2 penalty.|PREFEAT:1,Exotic Weapon Proficiency(Bow (Double/Elven))	BONUS:WEAPON|DAMAGE|min(STR,0)	
Fukimi Bari	OUTPUTNAME:Fukimi-bari	PROFICIENCY:WEAPON|Fukimi Bari	TYPE:Weapon.Exotic.Ranged.Piercing.Light.Finesseable	COST:1	WT:0.1	WIELD:Light		SIZE:M	DAMAGE:1	CRITRANGE:1	CRITMULT:x2	EQMOD:STEEL						SOURCEPAGE:AaEG	RANGE:5						SPROP:no STR applied to damage.		
Gauntlet (Spring Loaded)	OUTPUTNAME:Gauntlet, Spring-loaded	PROFICIENCY:WEAPON|Gauntlet (Spring Loaded)	TYPE:Weapon.Exotic.Melee.Ranged.Piercing.OneHanded.Finesseable.Unarmed.Gauntlet.Container.Projectile	COST:200	WT:3	WIELD:OneHanded	SLOTS:1	SIZE:M	DAMAGE:1d4	CRITRANGE:1	CRITMULT:x2	EQMOD:STEEL						SOURCEPAGE:AeEG	RANGE:20				CONTAINS:UNLIM|Bolt|SpecificBolt				
Harpoon		PROFICIENCY:WEAPON|Harpoon	TYPE:Weapon.Exotic.Ranged.Piercing.TwoHanded	COST:15	WT:30	WIELD:TwoHanded		SIZE:M	DAMAGE:1d10	CRITRANGE:1	CRITMULT:x2	EQMOD:WOOD						SOURCEPAGE:AeEG	RANGE:30								
Javelin (Spinning)	OUTPUTNAME:Javelin, [NAME]	PROFICIENCY:WEAPON|Javelin (Spinning)	TYPE:Weapon.Exotic.Ranged.Piercing.OneHanded.Thrown.Javelin	COST:2	WT:2	WIELD:OneHanded		SIZE:M	DAMAGE:1d8	CRITRANGE:2	CRITMULT:x2	EQMOD:WOOD						SOURCEPAGE:AaEG	RANGE:50								
Shotput (Orc)	OUTPUTNAME:Shotput, Orc	PROFICIENCY:WEAPON|Shotput (Orc)	TYPE:Weapon.Exotic.Melee.Bludgeoning.OneHanded.Orcish	COST:10	WT:15	WIELD:OneHanded		SIZE:M	DAMAGE:2d6	CRITRANGE:2	CRITMULT:x3	EQMOD:STEEL						SOURCEPAGE:AaEG	RANGE:10				BONUS:WEAPON|TOHIT|-3|TYPE=NonProficient	BONUS:WEAPON|TOHIT|+3|TYPE=NonProficient|PREMULT:2,[PREFEAT:1,Exotic Weapon Proficiency (Shotput)],[PRESIZEGTEQ:M]			
Skiprock (Halfling)	OUTPUTNAME:Skiproc, Halfling	PROFICIENCY:WEAPON|Skiprock	TYPE:Weapon.Exotic.Ranged.Bludgeoning.Light.Halfling	COST:3	WT:0.25	WIELD:Light		SIZE:M	DAMAGE:1d3	CRITRANGE:1	CRITMULT:x2	EQMOD:STEEL						SOURCEPAGE:AaEG	RANGE:10	SPROP:second target with -2 to hit penalty on attack roll.							
Throwing Iron		PROFICIENCY:WEAPON|Throwing Iron	TYPE:Weapon.Exotic.Ranged.Thrown.Slashing.Light	COST:8	WT:3	WIELD:Light		SIZE:M	DAMAGE:1d6	CRITRANGE:2	CRITMULT:x2	EQMOD:STEEL						SOURCEPAGE:AaEG	RANGE:10								
																											
# Armor 																											
Bark	PROFICIENCY:ARMOR|Bark	TYPE:Armor.Light.Suit.Nonmetal	COST:5	WT:15	ACCHECK:-2	EQMOD:WOOD	MAXDEX:5	SOURCEPAGE:AaEG	SPELLFAILURE:15	BONUS:COMBAT|AC|2|TYPE=Armor																	
Bondleaf Wrap	PROFICIENCY:ARMOR|Bondleaf Wrap	TYPE:Armor.Light.Suit.Nonmetal	COST:1000	WT:2		EQMOD:LEATHER		SOURCEPAGE:AaEG		BONUS:COMBAT|AC|1|TYPE=Armor																	
Bone	PROFICIENCY:ARMOR|Bone	TYPE:Armor.Light.Suit.Nonmetal	COST:20	WT:20	ACCHECK:-3	EQMOD:BONE	MAXDEX:4	SOURCEPAGE:AaEG	SPELLFAILURE:15	BONUS:COMBAT|AC|3|TYPE=Armor																	
Brigandine	PROFICIENCY:ARMOR|Brigandine	TYPE:Armor.Medium.Suit	COST:30	WT:40	ACCHECK:-5	EQMOD:STEEL	MAXDEX:2	SOURCEPAGE:AaEG	SPELLFAILURE:30	BONUS:COMBAT|AC|4|TYPE=Armor																	
Coral Armor	PROFICIENCY:ARMOR|Coral	TYPE:Armor.Heavy.Suit.Nonmetal	COST:225	WT:40	ACCHECK:-7	EQMOD:STEEL	MAXDEX:1	SOURCEPAGE:AaEG	SPELLFAILURE:30	BONUS:COMBAT|AC|6|TYPE=Armor																	
Cord	PROFICIENCY:ARMOR|Cord	TYPE:Armor.Light.Suit.Nonmetal	COST:15	WT:15	ACCHECK:-1	EQMOD:CLOTH	MAXDEX:5	SOURCEPAGE:AaEG	SPELLFAILURE:5	BONUS:COMBAT|AC|2|TYPE=Armor																	
Dendritic	PROFICIENCY:ARMOR|Dendritic	TYPE:Armor.Heavy.Suit.Nonmetal	COST:2000	WT:60	ACCHECK:-8	EQMOD:STEEL	MAXDEX:0	SOURCEPAGE:AaEG	SPELLFAILURE:40	BONUS:COMBAT|AC|9|TYPE=Armor																	
Lamellar Armor	PROFICIENCY:ARMOR|Lamellar	TYPE:Armor.Medium.Suit	COST:150	WT:35	ACCHECK:-4	EQMOD:STEEL	MAXDEX:3	SOURCEPAGE:AaEG	SPELLFAILURE:30	BONUS:COMBAT|AC|5|TYPE=Armor																	
Leather Scale	PROFICIENCY:ARMOR|Leather Scale	TYPE:Armor.Light.Suit.Nonmetal	COST:35	WT:20	ACCHECK:-2	EQMOD:LEATHER	MAXDEX:6	SOURCEPAGE:AaEG	SPELLFAILURE:15	BONUS:COMBAT|AC|3|TYPE=Armor																	
Moonivy	PROFICIENCY:ARMOR|Moonivy	TYPE:Armor.Light.Suit.MoonIvy	COST:16000	WT:5	ACCHECK:0	EQMOD:STEEL	MAXDEX:6	SOURCEPAGE:AaEG	SPELLFAILURE:10	BONUS:COMBAT|AC|4|TYPE=Armor																	
Ring Armor	PROFICIENCY:ARMOR|Ring	TYPE:Armor.Medium.Suit	COST:75	WT:35	ACCHECK:-3	EQMOD:STEEL	MAXDEX:4	SOURCEPAGE:AaEG	SPELLFAILURE:30	BONUS:COMBAT|AC|4|TYPE=Armor																	
Shell Armor	PROFICIENCY:ARMOR|Shell	TYPE:Armor.Medium.Suit.Nonmetal	COST:25	WT:20	ACCHECK:-2	EQMOD:SHELL	MAXDEX:3	SOURCEPAGE:AaEG	SPELLFAILURE:20	BONUS:COMBAT|AC|3|TYPE=Armor																	
Stone (Dwarven)	PROFICIENCY:ARMOR|Stone (Dwarven)	TYPE:Armor.Heavy.Suit.Nonmetal	COST:1750	WT:80	ACCHECK:-7	EQMOD:STONE	MAXDEX:0	SOURCEPAGE:AaEG	SPELLFAILURE:40	BONUS:COMBAT|AC|9|TYPE=Armor	OUTPUTNAME:Stone, Dwarven																
Wicker	PROFICIENCY:ARMOR|Wicker	TYPE:Armor.Light.Suit.Nonmetal	COST:1	WT:5	ACCHECK:0	EQMOD:CLOTH	MAXDEX:5	SOURCEPAGE:AaEG	SPELLFAILURE:10	BONUS:COMBAT|AC|1|TYPE=Armor																	
Wood	PROFICIENCY:ARMOR|Wood	TYPE:Armor.Light.Suit.Nonmetal	COST:15	WT:15	ACCHECK:-3	EQMOD:WOOD	MAXDEX:4	SOURCEPAGE:AaEG	SPELLFAILURE:15	BONUS:COMBAT|AC|3|TYPE=Armor																	
																											
# Shield																											
Buckler (Beetle)	PROFICIENCY:SHIELD|Buckler (Beetle)	TYPE:Shield.Buckler.Metal	COST:6600	WT:5	ACCHECK:-1	EQMOD:STEEL		SOURCEPAGE:AaEG	SPELLFAILURE:5	BONUS:COMBAT|AC|1|TYPE=Shield	SPROP:See monster Beetle Buckler.		BONUS:COMBAT|TOHIT|-1|PREMULT:1,[PREEQUIPBOTH:1,TYPE=Melee],[PREEQUIPSECONDARY:1,TYPE=Melee]	BONUS:COMBAT|AC|1|TYPE=Enhancement	OUTPUTNAME:Buckler, Beetle												
Dastana	PROFICIENCY:ARMOR|Dastana	TYPE:Goods.Light.Metal.Bracer	COST:25	WT:5	ACCHECK:-1	EQMOD:STEEL		SOURCEPAGE:AaEG	SPELLFAILURE:5	BONUS:COMBAT|AC|1|PREARMORTYPE:1,Padded,Leather,Chain Shirt			SIZE:M														
Shield (Stiletto)	PROFICIENCY:SHIELD|Shield (Stiletto)	TYPE:Shield.Light.Specific.Metal	COST:30	WT:10	ACCHECK:-1	EQMOD:STEEL		SOURCEPAGE:AaEG	SPELLFAILURE:5	BONUS:COMBAT|AC|1|TYPE=Shield		WIELD:Light	SIZE:M	DAMAGE:1d3													
																											
# Ammunition																											
Arrow (Alchemist's)	OUTPUTNAME:Arrow, [NAME]		TYPE:Ammunition.Arrow.SpecificArrow.Individual	COST:75	WT:0.2							EQMOD:STEEL.WOOD						SOURCEPAGE:AaEG				BASEQTY:1			SPROP:Each of these projectiles carries a deadly load of Alchemist's Fire in its hollow shaft.		
Arrow (Blunt)	OUTPUTNAME:Arrow, [NAME]		TYPE:Ammunition.Arrow.SpecificArrow.Individual	COST:0.5	WT:0.2							EQMOD:STEEL.WOOD						SOURCEPAGE:AaEG				BASEQTY:1			SPROP:These arrows have wooden tips specially crafted to deal subdual damage instead of normal damage.		
Arrow (Flight)	OUTPUTNAME:Arrow, [NAME]		TYPE:Masterwork.Ammunition.Arrow.SpecificArrow.Individual	COST:8	WT:0.2							EQMOD:STEEL.WOOD.MWORKA						SOURCEPAGE:AaEG				BASEQTY:1			SPROP:The light shaft and special design of this masterwork arrow increases a bow's range increment by 25 feet.		
Arrow (Signal)	OUTPUTNAME:Arrow, [NAME]		TYPE:Ammunition.Arrow.SpecificArrow.Individual	COST:0.5	WT:0.2							EQMOD:STEEL.WOOD						SOURCEPAGE:AaEG				BASEQTY:1			SPROP:Theis arrow is specially designated to emulate a bird's call when fired.	BONUS:COMBAT|TOHIT|-2|TYPE=Circumstance	
Arrow (Thunder)	OUTPUTNAME:Arrow, [NAME]		TYPE:Ammunition.Arrow.SpecificArrow.Individual	COST:2	WT:0.3							EQMOD:STEEL.WOOD						SOURCEPAGE:AaEG				BASEQTY:1			SPROP:Thunder arrows are tipped with thunderstones. A hit deals no damage, but triggers the thunderstone's sonic attack.		
Bolt (Tumbling)	OUTPUTNAME:Bolt, [NAME]		TYPE:Ammunition.Bolt.SpecificBolt.Individual	COST:5	WT:0.2							EQMOD:STEEL.WOOD						SOURCEPAGE:AaEG				BASEQTY:1			SPROP:The bolt deals +2 damage but only has one-half its normal range increment due to the way the projectile moves through the air.		
																											
																											
###Block:Weapons																											
###TODO: it's better to copy the original and modify the copy or not?																											
# Equipment Name	Output Name	Required Proficiency	Type	Cost	Weight	Wield Category	Slot Needed	Size	Damage	Critical Hit Range	Critical Hit Multiplier	Modifier	Alternative Type	Alternative Damage	Alternative Critical Range	Alternative Critical	Alternative Modifier		Range	Reach	Reach Multiplier			BONUS:EQM	Special Property	Weapon prop. bonus	
# Ammunition Specific																											
Arrow of Disintegration			TYPE:Enhancement.Ammunition.Arrow.SpecificArrow.Individual	COST:3307	WT:0							EQMOD:STEEL.WOOD.MWORKW.EQ_COST_ADJ|6						SOURCEPAGE:AaEG				BASEQTY:1			SPROP:Disintegrating (Disintegrate target Fort DC 19 or 5d6 damage.)		
Arrow of Eyes			TYPE:Enhancement.Ammunition.Arrow.SpecificArrow.Individual	COST:1047	WT:0							EQMOD:STEEL.WOOD.MWORKW.PLUS1W.EQ_COST_ADJ|46						SOURCEPAGE:AaEG				BASEQTY:1			SPROP:Arcane Eye (casterlevel 10th)		
Bolt of Freedom			TYPE:Enhancement.Ammunition.Bolt.SpecificBolt.Individual	COST:247	WT:0.1							EQMOD:STEEL.WOOD.MWORKW.PLUS1W.EQ_COST_ADJ|46						SOURCEPAGE:AaEG				BASEQTY:1			SPROP:+10 Escape Artist to escape a grapple checks and -10 penalty to grapple check made to hold another creature.		
Bolt (Voices)			TYPE:Enhancement.Ammunition.Bolt.SpecificBolt.Individual	COST:767	WT:0.1							EQMOD:STEEL.WOOD.MWORKW.PLUS2W.EQ_COST_ADJ|166						SOURCEPAGE:AaEG				BASEQTY:1			SPROP:Will DC 16 or distraction (forced concentration check DC 16+spell level).		
Elven Leaf Arrow			TYPE:Enhancement.Ammunition.Arrow.SpecificArrow.Individual	COST:1167	WT:0							EQMOD:STEEL.WOOD.MWORKW.PLUS2W.EQ_COST_ADJ|166						SOURCEPAGE:AaEG				BASEQTY:1			SPROP:Lethal or non Lethal damage as free action. If non lethal in temperate woodland area, Will DC 11 or be charmed as Charm Monster spell (10th lvl caster)		
Bolt (Ethereal)			TYPE:Enhancement.Ammunition.Bolt.Specific.Bolt.Individual	COST:797	WT:0.1							EQMOD:STEEL.WOOD.MWORKW.PLUS1W.EQ_COST_ADJ|46						SOURCEPAGE:AaEG				BASEQTY:1			SPROP:50%% chance to be material or ethereal.		
Fey Arrow			TYPE:Enhancement.Ammunition.Arrow.SpecificArrow.Individual	COST:297	WT:0							EQMOD:STEEL.WOOD.MWORKW.PLUS1W.EQ_COST_ADJ|46						SOURCEPAGE:AaEG				BASEQTY:1			SPROP:Faerie Fire (5th caster level) on hit.		
																											
# Melee Specific Weapons																											
Acid Fang Dagger		PROFICIENCY:WEAPON|Dagger	TYPE:Enhancement.Weapon.Melee.Ranged.Thrown.Simple.Specific.Piercing.Slashing.Finesseable.Dagger	COST:19102	WT:1	WIELD:Light		SIZE:M	DAMAGE:1d4	CRITRANGE:2	CRITMULT:x2	EQMOD:STEEL.MWORKW.PLUS1W.CORR_M.EQ_COST_ADJ|8300						SOURCEPAGE:AaEG	RANGE:10						SPROP:1/day Animal Friendship 8HD snakes or reptiles. Speak with Animals with reptiles at will.		
Arrowdeath Flail		PROFICIENCY:WEAPON|Flail (Dire)	TYPE:Enhancement.Weapon.Exotic.Melee.Specific.Double.Bludgeoning.Flail	COST:33690	WT:10	WIELD:TwoHanded	SLOTS:2	SIZE:M	DAMAGE:1d8	CRITRANGE:1	CRITMULT:x2	EQMOD:STEEL.MWORKW.PLUS2W.EQ_COST_ADJ|8300	ALTTYPE:Enhancement.Weapon.Melee.Bludgeoning.Flail	ALTDAMAGE:1d8	ALTCRITRANGE:1	ALTCRITMULT:x2	ALTEQMOD:STEEL.MWORKW.PLUS1W.EQ_COST_ADJ|2300	SOURCEPAGE:AaEG							SPROP:+2 additional deflection to AC against ranged weapon attacks when in total defence.		
Axe of Anger		PROFICIENCY:WEAPON|Battleaxe	TYPE:Enhancement.Weapon.Martial.Melee.Specific.Slashing.Axe	COST:18320	WT:6	WIELD:OneHanded		SIZE:M	DAMAGE:1d8	CRITRANGE:1	CRITMULT:x3	EQMOD:STEEL.MWORKW.PLUS2W.EQ_COST_ADJ|8300						SOURCEPAGE:AaEG				BONUS:VAR|RageDuration|2					
Axe of Falls		PROFICIENCY:WEAPON|Axe (Throwing)	TYPE:Enhancement.Weapon.Melee.Ranged.Thrown.Martial.Specific.Slashing.Finesseable.Axe	COST:50308	WT:2	WIELD:Light		SIZE:M	DAMAGE:1d6	CRITRANGE:1	CRITMULT:x2	EQMOD:STEEL.MWORKW.PLUS2W.RETRN.EQ_COST_ADJ|18300						SOURCEPAGE:AaEG	RANGE:10								
Axe of Pair		PROFICIENCY:WEAPON|Handaxe	TYPE:Enhancement.Weapon.Melee.Martial.Specific.Slashing.Finesseable.Axe	COST:50306	WT:3	WIELD:Light		SIZE:M	DAMAGE:1d6	CRITRANGE:1	CRITMULT:x3	EQMOD:STEEL.MWORKW.PLUS2W.EQ_COST_ADJ|8300						SOURCEPAGE:AaEG				BONUS:COMBAT|SECONDARYATTACKS|1|PREEQUIPSECONDARY:1,Axe of Pair					
Axe of Shards		PROFICIENCY:WEAPON|Waraxe (Dwarven)	TYPE:Enhancement.Weapon.Melee.Martial.Exotic.Specific.Slashing.Axe.Dwarven	COST:19330	WT:8	WIELD:TwoHanded		SIZE:M	DAMAGE:1d10	CRITRANGE:1	CRITMULT:x3	EQMOD:STEEL.MWORKW.PLUS3W.EQ_COST_ADJ|18300						SOURCEPAGE:AaEG				BONUS:WEAPON|WIELDCATEGORY|-1|PREFEAT:1,Exotic Weapon Proficiency (Waraxe (Dwarven))					
Axe of Storms		PROFICIENCY:WEAPON|Axe (Orc Double)	TYPE:Enhancement.Weapon.Melee.Exotic.Specific.Slashing.Double.Axe.Orc	COST:98660	WT:15	WIELD:TwoHanded	SLOTS:2	SIZE:M	DAMAGE:1d8	CRITRANGE:1	CRITMULT:x3	EQMOD:STEEL.MWORKW.PLUS1W.THNDR_M.EQ_COST_ADJ|8300	ALTTYPE:Enhancement.Weapon.Melee.Slashing.Axe	ALTDAMAGE:1d8	ALTCRITRANGE:1	ALTCRITMULT:x3	ALTEQMOD:STEEL.MWORKW.PLUS1W.SHOCK_M.EQ_COST_ADJ|8300	SOURCEPAGE:AaEG							SPROP:you can choose how balance +4 enhancement bonus from one head to another each round from +0 to +4.		
Axe of Joyous Dance		PROFICIENCY:WEAPON|Handaxe	TYPE:Enhancement.Weapon.Melee.Martial.Specific.Slashing.Finesseable.Axe	COST:107906	WT:3	WIELD:Light		SIZE:M	DAMAGE:1d6	CRITRANGE:1	CRITMULT:x3	EQMOD:STEEL.MWORKW.PLUS3W.DANCE.EQ_COST_ADJ|98300						SOURCEPAGE:AaEG				SPELLS:Weapon|TIMES=1|CASTERLEVEL=4|Hideous Laughter,19					
Axe of Winds		PROFICIENCY:WEAPON|Battleaxe	TYPE:Enhancement.Weapon.Melee.Martial.Specific.Slashing.Axe	COST:65830	WT:6	WIELD:OneHanded		SIZE:M	DAMAGE:1d8	CRITRANGE:1	CRITMULT:x3	EQMOD:STEEL.MWORKW.PLUS2W.EQ_COST_ADJ|8300						SOURCEPAGE:AaEG				SPELLS:Weapon|TIMES=3|CASTERLEVEL=11|Gust of Wind,13	SPELLS:Weapon|TIMES=1|CASTERLEVEL=11|Wind Wall				
Badgerclaw		PROFICIENCY:WEAPON|Pick (Light)	TYPE:Enhancement.Weapon.Melee.Martial.Specific.Piercing.Finesseable.Pick	COST:32304	WT:3	WIELD:Light		SIZE:M	DAMAGE:1d4	CRITRANGE:1	CRITMULT:x4	EQMOD:STEEL.MWORKW.PLUS2W.EQ_COST_ADJ|8300						SOURCEPAGE:AaEG				SPELLS:Weapon|TIMES=1|CASTERLEVEL=5|Meld into Stone|Stone Shape					
Balor's Sword of Flame		PROFICIENCY:WEAPON|Sword (Bastard)	TYPE:Enhancement.Weapon.Melee.Martial.Exotic.Specific.Slashing.Sword	COST:115870	WT:12	WIELD:TwoHanded		SIZE:L	DAMAGE:2d6	CRITRANGE:2	CRITMULT:x2	EQMOD:STEEL.MWORKW.PLUS1W.VORPAL.EQ_COST_ADJ|72300						SOURCEPAGE:AaEG				BONUS:WEAPON|WIELDCATEGORY|-1|PREFEAT:1,Exotic Weapon Proficiency (Sword (Bastard))			SPROP:Detect good always active (12 th lvl caster).		
Balor's Sword of Lightning		PROFICIENCY:WEAPON|Sword (Bastard)	TYPE:Enhancement.Weapon.Melee.Martial.Exotic.Specific.Slashing.Sword	COST:115870	WT:12	WIELD:TwoHanded		SIZE:L	DAMAGE:2d6	CRITRANGE:2	CRITMULT:x2	EQMOD:STEEL.MWORKW.PLUS1W.BRI_EN_M.SHOCK_M|EQ_COST_ADJ|72300						SOURCEPAGE:AaEG				BONUS:WEAPON|WIELDCATEGORY|-1|PREFEAT:1,Exotic Weapon Proficiency (Sword (Bastard))			SPROP:Detect law always active (12 th lvl caster).		
Balor's Sword of Smithing		PROFICIENCY:WEAPON|Sword (Bastard)	TYPE:Enhancement.Weapon.Melee.Martial.Exotic.Specific.Slashing.Sword	COST:118670	WT:12	WIELD:TwoHanded		SIZE:L	DAMAGE:2d6	CRITRANGE:2	CRITMULT:x2	EQMOD:STEEL.MWORKW.PLUS5W.UNHLY_M.EQ_COST_ADJ|98300						SOURCEPAGE:AaEG				BONUS:WEAPON|WIELDCATEGORY|-1|PREFEAT:1,Exotic Weapon Proficiency (Sword (Bastard))			ABILITY:Special Ability|VIRTUAL|Weapon ~ Balor's Sword of Smiting ~ Smite Good		
Balor's Sword of Soul Stealing		PROFICIENCY:WEAPON|Sword (Bastard)	TYPE:Enhancement.Weapon.Melee.Martial.Exotic.Specific.Slashing.Sword	COST:219870	WT:12	WIELD:TwoHanded		SIZE:L	DAMAGE:2d6	CRITRANGE:2	CRITMULT:x2	EQMOD:STEEL.MWORKW.PLUS3W.VORPAL.EQ_COST_ADJ|128300						SOURCEPAGE:AaEG				BONUS:WEAPON|WIELDCATEGORY|-1|PREFEAT:1,Exotic Weapon Proficiency (Sword (Bastard))			SPROP:Soul Bind spell when severe the head of target.		
Battleaxe of the Bull		PROFICIENCY:WEAPON|Battleaxe	TYPE:Enhancement.Weapon.Melee.Martial.Specific.Slashing.Axe	COST:32310	WT:6	WIELD:OneHanded		SIZE:M	DAMAGE:1d8	CRITRANGE:1	CRITMULT:x3	EQMOD:STEEL.MWORKW.PLUS2W.EQ_COST_ADJ|8300						SOURCEPAGE:AaEG				VFEAT:Improved Bull Rush					
Blade of Deception		PROFICIENCY:WEAPON|Rapier	TYPE:Enhancement.Weapon.Melee.Martial.Finesseable.Standard.Piercing.Sword	COST:19820	WT:2	WIELD:OneHanded		SIZE:M	DAMAGE:1d6	CRITRANGE:3	CRITMULT:x2	EQMOD:STEEL.MWORKW.PLUS3W.EQ_COST_ADJ|18300						SOURCEPAGE:AaEG				BONUS:WEAPON|DAMAGEMULT:2|-0.5	BONUS:SITUATION|Bluff=Feint|2|TYPE=Enhancement		SPROP:+2 Enhancement bonus on Bluff checks made to Feint.		
Blade of Duelist		PROFICIENCY:WEAPON|Rapier	TYPE:Enhancement.Weapon.Melee.Martial.Finesseable.Standard.Piercing.Sword	COST:16320	WT:2	WIELD:OneHanded		SIZE:M	DAMAGE:1d6	CRITRANGE:3	CRITMULT:x2	EQMOD:STEEL.MWORKW.PLUS2W.EQ_COST_ADJ|8300						SOURCEPAGE:AaEG				BONUS:WEAPON|DAMAGEMULT:2|-0.5			SPROP:+2 insight bonus on AC and +2 bonus on disarm when facing only a single foe.		
Bonebreaker Hammer		PROFICIENCY:WEAPON|Warhammer	TYPE:Enhancement.Weapon.Melee.Martial.Specific.Bludgeoning.Hammer	COST:18312	WT:5	WIELD:OneHanded		SIZE:M	DAMAGE:1d8	CRITRANGE:1	CRITMULT:x3	EQMOD:STEEL.MWORKW.PLUS2W.EQ_COST_ADJ|8300						SOURCEPAGE:AaEG							SPROP:deal 1d6 Dex damage on critical hits.		
Bowstaff (Staff)		PROFICIENCY:WEAPON|Quarterstaff	TYPE:Enhancement.Weapon.Melee.Simple.TwoHanded.Double.Standard.Bludgeoning.Quarterstaff	COST:0	WT:4	WIELD:TwoHanded		SIZE:M	DAMAGE:1d6	CRITRANGE:1	CRITMULT:x2	EQMOD:WOOD.MWORKW.PLUS2W.EQ_COST_ADJ|8300	ALTTYPE:Weapon.Melee.Bludgeoning	ALTDAMAGE:1d6	ALTCRITRANGE:1	ALTCRITMULT:x2	ALTEQMOD:WOOD.MWORKW.PLUS2W.EQ_COST_ADJ|8300	SOURCEPAGE:AaEG							SPROP:as move action, change into Bowstaff		PREEQUIP:1,Bowstaff
Breaking Blade		PROFICIENCY:WEAPON|Halberd	TYPE:Enhancement.Weapon.Melee.Martial.Specific.Piercing.Slashing.Polearm	COST:18310	WT:12	WIELD:TwoHanded		SIZE:M	DAMAGE:1d10	CRITRANGE:1	CRITMULT:x3	EQMOD:STEEL.MWORKW.PLUS2W.EQ_COST_ADJ|8300						SOURCEPAGE:AaEG				VFEAT:Sunder			SPROP:deal double damage when attacking simple and martial reach weapon. Hardness 15, 20 hit pints.		
Brutal Axe		PROFICIENCY:WEAPON|Battleaxe	TYPE:Enhancement.Weapon.Melee.Martial.Specific.Slashing.Axe	COST:18310	WT:6	WIELD:OneHanded		SIZE:M	DAMAGE:1d8	CRITRANGE:1	CRITMULT:x3	EQMOD:STEEL.MWORKW.PLUS1W.KEEN.EQ_COST_ADJ|8300						SOURCEPAGE:AaEG							SPROP:free trip attack on successful critical hit.		
Celestial Blade		PROFICIENCY:WEAPON|Sword (Bastard)	TYPE:Enhancement.Weapon.Melee.Martial.Exotic.Specific.Slashing.Sword	COST:18335	WT:12	WIELD:TwoHanded		SIZE:M	DAMAGE:1d10	CRITRANGE:2	CRITMULT:x2	EQMOD:STEEL.MWORKW.PLUS3W.LGHT_EMIT.EQ_COST_ADJ|18300						SOURCEPAGE:AaEG				BONUS:WEAPON|WIELDCATEGORY|-1|PREFEAT:1,Exotic Weapon Proficiency (Sword (Bastard))					
Celestial Mace		PROFICIENCY:WEAPON|Mace (Heavy)	TYPE:Enhancement.Weapon.Melee.Simple.Specific.Bludgeoning.Mace	COST:50312	WT:8	WIELD:OneHanded		SIZE:M	DAMAGE:1d8	CRITRANGE:1	CRITMULT:x2	EQMOD:STEEL.MWORKW.PLUS3W.DISRPT.LGHT_EMIT.EQ_COST_ADJ|50300						SOURCEPAGE:AaEG									
Chain of Entangling		PROFICIENCY:WEAPON|Chain (Spiked)	TYPE:Enhancement.Weapon.Melee.Exotic.Reach.Finesseable.Specific.Piercing.Chain	COST:32325	WT:10	WIELD:TwoHanded	SLOTS:2	SIZE:M	DAMAGE:2d4	CRITRANGE:1	CRITMULT:x2	EQMOD:STEEL.MWORKW.PLUS2W.EQ_COST_ADJ|8300						SOURCEPAGE:AaEG			REACHMULT:2				SPROP:on successful hit, the whip allows the wielder to attempt to grapple the target.		
Changeling Spear		PROFICIENCY:WEAPON|Halfspear	TYPE:Enhancement.Weapon.Melee.Ranged.Simple.Specific.Piercing.Thrown.Spear	COST:18301	WT:3	WIELD:OneHanded		SIZE:M	DAMAGE:1d6	CRITRANGE:1	CRITMULT:x3	EQMOD:WOOD.MWORKW.PLUS1W.EQ_COST_ADJ|2300						SOURCEPAGE:AaEG	RANGE:20						SPROP:as free action, the weapon can change into a Shortspear or a longspear or back to a halfspear, once per round.		
Chargebreaker		PROFICIENCY:WEAPON|Longspear	TYPE:Enhancement.Weapon.Melee.Simple.TwoHanded.Reach.Specific.Piercing.Spear	COST:18305	WT:9	WIELD:TwoHanded		SIZE:M	DAMAGE:1d8	CRITRANGE:1	CRITMULT:x3	EQMOD:WOOD.MWORKW.PLUS1W.KEEN.EQ_COST_ADJ|8300						SOURCEPAGE:AaEG			REACHMULT:2				SPROP:triple damage when set against a charging opponent.		
Claws of the Leopard		PROFICIENCY:WEAPON|Gauntlet (Spiked)	TYPE:Enhancement.Weapon.Melee.Simple.Finesseable.Specific.Piercing.Unarmed.Gauntlet	COST:38305	WT:1	WIELD:Light		SIZE:M	DAMAGE:1d4	CRITRANGE:1	CRITMULT:x2	EQMOD:STEEL.MWORKW.PLUS2W.EQ_COST_ADJ|8300						SOURCEPAGE:AaEG				BONUS:EQM|WEIGHTADD|-1|PREMULT:3,[PREEQUIP:1,TYPE.Armor],[PREEQUIP:1,TYPE.Medium,TYPE.Heavy],[!PREEQUIP:1,Breastplate]	BONUS:VAR|HasLowLightVision|1	BONUS:SKILL|Climb|10|TYPE=Enhancement	ABILITY:Special Ability|VIRTUAL|Weapon ~ Claws of the Leopard ~ Pounce		
Closing Blade		PROFICIENCY:WEAPON|Sword (Two-Bladed)	TYPE:Enhancement.Weapon.Melee.Exotic.Double.Specific.Slashing.Sword	COST:58700	WT:10	WIELD:TwoHanded	SLOTS:2	SIZE:M	DAMAGE:1d8	CRITRANGE:2	CRITMULT:x2	EQMOD:STEEL.MWORKW.PLUS3W.EQ_COST_ADJ|18300	ALTTYPE:Weapon.Melee.Slashing.Sword	ALTDAMAGE:1d8	ALTCRITRANGE:1	ALTCRITMULT:x2	ALTEQMOD:STEEL.MWORKW.PLUS2W.EQ_COST_ADJ|8300	SOURCEPAGE:AaEG							SPROP:when grappled the Closing Blade is treated as tiny.		
Cutlass of Surety		PROFICIENCY:WEAPON|Sword (Short)	TYPE:Enhancement.Weapon.Melee.Finesseable.Martial.Specific.Piercing.Sword	COST:18310	WT:2	WIELD:Light		SIZE:M	DAMAGE:1d6	CRITRANGE:2	CRITMULT:x2	EQMOD:STEEL.MWORKW.PLUS2W.EQ_COST_ADJ|8300						SOURCEPAGE:AaEG							SPROP:cannot be disarmed.		
Dagger of Defense		PROFICIENCY:WEAPON|Dagger	TYPE:Enhancement.Weapon.Melee.Finesseable.Ranged.Thrown.Simple.Specific.Piercing.Slashing.Dagger	COST:58302	WT:1	WIELD:Light		SIZE:M	DAMAGE:1d4	CRITRANGE:2	CRITMULT:x2	EQMOD:STEEL.MWORKW.PLUS4W.DEFEND.EQ_COST_ADJ|50300						SOURCEPAGE:AaEG	RANGE:10						SPROP:cannot be flanked except by 16th level rogues.|PREEQUIPSECONDARY:1,Dagger of Defense		
Dagger of Entry		PROFICIENCY:WEAPON|Dagger	TYPE:Enhancement.Weapon.Melee.Finesseable.Ranged.Thrown.Simple.Specific.Piercing.Slashing.Dagger	COST:18502	WT:1	WIELD:Light		SIZE:M	DAMAGE:1d4	CRITRANGE:2	CRITMULT:x2	EQMOD:STEEL.MWORKW.PLUS1W.EQ_COST_ADJ|2300						SOURCEPAGE:AaEG	RANGE:10			SPELLS:Weapon|TIMES=1|CASTERLEVEL=9|Detect Secret Doors|Find Traps|Knock					
Desert's Heart		PROFICIENCY:WEAPON|Falchion	TYPE:Enhancement.Weapon.Melee.Martial.Specific.Slashing.Sword	COST:71175	WT:8	WIELD:TwoHanded		SIZE:M	DAMAGE:2d4	CRITRANGE:3	CRITMULT:x2	EQMOD:STEEL.MWORKW.PLUS2W.FLM_M.EQ_COST_ADJ|18300						SOURCEPAGE:AaEG				BONUS:VAR|NegLevels|1|PRERACE:1,RACESUBTYPE=Cold			ABILITY:Special Ability|VIRTUAL|Immunity To Fire|Vulnerability To Cold|!PRERACE:1,RACESUBTYPE=Cold	ABILITY:Special Ability|VIRTUAL|Negative Levels|PRERACE:1,RACESUBTYPE=Cold	
Disarming Flail		PROFICIENCY:WEAPON|Flail (Heavy)	TYPE:Enhancement.Weapon.Melee.Martial.Specific.Bludgeoning.Flail	COST:18395	WT:10	WIELD:TwoHanded		SIZE:M	DAMAGE:1d10	CRITRANGE:2	CRITMULT:x2	EQMOD:STEEL.MWORKW.PLUS2W.EQ_COST_ADJ|8300						SOURCEPAGE:AaEG				VFEAT:Improved Disarm			SPROP:+2 circumstance bonus on disarm check.		
Doorbreaker		PROFICIENCY:WEAPON|Battleaxe	TYPE:Enhancement.Weapon.Melee.Martial.Specific.Slashing.Axe	COST:8310	WT:6	WIELD:OneHanded		SIZE:M	DAMAGE:1d8	CRITRANGE:1	CRITMULT:x3	EQMOD:STEEL.MWORKW.PLUS1W.EQ_COST_ADJ|2300						SOURCEPAGE:AaEG							SPROP:double damage against objects made predominantly of wood and plant creatures.		
Dragontooth		PROFICIENCY:WEAPON|Rapier	TYPE:Enhancement.Weapon.Melee.Martial.Finesseable.Specific.Piercing.Sword	COST:40720	WT:2	WIELD:OneHanded		SIZE:M	DAMAGE:1d6	CRITRANGE:3	CRITMULT:x2	EQMOD:STEEL.MWORKW.PLUS2W.SHOCK_M.EQ_COST_ADJ|18300						SOURCEPAGE:AaEG				BONUS:WEAPON|DAMAGEMULT:2|-0.5			ABILITY:Special Ability|VIRTUAL|Weapon ~ Dragontooth ~ Fear Aura		
Electric Lash		PROFICIENCY:WEAPON|Whip	TYPE:Enhancement.Weapon.Melee.Exotic.Reach.Finesseable.Specific.Subdual.Slashing	COST:50301	WT:2	WIELD:OneHanded		SIZE:M	DAMAGE:1d3	CRITRANGE:1	CRITMULT:x2	EQMOD:LEATHER.MWORKW.PLUS2W.SHOCK_M.EQ_COST_ADJ|18300						SOURCEPAGE:AaEG		REACH:15					SPROP:3/day Arcing Strike +2d6 electricity damage to the target (half damage to a random creature within 5-ft to the target)		
Equestrian's Spear		PROFICIENCY:WEAPON|Longspear	TYPE:Enhancement.Weapon.Melee.TwoHanded.Simple.Reach.Specific.Piercing.Spear	COST:26615	WT:9	WIELD:TwoHanded		SIZE:M	DAMAGE:1d8	CRITRANGE:1	CRITMULT:x3	EQMOD:WOOD.MWORKW.PLUS2W.EQ_COST_ADJ|8300						SOURCEPAGE:AaEG			REACHMULT:2				SPROP:if mounted, the spear function like a lance.|PREWEAPONPROF:1,TYPE.Lance		
Erythnul's Slaughter		PROFICIENCY:WEAPON|Morningstar	TYPE:Enhancement.Weapon.Melee.Simple.Specific.Bludgeoning.Piercing.Mace	COST:72308	WT:6	WIELD:OneHanded		SIZE:M	DAMAGE:1d8	CRITRANGE:1	CRITMULT:x2	EQMOD:STEEL.MWORKW.PLUS2W.UNHLY_M.EQ_COST_ADJ|32300						SOURCEPAGE:AaEG							SPROP:can prepare spells from war domain.|PRECLASS:1,Cleric=1		
Everburning Chain		PROFICIENCY:WEAPON|Chain (Spiked)	TYPE:Enhancement.Weapon.Melee.Exotic.Reach.Finesseable.Specific.Piercing.Chain	COST:22725	WT:10	WIELD:TwoHanded	SLOTS:2	SIZE:M	DAMAGE:2d4	CRITRANGE:1	CRITMULT:x2	EQMOD:STEEL.MWORKW.PLUS2W.FLM_M.EQ_COST_ADJ|18300						SOURCEPAGE:AaEG			REACHMULT:2				SPROP:as standard action sweep 10-ft area dealing 1d6 fire damage (Reflex DC 13 for half).		
Fellstone		PROFICIENCY:WEAPON|Pick (Heavy)	TYPE:Enhancement.Weapon.Melee.Martial.Specific.Piercing.Pick	COST:32308	WT:6	WIELD:OneHanded		SIZE:M	DAMAGE:1d6	CRITRANGE:1	CRITMULT:x4	EQMOD:STONE.MWORKW.PLUS3W.EQ_COST_ADJ|18300						SOURCEPAGE:AaEG							SPROP:Fort DC 13 or Dazed against Stone creature.	ABILITY:Special Ability|VIRTUAL|Weapon ~ Fellstone ~ Earth Mastery	
																											
# Ranged Specific Weapons																											
Bladed Crossbow		PROFICIENCY:WEAPON|Crossbow (Heavy)	TYPE:Enhancement.Weapon.Simple.Ranged.Specific.Piercing.Container.Projectile.Crossbow.Double	COST:32350	WT:8	WIELD:OneHanded		SIZE:M	DAMAGE:1d10	CRITRANGE:2	CRITMULT:x2	EQMOD:WOOD.MWORKW.PLUS2W.EQ_COST_ADJ|8300	ALTTYPE:Enhancement.Weapon.Exotic.Melee.Slashing	ALTDAMAGE:1d8	ALTCRITRANGE:1	ALTCRITMULT:x2	ALTEQMOD:STEEL.MWORKW.PLUS2W.EQ_COST_ADJ|8300	SOURCEPAGE:AaEG	RANGE:120			CONTAINS:UNLIM|Bolt|SpecificBolt			SPROP:-4 to hit melee attack.|!PREFEAT:1,Exotic Weapon Proficiency (Bladed Crossbow)	BONUS:WEAPON|TOHIT|-4|TYPE=NonProficient|!PREFEAT:1,Exotic Weapon Proficiency (Bladed Crossbow)	
Bow of Arcane Might		PROFICIENCY:WEAPON|Longbow	TYPE:Enhancement.Weapon.Martial.Ranged.Specific.Piercing.Container.Projectile.Bow.Longbow.Composite	COST:8600	WT:3		SLOTS:2	SIZE:M	DAMAGE:1d8	CRITRANGE:1	CRITMULT:x3	EQMOD:WOOD.MWORKW.PLUS1W.BOWSTR|2.EQ_COST_ADJ|2500						SOURCEPAGE:AeEG	RANGE:110			BONUS:WEAPON|DAMAGE|min(STR,0)	CONTAINS:UNLIM|Arrow|SpecificArrow		SPROP:extra bonus damage equal to a slot level sacrified (as move equivalent)		
Bow of Force		PROFICIENCY:WEAPON|Longbow	TYPE:Enhancement.Weapon.Martial.Ranged.Specific.Piercing.Container.Projectile.Bow.Longbow.Composite	COST:32700	WT:3		SLOTS:2	SIZE:M	DAMAGE:1d8	CRITRANGE:1	CRITMULT:x3	EQMOD:WOOD.MWORKW.PLUS2W.BOWSTR|3.EQ_COST_ADJ|8600						SOURCEPAGE:AeEG	RANGE:110			BONUS:WEAPON|DAMAGE|min(STR,0)	CONTAINS:UNLIM|Arrow|SpecificArrow		SPROP:arrows fired becomes energy attacks.		
Bow of Mighty Pulling		PROFICIENCY:WEAPON|Shortbow	TYPE:Enhancement.Weapon.Martial.Ranged.Specific.Piercing.Container.Projectile.Bow.Shortbow.Composite	COST:26375	WT:2		SLOTS:2	SIZE:M	DAMAGE:1d6	CRITRANGE:1	CRITMULT:x3	EQMOD:WOOD.MWORKW.PLUS3W.EQ_COST_ADJ|18300						SOURCEPAGE:AaEG	RANGE:70			BONUS:WEAPON|DAMAGE|min(STR,0)	CONTAINS:UNLIM|Arrow|SpecificArrow		SPROP:% bonus on damage (Move Equivalent action to charge)|STR		
Bow of Radiance		PROFICIENCY:WEAPON|Longbow	TYPE:Enhancement.Weapon.Martial.Ranged.Specific.Piercing.Container.Projectile.Bow.Longbow	COST:40375	WT:3		SLOTS:2	SIZE:M	DAMAGE:1d8	CRITRANGE:1	CRITMULT:x3	EQMOD:WOOD.MWORKW.PLUS2W.RADIANT_R.DAYLGHT_R.EQ_COST_ADJ|32300						SOURCEPAGE:AaEG	RANGE:100			BONUS:WEAPON|DAMAGE|min(STR,0)	CONTAINS:UNLIM|Arrow|SpecificArrow				
Bow of the Solars		PROFICIENCY:WEAPON|Longbow	TYPE:Enhancement.Weapon.Martial.Ranged.Specific.Piercing.Container.Projectile.Bow.Longbow.Composite	COST:100100	WT:3		SLOTS:2	SIZE:L	DAMAGE:1d8	CRITRANGE:1	CRITMULT:x3	EQMOD:WOOD.MWORKW.PLUS2W.BOWSTR|5.EQ_COST_ADJ|8800						SOURCEPAGE:AaEG	RANGE:110			BONUS:WEAPON|DAMAGE|min(STR,0)	CONTAINS:UNLIM|Arrow|SpecificArrow		SPROP:arrows fired becomes slaying arrows.		
Bow of Songs		PROFICIENCY:WEAPON|Shortbow	TYPE:Enhancement.Weapon.Martial.Ranged.Specific.Piercing.Container.Projectile.Bow.Shortbow	COST:32330	WT:2		SLOTS:2	SIZE:M	DAMAGE:1d6	CRITRANGE:1	CRITMULT:x3	EQMOD:WOOD.MWORKW.PLUS2W.EQ_COST_ADJ|8300						SOURCEPAGE:AaEG	RANGE:60			BONUS:WEAPON|DAMAGE|min(STR,0)	CONTAINS:UNLIM|Arrow|SpecificArrow		SPROP:Spend one use of bardic music ability as a move equivalent action to add CHA ( +% ) bonus to attack and damage rolls of the next attack.|CHA		
Bow of the Steppes		PROFICIENCY:WEAPON|Longbow	TYPE:Enhancement.Weapon.Martial.Ranged.Specific.Piercing.Container.Projectile.Bow.Longbow.Composite	COST:18525	WT:3		SLOTS:2	SIZE:M	DAMAGE:1d8	CRITRANGE:1	CRITMULT:x3	EQMOD:WOOD.MWORKW.PLUS2W.BOWSTR|2.EQ_COST_ADJ|8500						SOURCEPAGE:AaEG	RANGE:110			BONUS:WEAPON|DAMAGE|min(STR,0)	CONTAINS:UNLIM|Arrow|SpecificArrow		SPROP:Reduce penalty when shot while riding.		
Bow of the Sympathetic Enhancement		PROFICIENCY:WEAPON|Shortbow	TYPE:Enhancement.Weapon.Martial.Ranged.Specific.Piercing.Container.Projectile.Bow.Shortbow	COST:32330	WT:2		SLOTS:2	SIZE:M	DAMAGE:1d6	CRITRANGE:1	CRITMULT:x3	EQMOD:WOOD.MWORKW.PLUS2W.EQ_COST_ADJ|8300						SOURCEPAGE:AaEG	RANGE:60			BONUS:WEAPON|DAMAGE|min(STR,0)	CONTAINS:UNLIM|Arrow|SpecificArrow		SPROP:normal arrows fired becomes treated as +1 magic arrows.		
Bowstaff		PROFICIENCY:WEAPON|Longbow	TYPE:Enhancement.Weapon.Martial.Ranged.Specific.Piercing.TwoHanded.Container.Projectile.Bow.Longbow	COST:10975	WT:3		SLOTS:2	SIZE:M	DAMAGE:1d8	CRITRANGE:1	CRITMULT:x3	EQMOD:WOOD.MWORKW.PLUS2W.EQ_COST_ADJ|8300						SOURCEPAGE:AaEG	RANGE:100			BONUS:WEAPON|DAMAGE|min(STR,0)	CONTAINS:UNLIM|Arrow|SpecificArrow		SPROP:as move action, change into Bowstaff (Staff)	AUTO:EQUIP|Bowstaff (Staff)	
Crossbow (Deathwand)		PROFICIENCY:WEAPON|Crossbow (Light)	TYPE:Enhancement.Weapon.Simple.Ranged.Specific.Piercing.Container.Projectile.Crossbow	COST:10335	WT:4			SIZE:M	DAMAGE:1d8	CRITRANGE:2	CRITMULT:x2	EQMOD:WOOD.MWORKW.PLUS2W.EQ_COST_ADJ|8300						SOURCEPAGE:AaEG	RANGE:80			CONTAINS:UNLIM|Wand=2|Bolt|SpecificBolt			SPROP:use either wand as if they were equipped.		
Crossbow (Dwarven Mauler)		PROFICIENCY:WEAPON|Crossbow (Heavy)	TYPE:Enhancement.Weapon.Simple.Ranged.Specific.Piercing.Container.Projectile.Crossbow	COST:18700	WT:8		SLOTS:2	SIZE:M	DAMAGE:1d12	CRITRANGE:2	CRITMULT:x2	EQMOD:WOOD.MWORKW.PLUS2W.EQ_COST_ADJ|8300						SOURCEPAGE:AaEG	RANGE:120			CONTAINS:UNLIM|Bolt|SpecificBolt			SPROP:against giants and goblinoid critical multiplier is x4.		
Crossbow (Inevitable)		PROFICIENCY:WEAPON|Crossbow (Light)	TYPE:Enhancement.Weapon.Simple.Ranged.Specific.Piercing.Container.Projectile.Crossbow	COST:18335	WT:4			SIZE:M	DAMAGE:1d8	CRITRANGE:2	CRITMULT:x2	EQMOD:WOOD.MWORKW.PLUS1W.EQ_COST_ADJ|2300						SOURCEPAGE:AaEG	RANGE:80			CONTAINS:UNLIM|Bolt|SpecificBolt			SPROP:as long as the wielder continues to fire at the same target and continues to miss, subsequent shot increase the insight bonus on to hit roll from +0 to +5.		
Crossbow of Retrieving		PROFICIENCY:WEAPON|Crossbow (Hand)	TYPE:Enhancement.Weapon.Exotic.Ranged.Piercing.Specific.Container.Projectile.Crossbow	COST:13400	WT:2	WIELD:Light		SIZE:M	DAMAGE:1d4	CRITRANGE:2	CRITMULT:x2	EQMOD:WOOD.MWORKW.PLUS2W.EQ_COST_ADJ|8300						SOURCEPAGE:AaEG	RANGE:30			CONTAINS:UNLIM|Bolt|SpecificBolt			SPROP:Mage Hand on any inanimate object hit with a bolt. 		
Crossbow of Trailing Flame		PROFICIENCY:WEAPON|Crossbow (Repeating Light)	TYPE:Enhancement.Weapon.Exotic.Ranged.Piercing.Specific.Container.Projectile.Crossbow	COST:18550	WT:6			SIZE:M	DAMAGE:1d8	CRITRANGE:2	CRITMULT:x2	EQMOD:WOOD.MWORKW.PLUS1W.FLM_R.EQ_COST_ADJ|8300						SOURCEPAGE:AaEG	RANGE:80			CONTAINS:UNLIM|Bolt|SpecificBolt			SPROP:+1 flaming damage each shot after the first in the same round.		
Dart of Pinning		PROFICIENCY:WEAPON|Dart	TYPE:Enhancement.Weapon.Simple.Ranged.Specified.Piercing.Thrown.Dart	COST:18300	WT:0.5	WIELD:Light		SIZE:M	DAMAGE:1d4	CRITRANGE:1	CRITMULT:x2	EQMOD:WOOD.MWORKW.PLUS2W.EQ_COST_ADJ|8300						SOURCEPAGE:AaEG	RANGE:20						ABILITY:Special Ability|VIRTUAL|Weapon ~ Dart of Pinning ~ Poison		
																											
# Monster Specific Armors&Shields																											
																											
# Armor Specific																											
Armor of Weapon Creation	PROFICIENCY:ARMOR|Half-Plate	TYPE:Enhancement.Armor.Heavy.Suit.Specific	COST:42305	WT:35	ACCHECK:-6	EQMOD:STEEL.MWORKA.PLUS1A.SPIKE_A.EQ_COST_ADJ|1200	MAXDEX:0	SOURCEPAGE:AaEG	SPELLFAILURE:40	BONUS:COMBAT|AC|7|TYPE=Armor																	
Bale Eye	PROFICIENCY:ARMOR|Half-Plate	TYPE:Enhancement.Armor.Heavy.Suit.Specific	COST:38360	WT:35	ACCHECK:-6	EQMOD:STEEL.MWORKA.PLUS2A.EQ_COST_ADJ|4150	MAXDEX:0	SOURCEPAGE:AaEG	SPELLFAILURE:40	BONUS:COMBAT|AC|7|TYPE=Armor															ABILITY:Special Ability|VIRTUAL|Resistance To Fear	SPELLS:Armor|TIMES=3|CASTERLEVEL=11|Cause Fear,11	BONUS:VAR|FearResistanceBonus|4|TYPE=Morale
Disarmor	PROFICIENCY:ARMOR|Scale Mail	TYPE:Enhancement.Armor.Medium.Suit.Specific	COST:10875	WT:30	ACCHECK:-4	EQMOD:STEEL.MWORKA.PLUS2A.EQ_COST_ADJ|4150	MAXDEX:3	SOURCEPAGE:AaEG	SPELLFAILURE:25	BONUS:COMBAT|AC|4|TYPE=Armor																	
Gazebane	PROFICIENCY:ARMOR|Chain Shirt	TYPE:Enhancement.Armor.Light.Suit.Specific	COST:74050	WT:20	ACCHECK:-2	EQMOD:STEEL.MWORKA.PLUS1A.EQ_COST_ADJ|1150	MAXDEX:4	SOURCEPAGE:AaEG	SPELLFAILURE:20	BONUS:COMBAT|AC|4|TYPE=Armor	SPROP:Immunity to gaze 3/day.																
Plantbane	PROFICIENCY:ARMOR|Leather	TYPE:Enhancement.Armor.Light.Suit.Specific.Nonmetal	COST:41240	WT:15	ACCHECK:0	EQMOD:LEATHER.MWORKA.PLUS1A.EQ_COST_ADJ|1150	MAXDEX:6	SOURCEPAGE:AaEG	SPELLFAILURE:10	BONUS:COMBAT|AC|2|TYPE=Armor	SPROP:Diminish Plant effect continuously.	SPELLS:Armor|TIMES=1|CASTERLEVEL=7|Antiplant Shell,16															
Skin Paint		TYPE:Magic.Wondrous.Armor.Light.Specific	COST:5000	WT:0				SOURCEPAGE:AaEG		BONUS:COMBAT|AC|5|TYPE=Armor																	
Stonecunning	PROFICIENCY:ARMOR|Full Plate	TYPE:Enhancement.Armor.Heavy.Suit.Specific	COST:32130	WT:50	ACCHECK:-6	EQMOD:STEEL.MWORKA.PLUS1A.EQ_COST_ADJ|1150	MAXDEX:1	SOURCEPAGE:AaEG	SPELLFAILURE:35	BONUS:COMBAT|AC|8|TYPE=Armor	ABILITY:Special Ability|VIRTUAL|Dwarf ~ Stonecunning|!PRERACE:1,RACESUBTYPE=Dwarf	ABILITY:Special Ability|VIRTUAL|Armor ~ Stonecunning ~ Spell Like|PRERACE:1,RACESUBTYPE=Dwarf							BONUS:VAR|StonecunningSearchBonus|2|TYPE=Enhancement|PRERACE:1,RACESUBTYPE=Human	BONUS:VAR|StonecunningSearchBonus|4|TYPE=Circumstance|PRERACE:1,RACESUBTYPE=Dwarf							
Tessellated Armor	PROFICIENCY:ARMOR|Full Plate	TYPE:Enhancement.Armor.Medium.Suit.Specific	COST:11560	WT:50	ACCHECK:-4	EQMOD:STEEL.MWORKA.PLUS2A.EQ_COST_ADJ|4150	MAXDEX:1	SOURCEPAGE:AaEG	SPELLFAILURE:25	BONUS:COMBAT|AC|8|TYPE=Armor		SPELLS:Armor|TIMES=1|CASTERLEVEL=8|Hypnotic Pattern,13															
Vampire Hunter	PROFICIENCY:ARMOR|Banded Mail	TYPE:Enhancement.Armor.Heavy.Suit.Specific	COST:100000	WT:35	ACCHECK:-6	EQMOD:STEEL.MWORKA.PLUS3A.EQ_COST_ADJ|9150	MAXDEX:1	SOURCEPAGE:AaEG	SPELLFAILURE:35	BONUS:COMBAT|AC|6|TYPE=Armor	DESC:Energy drains from Vampire are reduced by 1.	ABILITY:Special Ability|VIRTUAL|Negative Levels|Resistance To Domination	SPELLS:Armor|TIMES=ATWILL|CASTERLEVEL=15|Daylight|Protection from Evil	SPELLS:Armor|TIMES=1|CASTERLEVEL=15|Sunburst|Holy Smite	BONUS:VAR|DominationResistanceBonus|4|TYPE=Morale	BONUS:VAR|NegLevels|1|!PREALIGN:LG,NG,CG											
																											
# Shield Specific																											
Spider Shield	PROFICIENCY:SHIELD|Shield (Light)	TYPE:Enhancement.Shield.Light.Specific.Metal	COST:40809	WT:6	ACCHECK:-1	EQMOD:STEEL.MWORKA.PLUS1A.EQ_COST_ADJ|1150		SOURCEPAGE:AaEG	SPELLFAILURE:5	BONUS:COMBAT|AC|1|TYPE=Shield	DESC:Trasude continuously Spider Poison venom. 1/day turn into a Small Monstrous Spider that fights on behalf of its owner.							DAMAGE:1d3	CRITRANGE:1	CRITMULT:x2							
Swarm Shield	PROFICIENCY:SHIELD|Shield (Light)	TYPE:Enhancement.Shield.Light.Specific.Metal	COST:6160	WT:6	ACCHECK:-1	EQMOD:STEEL.MWORKA.PLUS1A.EQ_COST_ADJ|1150		SOURCEPAGE:AaEG	SPELLFAILURE:5	BONUS:COMBAT|AC|1|TYPE=Shield	DESC:3/day Summon Swarm (Flying Beetles)																
Useful Buckler	PROFICIENCY:SHIELD|Buckler	TYPE:Enhancement.Shield.Buckler.Specific.Metal	COST:10265	WT:5	ACCHECK:-1	EQMOD:STEEL.MWORKA.PLUS1A.EQ_COST_ADJ|1150		SOURCEPAGE:AaEG	SPELLFAILURE:5	BONUS:COMBAT|AC|1|TYPE=Shield																	
Variable Shield	PROFICIENCY:SHIELD|Shield (Light)	TYPE:Enhancement.Shield.Light.Specific.Metal	COST:6560	WT:6	ACCHECK:-1	EQMOD:STEEL.MWORKA.PLUS1A.EQ_COST_ADJ|1150		SOURCEPAGE:AaEG	SPELLFAILURE:5	BONUS:COMBAT|AC|1|TYPE=Shield	DESC:Upon command the sield can shrink to a buckler size or grow to a tower shield size.																
