SOURCELONG:Complete Warrior	SOURCESHORT:CW	SOURCEWEB:http://www.gozzilioni.net																															
																																	
###Block: Proficiencies																																	
# Ability Name	Category of Ability	Type	Visible	Special ABility					Define					Bonus					Stackable?	Multiple?	Choose	select										Source Page	
Daisho Proficiency	CATEGORY:Special Ability	TYPE:Internal	VISIBLE:NO																				VFEAT:Exotic Weapon Proficiency(Sword (Bastard))									SOURCEPAGE:CW	
# Ability Name	Category of Ability	Type	Visible	Special ABility					Define					Bonus					Stackable?	Multiple?	Choose	select										Source Page	
CATEGORY=Special Ability|Summon Familiar.MOD	COMPANIONLIST:Familiar|Krenshar|FOLLOWERADJUSTMENT:-2|PREALIGN:TN|PREATT:3|PRECLASS:1,SPELLCASTER.Arcane=3|PREFEAT:1,Improved Familiar
CATEGORY=Special Ability|Summon Familiar.MOD	COMPANIONLIST:Familiar|Worg|FOLLOWERADJUSTMENT:-2|PREALIGN:NE|PREATT:3|PRECLASS:1,SPELLCASTER.Arcane=3|PREFEAT:1,Improved Familiar
CATEGORY=Special Ability|Summon Familiar.MOD	COMPANIONLIST:Familiar|Blink Dog|FOLLOWERADJUSTMENT:-4|PREALIGN:LG|PREATT:5|PRECLASS:1,SPELLCASTER.Arcane=5|PREFEAT:1,Improved Familiar
CATEGORY=Special Ability|Summon Familiar.MOD	COMPANIONLIST:Familiar|Hell Hound|FOLLOWERADJUSTMENT:-4|PREALIGN:LE|PREATT:5|PRECLASS:1,SPELLCASTER.Arcane=5|PREFEAT:1,Improved Familiar
CATEGORY=Special Ability|Summon Familiar.MOD	COMPANIONLIST:Familiar|Hippogriff|FOLLOWERADJUSTMENT:-6|PREALIGN:TN|PREATT:7|PRECLASS:1,SPELLCASTER.Arcane=7|PREFEAT:1,Improved Familiar
CATEGORY=Special Ability|Summon Familiar.MOD	COMPANIONLIST:Familiar|Howler|FOLLOWERADJUSTMENT:-6|PREALIGN:CE|PREATT:7|PRECLASS:1,SPELLCASTER.Arcane=7|PREFEAT:1,Improved Familiar
CATEGORY=Special Ability|Summon Familiar.MOD	COMPANIONLIST:Familiar|Winter Wolf|FOLLOWERADJUSTMENT:-6|PREALIGN:NE|PREATT:7|PRECLASS:1,SPELLCASTER.Arcane=7|PREFEAT:1,Improved Familiar
CATEGORY=Special Ability|Summon Familiar.MOD	COMPANIONLIST:GuardianFamiliar|Guardian (Spark)|FOLLOWERADJUSTMENT:-6|PREALIGN:TN|PRECLASS:1,SPELLCASTER.Arcane=7|PREFEAT:1,Improved Familiar
CATEGORY=Special Ability|Summon Familiar.MOD	COMPANIONLIST:GuardianFamiliar|Guardian (Gauntlet)|FOLLOWERADJUSTMENT:-8|PREALIGN:TN|PRECLASS:1,SPELLCASTER.Arcane=9|PREFEAT:1,Improved Familiar
CATEGORY=Special Ability|Summon Familiar.MOD	COMPANIONLIST:GuardianFamiliar|Guardian (Blade)|FOLLOWERADJUSTMENT:-10|PREALIGN:TN|PRECLASS:1,SPELLCASTER.Arcane=11|PREFEAT:1,Improved Familiar
#																																SOURCEPAGE:CW	
Hexblade's Curse Level	CATEGORY:Special Ability	TYPE:Internal	VISIBLE:NO						DEFINE:HexbladeCurseLevel|0					BONUS:VAR|HexbladeCursePerDay|(HexbladeCurseLevel+3)/4	BONUS:VAR|HexbladeCurseDC|HexbladeCurseLevel/2	BONUS:VAR|HexbladeCursePenalty|2	BONUS:VAR|HexbladeGreaterCursePower|1|PREVARGTEQ:HexbladeCurseLevel,7	BONUS:VAR|HexbladeGreaterCursePower|1|PREVARGTEQ:HexbladeCurseLevel,19														SOURCEPAGE:CW	
Hexblade Aura of Unluck	CATEGORY:Special Ability	TYPE:Internal	VISIBLE:NO						DEFINE:HexbladeAuraUnluckLVL|0					BONUS:VAR|AuraUnluckDuration|3+CHA	BONUS:VAR|AuraUnluckPerDay|(HexbladeAuraUnluckLVL/4)-2																	SOURCEPAGE:CW	
Samurai Kiai Smite	CATEGORY:Special Ability	TYPE:Internal	VISIBLE:NO	DEFINE:SamuraiKiaiSmiteLVL|0										BONUS:VAR|KiaiSmite|(SamuraiKiaiSmiteLVL+3)/5	BONUS:VAR|KiaiSmiteToHit|max(CHA,1)	BONUS:VAR|KiaiSmiteDamage|max(CHA,1)																SOURCEPAGE:CW	
#Samurai Kiai Smite	CATEGORY:Special Ability	TYPE:Internal	VISIBLE:NO						DEFINE:SamuraiKiaiSmiteLVL|0					BONUS:VAR|KiaiSmite|(SamuraiKiaiSmiteLVL+3)/5																		SOURCEPAGE:CW	
Samurai Frightful Presence	CATEGORY:Special Ability	TYPE:Internal	VISIBLE:NO						DEFINE:SamuraiFrightfulPresenceLVL|0					BONUS:VAR|FrightfulPresRange|30	BONUS:VAR|FrightfulPresenceDC|10																	SOURCEPAGE:CW	
Swashbuckler Grace	CATEGORY:Special Ability	TYPE:Internal	VISIBLE:NO						DEFINE:SwashbucklerGraceLVL|0					BONUS:VAR|GraceBonus|(SwashbucklerGraceLVL+7)/9																		SOURCEPAGE:CW	
Swashbuckler Dodge	CATEGORY:Special Ability	TYPE:Internal	VISIBLE:YES						DEFINE:SwashbucklerDodgeLVL|0					BONUS:VAR|DodgeBonus|SwashbucklerDodgeLVL/5																		SOURCEPAGE:CW	
Paladin CW Smite Evil	CATEGORY:Special Ability	TYPE:Internal	VISIBLE:YES						DEFINE:PaladinCWSmiteEvilLVL|0					BONUS:VAR|SmiteEvil|PaladinCWSmiteEvilLVL/5+1	BONUS:VAR|SmiteEvilDamage|PaladinCWSmiteEvilLVL																	SOURCEPAGE:CW	
Paladin CW Turn Undead	CATEGORY:Special Ability	TYPE:Internal	VISIBLE:YES						DEFINE:AllowImprovedTurning|1	DEFINE:AllowExtraTurning|1	DEFINE:PaladinCWTurnLVL|0			BONUS:VAR|TurnTimesBase|3+CHA|TYPE=Base	BONUS:VAR|TurnCheckBase|CHA|TYPE=Base	BONUS:VAR|TurnLevelBase,TurnDamagePlusBase|PaladinCWTurnLVL-3|TYPE=Level.REPLACE																SOURCEPAGE:CW	
Paladin CW Divine Might	CATEGORY:Special Ability	TYPE:Internal	VISIBLE:YES						DEFINE:PaladinCWDivineMightLVL|0					BONUS:VAR|DivineMightPerDay|1	BONUS:VAR|DivineMightDuration|PaladinCWDivineMightLVL																	SOURCEPAGE:CW	
Ranger CW Favored Enemy	CATEGORY:Special Ability	TYPE:Internal	VISIBLE:YES						DEFINE:RangerCWFavoredEnemyLVL|0					BONUS:VAR|FavoredEnemies|RangerCWFavoredEnemyLVL/5+1	BONUS:VAR|FavoredEBonuses|RangerCWFavoredEnemyLVL/5																	SOURCEPAGE:CW	
Ranger CW Combat Tree	CATEGORY:Special Ability	TYPE:Internal	VISIBLE:YES						DEFINE:RangerCWCombatTreeLVL|0	DEFINE:RangerCombatTree|0				BONUS:ABILITYPOOL|Ranger Combat Style|1|PREVARGTEQ:RangerCWCombatTreeLVL,2	BONUS:VAR|RangerCombatTree|1|PREVARGTEQ:RangerCWCombatTreeLVL,2	BONUS:VAR|RangerCombatTree|1|PREVARGTEQ:RangerCWCombatTreeLVL,6	BONUS:VAR|RangerCombatTree|1|PREVARGTEQ:RangerCWCombatTreeLVL,11															SOURCEPAGE:CW	
Ranger CW Animal Companion	CATEGORY:Special Ability	TYPE:Internal	VISIBLE:YES						DEFINE:RangerCWAnimalCompLVL|0					BONUS:VAR|AnimalCompanionLVL|RangerCWAnimalCompLVL/2																		SOURCEPAGE:CW	
Fast Movement ~ Ranger CW	CATEGORY:Special Ability	TYPE:Internal	VISIBLE:YES											BONUS:MOVEADD|TYPE=Walk|10|PREVARLT:ENCUMBERANCE,2,var("COUNT[EQTYPE.ARMOR.EQUIPPED.IS.HEAVY]"),1|TYPE=FastMovement																		SOURCEPAGE:CW	
Ranger CW Nature's Blessing	CATEGORY:Special Ability	TYPE:Internal	VISIBLE:YES						DEFINE:RangerCWNatureSBlessingLVL|0					BONUS:VAR|NatureSBlessingPerDay|1	BONUS:VAR|NatureSBlessingDuration|RangerCWNatureSBlessingLVL																	SOURCEPAGE:CW	
Bear Warrior Bear Form	CATEGORY:Special Ability	TYPE:Internal	VISIBLE:YES						DEFINE:BarWarriorBearFormLVL|0					BONUS:VAR|BearFormTimes|(BarWarriorBearFormLVL/5)+1	BONUS:VAR|BearForm|(BarWarriorBearFormLVL/5)+1																	SOURCEPAGE:CW	
Bear Warrior Black Bear Form	CATEGORY:Special Ability	TYPE:Internal	VISIBLE:YES											BONUS:VAR|BearStrBonus|8	BONUS:VAR|BearConBonus|4	BONUS:VAR|BearDexBonus|2																SOURCEPAGE:CW	
Bear Warrior Brown Bear Form	CATEGORY:Special Ability	TYPE:Internal	VISIBLE:YES											BONUS:VAR|BBearStrBonus|16	BONUS:VAR|BBearConBonus|8	BONUS:VAR|BBearDexBonus|2																SOURCEPAGE:CW	
Bear Warrior Dire Bear Form	CATEGORY:Special Ability	TYPE:Internal	VISIBLE:YES											BONUS:VAR|DBearStrBonus|20	BONUS:VAR|DBearConBonus|8	BONUS:VAR|DBearDexBonus|2																SOURCEPAGE:CW	
Bear Warrior Rage	CATEGORY:Special Ability	TYPE:Internal	VISIBLE:YES											BONUS:VAR|BarbRageTimesLVL|1																		SOURCEPAGE:CW	
Bladesinger Baldesong Style	CATEGORY:Special Ability	TYPE:Internal	VISIBLE:YES						DEFINE:BladesingerBladesongStyleLVL|0					BONUS:VAR|BladesongAC|BladesingerBladesongStyleLVL																		SOURCEPAGE:CW	
Cavalier Mounted Weapon Bonus Lance	CATEGORY:Special Ability	TYPE:Internal	VISIBLE:YES						DEFINE:CavalierMountedLanceLVL|0					BONUS:VAR|MountedLanceBonus|(CavalierMountedLanceLVL+1)/2																		SOURCEPAGE:CW	
Cavalier Mounted Weapon Bonus Sword	CATEGORY:Special Ability	TYPE:Internal	VISIBLE:YES						DEFINE:CavalierMountedSwordLVL|0					BONUS:VAR|MountedSwordBonus|(CavalierMountedSwordLVL/2)																		SOURCEPAGE:CW	
Cavalier Ride Bonus	CATEGORY:Special Ability	TYPE:Internal	VISIBLE:YES						DEFINE:CavalierRideBonusLVL|0					BONUS:VAR|RideBonus|(CavalierRideBonusLVL+2)/3																		SOURCEPAGE:CW	
Dark Hunter Sneak Attack	CATEGORY:Special Ability	TYPE:Internal	VISIBLE:YES						DEFINE:DarkHunterSneakAttackLVL|0					BONUS:VAR|SneakAttackDice|DarkHunterSneakAttackLVL/3																		SOURCEPAGE:CW	
Darkwood Ancient Foe	CATEGORY:Special Ability	TYPE:Internal	VISIBLE:YES						DEFINE:DarkwoodAncientFoeLVL|0					BONUS:VAR|FavoredEnemies|1	BONUS:VAR|FavoredEBonuses|((DarkwoodAncientFoeLVL+2)/3)																	SOURCEPAGE:CW	
Darkwood Sneak Attack	CATEGORY:Special Ability	TYPE:Internal	VISIBLE:YES						DEFINE:DarkwoodSneakAttackLVL|0					BONUS:VAR|SneakAttackDice|DarkwoodSneakAttackLVL/3																		SOURCEPAGE:CW	
Darkwood Dodge Critical	CATEGORY:Special Ability	TYPE:Internal	VISIBLE:YES											BONUS:VAR|DodgeCriticalPerDay|1																		SOURCEPAGE:CW	
Dervish AC Bonus	CATEGORY:Special Ability	TYPE:Internal	VISIBLE:YES						DEFINE:DervishACBonus|0	DEFINE:DervishACBonusLVL|0				BONUS:COMBAT|AC|DervishACBonus|PREMULT:2,[!PREEQUIP:1,TYPE=Armor.Medium,TYPE=Armor.Heavy],[!PREEQUIP:1,TYPE=Shield]	BONUS:VAR|DervishACBonus|(DervishACBonusLVL+3)/4																	SOURCEPAGE:CW	
Dervish Dervish Dance	CATEGORY:Special Ability	TYPE:Internal	VISIBLE:YES						DEFINE:DervishDanceLVL|0					BONUS:VAR|DervishDancePerDay|(DervishDanceLVL+1)/2	BONUS:VAR|DervishDanceBonus|(DervishDanceLVL+1)/2																	SOURCEPAGE:CW	
Dervish Improved Reaction	CATEGORY:Special Ability	TYPE:Internal	VISIBLE:YES											BONUS:VAR|ImprovedReaction|2																		SOURCEPAGE:CW	
Dervish A Thousand Cuts	CATEGORY:Special Ability	TYPE:Internal	VISIBLE:YES											BONUS:VAR|ThousandCutsPerDay|1																		SOURCEPAGE:CW	
Drunken Master AC Bonus	CATEGORY:Special Ability	TYPE:Internal	VISIBLE:YES						DEFINE:DrunkenMasterACBonus|0	DEFINE:DrunkenMasterACBonusLVL|0				BONUS:COMBAT|AC|DrunkenMasterACBonus	BONUS:VAR|DrunkenMasterACBonus|(DrunkenMasterACBonusLVL+1)/5																	SOURCEPAGE:CW	
Drunken Master Breath Flame (Sp)	CATEGORY:Special Ability	TYPE:Internal	VISIBLE:YES	DESC:20' Cone of Fire 3d12 (Ref DC %1)|DruBreathDC					DEFINE:DrunkenMasterBreathFlameLVL|0					BONUS:VAR|BreathOfFlameCone|20	BONUS:VAR|BreathOfFlameDice|3	BONUS:VAR|BreathOfFlameDamageDie|12	BONUS:VAR|BreathOfFlameDC|DrunkenMasterBreathFlameLVL															SOURCEPAGE:CW	
Eye of Gruumsh Rage	CATEGORY:Special Ability	TYPE:Special	VISIBLE:YES						DEFINE:EyeGruumshRageTimesLVL|0	DEFINE:EyeGruumshRagePowerLVL|0				BONUS:VAR|RageTimes|(EyeGruumshRageTimesLVL)/4+1																		SOURCEPAGE:CW	
Eye of Gruumsh Ritual Scarring	CATEGORY:Special Ability	TYPE:Internal	VISIBLE:YES						DEFINE:EyeGruumshRitualScarringLVL|0					BONUS:VAR|RitualScarringBonus|EyeGruumshRitualScarringLVL/3																		SOURCEPAGE:CW	
Frenzied Berserker Frenzy	CATEGORY:Special Ability	TYPE:Internal	VISIBLE:YES						DEFINE:GreaterFrenzy|0	DEFINE:TirelessFrenzy|0	DEFINE:MightyFrenzy|0	DEFINE:FrenziedBFrenzyTimesLVL|0	DEFINE:FrenziedBFrenzyPowerLVL|0		BONUS:VAR|FrenzyTimes|(FrenziedBFrenzyPowerLVL+1)/2	BONUS:VAR|GreaterFrenzy|1|PREVARGTEQ:FrenziedBFrenzyPowerLVL,8	BONUS:VAR|TirelessFrenzy|1|PREVARGTEQ:FrenziedBFrenzyPowerLVL,10		BONUS:VAR|FrenzyStrBonus|6			BONUS:VAR|FrenzyACPenalty|4										SOURCEPAGE:CW	
#Frenzied Berserker Frenzy	CATEGORY:Special Ability	TYPE:Internal	VISIBLE:YES					DEFINE:FrenzyTimes|0	DEFINE:GreaterFrenzy|0	DEFINE:FreTirelessFrenzy|0		DEFINE:FrenziedBFrenzyTimesLVL|0	DEFINE:PowerLVL|0		BONUS:VAR|FreFrenzyTimes|(FrePowerLVL+1)/2	BONUS:VAR|FreGreaterFrenzy|1|PREVARGTEQ:FrePowerLVL,8	BONUS:VAR|FreTirelessFrenzy|1|PREVARGTEQ:FrePowerLVL,10															SOURCEPAGE:CW	
Frenzied Berserker Inspire Frenzy	CATEGORY:Special Ability	TYPE:Internal	VISIBLE:YES						DEFINE:FrenziedBerserkerInspireFrenzyLVL|0					BONUS:VAR|InspireFrenzyPerDay|(FrenziedBerserkerInspireFrenzyLVL-4)/2																		SOURCEPAGE:CW	
Gnome Giant Slayer Favored Enemy	CATEGORY:Special Ability	TYPE:Internal	VISIBLE:YES						DEFINE:GnomeGiantSlayerFavoredEnemyLVL|0					BONUS:VAR|FavoredEnemies|1	BONUS:VAR|FavoredEBonuses|(GnomeGiantSlayerFavoredEnemyLVL-1)/3																	SOURCEPAGE:CW	
Gnome Giant Slayer Fast Movement	CATEGORY:Special Ability	TYPE:Internal	VISIBLE:YES											BONUS:MOVEADD|TYPE=Walk|10|PREVARLT:ENCUMBERANCE,2,var("COUNT[EQTYPE.ARMOR.EQUIPPED.IS.HEAVY]"),1|TYPE=FastMovement																		SOURCEPAGE:CW	
Outrider AC Bonus	CATEGORY:Special Ability	TYPE:Internal	VISIBLE:YES						DEFINE:OutriderACBonus|0	DEFINE:OutriderACBonusLVL|0				BONUS:COMBAT|AC|OutriderACBonus	BONUS:VAR|OutriderACBonus|(OutriderACBonusLVL+1)/5																	SOURCEPAGE:CW	
Outrider Mount	CATEGORY:Special Ability	TYPE:Internal	VISIBLE:YES	OUTPUTNAME:Mount	FOLLOWERS:Mount|1				DEFINE:OutriderMountLVL|0	BONUS:VAR|AnimalCompanionLVL|OutriderMountLVL	BONUS:VAR|SpecialMountLVL|OutriderMountLVL																					SOURCEPAGE:CW	
Hunter Dead Smite Undead	CATEGORY:Special Ability	TYPE:Internal	VISIBLE:YES						DEFINE:HunterDeadSmiteUndeadLVL|0					BONUS:VAR|SmiteUndead|(HunterDeadSmiteUndeadLVL+2)/4	BONUS:VAR|SmiteUndeadToHit|max(WIS,0)	BONUS:VAR|SmiteUndeadDamage|HunterDeadSmiteUndeadLVL																SOURCEPAGE:CW	
Hunter of the Dead Positive Energy Burst	CATEGORY:Special Ability	TYPE:Internal	VISIBLE:YES						DEFINE:HunterOfTheDeadPositiveBurstLVL|0					BONUS:VAR|PositiveEnergyBurstDC|HunterOfTheDeadPositiveBurstLVL+CHA|TYPE=LevelBurst.REPLACE	BONUS:VAR|PositiveEnergyDie|HunterOfTheDeadPositiveBurstLVL|TYPE=LevelBurst.STACK																	SOURCEPAGE:CW	
Invisible Blade Dagger Sneak Attack	CATEGORY:Special Ability	TYPE:Internal	VISIBLE:YES						DEFINE:InvisibleBladeDaggerSneakAttackLVL|0					BONUS:VAR|DaggerSneakAttackDice|(InvisibleBladeDaggerSneakAttackLVL+1)/2																		SOURCEPAGE:CW	
Invisible Blade Unfettered Defense	CATEGORY:Special Ability	TYPE:Internal	VISIBLE:YES						DEFINE:InvisibleBladeUnfetteredDefenseLVL|0					BONUS:VAR|UnfetteredDefenseBonusAC|InvisibleBladeUnfetteredDefenseLVL																		SOURCEPAGE:CW	
Invisible Blade Uncanny Feint	CATEGORY:Special Ability	TYPE:Internal	VISIBLE:YES						DEFINE:InvisibleBladeUncannyFeintLVL|0					BONUS:VAR|UncannyFeintPower|1|PREVARGTEQ:InvisibleBladeUncannyFeintLVL,3	BONUS:VAR|UncannyFeintPower|1|PREVARGTEQ:InvisibleBladeUncannyFeintLVL,5																	SOURCEPAGE:CW	
Justicar Non Lethal Strike	CATEGORY:Special Ability	TYPE:Internal	VISIBLE:YES						DEFINE:JusticarNonLethalStrikeLVL|0					BONUS:VAR|NonLethalStrike|(JusticarNonLethalStrikeLVL+2)/3																		SOURCEPAGE:CW	
Justicar Crippling Strike	CATEGORY:Special Ability	TYPE:Internal.Extraordinary.SpecialAttack.AttackOption	VISIBLE:YES	DESC:An opponent damaged with Non Lethal Strike also takes 1 points STR damage.																												SOURCEPAGE:CW	SERVESAS:ABILITY=Special Ability|Crippling Strike
Justicar Street Savvy	CATEGORY:Special Ability	TYPE:Internal	VISIBLE:YES						DEFINE:JusticarStreetSavvyLVL|0					BONUS:VAR|StreetSavvyBonus|((JusticarStreetSavvyLVL/3)*2)																		SOURCEPAGE:CW	
Justicar Hog tie	CATEGORY:Special Ability	TYPE:Internal	VISIBLE:YES						DEFINE:JusticarHogTieLVL|0					BONUS:VAR|HogTiePower|1|PREVARGTEQ:JusticarHogTieLVL,5	BONUS:VAR|HogTiePower|1|PREVARGTEQ:JusticarHogTieLVL,8																	SOURCEPAGE:CW	
Kensai Ki Projection	CATEGORY:Special Ability	TYPE:Internal	VISIBLE:YES						DEFINE:KensaiKiProjectionLVL|0					BONUS:VAR|KiProjectionBonus|KensaiKiProjectionLVL	BONUS:VAR|KiProjectionPower|1|PREVARGTEQ:KensaiKiProjectionLVL,4	BONUS:VAR|KiProjectionPower|1|PREVARGTEQ:KensaiKiProjectionLVL,8																SOURCEPAGE:CW	
Kensai Instill	CATEGORY:Special Ability	TYPE:Internal	VISIBLE:YES											BONUS:VAR|InstillPerDay|1																		SOURCEPAGE:CW	
Knight of the Chalice Fiendslaying	CATEGORY:Special Ability	TYPE:Internal	VISIBLE:YES						DEFINE:KnightChaliceFiendslayingLVL|0					BONUS:VAR|FiendslayingAttack|(KnightChaliceFiendslayingLVL+3)/3	BONUS:VAR|FiendslayingDice|(KnightChaliceFiendslayingLVL+3)/3																	SOURCEPAGE:CW	
Knight of the Chalice Censure Demons	CATEGORY:Special Ability	TYPE:Internal	VISIBLE:YES						DEFINE:CensurePowerLVL|0					BONUS:VAR|CensureTimesDemons|CensurePowerLVL/2	BONUS:VAR|CensureLevelDemons|CensurePowerLVL*2	BONUS:VAR|CensureDemonDC|CensurePowerLVL																SOURCEPAGE:CW	
Knight Protector Defence Stance	CATEGORY:Special Ability	TYPE:Internal	VISIBLE:YES						DEFINE:KnightProtectorDefensiveStanceLVL|0					BONUS:VAR|DefensiveStanceAC|1+((KnightProtectorDefensiveStanceLVL+2)/3)																		SOURCEPAGE:CW	
Knight Protector Best Effort	CATEGORY:Special Ability	TYPE:Internal	VISIBLE:YES						DEFINE:KnightProtectorBestEffortLVL|0					BONUS:VAR|BestEffortBonus|(KnightProtectorBestEffortLVL+4)/3																		SOURCEPAGE:CW	
Knight Protector No Mercy	CATEGORY:Special Ability	TYPE:Internal	VISIBLE:YES						DEFINE:KnightProtectorNoMercyLVL|0																							SOURCEPAGE:CW	
Knight Protector Retributive Attack	CATEGORY:Special Ability	TYPE:Internal	VISIBLE:YES											BONUS:VAR|RetributiveAttackBonus|max(0,CHA)	BONUS:VAR|RetributiveAttackDamage|10																	SOURCEPAGE:CW	
Mindspy Anticipate	CATEGORY:Special Ability	TYPE:Internal	VISIBLE:YES						DEFINE:MindspyAnticipateLVL|0					BONUS:VAR|AnticipateAC|max(0,min(CHA,MindspyAnticipateLVL))																		SOURCEPAGE:CW	
Mindspy Multiple Surface Thoughts	CATEGORY:Special Ability	TYPE:Internal	VISIBLE:YES						DEFINE:MindspyMultipleSurfaceThoughtLVL|0					BONUS:VAR|MultipleSurfaceThought|2*((MindspyMultipleSurfaceThoughtLVL-1)/2)																		SOURCEPAGE:CW	
Occult Slayer Magic Defense	CATEGORY:Special Ability	TYPE:Internal	VISIBLE:YES						DEFINE:OccultSlayerMagicDefenseLVL|0					BONUS:VAR|MagicDefenceBonus|(OccultSlayerMagicDefenseLVL+1)/2																		SOURCEPAGE:CW	
Occult Slayer Mind Over Magic	CATEGORY:Special Ability	TYPE:Internal	VISIBLE:YES						DEFINE:OccultSlayerMindOverBodyLVL|0					BONUS:VAR|MindOverMagicPerDay|OccultSlayerMindOverBodyLVL/2																		SOURCEPAGE:CW	
Order Bow Initiate Ranged Precision	CATEGORY:Special Ability	TYPE:Internal	VISIBLE:YES						DEFINE:OrderBowInitiateRangedPrecisionLVL|0					BONUS:VAR|RangedPrecision|(OrderBowInitiateRangedPrecisionLVL+1)/2																		SOURCEPAGE:CW	
Purple Knight Rallying Cry	CATEGORY:Special Ability	TYPE:Internal	VISIBLE:YES											BONUS:VAR|RallyingCryPerDay|3																		SOURCEPAGE:CW	
Purple Knight Inspire Courage	CATEGORY:Special Ability	TYPE:Internal	VISIBLE:YES						DEFINE:PurpleKnightInspireCourageLVL|0					BONUS:VAR|InspireCouragePerDay|PurpleKnightInspireCourageLVL/2																		SOURCEPAGE:CW	
Purple Knight Fear	CATEGORY:Special Ability	TYPE:Internal	VISIBLE:YES						DEFINE:PurpleKnightFearLVL|0					BONUS:VAR|FearDC|PurpleKnightFearLVL	BONUS:VAR|FearPerDay|1																	SOURCEPAGE:CW	
Purple Knight Final Stand	CATEGORY:Special Ability	TYPE:Internal	VISIBLE:YES											BONUS:VAR|FinalStandPerDay|1																		SOURCEPAGE:CW	
Rage Mage Rage	CATEGORY:Special Ability	TYPE:Internal	VISIBLE:YES						DEFINE:RageMagePowerLVL|0					BONUS:VAR|RageTimes|(RageMagePowerLVL+2)/5																		SOURCEPAGE:CW	
Rage Mage Angry Spell	CATEGORY:Special Ability	TYPE:Internal	VISIBLE:YES						DEFINE:RageMageAngrySpellLVL|0					BONUS:VAR|AngrySpellDC|(RageMageAngrySpellLVL/5)*2																		SOURCEPAGE:CW	
Ravager Pain Touch Ability	CATEGORY:Special Ability	TYPE:Internal	VISIBLE:YES						DEFINE:RavagerPainTouchAbilityLVL|0					BONUS:VAR|PainTouchPerDay|(RavagerPainTouchAbilityLVL+2)/3	BONUS:VAR|PainTouchDamage|RavagerPainTouchAbilityLVL																	SOURCEPAGE:CW	
Ravager Aura of Fear	CATEGORY:Special Ability	TYPE:Internal	VISIBLE:YES						DEFINE:RavagerAuraOfFearLVL|0					BONUS:VAR|AuraOfFearPerDay|(RavagerAuraOfFearLVL+1)/3	BONUS:VAR|AuraOfFearRadius|AuraOfFearPerDay*10																	SOURCEPAGE:CW	
Ravager Cruelest Cut	CATEGORY:Special Ability	TYPE:Internal	VISIBLE:YES						DEFINE:RavagerCruelestCutLVL|0					BONUS:VAR|CruelestCutPerDay|RavagerCruelestCutLVL/3																		SOURCEPAGE:CW	
Reaping Mauler Adept Wrestling	CATEGORY:Special Ability	TYPE:Internal	VISIBLE:YES						DEFINE:ReapingMaulerAdeptWrestlingLVL|0					BONUS:VAR|AdeptWrestlingBonus|ReapingMaulerAdeptWrestlingLVL/2																		SOURCEPAGE:CW	
Reaping Mauler Sleeper Lock	CATEGORY:Special Ability	TYPE:Internal	VISIBLE:YES						DEFINE:ReapingMaulerSleeperLockLVL|0					BONUS:VAR|SleeperLockDC|ReapingMaulerSleeperLockLVL																		SOURCEPAGE:CW	
Reaping Mauler Devastating Grapple	CATEGORY:Special Ability	TYPE:Internal	VISIBLE:YES						DEFINE:ReapingMaulerDevastatingGrappleLVL|0					BONUS:VAR|DevastatingGrappleDC|ReapingMaulerDevastatingGrappleLVL																		SOURCEPAGE:CW	
Ronin Sneak Attack	CATEGORY:Special Ability	TYPE:Internal	VISIBLE:YES						DEFINE:RoninSneakAttackLVL|0					BONUS:VAR|SneakAttackDice|(RoninSneakAttackLVL+2)/3																		SOURCEPAGE:CW	
Ronin Kiai Smite	CATEGORY:Special Ability	TYPE:Internal	VISIBLE:YES											BONUS:VAR|KiaiSmite|(ExSamuraiKiaiSmiteLVL+3)/5																		SOURCEPAGE:CW	
Ex Samurai Kiai Smite	CATEGORY:Special Ability	TYPE:Internal	VISIBLE:YES						DEFINE:ExSamuraiKiaiSmiteLVL|0																							SOURCEPAGE:CW	
Spellsword Ignore Spell Failure	CATEGORY:Special Ability	TYPE:Internal	VISIBLE:YES						DEFINE:SpellswordIgnoreSpellFailureLVL|0					BONUS:VAR|SpellFailurePerc|((SpellswordIgnoreSpellFailureLVL+1)/2)*5																		SOURCEPAGE:CW	
Spellsword Channel Spell	CATEGORY:Special Ability	TYPE:Internal	VISIBLE:YES						DEFINE:SpellswordChannelSpellLVL|0					BONUS:VAR|ChannelSpellPerDay|(SpellswordChannelSpellLVL+2)/2																		SOURCEPAGE:CW	
Tatooed Monk AC	CATEGORY:Special Ability	TYPE:Internal	VISIBLE:YES						DEFINE:TatooedMonkACLVL|0					BONUS:VAR|MonkACLVL|TatooedMonkACLVL|TYPE=TatooedMonk																		SOURCEPAGE:CW	
Tatooed Monk Movement	CATEGORY:Special Ability	TYPE:Internal	VISIBLE:YES						DEFINE:TatooedMonkMoveLVL|0					BONUS:VAR|MonkMoveLVL|TatooedMonkMoveLVL																		SOURCEPAGE:CW	
Tatooed Monk Tatoo Power	CATEGORY:Special Ability	TYPE:Internal	VISIBLE:YES						DEFINE:TatooedMonkTatooPowerLVL|0					BONUS:VAR|TatooPower|TatooedMonkTatooPowerLVL																		SOURCEPAGE:CW	
Thayan Knight Horrors of Thay	CATEGORY:Special Ability	TYPE:Internal	VISIBLE:YES						DEFINE:ThayanKnightHorrorsOfThayLVL|0					BONUS:VAR|HorrorsOfThayBonus|(ThayanKnightHorrorsOfThayLVL+2)/3																		SOURCEPAGE:CW	
Thayan Knight Final Stand	CATEGORY:Special Ability	TYPE:Internal	VISIBLE:YES											BONUS:VAR|FinalStandPerDay|1																		SOURCEPAGE:CW	
Thayan Knight Zulkir Chamion	CATEGORY:Special Ability	TYPE:Internal	VISIBLE:YES											BONUS:VAR|ZulkirChampioPerDay|1																		SOURCEPAGE:CW	
War Chanter Music	CATEGORY:Special Ability	TYPE:Internal	VISIBLE:YES						DEFINE:WarChanterMusicLVL|0					BONUS:VAR|BardicMusicTimes|WarChanterMusicLVL																		SOURCEPAGE:CW	
War Chanter Singing Shout	CATEGORY:Special Ability	TYPE:Internal	VISIBLE:YES						DEFINE:WarChanterSingingShoutLVL|0					BONUS:VAR|SingingShoutDuration|WarChanterSingingShoutLVL/2																		SOURCEPAGE:CW	
Dervish Elaborate Parry	CATEGORY:Special Ability	TYPE:Internal	VISIBLE:YES											BONUS:VAR|ElaborateParryLVL|4																		SOURCEPAGE:CW	
