SOURCELONG:Complete Warrior	SOURCESHORT:CW	SOURCEWEB:http://www.gozzilioni.net																																															
																																																	
# BASICS																																																	
# Feat Name	Type	visible		Req. Att.	Required Class	Required Feat				Req. nb of Hand	Required Lvl	Required Skill	Req. Spellbook		Required Stat						Var. Min. Value	Special Ability	Define	Description	Stackable?	Multiple?	Choose	Automaticaly Gained Armor Prof.	Automaticaly Gained Shield Prof.	Automaticaly Gained Weapon Prof.	Add Spell Lvl	Save checks bonus	Combat bonus	BONUS:DC	Bonus to HP	% bonus to range	Bonus to skill	Modify VAR	Weapon prop. bonus	Weapon prof. bonus	Source Page								
Arcane Strike	TYPE:General	VISIBLE:YES		PREATT:4									PRESPELLCAST:TYPE=Arcane	PRESPELLTYPE:1,Arcane=3										DESC:Sacrifice a spell for +1 on attacks and 1d4 damage per level of the spell																	SOURCEPAGE:CW								
Arterial Strike	TYPE:General	VISIBLE:YES		PREATT:4		PREABILITY:1,CATEGORY=Special Ability,Sneak Attack																		DESC:Trade 1d6 sneak attack damage for 1 point of damage per round																	SOURCEPAGE:CW								
Axiomatic Strike	TYPE:General	VISIBLE:YES				PREFEAT:1,Stunning Fist															PREVARGTEQ:KiStrikeLawful,1			DESC:+2d6 unarmed damage against chaotic opponent																	SOURCEPAGE:CW								
Clever Wrestling	TYPE:General	VISIBLE:YES				PREFEAT:1,Improved Unarmed Strike															PREMULT:2,[PRESIZEEQ:S],[PRESIZEEQ:M]			DESC:Gain circumstance bonus to escape grapple or pin																	SOURCEPAGE:CW								
Close Quarter Strike	TYPE:General.Fighter	VISIBLE:YES	OUTPUTNAME:Close-quarters Strike	PREATT:3																				DESC:Use counterattack to resist grapple																	SOURCEPAGE:CW								
Dash	TYPE:General	VISIBLE:YES																						DESC:Speed +5-feet in light or no armor																	SOURCEPAGE:CW		BONUS:MOVEADD|TYPE.Walk|10|!PREEQUIP:1,TYPE=Armor.Medium,TYPE=Armor.Heavy						
Defensive Strike	TYPE:General.Fighter	VISIBLE:YES				PREFEAT:2,Combat Expertise,Dodge									PRESTAT:2,INT=18,DEX=18									DESC:+4 bonus on attack roll after succesfull total defense																	SOURCEPAGE:CW								
Defensive Throw	TYPE:General	VISIBLE:YES				PREFEAT:4,Combat Expertise,Dodge,Improved Trip,Improved Unarmed Strike									PRESTAT:1,DEX=13									DESC:Trip attempt after foe's attack misses																	SOURCEPAGE:CW								
Destructive Rage	TYPE:General	VISIBLE:YES				PREABILITY:1,CATEGORY=Special Ability,TYPE.Rage																		DESC:+8 bonus on Strenght checks to break objects																	SOURCEPAGE:CW								
Earth's Embrace	TYPE:General	VISIBLE:YES				PREMULT:1,[PREABILITY:1,CATEGORY=Special Ability,Improved Grab],[PREFEAT:1,Improved Grapple]	PREFEAT:1,Improved Unarmed Strike								PRESTAT:1,STR=15									DESC:Extra damage while pinning an opponent																	SOURCEPAGE:CW								
Eagle Claw Attack	TYPE:General	VISIBLE:YES				PREFEAT:2,Improved Sunder,Improved Unarmed Strike									PRESTAT:1,WIS=13									DESC:Add Wis modifier to damage against objects																	SOURCEPAGE:CW								
Extend Rage	TYPE:General	VISIBLE:YES				PREABILITY:1,CATEGORY=Special Ability,TYPE.Rage																		DESC:Rage lasts +5 rounds	STACK:YES	MULT:YES	CHOOSE:NOCHOICE														SOURCEPAGE:CW		BONUS:VAR|RageDuration|5	BONUS:VAR|FrenzyDuration|5	BONUS:VAR|FuryOfTigressDuration|5				
Extra Rage	TYPE:General	VISIBLE:YES				PREABILITY:1,CATEGORY=Special Ability,TYPE.Rage																		DESC:Number of rages per day increased by two	STACK:YES	MULT:YES	CHOOSE:NOCHOICE														SOURCEPAGE:CW		BONUS:VAR|RageTimes|2	BONUS:VAR|FrenzyTimes|2	BONUS:VAR|FuryOfTigressTimes|2				
Extra Smithing	TYPE:General.Paladin	VISIBLE:YES		PREATT:4		PREABILITY:1,CATEGORY=Special Ability,TYPE=Smite																		DESC:Number of smite attempts per day increased by two	STACK:YES	MULT:YES	CHOOSE:NOCHOICE											BONUS:VAR|ExtraSmite|2			SOURCEPAGE:CW	SAB:Extra Smite %/day|ExtraSmite	DEFINE:ExtraSmite|0						
Extra Stunning	TYPE:General	VISIBLE:YES		PREATT:2		PREFEAT:1,Stunning Fist																		DESC:Number of stunning attacks per day increased by three	STACK:YES	MULT:YES	CHOOSE:NOCHOICE											BONUS:VAR|StunningFistAttack|3			SOURCEPAGE:CW								
Eyes in the Back of Your Head	TYPE:General.Ranger	VISIBLE:YES		PREATT:1											PRESTAT:1,WIS=13									DESC:Opponents do not gain flanking benefit																	SOURCEPAGE:CW								
Faster Healing	TYPE:General	VISIBLE:YES													PRECHECKBASE:1,Fortitude=5									DESC:Heal hit points and ability damage faster than normal																	SOURCEPAGE:CW								
Favored Power Attack	TYPE:General	VISIBLE:YES		PREATT:4		PREABILITY:1,CATEGORY=Special Ability,TYPE.FavoredEnemy	PREFEAT:1,Power Attack																	DESC:Trade attack bonus for damage at greater rate against favored enemies																	SOURCEPAGE:CW								
Fist of Iron	TYPE:General	VISIBLE:YES		PREATT:2		PREFEAT:2,Improved Unarmed Strike,Stunning Fist																		DESC:+1d6 damage on unarmed attacks																	SOURCEPAGE:CW								
Fleet of Foot	TYPE:General	VISIBLE:YES				PREFEAT:1,Run									PRESTAT:1,DEX=15									DESC:Make one direction change during a run or charge																	SOURCEPAGE:CW								
Flick of the Wrist	TYPE:General	VISIBLE:YES				PREFEAT:1,Quick Draw						PRESKILL:1,Sleight of Hand=5			PRESTAT:1,DEX=17									DESC:Cause opponent to be flat-footed for one attack																	SOURCEPAGE:CW								
Flying Kick	TYPE:General	VISIBLE:YES				PREFEAT:2,Improved Unarmed Strike,Power Attack						PRESKILL:1,Jump=4			PRESTAT:1,STR=13									DESC:+1d12 damage on unarmed attacks when charging																	SOURCEPAGE:CW								
Freezing the Lifeblood	TYPE:General.Fighter	VISIBLE:YES		PREATT:10		PREFEAT:2,Improved Unarmed Strike,Stunning Fist									PRESTAT:1,WIS=17									DESC:Paralyze opponent with unarmed strike																	SOURCEPAGE:CW	SAB:Freezing Lifeblood Fort DC %|FreezingBloodDC	DEFINE:FreezingBloodDC|0	BONUS:VAR|FreezingBloodDC|10+TL+WIS					
Greater Kiai Shout	TYPE:General	VISIBLE:YES		PREATT:9		PREFEAT:1,Kiai Shout									PRESTAT:1,CHA=13									DESC:Foes hear your shout may panic																	SOURCEPAGE:CW	SAB:Kiai Shout %/day (Will DC % or panicked %d6 rounds)|KiaiShoutTimes|KiaiShoutDC|KiaiShoutDuration|PREVARLT:GreaterKiaiShout,1	BONUS:VAR|KiaiShoutDuration|1	BONUS:VAR|GreaterKiaiShout|1					
Greater Resiliency	TYPE:General	VISIBLE:YES													PREDR:1,-=1,Magic=1,Silver=1,Cold Iron=1,Adamantine=1,Holy=1,Unholy=1									DESC:Increase damage reduction by +1																	SOURCEPAGE:CW	ADD:FEAT|TYPE=GreaterResiliency							
Greater Resiliency - Adamantine	TYPE:Special.GreaterResiliency	VISIBLE:NO	OUTPUTNAME:Greater Resiliency (Adamantine)												PREDR:1,Adamantine=1																										SOURCEPAGE:CW	BONUS:DR|Adamantine|1							
Greater Resiliency - Cold Iron	TYPE:Special.GreaterResiliency	VISIBLE:NO	OUTPUTNAME:Greater Resiliency (Cold Iron)												PREDR:1,Cold Iron=1																										SOURCEPAGE:CW	BONUS:DR|Cold Iron|1							
Greater Resiliency - General	TYPE:Special.GreaterResiliency	VISIBLE:NO	OUTPUTNAME:Greater Resiliency (General)												PREDR:1,-=1																										SOURCEPAGE:CW	BONUS:DR|-|1							
Greater Resiliency - Holy	TYPE:Special.GreaterResiliency	VISIBLE:NO	OUTPUTNAME:Greater Resiliency (Holy)												PREDR:1,Holy=1																										SOURCEPAGE:CW	BONUS:DR|Holy|1							
Greater Resiliency - Magic	TYPE:Special.GreaterResiliency	VISIBLE:NO	OUTPUTNAME:Greater Resiliency (Magic)												PREDR:1,Magic=1																										SOURCEPAGE:CW	BONUS:DR|Magic|1							
Greater Resiliency - Silver	TYPE:Special.GreaterResiliency	VISIBLE:NO	OUTPUTNAME:Greater Resiliency (Silver)												PREDR:1,Silver=1																										SOURCEPAGE:CW	BONUS:DR|Silver|1							
Greater Resiliency - Unholy	TYPE:Special.GreaterResiliency	VISIBLE:NO	OUTPUTNAME:Greater Resiliency (Unholy)												PREDR:1,Unholy=1																										SOURCEPAGE:CW	BONUS:DR|Unholy|1							
Greater Two Weapon Defense	TYPE:General.Fighter.ModifyAC.RangerTwoWeap	VISIBLE:YES	OUTPUTNAME:Greater Two-Weapon Defense	PREATT:11		PREFEAT:3,Improved Two Weapon Defense,Two Weapon Defense,Two Weapon Fighting									PRESTAT:1,DEX=19									DESC:Gain shield bonus when fighting with two weapons																	SOURCEPAGE:CW	BONUS:VAR|TwoWeaponShield|1							
Hamstring	TYPE:General	VISIBLE:YES		PREATT:4		PREABILITY:1,CATEGORY=Special Ability,Sneak Attack																		DESC:Trade 2d6 sneak attack damage to cut opponent's speed in half																	SOURCEPAGE:CW								
Hold the Line	TYPE:General	VISIBLE:YES		PREATT:2		PREFEAT:1,Combat Reflexes																		DESC:Make attack of oppoertunity against charging foe																	SOURCEPAGE:CW								
Improved Buckler Defence	TYPE:General.Fighter	VISIBLE:YES				PREFEAT:1,Shield Proficiency																		DESC:Apply buckler's shield bonus to AC while using off-hand weapon																	SOURCEPAGE:CW								
Improved Combat Expertise	TYPE:General.Fighter	VISIBLE:YES		PREATT:6		PREFEAT:1,Combat Expertise									PRESTAT:1,INT=15									DESC:Reduce your attack bonus to improve your AC																	SOURCEPAGE:CW								
Improved Familiar.MOD	COMPANIONLIST:Familiar|Krenshar|FOLLOWERADJUSTMENT:-2|PREFEAT:1,Improved Familiar|PREALIGN:TN|PREATT:3|PRECLASS:1,SPELLCASTER.Arcane=3	COMPANIONLIST:Familiar|Worg|FOLLOWERADJUSTMENT:-2|PREFEAT:1,Improved Familiar|PREALIGN:NE|PREATT:3|PRECLASS:1,SPELLCASTER.Arcane=3	COMPANIONLIST:Familiar|Blink Dog|FOLLOWERADJUSTMENT:-4|PREFEAT:1,Improved Familiar|PREALIGN:LG|PREATT:5|PRECLASS:1,SPELLCASTER.Arcane=5	COMPANIONLIST:Familiar|Hell Hound|FOLLOWERADJUSTMENT:-4|PREFEAT:1,Improved Familiar|PREALIGN:LE|PREATT:5|PRECLASS:1,SPELLCASTER.Arcane=5	COMPANIONLIST:Familiar|Hippogriff|FOLLOWERADJUSTMENT:-6|PREFEAT:1,Improved Familiar|PREALIGN:TN|PREATT:7|PRECLASS:1,SPELLCASTER.Arcane=7	COMPANIONLIST:Familiar|Howler|FOLLOWERADJUSTMENT:-6|PREFEAT:1,Improved Familiar|PREALIGN:CE|PREATT:7|PRECLASS:1,SPELLCASTER.Arcane=7	COMPANIONLIST:Familiar|Winter Wolf|FOLLOWERADJUSTMENT:-6|PREFEAT:1,Improved Familiar|PREALIGN:NE|PREATT:7|PRECLASS:1,SPELLCASTER.Arcane=7	COMPANIONLIST:GuardianFamiliar|Guardian (Spark)|FOLLOWERADJUSTMENT:-6|PREFEAT:1,Improved Familiar|PREALIGN:TN|PRECLASS:1,SPELLCASTER.Arcane=7	COMPANIONLIST:GuardianFamiliar|Guardian (Gauntlet)|FOLLOWERADJUSTMENT:-8|PREFEAT:1,Improved Familiar|PREALIGN:TN|PRECLASS:1,SPELLCASTER.Arcane=9	COMPANIONLIST:GuardianFamiliar|Guardian (Blade)|FOLLOWERADJUSTMENT:-10|PREFEAT:1,Improved Familiar|PREALIGN:TN|PRECLASS:1,SPELLCASTER.Arcane=11														DESC:CA.																									
Improved Favored Enemy	TYPE:General.Ranger	VISIBLE:YES		PREATT:5		PREABILITY:1,CATEGORY=Special Ability,Basic Favored Enemy																		DESC:+3 bonus on damage against favored enemies																	SOURCEPAGE:CW	BONUS:VAR|FavoredBase|3							
Improved Mounted Archery	TYPE:General.Fighter	VISIBLE:YES				PREFEAT:2,Mounted Archery,Mounted Combat						PRESKILL:1,Ride=1												DESC:Reduce or eliminate attack penalties with ranged weapon while mounted																	SOURCEPAGE:CW								
Improved Rapid Shot	TYPE:General.Fighter.RangerArcher	VISIBLE:YES				PREFEAT:3,Manyshot,Point Blank Shot,Rapid Shot																		DESC:Ignore -2 penalty when using Rapid Shot																	SOURCEPAGE:CW								
Improved Toughness	TYPE:General.Fighter	VISIBLE:YES													PRECHECKBASE:1,Fortitude=2									DESC:Gain HP equal to your current HD																	SOURCEPAGE:CW	BONUS:HP|CURRENTMAX|TL							
Improved Two Weapon Defense	TYPE:General.Fighter.ModifyAC.RangerTwoWeap	VISIBLE:YES	OUTPUTNAME:Improved Two-Weapon Defense	PREATT:6		PREFEAT:2,Two Weapon Defense,Two Weapon Fighting									PRESTAT:1,DEX=17									DESC:Gain shield bonus when fighting with two weapons																	SOURCEPAGE:CW	BONUS:VAR|TwoWeaponShield|1							
Improved Weapon Familiarity	TYPE:General.Fighter	VISIBLE:YES		PREATT:1																				DESC:Racial weapons are martial, not exotic	STACK:NO	MULT:NO															SOURCEPAGE:CW	BONUS:ABILITYPOOL|Improved Weapon Familiarity|1							
Instantaneous Rage	TYPE:General	VISIBLE:YES				PREABILITY:1,CATEGORY=Special Ability,TYPE.Rage																		DESC:Rage even when it isn't your turn																	SOURCEPAGE:CW								
Intimidating Rage	TYPE:General	VISIBLE:YES				PREABILITY:1,CATEGORY=Special Ability,TYPE.Rage																		DESC:Cause single foe within 30-feet to become shaken																	SOURCEPAGE:CW								
Karmic Strike	TYPE:General	VISIBLE:YES				PREFEAT:2,Combat Expertise,Dodge									PRESTAT:1,DEX=13									DESC:Take -4 penalty to AC to make attack opportunity against melee opponent that hits you																	SOURCEPAGE:CW								
Kiai Shout	TYPE:General	VISIBLE:YES		PREATT:1											PRESTAT:1,CHA=13									DESC:Opponents become shaken for 1d6 rounds																	SOURCEPAGE:CW	SAB:Kiai Shout %/day (Will DC % or shaken %d6 rounds)|KiaiShoutTimes|KiaiShoutDC|KiaiShoutDuration|PREVARLT:GreaterKiaiShout,1	DEFINE:KiaiShoutTimes|0	DEFINE:KiaiShoutDC|0	DEFINE:KiaiShoutDuration|0	DEFINE:GreaterKiaiShout|0	BONUS:VAR|KiaiShoutTimes|3	BONUS:VAR|KiaiShoutDC|10+(TL/2)+CHA	BONUS:VAR|KiaiShoutDuration|1
Monkey Grip	TYPE:General	VISIBLE:YES		PREATT:1																				DESC:Use larger melee weapons at -2 penalty																	SOURCEPAGE:CW	BONUS:WIELDCATEGORY|ALL|-1							
Pain Touch	TYPE:General	VISIBLE:YES		PREATT:2		PREFEAT:1,Stunning Fist									PRESTAT:1,WIS=15									DESC:Stunned opponents become nauseated for 1 round																	SOURCEPAGE:CW								
Phalanx Fighting	TYPE:General.Fighter	VISIBLE:YES		PREATT:1		PREFEAT:1,Shield Proficiency																		DESC:Bonus to AC and Reflexes while fighting in a shield wall																	SOURCEPAGE:CW	BONUS:COMBAT|AC|1|TYPE=Phalanx|PREMULT:2,[PREEQUIP:1,TYPE.Shield.Heavy],[PREEQUIPPRIMARY:1,WIELDCATEGORY=Light]							
Pin Shield	TYPE:General	VISIBLE:YES		PREATT:4		PREFEAT:1,Two Weapon Fighting																		DESC:Render opponent's shield usless temporarily																	SOURCEPAGE:CW								
Power Critical	TYPE:General.Fighter	VISIBLE:YES		PREATT:4		PREFEAT:1,Weapon Focus																		DESC:+4 bonus to confirm critical with one weapon	STACK:YES	MULT:YES	CHOOSE:WEAPONPROFICIENCY|FEAT=Weapon Focus														SOURCEPAGE:CW	SAB:Power Critical: +% to confirm critic|PowerCritic							
Prone Attack	TYPE:General.Fighter	VISIBLE:YES		PREATT:2		PREFEAT:1,Lightning Reflexes									PRESTAT:1,DEX=15									DESC:Attack while prone at no penalty and stand up																	SOURCEPAGE:CW								
Ranged Disarm	TYPE:General.Fighter.RangerArcher	VISIBLE:YES		PREATT:5		PREFEAT:2,Point Blank Shot,Precise Shot									PRESTAT:1,DEX=15									DESC:Use ranged weapon to disarm foe within 30-feet	STACK:NO	MULT:YES	CHOOSE:WEAPONPROFICIENCY|PC[TYPE.Ranged]	SELECT:1													SOURCEPAGE:CW								
Ranged Pin	TYPE:General.Fighter.RangerArcher	VISIBLE:YES		PREATT:5		PREFEAT:2,Point Blank Shot,Precise Shot									PRESTAT:1,DEX=15									DESC:Use ranged weapon to grapple foe within 30-feet																	SOURCEPAGE:CW								
Ranged Sunder	TYPE:General.Fighter.RangerArcher	VISIBLE:YES		PREATT:5		PREFEAT:2,Point Blank Shot,Precise Shot									PRESTAT:1,STR=13									DESC:Use ranged weapon to sunder foe's weapon at reduced damage penalty																	SOURCEPAGE:CW								
Rapid Stunning	TYPE:General.Fighter	VISIBLE:YES		PREATT:6		PREFEAT:2,Combat Reflexes,Stunning Fist																		DESC:Use one additional stunning attack per round	STACK:YES	MULT:YES	CHOOSE:NOCHOICE														SOURCEPAGE:CW								
Roundabout Kick	TYPE:General	VISIBLE:YES				PREFEAT:2,Improved Unarmed Strike,Power Attack									PRESTAT:1,STR=15									DESC:Additional unarmed attack against opponent on wich you have just scored a critical hit																	SOURCEPAGE:CW								
Sharp Shooting	TYPE:General.Fighter.RangerArcher	VISIBLE:YES		PREATT:3		PREFEAT:2,Point Blank Shot,Precise Shot																		DESC:Halve opponent's cover bonus																	SOURCEPAGE:CW								
Shield Charge	TYPE:General.Fighter	VISIBLE:YES		PREATT:3		PREFEAT:1,Improved Shield Bash																		DESC:Free trip attack with shield during charge																	SOURCEPAGE:CW								
Shield Slam	TYPE:General.Fighter	VISIBLE:YES		PREATT:6		PREFEAT:2,Improved Shield Bash,Shield Charge																		DESC:Use shield to daze opponent																	SOURCEPAGE:CW								
Swarmfighting	TYPE:General	VISIBLE:YES		PREATT:1											PRESTAT:1,DEX=13						PRESIZEEQ:S			DESC:Occupy same square as other swarmfighting ally, gain +1 morale bonus per ally (up to Dex bonus)																	SOURCEPAGE:CW								
Throw Anything	TYPE:General	VISIBLE:YES		PREATT:2											PRESTAT:1,DEX=15									DESC:Throw melee weapon with no penalty																	SOURCEPAGE:CW								
Weakening Touch	TYPE:General.Fighter	VISIBLE:YES		PREATT:2		PREFEAT:2,Improved Unarmed Strike,Stunning Fist									PRESTAT:1,WIS=17									DESC:Cause foe's strength to drop by 6 for 1 minute																	SOURCEPAGE:CW								
Zen Archery	TYPE:General	VISIBLE:YES		PREATT:1											PRESTAT:1,WIS=13									DESC:Use Wis instead of Dex for ranged attacks																	SOURCEPAGE:CW	BONUS:COMBAT|TOHIT.Ranged|((max(WIS,DEX)-DEX)+SHIELDACCHECK)|TYPE=Ranged							
# Divine Feat Name	Type	visible		Req. Att.	Required Class	Required Feat				Req. nb of Hand	Required Lvl	Required Skill	Req. Spellbook		Required Stat						Var. Min. Value	Special Ability	Define	Description	Stackable?	Multiple?	Choose	Automaticaly Gained Armor Prof.	Automaticaly Gained Shield Prof.	Automaticaly Gained Weapon Prof.	Add Spell Lvl	Save checks bonus	Combat bonus	BONUS:DC	Bonus to HP	% bonus to range	Bonus to skill	Modify VAR	Weapon prop. bonus	Weapon prof. bonus	Source Page								
Divine Cleansing	TYPE:Divine	VISIBLE:YES																				PREABILITY:1,CATEGORY=Special Ability,TYPE.TurnUndead 		DESC:Gain +2 sacred bonus on Fortitude saves																	SOURCEPAGE:CW								
Divine Might	TYPE:Divine	VISIBLE:YES				PREFEAT:1,Power Attack									PRESTAT:1,STR=13							PREABILITY:1,CATEGORY=Special Ability,TYPE.TurnUndead 		DESC:Add Cha bonus to weapon damage																	SOURCEPAGE:CW								
Divine Resistance	TYPE:Divine	VISIBLE:YES				PREFEAT:1,Divine Cleansing																PREABILITY:1,CATEGORY=Special Ability,TYPE.TurnUndead 		DESC:Gain resistance to cold 5, electricity 5 and fire 5																	SOURCEPAGE:CW								
Divine Shield	TYPE:Divine	VISIBLE:YES				PREFEAT:1,Shield Proficiency																PREABILITY:1,CATEGORY=Special Ability,TYPE.TurnUndead 		DESC:Add Cha bonus as sacred bonus to your shield's defence																	SOURCEPAGE:CW								
Divine Vigor	TYPE:Divine	VISIBLE:YES																				PREABILITY:1,CATEGORY=Special Ability,TYPE.TurnUndead 		DESC:Increase base speed by 1'ft, gain +2 hp/level																	SOURCEPAGE:CW								
Sacred Vengeance	TYPE:Divine	VISIBLE:YES																				PREABILITY:1,CATEGORY=Special Ability,TYPE.TurnUndead 		DESC:+2d6 points of damage on melee attacks against undead																	SOURCEPAGE:CW								
# Tactical Feat Name	Type	visible		Req. Att.	Required Class	Required Feat				Req. nb of Hand	Required Lvl	Required Skill	Req. Spellbook		Required Stat						Var. Min. Value	Special Ability	Define	Description	Stackable?	Multiple?	Choose	Automaticaly Gained Armor Prof.	Automaticaly Gained Shield Prof.	Automaticaly Gained Weapon Prof.	Add Spell Lvl	Save checks bonus	Combat bonus	BONUS:DC	Bonus to HP	% bonus to range	Bonus to skill	Modify VAR	Weapon prop. bonus	Weapon prof. bonus	Source Page								
Cavalry Charger	TYPE:Tactical.Fighter	VISIBLE:YES		PREATT:6		PREFEAT:3,Mounted Combat,Spirited Charge,Trample																		DESC:See feat description																	SOURCEPAGE:CW								
Combat Brute	TYPE:Tactical.Fighter	VISIBLE:YES		PREATT:6		PREFEAT:2,Improved Sunder,Power Attack																		DESC:See feat description																	SOURCEPAGE:CW								
Elusive Target	TYPE:Tactical	VISIBLE:YES		PREATT:6		PREFEAT:2,Dodge,Mobility																		DESC:See feat description																	SOURCEPAGE:CW								
Formation Expert	TYPE:Tactical.Fighter	VISIBLE:YES		PREATT:6																				DESC:See feat description																	SOURCEPAGE:CW								
Giantbane	TYPE:Tactical	VISIBLE:YES		PREATT:6								PRESKILL:1,Tumble=5									PRESIZELTEQ:M			DESC:See feat description																	SOURCEPAGE:CW								
Raptor School	TYPE:Tactical	VISIBLE:YES		PREATT:6								PRESKILL:1,Jump=5			PRESTAT:1,WIS=13									DESC:See feat description																	SOURCEPAGE:CW								
Shock Trooper	TYPE:Tactical.Fighter	VISIBLE:YES		PREATT:6		PREFEAT:2,Improved Bull Rush,Power Attack																		DESC:See feat description																	SOURCEPAGE:CW								
Sun School	TYPE:Tactical	VISIBLE:YES		PREATT:4																		PREABILITY:1,CATEGORY=Special Ability,Flurry of Blows		DESC:See feat description																	SOURCEPAGE:CW								
# Style Feat Name	Type	visible		Req. Att.	Required Class	Required Feat				Req. nb of Hand	Required Lvl	Required Skill	Req. Spellbook		Required Stat						Var. Min. Value	Special Ability	Define	Description	Stackable?	Multiple?	Choose	Automaticaly Gained Armor Prof.	Automaticaly Gained Shield Prof.	Automaticaly Gained Weapon Prof.	Add Spell Lvl	Save checks bonus	Combat bonus	BONUS:DC	Bonus to HP	% bonus to range	Bonus to skill	Modify VAR	Weapon prop. bonus	Weapon prof. bonus	Source Page								
Anvil of Thunder	TYPE:Style	VISIBLE:YES				PREFEAT:3,Improved Sunder,Power Attack,Two Weapon Fighting	PREFEAT:1,Weapon Focus(Warhammer),Weapon Focus(Hammer (Light))	PREFEAT:1,Weapon Focus(Battleaxe),Weapon Focus(Handaxe),Weapon Focus(Waraxe (Dwarven))							PRESTAT:1,STR=13									DESC:Target hit with both ace and hammer become dazed if it fails Fortitude save																	SOURCEPAGE:CW								
Bear Fang	TYPE:Style	VISIBLE:YES				PREFEAT:2,Power Attack,Two Weapon Fighting	PREFEAT:1,Weapon Focus(Dagger)	PREFEAT:1,Weapon Focus(Battleaxe),Weapon Focus(Handaxe),Weapon Focus(Waraxe (Dwarven))																DESC:Free grapple attempt against target hit with both dagger and axe																	SOURCEPAGE:CW								
Crescent Moon	TYPE:Style	VISIBLE:YES				PREFEAT:3,Improved Disarm,Two Weapon Fighting,Improved Two Weapon Fighting	PREFEAT:1,Weapon Focus(Dagger)	PREFEAT:1,Weapon Focus(Sword (Bastard)),Weapon Focus(Longsword),Weapon Focus(Scimitar),Weapon Focus(Sword (Short))																DESC:Free disarm attempt against target hit with both dagger and sword																	SOURCEPAGE:CW								
Hammer's Edge	TYPE:Style	VISIBLE:YES				PREFEAT:2,Improved Bull Rush,Two Weapon Fighting	PREFEAT:1,Weapon Focus(Sword (Bastard)),Weapon Focus(Longsword),Weapon Focus(Scimitar)	PREFEAT:1,Weapon Focus(Warhammer),Weapon Focus(Hammer (Light))							PRESTAT:1,STR=15									DESC:Target hit wih both sword and hammer falls prone if fails Fortitude save																	SOURCEPAGE:CW								
High Sword Low Axe	TYPE:Style	VISIBLE:YES				PREFEAT:2,Improved Trip,Two Weapon Fighting	PREFEAT:1,Weapon Focus(Sword (Bastard)),Weapon Focus(Longsword),Weapon Focus(Scimitar),Weapon Focus(Sword (Short))	PREFEAT:1,Weapon Focus(Battleaxe),Weapon Focus(Handaxe),Weapon Focus(Waraxe (Dwarven))																DESC:Free trip attempt against target hit with both sword and axe																	SOURCEPAGE:CW								
Lightning Mace	TYPE:Style	VISIBLE:YES				PREFEAT:2,Combat Reflexes,Two Weapon Fighting	PREFEAT:1,Weapon Focus(Mace (Light))																	DESC:Gain extra attack after scoring threat while wielding two light maces																	SOURCEPAGE:CW								
Net and Trident	TYPE:Style	VISIBLE:YES				PREFEAT:2,Two Weapon Fighting,Exotic Weapon Proficiency(Net)	PREFEAT:1,Weapon Focus(Trident)								PRESTAT:1,DEX=15									DESC:Make combined attack with net and trident																	SOURCEPAGE:CW								
Quick Staff	TYPE:Style	VISIBLE:YES				PREFEAT:3,Combat Expertise,Dodge,Two Weapon Fighting	PREFEAT:1,Weapon Focus(Quarterstaff)																	DESC:Gain extra dodge bonus when wielding quarterstaff																	SOURCEPAGE:CW								
Spinning Halberd	TYPE:Style	VISIBLE:YES				PREFEAT:2,Combat Expertise,Two Weapon Fighting	PREFEAT:1,Weapon Focus(Halberd)																	DESC:Gain extra dodge bonus and extra attack when making full attack with halberd																	SOURCEPAGE:CW								
Three Mountain	TYPE:Style	VISIBLE:YES				PREFEAT:3,Cleave,Improved Bull Rush,Power Attack	PREFEAT:1,Weapon Focus(Mace (Heavy)),Weapon Focus(Morningstar),Weapon Focus(Greatclub)								PRESTAT:1,STR=13									DESC:Target hit twice with mace, morningstar or greatclub become nauseated if it fails Fortitude save																	SOURCEPAGE:CW								
#																																																	
Combat Casting.MOD	TYPE:Hexblade																																																
Greater Spell Focus.MOD	TYPE:Hexblade																																																
Greater Spell Penetration.MOD	TYPE:Hexblade																																																
Spell Focus.MOD	TYPE:Hexblade																																																
Spell Penetration.MOD	TYPE:Hexblade																																																
Far Shot.MOD	TYPE:Ronin																																																
Improved Precise Shot.MOD	TYPE:Ronin																																																
Manyshot.MOD	TYPE:Ronin																																																
Mounted Archery.MOD	TYPE:Ronin																																																
Mounted Combat.MOD	TYPE:Ronin																																																
Point Blank Shot.MOD	TYPE:Ronin																																																
Precise Shot.MOD	TYPE:Ronin																																																
Rapid Shot.MOD	TYPE:Ronin																																																
Ride By Attack.MOD	TYPE:Ronin																																																
Shot on the Run.MOD	TYPE:Ronin																																																
Spirited Charge.MOD	TYPE:Ronin																																																
Trample.MOD	TYPE:Ronin																																																
