SOURCELONG:Complete Warrior	SOURCESHORT:CW	SOURCEWEB:http://www.gozzilioni.net

#Weapon Groupings used to facilitate homebrews:		
#	Sword, Spear, Axe, Bow, Unarmed	
#	Melee, Ranged, Thrown, Spell	
#	Bludgeoning, Slashing, Piercing	
#	TwoHanded, DoubleWeapon, MeleeTwoHanded, Reach	
#	MeleeSlashing, MeleePiercing, MeeleBludgeoning, RangedSlashing, RangedPiercing, RangedBludgeoning	
#	RangedTouch	
# Weapon Name	Type	Nb Hands
Buckler Axe (Dwarven)	TYPE:Exotic.Melee.Slashing.MeleeSlashing.Light.Dwarven.Axe
Lightblade (Elven)	TYPE:Exotic.Melee.Piercing.MeleePiercing.Light.Elven.Sword
Tortoise Blade (Gnome)	TYPE:Exotic.Melee.Piercing.MeleePiercing.Light.Gnomish.Dagger
Maul	TYPE:Exotic.Martial.Melee.Bludgeoning.MeleeBludgeoning.TwoHanded.Mace
Pick (Dire)	TYPE:Martial.Exotic.Melee.Piercing.MeleePiercing.TwoHanded.Pick
Scourge	TYPE:Exotic.Melee.Slashing.MeleeSlashing.OneHanded.Whip
Thinblade (Elven)	TYPE:Exotic.Melee.Piercing.MeleePiercing.OneHanded.Elven.Sword
Warmace	TYPE:Martial.Exotic.Melee.Bludgeoning.MeleeBludgeoning.TwoHanded.Mace
Greatspear	TYPE:Exotic.Melee.Ranged.Piercing.MeleePiercing.RangedPiercing.TwoHanded.Reach.Spear
Hammer (Double)	TYPE:Exotic.Melee.Bludgeoning.MeleeBludgeoning.TwoHanded.DoubleWeapon.Hammer
Lajatang	TYPE:Exotic.Melee.Slashing.MeleeSlashing.TwoHanded.DoubleWeapon.Quarterstaff
Mancatcher	TYPE:Exotic.Melee.Bludgeoning.TwoHanded.DoubleWeapon.Reach
Poleaxe (Heavy)	TYPE:Exotic.Melee.Piercing.Slashing.MeleePiercing.MeleeSlashing.TwoHanded.Reach.Polearm
#
Blowgun (Greater)	TYPE:Exotic.Ranged.Piercing.RangedPiercing.TwoHanded.Blowgun
#Bolas
Boomerang	TYPE:Exotic.Ranged.Bludgeoning.RangedBludgeoning.OneHanded.Thrown.Boomerang
Greatbow	TYPE:Exotic.Ranged.Piercing.RangedPiercing.TwoHanded.Bow.Greatbow	HANDS:2
