SOURCELONG:Complete Adventurer	SOURCESHORT:CAd	SOURCEWEB:http://www.gozzilioni.net																																								
																																										
# BASICS																																										
# Feat Name	Type	visible	outputname	Req. Att.	Required Class	Required Feat				Req. nb of Hand	Required Lvl	Required Skill	Req. Spellbook		Required Stat						Var. Min. Value	Special Ability	Define	Description	Stackable?	Multiple?	Choose	Automaticaly Gained Armor Prof.	Automaticaly Gained Shield Prof.	Automaticaly Gained Weapon Prof.	Add Spell Lvl	Save checks bonus	Combat bonus	BONUS:DC	Bonus to HP	% bonus to range	Bonus to skill	Modify VAR	Weapon prop. bonus	Weapon prof. bonus	Source Page	
#Augmented Alchemy	TYPE:Epic	VISIBLE:YES									PRELEVEL:MIN=21	PRESKILL:1,Craft (Alchemy)=24			PRESTAT:1,INT=21									DESC:You can create alchemical items and substances that are much more powerful than normal.																	SOURCEPAGE:CAd	
Augmented Alchemy.MOD	SOURCEPAGE:CAd
#Epic Dodge	TYPE:Epic	VISIBLE:YES				PREFEAT:1,Dodge					PRELEVEL:MIN=21	PRESKILL:1,Tumble=30			PRESTAT:1,DEX=25					PREABILITY:1,CATEGORY=Special Ability,Improved Evasion		PREABILITY:1,CATEGORY=Special Ability,Defensive Roll		DESC:You are able to evade attacks with exceptional agility.																	SOURCEPAGE:CAd	
Epic Dodge.MOD	SOURCEPAGE:CAd
#Epic Reputation	TYPE:Epic	VISIBLE:YES									PRELEVEL:MIN=21													DESC:Your reputation provides great bonuses on interaction with others													BONUS:SKILL|Bluff,Diplomacy,Gather Information,TYPE=Perform|4				SOURCEPAGE:CAd	
Epic Reputation.MOD	SOURCEPAGE:CAd
#Epic Skill Focus																																										
#Group Inspiration	TYPE:Epic	VISIBLE:YES									PRELEVEL:MIN=21	PRESKILL:1,TYPE.Perform=30										PREABILITY:1,CATEGORY=Special Ability,Bardic Music		DESC:Your bardic powers can inspire more allies than normal																	SOURCEPAGE:CAd	
Group Inspiration.MOD	SOURCEPAGE:CAd
Improved Skirmish	TYPE:Epic	VISIBLE:YES									PRELEVEL:MIN=21										PREMULT:2,[PREVARGTEQ:SkirmishDamage,4],[PREVARGTEQ:SkirmishAC,4]	PREABILITY:1,CATEGORY=Special Ability,Skirmish Attack		DESC:Your combat mobility improves																	SOURCEPAGE:CAd	
Improved Sudden Strike	TYPE:Epic	VISIBLE:YES									PRELEVEL:MIN=21										PREVARGTEQ:SuddenStrike,8	PREABILITY:1,CATEGORY=Special Ability,Sudden Strike		DESC:Your ability to strike unaware foes improves	STACK:YES	MULT:YES	CHOOSE:NOCHOICE											BONUS:VAR|SuddenStrike|1			SOURCEPAGE:CAd	
Legendary Acrobat	TYPE:Epic	VISIBLE:YES									PRELEVEL:MIN=21	PRESKILL:2,Balance=24,Tumble=24			PRESTAT:1,DEX=21									DESC:You can balance and tumble much more easily than a normal person																	SOURCEPAGE:CAd	
#Legendary Climber	TYPE:Epic	VISIBLE:YES									PRELEVEL:MIN=21	PRESKILL:2,Balance=24,Climb=24			PRESTAT:1,DEX=21									DESC:You can climb rapidly much more easily than a normal person																	SOURCEPAGE:CAd	
Legendary Climber.MOD	PRESKILL:2,Balance=24,Climb=24	SOURCEPAGE:CAd
#Legendary Leaper	TYPE:Epic	VISIBLE:YES									PRELEVEL:MIN=21	PRESKILL:1,Jump=24												DESC:You can cover great distances with only a brief start																	SOURCEPAGE:CAd	
Legendary Leaper.MOD	SOURCEPAGE:CAd
#Legendary Tracker	TYPE:Epic	VISIBLE:YES				PREFEAT:1,Track					PRELEVEL:MIN=21	PRESKILL:2,Knowledge (Nature)=30,Survival=30			PRESTAT:1,WIS=25									DESC:You can track prey across or through the water, or even through the air																	SOURCEPAGE:CAd	
Legendary Tracker.MOD	SOURCEPAGE:CAd
#Polyglot	TYPE:Epic	VISIBLE:YES									PRELEVEL:MIN=21	PRELANG:5,ANY			PRESTAT:1,INT=25									DESC:You can speak all languages, read and write all languages if you are literate.																	SOURCEPAGE:CAd	ADD:LANGUAGE|99|TYPE=Spoken
Polyglot.MOD	PRELANG:5,ANY	SOURCEPAGE:CAd
