SOURCELONG:Complete Adventurer	SOURCESHORT:CAd	SOURCEWEB:http://www.gozzilioni.net										
#
# Class Name 1	Hit Dice (HD)	Type (TYPE:)	Abbreviation (ABB)	Max Level (MAXLEVEL)	Source Page (SOURCEPAGE)	Save checks bonus (Fortitude) (BONUS:CHECKS)	Save checks bonus (Reflex)	Save checks bonus (Will)	Combat bonus	EXCLASS	CONTIGUOUS	FINE
# Class Name req	Requirements	FINE										
# Class Name skill	Skill Pts/Lvl (STARTSKILLPTS)	Class Skill (CSKILL)						define class variables (DEFINE:variable|value	FINE		HASSUBSTITUTIONLEVEL	
# Class Name specast	Spell Statistic (SPELLSTAT)	Spell type (SPELLTYPE)	Spellbook (SPELLBOOK/MEMORIZE)	knowspell (KNOWNSPELLS)	spell level increases (BONUS:CASTERLEVEL)	SPELLLIST						
#(level number)	ADD:SPELLCASTER o CAST	FEATAUTO proficiency	(FEATAUTO)	(SAB)	(SAB)	(DOMAIN)	(BONUS)			(DEFINE)		
CLASS:Shadowmind	HD:6	TYPE:Prestige.Psionic	ABB:Swm	MAXLEVEL:10	SOURCEPAGE:CAd	BONUS:CHECKS|BASE.Fortitude|CL/3	BONUS:CHECKS|BASE.Reflex|CL/2+2	BONUS:CHECKS|BASE.Will|CL/2+2	BONUS:COMBAT|BAB|CL*3/4|TYPE=Base.REPLACE	ALLOWBASECLASS:NO		
CLASS:Shadowmind	PREATT:3	PRESKILL:2,Hide=5,Move Silently=5	PRESKILL:1,Sleight of Hand=3	PRESPELLTYPE:1,Psionic=3 	PRESPELL:1,Concealing Amorpha							
CLASS:Shadowmind	STARTSKILLPTS:4	CSKILL:Autohypnosis|Bluff|Concentration|TYPE.Craft|Disable Device|Escape Artist|Hide|Jump|Knowledge (Psionics)|Listen|Move Silently|Open Lock|Psicraft|Search|Sense Motive|Sleight of Hand|Spot|Tumble										
SUBSTITUTIONCLASS:Cerebral Infiltrator												
SUBSTITUTIONLEVEL:1	ADD:SPELLCASTER|Psionic			SPELLLEVEL:CLASS|Shadowmind=1|Distract								
SUBSTITUTIONLEVEL:3	ADD:SPELLCASTER|Psionic			SPELLLEVEL:CLASS|Shadowmind=3|Sense Link (Forced)								
SUBSTITUTIONLEVEL:9	ADD:SPELLCASTER|Psionic			SPELLLEVEL:CLASS|Shadowmind=9|Mind Probe								
SUBSTITUTIONCLASS:Though Killer												
SUBSTITUTIONLEVEL:1	ADD:SPELLCASTER|Psionic			SPELLLEVEL:CLASS|Shadowmind=1|Conceal Thoughts								
SUBSTITUTIONLEVEL:3	ADD:SPELLCASTER|Psionic			SPELLLEVEL:CLASS|Shadowmind=3|Energy Stun								
SUBSTITUTIONLEVEL:9	ADD:SPELLCASTER|Psionic			SPELLLEVEL:CLASS|Shadowmind=9|Mind Blank (Personal)								
1	ADD:SPELLCASTER|Psionic				SPELLLEVEL:CLASS|Shadowmind=1|Read Thoughts																		
2				ABILITY:Special Ability|AUTOMATIC|Sneak Attack|Shadowmind Sneak Attack			BONUS:VAR|ShadowmindSneakAttackLVL|CL					
3	ADD:SPELLCASTER|Psionic			SPELLLEVEL:CLASS|Shadowmind=3|Cloud Mind																			
4	ADD:SPELLCASTER|Psionic											
5												
6	ADD:SPELLCASTER|Psionic											
7	ADD:SPELLCASTER|Psionic											
8												
9	ADD:SPELLCASTER|Psionic				SPELLLEVEL:CLASS|Shadowmind=9|Cloud Mind (Mass)																		
10	ADD:SPELLCASTER|Psionic			ABILITY:Special Ability|AUTOMATIC|Mind Stab								
