SOURCELONG:Complete Adventurer	SOURCESHORT:CAd	SOURCEWEB:http://www.gozzilioni.net																														
#																																
###Block: Proficiencies																																
# Ability Name	Category of Ability	Type	Visible	Special ABility					Define					Bonus					Stackable?	Multiple?	Choose	select										Source Page
Weapon and Armor Proficiency	CATEGORY:Special Ability	TYPE:ClassAbility.SpecialQuality			KEY:Weapon and Armor Proficiency ~ Bloodhound																		ABILITY:Special Ability|AUTOMATIC|All Automatic Proficiencies|All Martial Weapon Proficiencies	AUTO:FEAT|Simple Weapon Proficiency|Martial Weapon Proficiency Output	AUTO:FEAT|Armor Proficiency (Light)							SOURCEPAGE:CAd
Weapon and Armor Proficiency	CATEGORY:Special Ability	TYPE:ClassAbility.SpecialQuality			KEY:Weapon and Armor Proficiency ~ Dread Pirate																		ABILITY:Special Ability|AUTOMATIC|All Automatic Proficiencies|Dread Pirate Weapon Proficiencies	AUTO:FEAT|Simple Weapon Proficiency|Martial Weapon Proficiency Output	AUTO:FEAT|Armor Proficiency (Light)							SOURCEPAGE:CAd
Weapon and Armor Proficiency	CATEGORY:Special Ability	TYPE:ClassAbility.SpecialQuality			KEY:Weapon and Armor Proficiency ~ Ghost Faced Killer																		ABILITY:Special Ability|AUTOMATIC|All Automatic Proficiencies|All Martial Weapon Proficiencies	AUTO:FEAT|Simple Weapon Proficiency|Martial Weapon Proficiency Output	AUTO:FEAT|Armor Proficiency (Light)							SOURCEPAGE:CAd
Weapon and Armor Proficiency	CATEGORY:Special Ability	TYPE:ClassAbility.SpecialQuality			KEY:Weapon and Armor Proficiency ~ Highlander Stalker																		ABILITY:Special Ability|AUTOMATIC|All Automatic Proficiencies		AUTO:FEAT|Armor Proficiency (Light)							SOURCEPAGE:CAd
Weapon and Armor Proficiency	CATEGORY:Special Ability	TYPE:ClassAbility.SpecialQuality			KEY:Weapon and Armor Proficiency ~ Nightsong Enforcer																		ABILITY:Special Ability|AUTOMATIC|All Automatic Proficiencies		AUTO:FEAT|Armor Proficiency (Light)							SOURCEPAGE:CAd
Weapon and Armor Proficiency	CATEGORY:Special Ability	TYPE:ClassAbility.SpecialQuality			KEY:Weapon and Armor Proficiency ~ Ollam																		ABILITY:Special Ability|AUTOMATIC|All Automatic Proficiencies	AUTO:FEAT|Simple Weapon Proficiency	AUTO:FEAT|Armor Proficiency (Light)|Armor Proficiency (Medium)|Armor Proficiency (Heavy)	AUTO:FEAT|Shield Proficiency|Tower Shield Proficiency						SOURCEPAGE:CAd
Weapon and Armor Proficiency	CATEGORY:Special Ability	TYPE:ClassAbility.SpecialQuality			KEY:Weapon and Armor Proficiency ~ Shadowbane Inquisitor																		ABILITY:Special Ability|AUTOMATIC|All Automatic Proficiencies|All Martial Weapon Proficiencies	AUTO:FEAT|Simple Weapon Proficiency|Martial Weapon Proficiency Output	AUTO:FEAT|Armor Proficiency (Light)|Armor Proficiency (Medium)|Armor Proficiency (Heavy)	AUTO:FEAT|Shield Proficiency						SOURCEPAGE:CAd
Weapon and Armor Proficiency	CATEGORY:Special Ability	TYPE:ClassAbility.SpecialQuality			KEY:Weapon and Armor Proficiency ~ Spymaster																		ABILITY:Special Ability|AUTOMATIC|All Automatic Proficiencies|All Martial Weapon Proficiencies	AUTO:FEAT|Simple Weapon Proficiency|Martial Weapon Proficiency Output	AUTO:FEAT|Armor Proficiency (Light)|Armor Proficiency (Medium)							SOURCEPAGE:CAd
Weapon and Armor Proficiency	CATEGORY:Special Ability	TYPE:ClassAbility.SpecialQuality			KEY:Weapon and Armor Proficiency ~ Thief Acrobat																		ABILITY:Special Ability|AUTOMATIC|All Automatic Proficiencies	AUTO:FEAT|Simple Weapon Proficiency								SOURCEPAGE:CAd
Weapon and Armor Proficiency	CATEGORY:Special Ability	TYPE:ClassAbility.SpecialQuality			KEY:Weapon and Armor Proficiency ~ Vigilante																		ABILITY:Special Ability|AUTOMATIC|All Automatic Proficiencies|All Martial Weapon Proficiencies|Vigilante Weapon Proficiencies	AUTO:FEAT|Simple Weapon Proficiency|Martial Weapon Proficiency Output								SOURCEPAGE:CAd
Weapon and Armor Proficiency	CATEGORY:Special Ability	TYPE:ClassAbility.SpecialQuality			KEY:Weapon and Armor Proficiency ~ Ninja																		ABILITY:Special Ability|AUTOMATIC|All Automatic Proficiencies|Ninja Weapon Proficiencies	AUTO:FEAT|Simple Weapon Proficiency								SOURCEPAGE:CAd
Weapon and Armor Proficiency	CATEGORY:Special Ability	TYPE:ClassAbility.SpecialQuality			KEY:Weapon and Armor Proficiency ~ Scout																		ABILITY:Special Ability|AUTOMATIC|All Automatic Proficiencies|Scout Weapon Proficiencies	AUTO:FEAT|Simple Weapon Proficiency	AUTO:FEAT|Armor Proficiency (Light)							SOURCEPAGE:CAd
Weapon and Armor Proficiency	CATEGORY:Special Ability	TYPE:ClassAbility.SpecialQuality			KEY:Weapon and Armor Proficiency ~ Spellthief																		ABILITY:Special Ability|AUTOMATIC|All Automatic Proficiencies	AUTO:FEAT|Simple Weapon Proficiency	AUTO:FEAT|Armor Proficiency (Light)							SOURCEPAGE:CAd
#																																
###Block: Class Specific																																
CATEGORY=Special Ability|Monk Weapon Proficiencies.MOD																								AUTO:WEAPONPROF|Longstaff								
Dread Pirate Weapon Proficiencies	CATEGORY:Special Ability	TYPE:Internal	VISIBLE:NO																					AUTO:WEAPONPROF|Sword (Short)|Sap|Pick (Light)|Kukri|Handaxe|Hammer (Light)|Axe (Throwing)|Rapier								SOURCEPAGE:CAd
Vigilante Weapon Proficiencies	CATEGORY:Special Ability	TYPE:Internal	VISIBLE:NO																					AUTO:WEAPONPROF|Net								SOURCEPAGE:CAd
Ninja Weapon Proficiencies	CATEGORY:Special Ability	TYPE:Internal	VISIBLE:NO																					AUTO:WEAPONPROF|Crossbow (Hand)|Kama|Kukri|Nunchaku|Sai|Shortbow|Sword (Short)|Shuriken|Siangham			AUTO:FEAT|Exotic Weapon Proficiency(Sword (Bastard))					SOURCEPAGE:CAd
Scout Weapon Proficiencies	CATEGORY:Special Ability	TYPE:Internal	VISIBLE:NO																					AUTO:WEAPONPROF|Handaxe|Axe (Throwing)|Sword (Short)|Shortbow								SOURCEPAGE:CAd
