SOURCELONG:Forgotten Realms Campaing Setting	SOURCESHORT:FRCS	SOURCEWEB:http://www.gozzilioni.net				
						
###Block:Gems						
# Equipment Name	Output Name	Type	Cost	Weight	Requires Modification?	Source Page
Agate (Fire)	OUTPUTNAME:[NAME] Agate	TYPE:Goods.Gem	COST:10	WT:0		SOURCEPAGE:FRCS
Crown of Silver		TYPE:Goods.Gem	COST:10	WT:0		SOURCEPAGE:FRCS
Fluorspar		TYPE:Goods.Gem	COST:10	WT:0		SOURCEPAGE:FRCS
Greenstone		TYPE:Goods.Gem	COST:10	WT:0		SOURCEPAGE:FRCS
Hyaline		TYPE:Goods.Gem	COST:10	WT:0		SOURCEPAGE:FRCS
Ivory		TYPE:Goods.Gem	COST:10	WT:0		SOURCEPAGE:FRCS
Nelvine		TYPE:Goods.Gem	COST:10	WT:0		SOURCEPAGE:FRCS
Sanidine		TYPE:Goods.Gem	COST:10	WT:0		SOURCEPAGE:FRCS
Violine		TYPE:Goods.Gem	COST:10	WT:0		SOURCEPAGE:FRCS
#						
Andar		TYPE:Goods.Gem	COST:50	WT:0		SOURCEPAGE:FRCS
Aventurine		TYPE:Goods.Gem	COST:50	WT:0		SOURCEPAGE:FRCS
Hydrophane		TYPE:Goods.Gem	COST:50	WT:0		SOURCEPAGE:FRCS
Iol		TYPE:Goods.Gem	COST:50	WT:0		SOURCEPAGE:FRCS
Orprase		TYPE:Goods.Gem	COST:50	WT:0		SOURCEPAGE:FRCS
Phenalope		TYPE:Goods.Gem	COST:50	WT:0		SOURCEPAGE:FRCS
Spodumene		TYPE:Goods.Gem	COST:50	WT:0		SOURCEPAGE:FRCS
Tchazar		TYPE:Goods.Gem	COST:50	WT:0		SOURCEPAGE:FRCS
#						
Angelar's Skin		TYPE:Goods.Gem	COST:100	WT:0		SOURCEPAGE:FRCS
Laeral's Tears		TYPE:Goods.Gem	COST:100	WT:0		SOURCEPAGE:FRCS
Tourmaline (White)	OUTPUTNAME:[NAME] Tourmaline	TYPE:Goods.Gem	COST:100	WT:0		SOURCEPAGE:FRCS
Tourmaline (Golden)	OUTPUTNAME:[NAME] Tourmaline	TYPE:Goods.Gem	COST:100	WT:0		SOURCEPAGE:FRCS
Tourmaline (Pink)	OUTPUTNAME:[NAME] Tourmaline	TYPE:Goods.Gem	COST:100	WT:0		SOURCEPAGE:FRCS
Tourmaline (Silver pearl)	OUTPUTNAME:[NAME] Tourmaline	TYPE:Goods.Gem	COST:100	WT:0		SOURCEPAGE:FRCS
#						
Corundrum (Black)	OUTPUTNAME:[NAME] Corundrum	TYPE:Goods.Gem	COST:1000	WT:0		SOURCEPAGE:FRCS
Corundrum (Blue)	OUTPUTNAME:[NAME] Corundrum	TYPE:Goods.Gem	COST:1000	WT:0		SOURCEPAGE:FRCS
Opal (Water)		TYPE:Goods.Gem	COST:1000	WT:0		SOURCEPAGE:FRCS
Orl		TYPE:Goods.Gem	COST:1000	WT:0		SOURCEPAGE:FRCS
Ravenar		TYPE:Goods.Gem	COST:1000	WT:0		SOURCEPAGE:FRCS
Red Tears		TYPE:Goods.Gem	COST:1000	WT:0		SOURCEPAGE:FRCS
Sapphire		TYPE:Goods.Gem	COST:1000	WT:0		SOURCEPAGE:FRCS
Jade (Tomb)	OUTPUTNAME:[NAME] Jade	TYPE:Goods.Gem	COST:1000	WT:0		SOURCEPAGE:FRCS
#						
Berijulir		TYPE:Goods.Gem	COST:5000	WT:0		SOURCEPAGE:FRCS
King's Tears		TYPE:Goods.Gem	COST:5000	WT:0		SOURCEPAGE:FRCS
Ruby		TYPE:Goods.Gem	COST:5000	WT:0		SOURCEPAGE:FRCS
