SOURCELONG:Player's Guide to Faerun	SOURCESHORT:PGtF	SOURCEWEB:http://www.gozzilioni.net																								
																										
###Block: AB																										
# Spell Name	Output Name	Spell Variations	TYPE:	CLASSES:	DOMAINS:	SCHOOL:	SUBSCHOOL:	DESCRIPTOR:	COMPS:	CASTTIME:	RANGE:	TARGETAREA:		DURATION:	SAVEINFO:	SPELLRES:	DESC:	SOURCEPAGE:PGtF	Item	COST:	XPCOST:	PPCOST	Combat bonus	Bonus to HP	Stat bonus	Choose
Acid Storm			TYPE:Arcane	CLASSES:Sorcerer,Wizard=6		SCHOOL:Evocation		DESCRIPTOR:Acid	COMPS:V, S, M	CASTTIME:1 standard action	RANGE:Medium	TARGETAREA:A cylinder 20-ft radius, 20-ft high		DURATION:Instantaneous	SAVEINFO:Reflex half	SPELLRES:Yes	DESC:Deals 1d8/level acid damage in 20-ft radius.	SOURCEPAGE:PGtF								
Ball Lightning			TYPE:Arcane	CLASSES:Sorcerer,Wizard=5		SCHOOL:Evocation		DESCRIPTOR:Electricity	COMPS:V, S, M	CASTTIME:1 standard action	RANGE:Medium	TARGETAREA:One lightning ball/two level		DURATION:1 round/level	SAVEINFO:Reflex half	SPELLRES:Yes	DESC:Energy balls deals 1d6/level electricity damage.	SOURCEPAGE:PGtF								
Battletide			TYPE:Divine			SCHOOL:Transmutation			COMPS:V, S, DF	CASTTIME:1 standard action	RANGE:Close	TARGETAREA:You and up to one creature/level, no two of wich can be more than 30-ft apart		DURATION:1 round/level	SAVEINFO:Will negates	SPELLRES:Yes	DESC:See text	SOURCEPAGE:PGtF								
Black Talon			TYPE:Divine			SCHOOL:Necromancy			COMPS:V, S	CASTTIME:1 standard action	RANGE:Personal	TARGETAREA:You		DURATION:1 round/level	SAVEINFO:None; See text	SPELLRES:No	DESC:See text	SOURCEPAGE:PGtF								
Blinding Spittle			TYPE:Divine	CLASSES:Druid=2		SCHOOL:Transmutation			COMPS:V, S	CASTTIME:1 standard action	RANGE:Close	TARGETAREA:One missile of spit		DURATION:Instantaneous	SAVEINFO:None	SPELLRES:Yes	DESC:Ranged touch attack makes subject blind.	SOURCEPAGE:PGtF								
Blindsight			TYPE:Arcane.Divine	CLASSES:Cleric=3|Druid=2|Sorcerer,Wizard=2		SCHOOL:Transmutation			COMPS:V, S	CASTTIME:1 standard action	RANGE:Touch	TARGETAREA:Creature touched		DURATION:1 minute/level	SAVEINFO:Will negates (harmless)	SPELLRES:Yes	DESC:Grants blindsight out to 30-ft.	SOURCEPAGE:PGtF								
Bombardment			TYPE:Divine	CLASSES:Druid=8		SCHOOL:Conjuration	SUBSCHOOL:Creation		COMPS:V, S, F	CASTTIME:1 standard action	RANGE:Long	TARGETAREA:15-ft-radius burst		DURATION:Instantaneous	SAVEINFO:Reflex half; See text	SPELLRES:Yes	DESC:Falling rocks deal 1d8 damage/level and bury target.	SOURCEPAGE:PGtF								
Briartangle			TYPE:Divine			SCHOOL:Transmutation			COMPS:V, S, DF	CASTTIME:1 standard action	RANGE:Long	TARGETAREA:Plants in a 40-ft.-radius spread		DURATION:1 minute/level	SAVEINFO:Reflex partial; see text	SPELLRES:No	DESC:Plants entangle everyone in 40-ft.-radius circle.	SOURCEPAGE:PGtF								
Caligarde's Claw			TYPE:Arcane	CLASSES:Sorcerer,Wizard=4		SCHOOL:Evocation		DESCRIPTOR:Force	COMPS:V, S, M	CASTTIME:1 standard action	RANGE:Medium	TARGETAREA:Invisible claw of force		DURATION:1 round/level	SAVEINFO:None	SPELLRES:Yes	DESC:Claw of force attacks opponent or guards area.	SOURCEPAGE:PGtF								
Claws of the Beast			TYPE:Divine	CLASSES:Druid=1|Ranger=2		SCHOOL:Transmutation			COMPS:V, S	CASTTIME:1 standard action	RANGE:Personal	TARGETAREA:You		DURATION:1 round/level	SAVEINFO:None	SPELLRES:No	DESC:Your hands become harder and your unharmed attacks deal normal damage.	SOURCEPAGE:PGtF								
Cloud of Bewilderment			TYPE:Arcane.Divine	CLASSES:Bard=2|Sorcerer,Wizard=2		SCHOOL:Evocation			COMPS:V, S	CASTTIME:1 standard action	RANGE:10 ft.	TARGETAREA:10-ft-cone		DURATION:Instantaneous	SAVEINFO:Fort negates	SPELLRES:Yes	DESC:Generates a nauseating 10-ft cone.	SOURCEPAGE:PGtF								
Create Magic Tatoo			TYPE:Arcane	CLASSES:Sorcerer,Wizard=2		SCHOOL:Conjuration	SUBSCHOOL:Creation		COMPS:V, S, M, F	CASTTIME:10 minutes	RANGE:Touch	TARGETAREA:Creature touched		DURATION:1 day	SAVEINFO:None (harmless)	SPELLRES:Yes	DESC:Subject receives a magic tatoo with various effects.	SOURCEPAGE:PGtF		COST:100						
Dread Blast			TYPE:Divine			SCHOOL:Necromancy			COMPS:V, S	CASTTIME:1 standard action	RANGE:Medium	TARGETAREA:Ray		DURATION:Instantaneous	SAVEINFO:Will half; See text	SPELLRES:Yes	DESC:See text	SOURCEPAGE:PGtF								
Elminster's Effulgent Epuration			TYPE:Arcane	CLASSES:Sorcerer,Wizard=9		SCHOOL:Abjuration			COMPS:V, S	CASTTIME:1 standard action	RANGE:Close	TARGETAREA:One magic-absorbing sphere/caster level		DURATION:1 round/level	SAVEINFO:Will negates (harmless)	SPELLRES:Yes	DESC:Creates one sphere/level to negate hostile magic-	SOURCEPAGE:PGtF								
Eye of Power			TYPE:Arcane	CLASSES:Sorcerer,Wizard=9		SCHOOL:Evocation			COMPS:V, S, M	CASTTIME:10 minutes	RANGE:Unlimited	TARGETAREA:Magical sensor		DURATION:1 minute/level	SAVEINFO:None	SPELLRES:No	DESC:Invisible floating eye moves 30 ft./round.	SOURCEPAGE:PGtF								
Favor of Ilmater			TYPE:Divine	CLASSES:Paladin=4		SCHOOL:Necromancy			COMPS:V, S	CASTTIME:1 standard action	RANGE:Medium	TARGETAREA:One willing creature		DURATION:1 minute/level	SAVEINFO:None (harmless)	SPELLRES:Yes	DESC:Subjects gains Endurance plus immunity to non-lethal damage, charme and compulsion effects, pain attacks and other adverse conditions, subject can function at -1 to -9 hp.	SOURCEPAGE:PGtF								
Fiendform			TYPE:Arcane	CLASSES:Sorcerer,Wizard=6		SCHOOL:Transmutation	SUBSCHOOL:Polymorph	DESCRIPTOR:Evil	COMPS:V, M	CASTTIME:1 standard action	RANGE:Touch	TARGETAREA:Willing living creature touched		DURATION:1 minute/level	SAVEINFO:None	SPELLRES:No	DESC:As Polymorph, except you can gain the form and power of an evil outsider.	SOURCEPAGE:PGtF								
Fireward			TYPE:Divine	CLASSES:Druid=5		SCHOOL:Transmutation			COMPS:V, S, DF	CASTTIME:1 standard action	RANGE:Medium	TARGETAREA:One 20-ft. cubes/level		DURATION:1 hour/level	SAVEINFO:None	SPELLRES:No	DESC:Extinguishes nonmagical fires or one magic item.	SOURCEPAGE:PGtF								
Fleshshiver			TYPE:Arcane	CLASSES:Sorcerer,Wizard=5		SCHOOL:Necromancy			COMPS:V, S, M	CASTTIME:1 standard action	RANGE:Close	TARGETAREA:One creature		DURATION:Instantaneous	SAVEINFO:Fort partial; See text	SPELLRES:Yes	DESC:Target is stunned for 1 round, takes 1d6/level damage and is nauseated for 1d4+2 rounds.	SOURCEPAGE:PGtF								
Forceward			TYPE:Divine	CLASSES:Paladin=3		SCHOOL:Abjuration			COMPS:V, S, DF	CASTTIME:1 full round	RANGE:10 ft.	TARGETAREA:You and any ally within 10-ft-radius emanation centered on you		DURATION:1 minute/level	SAVEINFO:None; See text	SPELLRES:Yes	DESC:See text	SOURCEPAGE:PGtF								
Gedlee's Electric Loop			TYPE:Arcane	CLASSES:Sorcerer,Wizard=2		SCHOOL:Evocation		DESCRIPTOR:Electricity	COMPS:V, S, M	CASTTIME:1 standard action	RANGE:Close	TARGETAREA:One creature/3  level, each of wich must be adjacent to another target		DURATION:Instantaneous	SAVEINFO:Reflex half; See text	SPELLRES:Yes	DESC:Deals 1d6/2 levels electricity damage plus stunning to a single creature.	SOURCEPAGE:PGtF								
Glory of the Martyr			TYPE:Divine			SCHOOL:Abjuration		DESCRIPTOR:Good	COMPS:V, S, F, DF	CASTTIME:1 standard action	RANGE:Close	TARGETAREA:One creature/level		DURATION:1 hour/level	SAVEINFO:Will negates (harmless)	SPELLRES:Yes	DESC:See text	SOURCEPAGE:PGtF		COST:50						
General of Undeath			TYPE:Divine	CLASSES:Cleric=8		SCHOOL:Necromancy		DESCRIPTOR:Evil	COMPS:V, S, DF	CASTTIME:1 standard action	RANGE:Personal	TARGETAREA:You		DURATION:1 day/level	SAVEINFO:None	SPELLRES:No	DESC:See text	SOURCEPAGE:PGtF								
Handfire			TYPE:Divine			SCHOOL:Evocation		DESCRIPTOR:Light	COMPS:V, S	CASTTIME:1 standard action	RANGE:Touch	TARGETAREA:Creature touched		DURATION:Instantaneous	SAVEINFO:None	SPELLRES:Yes	DESC:See text	SOURCEPAGE:PGtF								
Harmony			TYPE:Divine	CLASSES:Bard=1		SCHOOL:Enchantment	SUBSCHOOL:Compulsion	DESCRIPTOR:Mind-Affecting|Sonic	COMPS:V, S	CASTTIME:1 standard action	RANGE:Personal	TARGETAREA:You		DURATION:See text	SAVEINFO:None	SPELLRES:No	DESC:See text	SOURCEPAGE:PGtF								
Holy Star			TYPE:Divine			SCHOOL:Abjuration			COMPS:V, S	CASTTIME:1 standard action	RANGE:Personal	TARGETAREA:Protective star of energy		DURATION:1 round/level	SAVEINFO:None	SPELLRES:No	DESC:See text	SOURCEPAGE:PGtF								
Howling Chain			TYPE:Arcane	CLASSES:Sorcerer,Wizard=6		SCHOOL:Evocation		DESCRIPTOR:Force	COMPS:V, S, F	CASTTIME:1 standard action	RANGE:Medium	TARGETAREA:One creature within range		DURATION:1 round/level	SAVEINFO:See text	SPELLRES:Yes	DESC:Chain of force entangles and attacks opponent.	SOURCEPAGE:PGtF		COST:500						
Icelance			TYPE:Arcane.Divine	CLASSES:Druid=4|Sorcerer,Wizard=3		SCHOOL:Transmutation			COMPS:V, S, M	CASTTIME:1 standard action	RANGE:Medium	TARGETAREA:One lance of ice		DURATION:Instantaneous	SAVEINFO:See text	SPELLRES:Yes	DESC:Changes ice into lance, wich attacks target for 5d6 damage and stuns for 1d4 rounds.	SOURCEPAGE:PGtF								
Inferno			TYPE:Divine	CLASSES:Druid=5		SCHOOL:Transmutation		DESCRIPTOR:Fire	COMPS:V, S, M	CASTTIME:1 standard action	RANGE:Close	TARGETAREA:One creature		DURATION:1 round/level	SAVEINFO:Fort negates	SPELLRES:Yes	DESC:Creatures bursts into flames and takes 6d6 fire damage/round.	SOURCEPAGE:PGtF								
Lawful Sword			TYPE:Divine	CLASSES:Paladin=4		SCHOOL:Evocation		DESCRIPTOR:Lawful	COMPS:V, S	CASTTIME:1 standard action	RANGE:Touch	TARGETAREA:Weapon touched		DURATION:1 round/level	SAVEINFO:None	SPELLRES:No	DESC:Weapon becomes +5 axiomatic weapon and emits Magic Circle against Chaos.	SOURCEPAGE:PGtF								
Lightning Ring			TYPE:Arcane	CLASSES:Sorcerer,Wizard=8		SCHOOL:Evocation		DESCRIPTOR:Electricity	COMPS:V, S, M	CASTTIME:1 full round	RANGE:Personal	TARGETAREA:Two lightning bolts/round or eight lightning bolts all at once		DURATION:See text	SAVEINFO:Reflex half; See text	SPELLRES:Yes	DESC:Ring of lightning gives you resistance to electricity 20, emits two Lightning Bolts per round or eight at once.	SOURCEPAGE:PGtF								
Lively Step			TYPE:Arcane.Divine	CLASSES:Bard=2|Sorcerer,Wizard=2		SCHOOL:Transmutation			COMPS:V, S, F	CASTTIME:1 standard action	RANGE:0 ft.	TARGETAREA:30-ft-radius emanation centered on you		DURATION:See text	SAVEINFO:Will negates; See text	SPELLRES:Yes	DESC:You and your allies gain +10 increase to speed and can hustle for an extra hour per day per level.	SOURCEPAGE:PGtF								
Mace of Odo			TYPE:Divine			SCHOOL:Evocation		DESCRIPTOR:Force	COMPS:V, S, DF	CASTTIME:1 standard action	RANGE:0 ft.	TARGETAREA:Mace of force		DURATION:1 round/level	SAVEINFO:Fort negates; See text	SPELLRES:Yes	DESC:See text	SOURCEPAGE:PGtF								
Manyjaws			TYPE:Arcane	CLASSES:Sorcerer,Wizard=3		SCHOOL:Evocation		DESCRIPTOR:Force	COMPS:V, S, M	CASTTIME:1 standard action	RANGE:Medium	TARGETAREA:One pair of disembodied, flying jaws/caster level (max 10)		DURATION:3 rounds	SAVEINFO:Reflex half	SPELLRES:Yes	DESC:One set of jaws /level attacks enemies for 1d4 damages.	SOURCEPAGE:PGtF								
Mold Touch			TYPE:Divine			SCHOOL:Conjuration	SUBSCHOOL:Creation		COMPS:V, S, DF	CASTTIME:1 standard action	RANGE:Touch	TARGETAREA:Patch of browm mold		DURATION:Instantaneous	SAVEINFO:None	SPELLRES:No	DESC:See text	SOURCEPAGE:PGtF								
Moonweb			TYPE:Divine			SCHOOL:Abjuration			COMPS:V, S, DF	CASTTIME:1 standard action	RANGE:Touch	TARGETAREA:10-ft high barrier of force in a 5-ft-diameter circle or 10-ft-long line		DURATION:10 minutes/level	SAVEINFO:None	SPELLRES:No	DESC:See text	SOURCEPAGE:PGtF								
Mystic Lash			TYPE:Divine			SCHOOL:Evocation		DESCRIPTOR:Electricity|Evil	COMPS:V, S, DF	CASTTIME:1 standard action	RANGE:15 ft.	TARGETAREA:Electric Whip		DURATION:1 round/level	SAVEINFO:Fort partial	SPELLRES:Yes	DESC:See text	SOURCEPAGE:PGtF								
Mystra's Miasma			TYPE:Arcane	CLASSES:Sorcerer,Wizard=9		SCHOOL:Abjuration			COMPS:V, S, M	CASTTIME:1 standard action	RANGE:Medium	TARGETAREA:30-ft-radius emanation, +5 ft/level		DURATION:1 round/level	SAVEINFO:Will partial; See text	SPELLRES:No	DESC:Solid fog reduces caster level by -4.	SOURCEPAGE:PGtF								
Nature's Balance			TYPE:Divine	CLASSES:Druid=4		SCHOOL:Transmutation			COMPS:V, S	CASTTIME:1 standard action	RANGE:Touch	TARGETAREA:Creature touched		DURATION:10 minutes/level	SAVEINFO:Fort negates (harmless)	SPELLRES:Yes	DESC:You tranfer 4 ability score points to the target for 10 minutes/level.	SOURCEPAGE:PGtF								
Nybor's Gentle Reminder			TYPE:Arcane	CLASSES:Sorcerer,Wizard=2		SCHOOL:Enchantment	SUBSCHOOL:Compulsion	DESCRIPTOR:Mind-Affecting	COMPS:V, S, F	CASTTIME:1 standard action	RANGE:Close	TARGETAREA:One living creature		DURATION:1 round/level	SAVEINFO:Fort negates	SPELLRES:Yes	DESC:Target is dazed for 1 round, then -2 on attacks, saves and checks and distracted.	SOURCEPAGE:PGtF								
Nybor's Mild Admonishmment			TYPE:Arcane	CLASSES:Sorcerer,Wizard=3		SCHOOL:Enchantment	SUBSCHOOL:Compulsion	DESCRIPTOR:Mind-Affecting	COMPS:V, S, F	CASTTIME:1 standard action	RANGE:Close	TARGETAREA:One living creature		DURATION:1 round/level	SAVEINFO:Fort negates	SPELLRES:Yes	DESC:Target is dazed for 1d4 rounds, then -2 on attacks, saves and checks and distracted.	SOURCEPAGE:PGtF								
Nybor's Stern Reproof			TYPE:Arcane	CLASSES:Sorcerer,Wizard=7		SCHOOL:Enchantment	SUBSCHOOL:Compulsion	DESCRIPTOR:Mind-Affecting	COMPS:V, S, F	CASTTIME:1 standard action	RANGE:Close	TARGETAREA:One living creature		DURATION:1 round/level	SAVEINFO:See text	SPELLRES:Yes	DESC:As Nybor's Mild Admonishment, but the target must save or die.	SOURCEPAGE:PGtF								
Nchaser's Glowing Orb			TYPE:Arcane.Divine	CLASSES:Cleric=4|Sorcerer,Wizard=3		SCHOOL:Evocation		DESCRIPTOR:Light	COMPS:V, S, F	CASTTIME:1 standard action	RANGE:Touch	TARGETAREA:Magical, controllable light source		DURATION:Permanent	SAVEINFO:None	SPELLRES:No	DESC:Creates permanent magical light, you control brightness.	SOURCEPAGE:PGtF								
Obedient Avalanche			TYPE:Divine			SCHOOL:Conjuration	SUBSCHOOL:Creation	DESCRIPTOR:Cold	COMPS:V, S	CASTTIME:1 standard action	RANGE:Medium	TARGETAREA:20-ft-radius avalanche of snow. Centered anywhere within range		DURATION:Instantaneous	SAVEINFO:See text	SPELLRES:No	DESC:Creates avalanche to bury or bull rush foes, deals varying cold damage.	SOURCEPAGE:PGtF								
Pact of Martyrdom			TYPE:Divine			SCHOOL:Necromancy		DESCRIPTOR:Good	COMPS:V, S	CASTTIME:1 standard action	RANGE:Medium	TARGETAREA:One willing creature		DURATION:Instantaneous	SAVEINFO:None (harmless)	SPELLRES:Yes	DESC:See text	SOURCEPAGE:PGtF								
Possess Animal			TYPE:Divine			SCHOOL:Necromancy			COMPS:V, S, M	CASTTIME:1 full round	RANGE:Close	TARGETAREA:One animal		DURATION:1 round/level	SAVEINFO:Will negates	SPELLRES:Yes	DESC:See text	SOURCEPAGE:PGtF								
Presper's Moonbow			TYPE:Arcane	CLASSES:Sorcerer,Wizard=5		SCHOOL:Evocation		DESCRIPTOR:Electricity	COMPS:V, S, M	CASTTIME:1 standard action	RANGE:Medium	TARGETAREA:1d4 motes of electricity		DURATION:See text	SAVEINFO:None	SPELLRES:No	DESC:Creates 1d4 motes of light that attack enemies.	SOURCEPAGE:PGtF								
Prismatic Eye			TYPE:Arcane	CLASSES:Sorcerer,Wizard=6		SCHOOL:Evocation			COMPS:V, S, F	CASTTIME:1 standard action	RANGE:Medium	TARGETAREA:Magical eye		DURATION:1 round/level	SAVEINFO:See text	SPELLRES:Yes	DESC:Orb produces individual prismatic rays as touch attacks.	SOURCEPAGE:PGtF								
Rosemantle			TYPE:Divine			SCHOOL:Abjuration			COMPS:V, S	CASTTIME:1 standard action	RANGE:Touch	TARGETAREA:Creature touched		DURATION:1 round/level	SAVEINFO:Will negates (harmless)	SPELLRES:Yes	DESC:See text	SOURCEPAGE:PGtF								
Ruby Ray of Reversal			TYPE:Arcane	CLASSES:Sorcerer,Wizard=7		SCHOOL:Abjuration			COMPS:V, S, M	CASTTIME:1 standard action	RANGE:Medium	TARGETAREA:One natural or magical hazard; See text		DURATION:Instantaneous	SAVEINFO:None	SPELLRES:No	DESC:Ray negates magical or mundane hazards.	SOURCEPAGE:PGtF		COST:1000						
Shield of Lathander			TYPE:Divine			SCHOOL:Abjuration			COMPS:V, S	CASTTIME:1 standard action	RANGE:Touch	TARGETAREA:Living creature touched		DURATION:1 round	SAVEINFO:Will negates (harmless)	SPELLRES:Yes	DESC:See text	SOURCEPAGE:PGtF								
Shield of Lathander (Greater)	OUTPUTNAME:Shield of Lathander, Greater		TYPE:Divine			SCHOOL:Abjuration			COMPS:V, S	CASTTIME:1 standard action	RANGE:Touch	TARGETAREA:Living creature touched		DURATION:1 round	SAVEINFO:Will negates (harmless)	SPELLRES:Yes	DESC:See text	SOURCEPAGE:PGtF								
Shroud of Flame			TYPE:Arcane	CLASSES:Sorcerer,Wizard=5		SCHOOL:Evocation		DESCRIPTOR:Fire	COMPS:V, S, M	CASTTIME:1 standard action	RANGE:Close	TARGETAREA:One creature		DURATION:1 round/level	SAVEINFO:Reflex negate; See text	SPELLRES:Yes	DESC:Target bursts into flames, taking 2d6 fire damage per round and shooting gouts of flame that deal 1d4 fire damage to creatures within 10-ft.	SOURCEPAGE:PGtF								
Simbul's Spell Matrix			TYPE:Arcane	CLASSES:Sorcerer,Wizard=5		SCHOOL:Transmutation			COMPS:V, S, F	CASTTIME:1 standard action	RANGE:Personal	TARGETAREA:Matrix that hold one of yout spells		DURATION:10 minutes/level	SAVEINFO:None	SPELLRES:No	DESC:Magical matrix stores a 3rd level or lower spell to be cast later as quickened spell.	SOURCEPAGE:PGtF		COST:500						
Simbul's Spell Sequencer			TYPE:Arcane	CLASSES:Sorcerer,Wizard=7		SCHOOL:Transmutation			COMPS:V, S, F	CASTTIME:1 standard action	RANGE:Personal	TARGETAREA:Matrix that hold two of yout spells		DURATION:10 minutes/level	SAVEINFO:None	SPELLRES:No	DESC:Stores up to two spells of 3rd level or lower to be released later.	SOURCEPAGE:PGtF		COST:1000						
Simbul's Spell Trigger			TYPE:Arcane	CLASSES:Sorcerer,Wizard=9		SCHOOL:Transmutation			COMPS:V, S, F	CASTTIME:1 standard action	RANGE:Personal	TARGETAREA:Matrix that hold three of yout spells		DURATION:10 minutes/level	SAVEINFO:None	SPELLRES:No	DESC:Stores up to three spells of 3rd level or lower to be released later.	SOURCEPAGE:PGtF		COST:1500						
Skull of Secret			TYPE:Divine			SCHOOL:Illusion	SUBSCHOOL:Shadow		COMPS:V, S	CASTTIME:1 full round	RANGE:Close	TARGETAREA:Intangible skull		DURATION:Permanent, until discharged	SAVEINFO:None; See text	SPELLRES:No	DESC:See text	SOURCEPAGE:PGtF								
Skull Eyes			TYPE:Divine			SCHOOL:Transmutation			COMPS:V, S	CASTTIME:1 standard action	RANGE:Personal	TARGETAREA:You		DURATION:1 round/3 level	SAVEINFO:None; See text	SPELLRES:Yes	DESC:See text	SOURCEPAGE:PGtF								
Skull Watch			TYPE:Arcane.Divine	CLASSES:Cleric=3|Sorcerer,Wizard=3		SCHOOL:Necromancy			COMPS:V, S, DF	CASTTIME:1 standard action	RANGE:Touch	TARGETAREA:One humanoid skull		DURATION:1 hour/level or until discharged	SAVEINFO:None	SPELLRES:No	DESC:Skull shrieks when creature enters warded area.	SOURCEPAGE:PGtF								
Spectral Stag			TYPE:Divine			SCHOOL:Conjuration	SUBSCHOOL:Creation		COMPS:V, S, DF	CASTTIME:1 standard action	RANGE:0 ft.	TARGETAREA:One quasi-real staglike creature		DURATION:1 round/level	SAVEINFO:See text	SPELLRES:No	DESC:See text	SOURCEPAGE:PGtF								
Spell Enhancer			TYPE:Arcane	CLASSES:Sorcerer,Wizard=4		SCHOOL:Transmutation			COMPS:V	CASTTIME:1 standard action	RANGE:Personal	TARGETAREA:You		DURATION:1 round	SAVEINFO:None	SPELLRES:No	DESC:Lets you cast another spell in same tound at +2 caster level.	SOURCEPAGE:PGtF								
Spellmantle			TYPE:Divine			SCHOOL:Abjuration			COMPS:V, S	CASTTIME:1 full round	RANGE:Touch	TARGETAREA:Creature touched		DURATION:10 minutes/level	SAVEINFO:Will negates (harmless)	SPELLRES:Yes	DESC:See text	SOURCEPAGE:PGtF								
Spell Phylactery			TYPE:Divine			SCHOOL:Transmutation			COMPS:V, S, DF	CASTTIME:10 minutes	RANGE:Touch	TARGETAREA:Scroll touched		DURATION:Permanent, until triggered	SAVEINFO:None (object)	SPELLRES:Yes	DESC:See text	SOURCEPAGE:PGtF								
Spell Shield			TYPE:Divine			SCHOOL:Abjuration			COMPS:V, S, DF	CASTTIME:1 standard action	RANGE:Touch	TARGETAREA:Creature touched		DURATION:1 minute/level	SAVEINFO:Will negates (harmless)	SPELLRES:Yes	DESC:See text	SOURCEPAGE:PGtF								
Stone Body			TYPE:Arcane.Divine	CLASSES:Cleric=6|Sorcerer,Wizard=6		SCHOOL:Transmutation			COMPS:V, S, M	CASTTIME:1 standard action	RANGE:Personal	TARGETAREA:You		DURATION:1 minute/level	SAVEINFO:None	SPELLRES:No	DESC:Your body becomes living iron.	SOURCEPAGE:PGtF								
Stone Walk			TYPE:Divine			SCHOOL:Conjuration	SUBSCHOOL:Teleportation		COMPS:V, S, M	CASTTIME:10 minutes	RANGE:Touch	TARGETAREA:Stone touched		DURATION:Permanent, until discharged	SAVEINFO:Will negates (object)	SPELLRES:Yes	DESC:See text	SOURCEPAGE:PGtF		COST:5000						
Strength of the Beast			TYPE:Divine			SCHOOL:Transmutation			COMPS:V, F	CASTTIME:1 standard action	RANGE:Personal	TARGETAREA:You		DURATION:1 round/level	SAVEINFO:None	SPELLRES:No	DESC:See text	SOURCEPAGE:PGtF								
Summon Undead I			TYPE:Arcane.Divine	CLASSES:Cleric=1|Sorcerer,Wizard=1		SCHOOL:Conjuration	SUBSCHOOL:Summoning	DESCRIPTOR:Evil	COMPS:V, S, F	CASTTIME:1 full round	RANGE:Close	TARGETAREA:One summoned creature		DURATION:1 round/level	SAVEINFO:None	SPELLRES:No	DESC:Summon Undead to fight for you	SOURCEPAGE:PGtF								
Summon Undead II			TYPE:Arcane.Divine	CLASSES:Cleric=2|Sorcerer,Wizard=2		SCHOOL:Conjuration	SUBSCHOOL:Summoning	DESCRIPTOR:Evil	COMPS:V, S, F	CASTTIME:1 full round	RANGE:Close	TARGETAREA:One or more summoned creature, no two of wich can be more than 30-ft apart		DURATION:1 round/level	SAVEINFO:None	SPELLRES:No	DESC:Summon Undead to fight for you	SOURCEPAGE:PGtF								
Summon Undead III			TYPE:Arcane.Divine	CLASSES:Cleric=3|Sorcerer,Wizard=3		SCHOOL:Conjuration	SUBSCHOOL:Summoning	DESCRIPTOR:Evil	COMPS:V, S, F	CASTTIME:1 full round	RANGE:Close	TARGETAREA:One or more summoned creature, no two of wich can be more than 30-ft apart		DURATION:1 round/level	SAVEINFO:None	SPELLRES:No	DESC:Summon Undead to fight for you	SOURCEPAGE:PGtF								
Summon Undead IV			TYPE:Arcane.Divine	CLASSES:Cleric=4|Sorcerer,Wizard=4		SCHOOL:Conjuration	SUBSCHOOL:Summoning	DESCRIPTOR:Evil	COMPS:V, S, F	CASTTIME:1 full round	RANGE:Close	TARGETAREA:One or more summoned creature, no two of wich can be more than 30-ft apart		DURATION:1 round/level	SAVEINFO:None	SPELLRES:No	DESC:Summon Undead to fight for you	SOURCEPAGE:PGtF								
Summon Undead V			TYPE:Arcane.Divine	CLASSES:Cleric=5|Sorcerer,Wizard=5		SCHOOL:Conjuration	SUBSCHOOL:Summoning	DESCRIPTOR:Evil	COMPS:V, S, F	CASTTIME:1 full round	RANGE:Close	TARGETAREA:One or more summoned creature, no two of wich can be more than 30-ft apart		DURATION:1 round/level	SAVEINFO:None	SPELLRES:No	DESC:Summon Undead to fight for you	SOURCEPAGE:PGtF								
Sunrise			TYPE:Divine			SCHOOL:Evocation		DESCRIPTOR:Light	COMPS:V, S, DF	CASTTIME:1 standard action	RANGE:Close	TARGETAREA:5-ft-radius burst		DURATION:Instantaneous	SAVEINFO:Reflex partial; see text	SPELLRES:Yes	DESC:See text	SOURCEPAGE:PGtF								
Surelife			TYPE:Divine			SCHOOL:Abjuration			COMPS:V, S, M	CASTTIME:1 full round	RANGE:Personal	TARGETAREA:You.		DURATION:1 minute/level	SAVEINFO:None	SPELLRES:No	DESC:Protects you from one kind of certain death.	SOURCEPAGE:PGtF								
Sword and Hammer		VARIANTS:Chaos|Evil|Good|Law	TYPE:Divine			SCHOOL:Evocation		DESCRIPTOR:Force	COMPS:V, S, DF	CASTTIME:1 standard action	RANGE:Medium	TARGETAREA:Magic weapon of force		DURATION:1 round/level	SAVEINFO:None	SPELLRES:Yes	DESC:Magical weapon attacks on its own.	SOURCEPAGE:PGtF								
Sword and Hammer (Greater)	OUTPUTNAME:Sword and Hammer, Greater	VARIANTS:Chaos|Evil|Good|Law	TYPE:Divine			SCHOOL:Evocation		DESCRIPTOR:Force	COMPS:V, S, DF	CASTTIME:1 standard action	RANGE:Medium	TARGETAREA:Magic weapon of force		DURATION:1 round/level	SAVEINFO:None	SPELLRES:Yes	DESC:Magical weapon attacks on its own.	SOURCEPAGE:PGtF								
Thorn Spray			TYPE:Divine			SCHOOL:Transmutation			COMPS:V, S	CASTTIME:1 standard action	RANGE:Close	TARGETAREA:Up to one creature/level		DURATION:Instantaneous	SAVEINFO:Fort partial	SPELLRES:Yes	DESC:See text	SOURCEPAGE:PGtF								
Transcribe Symbol			TYPE:Arcane.Divine	CLASSES:Sorcerer,Wizard=8		SCHOOL:Abjuration			COMPS:V, S, F	CASTTIME:1 standard action	RANGE:Touch	TARGETAREA:Magic symbol touched		DURATION:10 minutes, or until discharged	SAVEINFO:None	SPELLRES:No	DESC:Safely moves an untriggered magical symbol to another location.	SOURCEPAGE:PGtF								
Tree Healing			TYPE:Divine			SCHOOL:Conjuration	SUBSCHOOL:Healing		COMPS:V, S, DF	CASTTIME:1 standard action	RANGE:See text	TARGETAREA:You and one tree		DURATION:1 day	SAVEINFO:None	SPELLRES:No	DESC:See text	SOURCEPAGE:PGtF								
Triple Mask			TYPE:Divine			SCHOOL:Illusion	SUBSCHOOL:Shadow		COMPS:V, S, DF	CASTTIME:1 standard action	RANGE:Medium	TARGETAREA:Three shadow duplicates		DURATION:1 round/level	SAVEINFO:Will disbelief; See text	SPELLRES:No	DESC:See text	SOURCEPAGE:PGtF								
Undead Bane Weapon			TYPE:Divine	CLASSES:Paladin=3		SCHOOL:Transmutation			COMPS:V, S, DF	CASTTIME:1 standard action	RANGE:Touch	TARGETAREA:Weapon touched		DURATION:1 minute/level	SAVEINFO:None	SPELLRES:No	DESC:Weapon gain the Bane property and is aligned good.	SOURCEPAGE:PGtF								
Undeath after Death			TYPE:Divine			SCHOOL:Necromancy		DESCRIPTOR:Evil	COMPS:V, S, M	CASTTIME:10 minutes	RANGE:Touch	TARGETAREA:Willing living creature touched		DURATION:Permanent, until discharged	SAVEINFO:None	SPELLRES:No	DESC:See text	SOURCEPAGE:PGtF		COST:50						
Undeath's Eternal Foe			TYPE:Divine			SCHOOL:Abjuration		DESCRIPTOR:Good	COMPS:V, S, DF	CASTTIME:1 standard action	RANGE:Close	TARGETAREA:One creature/5 levels		DURATION:1 round/level	SAVEINFO:None (harmless)	SPELLRES:Yes	DESC:See text	SOURCEPAGE:PGtF								
Understand Device			TYPE:Divine			SCHOOL:Divination			COMPS:V, S	CASTTIME:1 standard action	RANGE:Close	TARGETAREA:You		DURATION:1 minute/level	SAVEINFO:None	SPELLRES:No	DESC:See text	SOURCEPAGE:PGtF								
Vipergout			TYPE:Arcane.Divine	CLASSES:Sorcerer,Wizard=7		SCHOOL:Conjuration	SUBSCHOOL:Summoning		COMPS:V, S, M	CASTTIME:1 standard action	RANGE:Close	TARGETAREA:1d4+3 summoned creature		DURATION:1 round/level	SAVEINFO:None	SPELLRES:Yes	DESC:You spit forth celestial or fiendish vipers that attack your foe.	SOURCEPAGE:PGtF								
Wall of Moonlight			TYPE:Divine			SCHOOL:Evocation		DESCRIPTOR:Good|Light	COMPS:V, S	CASTTIME:1 standard action	RANGE:Medium	TARGETAREA:Vertical plane with an area up to one 5-ft square/level		DURATION:1 round/level	SAVEINFO:None	SPELLRES:Yes	DESC:See text	SOURCEPAGE:PGtF								
Wall of Sand			TYPE:Arcane.Divine	CLASSES:Cleric=4|Druid=5|Sorcerer,Wizard=4		SCHOOL:Conjuration	SUBSCHOOL:Creation	DESCRIPTOR:Earth	COMPS:V, S, M/DF	CASTTIME:1 standard action	RANGE:Medium	TARGETAREA:Sand wall whose area is up to one 5ft-square/level		DURATION:Concentration + 1 round/level	SAVEINFO:None	SPELLRES:No	DESC:Swirling and blocks ranged attacks,slows movement through.	SOURCEPAGE:PGtF								
Warning			TYPE:Divine			SCHOOL:Divination			COMPS:V, S	CASTTIME:1 standard action	RANGE:Touch	TARGETAREA:Creature touched		DURATION:10 minutes/level	SAVEINFO:Will negates (harmless)	SPELLRES:Yes	DESC:See text	SOURCEPAGE:PGtF								
Wieldskill			TYPE:Divine			SCHOOL:Divination			COMPS:V, S	CASTTIME:1 standard action	RANGE:Touch	TARGETAREA:Creature touched		DURATION:1 minute/level	SAVEINFO:None	SPELLRES:Yes	DESC:See text	SOURCEPAGE:PGtF								
