AGESET:0|Adulthood
RACENAME:Human (Calishites)	CLASS:Barbarian,Rogue,Sorcerer[BASEAGEADD:1d4]|Bard,Fighter,Paladin,Ranger[BASEAGEADD:1d6]|Cleric,Druid,Monk,Wizard[BASEAGEADD:2d6]
RACENAME:Human (Calishites)	SEX:Male[BASEHT:57|HTDIEROLL:2d10|BASEWT:110|WTDIEROLL:2d4|TOTALWT:BASEWT+(HTDIEROLL*WTDIEROLL)]Female[BASEHT:52|HTDIEROLL:2d10|BASEWT:80|WTDIEROLL:2d4|TOTALWT:BASEWT+(HTDIEROLL*WTDIEROLL)]
RACENAME:Human (Calishites)	BASEAGE:15	MAXAGE:34	AGEDIEROLL:5d4	HAIR:Blond|Brown	EYES:Blue	SKINTONE:Tanned|Pasty
#
RACENAME:Human (Chondathans)	CLASS:Barbarian,Rogue,Sorcerer[BASEAGEADD:1d4]|Bard,Fighter,Paladin,Ranger[BASEAGEADD:1d6]|Cleric,Druid,Monk,Wizard[BASEAGEADD:2d6]
RACENAME:Human (Chondathans)	SEX:Male[BASEHT:60|HTDIEROLL:3d6|BASEWT:120|WTDIEROLL:2d4|TOTALWT:BASEWT+(HTDIEROLL*WTDIEROLL)]Female[BASEHT:55|HTDIEROLL:3d6|BASEWT:85|WTDIEROLL:2d4|TOTALWT:BASEWT+(HTDIEROLL*WTDIEROLL)]
RACENAME:Human (Chondathans)	BASEAGE:15	MAXAGE:34	AGEDIEROLL:5d4	HAIR:Blond|Brown	EYES:Blue	SKINTONE:Tanned|Pasty
#
RACENAME:Human (Damarans)	CLASS:Barbarian,Rogue,Sorcerer[BASEAGEADD:1d4]|Bard,Fighter,Paladin,Ranger[BASEAGEADD:1d6]|Cleric,Druid,Monk,Wizard[BASEAGEADD:2d6]
RACENAME:Human (Damarans)	SEX:Male[BASEHT:58|HTDIEROLL:2d10|BASEWT:120|WTDIEROLL:2d4|TOTALWT:BASEWT+(HTDIEROLL*WTDIEROLL)]Female[BASEHT:53|HTDIEROLL:2d10|BASEWT:85|WTDIEROLL:2d4|TOTALWT:BASEWT+(HTDIEROLL*WTDIEROLL)]
RACENAME:Human (Damarans)	BASEAGE:15	MAXAGE:34	AGEDIEROLL:5d4	HAIR:Blond|Brown	EYES:Blue	SKINTONE:Tanned|Pasty
#
RACENAME:Human (Illuskans)	CLASS:Barbarian,Rogue,Sorcerer[BASEAGEADD:1d4]|Bard,Fighter,Paladin,Ranger[BASEAGEADD:1d6]|Cleric,Druid,Monk,Wizard[BASEAGEADD:2d6]
RACENAME:Human (Illuskans)	SEX:Male[BASEHT:62|HTDIEROLL:2d8|BASEWT:140|WTDIEROLL:2d4|TOTALWT:BASEWT+(HTDIEROLL*WTDIEROLL)]Female[BASEHT:57|HTDIEROLL:2d8|BASEWT:105|WTDIEROLL:2d4|TOTALWT:BASEWT+(HTDIEROLL*WTDIEROLL)]					
RACENAME:Human (Illuskans)	BASEAGE:15	MAXAGE:34	AGEDIEROLL:5d4	HAIR:Blond|Brown	EYES:Blue	SKINTONE:Tanned|Pasty
#
RACENAME:Human (Mulan)	CLASS:Barbarian,Rogue,Sorcerer[BASEAGEADD:1d4]|Bard,Fighter,Paladin,Ranger[BASEAGEADD:1d6]|Cleric,Druid,Monk,Wizard[BASEAGEADD:2d6]					
RACENAME:Human (Mulan)	SEX:Male[BASEHT:59|HTDIEROLL:2d10|BASEWT:120|WTDIEROLL:2d4|TOTALWT:BASEWT+(HTDIEROLL*WTDIEROLL)]Female[BASEHT:54|HTDIEROLL:2d10|BASEWT:85|WTDIEROLL:2d4|TOTALWT:BASEWT+(HTDIEROLL*WTDIEROLL)]					
RACENAME:Human (Mulan)	BASEAGE:15	MAXAGE:34	AGEDIEROLL:5d4	HAIR:Blond|Brown	EYES:Blue	SKINTONE:Tanned|Pasty
#
RACENAME:Human (Rashemis)	CLASS:Barbarian,Rogue,Sorcerer[BASEAGEADD:1d4]|Bard,Fighter,Paladin,Ranger[BASEAGEADD:1d6]|Cleric,Druid,Monk,Wizard[BASEAGEADD:2d6]					
RACENAME:Human (Rashemis)	SEX:Male[BASEHT:58|HTDIEROLL:2d8|BASEWT:130|WTDIEROLL:2d4|TOTALWT:BASEWT+(HTDIEROLL*WTDIEROLL)]Female[BASEHT:53|HTDIEROLL:2d8|BASEWT:95|WTDIEROLL:2d4|TOTALWT:BASEWT+(HTDIEROLL*WTDIEROLL)]					
RACENAME:Human (Rashemis)	BASEAGE:15	MAXAGE:34	AGEDIEROLL:5d4	HAIR:Blond|Brown	EYES:Blue	SKINTONE:Tanned|Pasty
#
RACENAME:Human (Thetyrians)	CLASS:Barbarian,Rogue,Sorcerer[BASEAGEADD:1d4]|Bard,Fighter,Paladin,Ranger[BASEAGEADD:1d6]|Cleric,Druid,Monk,Wizard[BASEAGEADD:2d6]					
RACENAME:Human (Thetyrians)	SEX:Male[BASEHT:58|HTDIEROLL:2d10|BASEWT:125|WTDIEROLL:2d4|TOTALWT:BASEWT+(HTDIEROLL*WTDIEROLL)]Female[BASEHT:53|HTDIEROLL:2d10|BASEWT:90|WTDIEROLL:2d4|TOTALWT:BASEWT+(HTDIEROLL*WTDIEROLL)]					
RACENAME:Human (Thetyrians)	BASEAGE:15	MAXAGE:34	AGEDIEROLL:5d4	HAIR:Blond|Brown	EYES:Blue	SKINTONE:Tanned|Pasty
#
RACENAME:Dwarf (Gold)	CLASS:Barbarian,Rogue,Sorcerer[BASEAGEADD:3d6]|Bard,Fighter,Paladin,Ranger[BASEAGEADD:5d6]|Cleric,Druid,Monk,Wizard[BASEAGEADD:7d6]					
RACENAME:Dwarf (Gold)	SEX:Male[BASEHT:45|HTDIEROLL:2d4|BASEWT:130|WTDIEROLL:2d6|TOTALWT:BASEWT+(HTDIEROLL*WTDIEROLL)]Female[BASEHT:43|HTDIEROLL:2d4|BASEWT:100|WTDIEROLL:2d6|TOTALWT:BASEWT+(HTDIEROLL*WTDIEROLL)]					
RACENAME:Dwarf (Gold)	BASEAGE:40	MAXAGE:124	AGEDIEROLL:4d20+1d4	HAIR:Blond|Brown|Bald|Gray	EYES:Blue|Black|Brown|Gray	SKINTONE:Tanned|Pasty|Fair|Gray
#
RACENAME:Dwarf (Shield)	CLASS:Barbarian,Rogue,Sorcerer[BASEAGEADD:3d6]|Bard,Fighter,Paladin,Ranger[BASEAGEADD:5d6]|Cleric,Druid,Monk,Wizard[BASEAGEADD:7d6]					
RACENAME:Dwarf (Shield)	SEX:Male[BASEHT:50|HTDIEROLL:2d4|BASEWT:145|WTDIEROLL:2d6|TOTALWT:BASEWT+(HTDIEROLL*WTDIEROLL)]Female[BASEHT:48|HTDIEROLL:2d4|BASEWT:110|WTDIEROLL:2d6|TOTALWT:BASEWT+(HTDIEROLL*WTDIEROLL)]					
RACENAME:Dwarf (Shield)	BASEAGE:40	MAXAGE:124	AGEDIEROLL:4d20+1d4	HAIR:Blond|Brown|Bald|Gray	EYES:Blue|Black|Brown|Gray	SKINTONE:Tanned|Pasty|Fair|Gray
#
RACENAME:Dwarf (Grey)	CLASS:Barbarian,Rogue,Sorcerer[BASEAGEADD:3d6]|Bard,Fighter,Paladin,Ranger[BASEAGEADD:5d6]|Cleric,Druid,Monk,Wizard[BASEAGEADD:7d6]					
RACENAME:Dwarf (Grey)	SEX:Male[BASEHT:45|HTDIEROLL:2d4|BASEWT:110|WTDIEROLL:2d4|TOTALWT:BASEWT+(HTDIEROLL*WTDIEROLL)]Female[BASEHT:43|HTDIEROLL:2d4|BASEWT:80|WTDIEROLL:2d4|TOTALWT:BASEWT+(HTDIEROLL*WTDIEROLL)]					
RACENAME:Dwarf (Grey)	BASEAGE:40	MAXAGE:124	AGEDIEROLL:4d20+1d4	HAIR:Blond|Brown|Bald|Gray	EYES:Blue|Black|Brown|Gray	SKINTONE:Tanned|Pasty|Fair|Gray
#
RACENAME:Elf (Drow/FR)	CLASS:Barbarian,Rogue,Sorcerer[BASEAGEADD:4d6]|Bard,Fighter,Paladin,Ranger[BASEAGEADD:6d6]|Cleric,Druid,Monk,Wizard[BASEAGEADD:10d6]					
RACENAME:Elf (Drow/FR)	SEX:Male[BASEHT:53|HTDIEROLL:2d6|BASEWT:85|WTDIEROLL:1d6|TOTALWT:BASEWT+(HTDIEROLL*WTDIEROLL)]Female[BASEHT:53|HTDIEROLL:2d6|BASEWT:80|WTDIEROLL:1d6|TOTALWT:BASEWT+(HTDIEROLL*WTDIEROLL)]					
RACENAME:Elf (Drow/FR)	BASEAGE:110	MAXAGE:174	AGEDIEROLL:8d8	HAIR:White|Pale Yellow|Silver-White|Black|Blue|Golden Blonde|Copper|Brown	EYES:Violet|Silver|Pink|Pale Blue|Gold-flecked Green|Gold-flecked Blue|Green|Gold|Brown|Hazel	SKINTONE:Obsidian|Fair|Tanned|Pasty|Bronze|Dark Brown|Copper
#
RACENAME:Elf (Wild)	CLASS:Barbarian,Rogue,Sorcerer[BASEAGEADD:4d6]|Bard,Fighter,Paladin,Ranger[BASEAGEADD:6d6]|Cleric,Druid,Monk,Wizard[BASEAGEADD:10d6]					
RACENAME:Elf (Wild)	SEX:Male[BASEHT:58|HTDIEROLL:2d10|BASEWT:100|WTDIEROLL:2d4|TOTALWT:BASEWT+(HTDIEROLL*WTDIEROLL)]Female[BASEHT:53|HTDIEROLL:2d10|BASEWT:80|WTDIEROLL2d4|TOTALWT:BASEWT+(HTDIEROLL*WTDIEROLL)]					
RACENAME:Elf (Wild)	BASEAGE:110	MAXAGE:174	AGEDIEROLL:8d8	HAIR:White|Pale Yellow|Silver-White|Black|Blue|Golden Blonde|Copper|Brown	EYES:Violet|Silver|Pink|Pale Blue|Gold-flecked Green|Gold-flecked Blue|Green|Gold|Brown|Hazel	SKINTONE:Obsidian|Fair|Tanned|Pasty|Bronze|Dark Brown|Copper
#
RACENAME:Elf (Sun)	CLASS:Barbarian,Rogue,Sorcerer[BASEAGEADD:4d6]|Bard,Fighter,Paladin,Ranger[BASEAGEADD:6d6]|Cleric,Druid,Monk,Wizard[BASEAGEADD:10d6]					
RACENAME:Elf (Sun)	SEX:Male[BASEHT:58|HTDIEROLL:2d10|BASEWT:100|WTDIEROLL:2d4|TOTALWT:BASEWT+(HTDIEROLL*WTDIEROLL)]Female[BASEHT:53|HTDIEROLL:2d10|BASEWT:70|WTDIEROLL2d4|TOTALWT:BASEWT+(HTDIEROLL*WTDIEROLL)]					
RACENAME:Elf (Sun)	BASEAGE:110	MAXAGE:209	AGEDIEROLL:10d10	HAIR:White|Pale Yellow|Silver-White|Black|Blue|Golden Blonde|Copper|Brown	EYES:Violet|Silver|Pink|Pale Blue|Gold-flecked Green|Gold-flecked Blue|Green|Gold|Brown|Hazel	SKINTONE:Obsidian|Fair|Tanned|Pasty|Bronze|Dark Brown|Copper
#
RACENAME:Elf (Wood/FR)	CLASS:Barbarian,Rogue,Sorcerer[BASEAGEADD:4d6]|Bard,Fighter,Paladin,Ranger[BASEAGEADD:6d6]|Cleric,Druid,Monk,Wizard[BASEAGEADD:10d6]					
RACENAME:Elf (Wood/FR)	SEX:Male[BASEHT:58|HTDIEROLL:2d10|BASEWT:100|WTDIEROLL:2d4|TOTALWT:BASEWT+(HTDIEROLL*WTDIEROLL)]Female[BASEHT:53|HTDIEROLL:2d10|BASEWT:80|WTDIEROLL2d4|TOTALWT:BASEWT+(HTDIEROLL*WTDIEROLL)]					
RACENAME:Elf (Wood/FR)	BASEAGE:110	MAXAGE:174	AGEDIEROLL:8d8	HAIR:White|Pale Yellow|Silver-White|Black|Blue|Golden Blonde|Copper|Brown	EYES:Violet|Silver|Pink|Pale Blue|Gold-flecked Green|Gold-flecked Blue|Green|Gold|Brown|Hazel	SKINTONE:Obsidian|Fair|Tanned|Pasty|Bronze|Dark Brown|Copper
#
RACENAME:Elf (Moon)	CLASS:Barbarian,Rogue,Sorcerer[BASEAGEADD:4d6]|Bard,Fighter,Paladin,Ranger[BASEAGEADD:6d6]|Cleric,Druid,Monk,Wizard[BASEAGEADD:10d6]					
RACENAME:Elf (Moon)	SEX:Male[BASEHT:58|HTDIEROLL:2d10|BASEWT:90|WTDIEROLL:2d4|TOTALWT:BASEWT+(HTDIEROLL*WTDIEROLL)]Female[BASEHT:53|HTDIEROLL:2d10|BASEWT:70|WTDIEROLL2d4|TOTALWT:BASEWT+(HTDIEROLL*WTDIEROLL)]					
RACENAME:Elf (Moon)	BASEAGE:110	MAXAGE:174	AGEDIEROLL:8d8	HAIR:White|Pale Yellow|Silver-White|Black|Blue|Golden Blonde|Copper|Brown	EYES:Violet|Silver|Pink|Pale Blue|Gold-flecked Green|Gold-flecked Blue|Green|Gold|Brown|Hazel	SKINTONE:Obsidian|Fair|Tanned|Pasty|Bronze|Dark Brown|Copper
#
RACENAME:Gnome (Deep)	CLASS:Barbarian,Rogue,Sorcerer[BASEAGEADD:4d6]|Bard,Fighter,Paladin,Ranger[BASEAGEADD:6d6]|Cleric,Druid,Monk,Wizard[BASEAGEADD:9d6]					
RACENAME:Gnome (Deep)	SEX:Male[BASEHT:25|HTDIEROLL:2d4|BASEWT:40|WTDIEROLL:1d1|TOTALWT:BASEWT+(HTDIEROLL*WTDIEROLL)]Female[BASEHT:32|HTDIEROLL:2d4|BASEWT:35|WTDIEROLL:1d1|TOTALWT:BASEWT+(HTDIEROLL*WTDIEROLL)]					
RACENAME:Gnome (Deep)	BASEAGE:20	MAXAGE:79	AGEDIEROLL:10d6	HAIR:Gray|Bald|Blonde|Brown|Black|Red	EYES:Blue|Gray|Black|Brown|Hazel|Green	SKINTONE:Tanned|Pasty|Gray|Fair|Pale
#
RACENAME:Gnome (Rock)	CLASS:Barbarian,Rogue,Sorcerer[BASEAGEADD:4d6]|Bard,Fighter,Paladin,Ranger[BASEAGEADD:6d6]|Cleric,Druid,Monk,Wizard[BASEAGEADD:9d6]					
RACENAME:Gnome (Rock)	SEX:Male[BASEHT:36|HTDIEROLL:2d4|BASEWT:40|WTDIEROLL:1d1|TOTALWT:BASEWT+(HTDIEROLL*WTDIEROLL)]Female[BASEHT:34|HTDIEROLL:2d4|BASEWT:35|WTDIEROLL:1d1|TOTALWT:BASEWT+(HTDIEROLL*WTDIEROLL)]					
RACENAME:Gnome (Rock)	BASEAGE:40	MAXAGE:99	AGEDIEROLL:10d6	HAIR:Gray|Bald|Blonde|Brown|Black|Red	EYES:Blue|Gray|Black|Brown|Hazel|Green	SKINTONE:Tanned|Pasty|Gray|Fair|Pale
#
RACENAME:Half-Elf (FR)	CLASS:Barbarian,Rogue,Sorcerer[BASEAGEADD:1d6]|Bard,Fighter,Paladin,Ranger[BASEAGEADD:2d6]|Cleric,Druid,Monk,Wizard[BASEAGEADD:3d6]					
RACENAME:Half-Elf (FR)	SEX:Male[BASEHT:58|HTDIEROLL:2d10|BASEWT:110|WTDIEROLL:2d4|TOTALWT:BASEWT+(HTDIEROLL*WTDIEROLL)]Female[BASEHT:53|HTDIEROLL:2d10|BASEWT:80|WTDIEROLL:2d4|TOTALWT:BASEWT+(HTDIEROLL*WTDIEROLL)]					
RACENAME:Half-Elf (FR)	BASEAGE:20	MAXAGE:61	AGEDIEROLL:7d6	HAIR:White|Pale Yellow|Silver-White|Black|Blue|Golden Blonde|Copper|Brown	EYES:Violet|Silver|Pink|Pale Blue|Gold-flecked Green|Gold-flecked Blue|Green|Gold|Brown|Hazel	SKINTONE:Obsidian|Fair|Tanned|Pasty|Bronze|Dark Brown|Copper
#
#RACENAME:Half-Elf (Drow)	CLASS:Barbarian,Rogue,Sorcerer[BASEAGEADD:1d6]|Bard,Fighter,Paladin,Ranger[BASEAGEADD:2d6]|Cleric,Druid,Monk,Wizard[BASEAGEADD:3d6]					
#RACENAME:Half-Elf (Drow)	SEX:Male[BASEHT:55|HTDIEROLL:2d8|BASEWT:100|WTDIEROLL:2d4|TOTALWT:BASEWT+(HTDIEROLL*WTDIEROLL)]Female[BASEHT:53|HTDIEROLL:2d8|BASEWT:80|WTDIEROLL:2d4|TOTALWT:BASEWT+(HTDIEROLL*WTDIEROLL)]					
#RACENAME:Half-Elf (Drow)	BASEAGE:20	MAXAGE:61	AGEDIEROLL:7d6	HAIR:White|Pale Yellow|Silver-White|Black|Blue|Golden Blonde|Copper|Brown	EYES:Violet|Silver|Pink|Pale Blue|Gold-flecked Green|Gold-flecked Blue|Green|Gold|Brown|Hazel	SKINTONE:Obsidian|Fair|Tanned|Pasty|Bronze|Dark Brown|Copper
#
RACENAME:Half-Orc (FR)	CLASS:Barbarian,Rogue,Sorcerer[BASEAGEADD:1d4]|Bard,Fighter,Paladin,Ranger[BASEAGEADD:1d6]|Cleric,Druid,Monk,Wizard[BASEAGEADD:2d6]					
RACENAME:Half-Orc (FR)	SEX:Male[BASEHT:58|HTDIEROLL:2d12|BASEWT:150|WTDIEROLL:2d6|TOTALWT:BASEWT+(HTDIEROLL*WTDIEROLL)]Female[BASEHT:53|HTDIEROLL:2d12|BASEWT:110|WTDIEROLL:2d6|TOTALWT:BASEWT+(HTDIEROLL*WTDIEROLL)]					
RACENAME:Half-Orc (FR)	BASEAGE:14	MAXAGE:29	AGEDIEROLL:4d4	HAIR:Black	EYES:Black|Green	SKINTONE:Light Green|Dark Green|Tanned
#
RACENAME:Halfling (Ghostwise)	CLASS:Barbarian,Rogue,Sorcerer[BASEAGEADD:2d4]|Bard,Fighter,Paladin,Ranger[BASEAGEADD:3d6]|Cleric,Druid,Monk,Wizard[BASEAGEADD:4d6]					
RACENAME:Halfling (Ghostwise)	SEX:Male[BASEHT:32|HTDIEROLL:2d4|BASEWT:30|WTDIEROLL:1d1|TOTALWT:BASEWT+(HTDIEROLL*WTDIEROLL)]Female[BASEHT:30|HTDIEROLL:2d4|BASEWT:25|WTDIEROLL:1d1|TOTALWT:BASEWT+(HTDIEROLL*WTDIEROLL)]					
RACENAME:Halfling (Ghostwise)	BASEAGE:20	MAXAGE:49	AGEDIEROLL:5d6	HAIR:Blond|Brown|Black|Red|White|Gray	EYES:Blue|Green|Black|Brown|Hazel|Gray	SKINTONE:Tanned|Pasty|Brown|Pale|Fair
#
RACENAME:Halfling (Lightfoot)	CLASS:Barbarian,Rogue,Sorcerer[BASEAGEADD:2d4]|Bard,Fighter,Paladin,Ranger[BASEAGEADD:3d6]|Cleric,Druid,Monk,Wizard[BASEAGEADD:4d6]					
RACENAME:Halfling (Lightfoot)	SEX:Male[BASEHT:32|HTDIEROLL:2d4|BASEWT:30|WTDIEROLL:1d1|TOTALWT:BASEWT+(HTDIEROLL*WTDIEROLL)]Female[BASEHT:30|HTDIEROLL:2d4|BASEWT:25|WTDIEROLL:1d1|TOTALWT:BASEWT+(HTDIEROLL*WTDIEROLL)]					
RACENAME:Halfling (Lightfoot)	BASEAGE:20	MAXAGE:49	AGEDIEROLL:5d6	HAIR:Blond|Brown|Black|Red|White|Gray	EYES:Blue|Green|Black|Brown|Hazel|Gray	SKINTONE:Tanned|Pasty|Brown|Pale|Fair
#
RACENAME:Halfling (Strongheart)	CLASS:Barbarian,Rogue,Sorcerer[BASEAGEADD:2d4]|Bard,Fighter,Paladin,Ranger[BASEAGEADD:3d6]|Cleric,Druid,Monk,Wizard[BASEAGEADD:4d6]					
RACENAME:Halfling (Strongheart)	SEX:Male[BASEHT:32|HTDIEROLL:2d4|BASEWT:30|WTDIEROLL:1d1|TOTALWT:BASEWT+(HTDIEROLL*WTDIEROLL)]Female[BASEHT:30|HTDIEROLL:2d4|BASEWT:25|WTDIEROLL:1d1|TOTALWT:BASEWT+(HTDIEROLL*WTDIEROLL)]					
RACENAME:Halfling (Strongheart)	BASEAGE:20	MAXAGE:49	AGEDIEROLL:5d6	HAIR:Blond|Brown|Black|Red|White|Gray	EYES:Blue|Green|Black|Brown|Hazel|Gray	SKINTONE:Tanned|Pasty|Brown|Pale|Fair
#
RACENAME:Planetouched (Aasimar/FR)	CLASS:Barbarian,Rogue,Sorcerer[BASEAGEADD:1d6]|Bard,Fighter,Paladin,Ranger[BASEAGEADD:1d8]|Cleric,Druid,Monk,Wizard[BASEAGEADD:2d8]					
RACENAME:Planetouched (Aasimar/FR)	SEX:Male[BASEHT:58|HTDIEROLL:2d10|BASEWT:120|WTDIEROLL:2d4|TOTALWT:BASEWT+(HTDIEROLL*WTDIEROLL)]Female[BASEHT:53|HTDIEROLL:2d10|BASEWT:85|WTDIEROLL:2d4|TOTALWT:BASEWT+(HTDIEROLL*WTDIEROLL)]					
RACENAME:Planetouched (Aasimar/FR)	BASEAGE:15	MAXAGE:44	AGEDIEROLL:5d6	HAIR:Blond|Brown	EYES:Blue	SKINTONE:Tanned|Pasty
#
RACENAME:Planetouched (Genasi Air/FR)	CLASS:Barbarian,Rogue,Sorcerer[BASEAGEADD:1d6]|Bard,Fighter,Paladin,Ranger[BASEAGEADD:1d8]|Cleric,Druid,Monk,Wizard[BASEAGEADD:2d8]					
RACENAME:Planetouched (Genasi Air/FR)	SEX:Male[BASEHT:58|HTDIEROLL:2d10|BASEWT:120|WTDIEROLL:1d6|TOTALWT:BASEWT+(HTDIEROLL*WTDIEROLL)]Female[BASEHT:53|HTDIEROLL:2d10|BASEWT:85|WTDIEROLL:1d6|TOTALWT:BASEWT+(HTDIEROLL*WTDIEROLL)]					
RACENAME:Planetouched (Genasi Air/FR)	BASEAGE:15	MAXAGE:44	AGEDIEROLL:5d6	HAIR:Blond|Brown	EYES:Blue	SKINTONE:Tanned|Pasty
#
RACENAME:Planetouched (Genasi Earth/FR)	CLASS:Barbarian,Rogue,Sorcerer[BASEAGEADD:1d6]|Bard,Fighter,Paladin,Ranger[BASEAGEADD:1d8]|Cleric,Druid,Monk,Wizard[BASEAGEADD:2d8]					
RACENAME:Planetouched (Genasi Earth/FR)	SEX:Male[BASEHT:58|HTDIEROLL:2d10|BASEWT:120|WTDIEROLL:2d6|TOTALWT:BASEWT+(HTDIEROLL*WTDIEROLL)]Female[BASEHT:53|HTDIEROLL:2d10|BASEWT:85|WTDIEROLL:2d6|TOTALWT:BASEWT+(HTDIEROLL*WTDIEROLL)]					
RACENAME:Planetouched (Genasi Earth/FR)	BASEAGE:15	MAXAGE:44	AGEDIEROLL:5d6	HAIR:Blond|Brown	EYES:Blue	SKINTONE:Tanned|Pasty
#
RACENAME:Planetouched (Genasi Fire/FR)	CLASS:Barbarian,Rogue,Sorcerer[BASEAGEADD:1d6]|Bard,Fighter,Paladin,Ranger[BASEAGEADD:1d8]|Cleric,Druid,Monk,Wizard[BASEAGEADD:2d8]					
RACENAME:Planetouched (Genasi Fire/FR)	SEX:Male[BASEHT:58|HTDIEROLL:2d12|BASEWT:120|WTDIEROLL:2d4|TOTALWT:BASEWT+(HTDIEROLL*WTDIEROLL)]Female[BASEHT:53|HTDIEROLL:2d12|BASEWT:85|WTDIEROLL:2d4|TOTALWT:BASEWT+(HTDIEROLL*WTDIEROLL)]					
RACENAME:Planetouched (Genasi Fire/FR)	BASEAGE:15	MAXAGE:44	AGEDIEROLL:5d6	HAIR:Blond|Brown	EYES:Blue	SKINTONE:Tanned|Pasty
#
RACENAME:Planetouched (Genasi Water/FR)	CLASS:Barbarian,Rogue,Sorcerer[BASEAGEADD:1d6]|Bard,Fighter,Paladin,Ranger[BASEAGEADD:1d8]|Cleric,Druid,Monk,Wizard[BASEAGEADD:2d8]					
RACENAME:Planetouched (Genasi Water/FR)	SEX:Male[BASEHT:58|HTDIEROLL:2d8|BASEWT:120|WTDIEROLL:2d4|TOTALWT:BASEWT+(HTDIEROLL*WTDIEROLL)]Female[BASEHT:53|HTDIEROLL:2d10|BASEWT:85|WTDIEROLL:2d4|TOTALWT:BASEWT+(HTDIEROLL*WTDIEROLL)]					
RACENAME:Planetouched (Genasi Water/FR)	BASEAGE:15	MAXAGE:44	AGEDIEROLL:5d6	HAIR:Blond|Brown	EYES:Blue	SKINTONE:Tanned|Pasty
#
RACENAME:Planetouched (Tiefling/FR)	CLASS:Barbarian,Rogue,Sorcerer[BASEAGEADD:1d6]|Bard,Fighter,Paladin,Ranger[BASEAGEADD:1d8]|Cleric,Druid,Monk,Wizard[BASEAGEADD:2d8]					
RACENAME:Planetouched (Tiefling/FR)	SEX:Male[BASEHT:58|HTDIEROLL:2d10|BASEWT:120|WTDIEROLL:2d4|TOTALWT:BASEWT+(HTDIEROLL*WTDIEROLL)]Female[BASEHT:53|HTDIEROLL:2d10|BASEWT:85|WTDIEROLL:2d4|TOTALWT:BASEWT+(HTDIEROLL*WTDIEROLL)]					
RACENAME:Planetouched (Tiefling/FR)	BASEAGE:15	MAXAGE:44	AGEDIEROLL:5d6	HAIR:Blond|Brown	EYES:Blue	SKINTONE:Tanned|Pasty
#
#AGESET:1|Middle Age	BONUS:STAT|STR,CON,DEX|-1	BONUS:STAT|INT,WIS,CHA|1				
AGESET:1|Middle Age
RACENAME:Elf (Sun)	BASEAGE:210	MAXAGE:314	AGEDIEROLL:10d10			
RACENAME:Gnome (Deep)	BASEAGE:80	MAXAGE:119	AGEDIEROLL:4d10			
RACENAME:Planetouched (Aasimar/FR)	BASEAGE:45	MAXAGE:67	AGEDIEROLL:5d4			
RACENAME:Planetouched (Genasi Air/FR)	BASEAGE:45	MAXAGE:67	AGEDIEROLL:5d4			
RACENAME:Planetouched (Genasi Earth/FR)	BASEAGE:45	MAXAGE:67	AGEDIEROLL:5d4			
RACENAME:Planetouched (Genasi Fire/FR)	BASEAGE:45	MAXAGE:67	AGEDIEROLL:5d4			
RACENAME:Planetouched (Genasi Water/FR)	BASEAGE:45	MAXAGE:67	AGEDIEROLL:5d4			
RACENAME:Planetouched (Tiefling/FR)	BASEAGE:45	MAXAGE:67	AGEDIEROLL:5d4			
#
#AGESET:2|Old	BONUS:STAT|STR,CON,DEX|-3	BONUS:STAT|INT,WIS,CHA|2				
AGESET:2|Old
RACENAME:Elf (Sun)	BASEAGE:315	MAXAGE:419	AGEDIEROLL:10d10			
RACENAME:Gnome (Deep)	BASEAGE:120	MAXAGE:159	AGEDIEROLL:4d10			
RACENAME:Planetouched (Aasimar/FR)	BASEAGE:68	MAXAGE:89	AGEDIEROLL:5d4			
RACENAME:Planetouched (Genasi Air/FR)	BASEAGE:68	MAXAGE:89	AGEDIEROLL:5d4			
RACENAME:Planetouched (Genasi Earth/FR)	BASEAGE:68	MAXAGE:89	AGEDIEROLL:5d4			
RACENAME:Planetouched (Genasi Fire/FR)	BASEAGE:68	MAXAGE:89	AGEDIEROLL:5d4			
RACENAME:Planetouched (Genasi Water/FR)	BASEAGE:68	MAXAGE:89	AGEDIEROLL:5d4			
RACENAME:Planetouched (Tiefling/FR)	BASEAGE:68	MAXAGE:89	AGEDIEROLL:5d4			
#
#AGESET:3|Venerable	BONUS:STAT|STR,CON,DEX|-6	BONUS:STAT|INT,WIS,CHA|3				
AGESET:3|Venerable
RACENAME:Elf (Sun)	BASEAGE:420	MAXAGE:1020	AGEDIEROLL:6d100			
RACENAME:Gnome (Deep)	BASEAGE:160	MAXAGE:360	AGEDIEROLL:2d100			
RACENAME:Planetouched (Aasimar/FR)	BASEAGE:90	MAXAGE:150	AGEDIEROLL:3d20			
RACENAME:Planetouched (Genasi Air/FR)	BASEAGE:90	MAXAGE:150	AGEDIEROLL:3d20			
RACENAME:Planetouched (Genasi Earth/FR)	BASEAGE:90	MAXAGE:150	AGEDIEROLL:3d20			
RACENAME:Planetouched (Genasi Fire/FR)	BASEAGE:90	MAXAGE:150	AGEDIEROLL:3d20			
RACENAME:Planetouched (Genasi Water/FR)	BASEAGE:90	MAXAGE:150	AGEDIEROLL:3d20			
RACENAME:Planetouched (Tiefling/FR)	BASEAGE:90	MAXAGE:150	AGEDIEROLL:3d20			
