SOURCELONG:Player's Guide to Faerun	SOURCESHORT:PGtF	SOURCEWEB:http://www.gozzilioni.net																															
																																	
###Block:Familiar																																	
# Class of the Master	Type	Spell Res.	Copy Masters BAB	Copy Masters Checks	HP formula based on Master	Use Masters skills?	Special ABility				Define			Combat bonus													Main Race Type						
FOLLOWER:FelineFamiliarLVL=1	TYPE:Feline Familiar			ABILITY:Special Ability|AUTOMATIC|Empathic Link				COPYMASTERBAB:MASTER	COPYMASTERCHECK:MASTER	COPYMASTERHP:max(1,MASTER/2)	USEMASTERSKILL:YES																						
FOLLOWER:FelineFamiliarLVL=1	TYPE:Feline Familiar			ABILITY:Special Ability|AUTOMATIC|Share Spells|Improved Evasion																		DEFINESTAT:MINVALUE|INT|6		BONUS:COMBAT|AC|1|TYPE=NaturalArmor.REPLACE	RACETYPE:Magical Beast								
FOLLOWER:FelineFamiliarLVL=3	TYPE:Feline Familiar			ABILITY:Special Ability|AUTOMATIC|Deliver Touch Spells																			DEFINESTAT:MINVALUE|INT|7		BONUS:COMBAT|AC|1|TYPE=NaturalArmor.REPLACE								
FOLLOWER:FelineFamiliarLVL=5	TYPE:Feline Familiar			ABILITY:Special Ability|AUTOMATIC|Speak with Master																				DEFINESTAT:MINVALUE|INT|8		BONUS:COMBAT|AC|1|TYPE=NaturalArmor.REPLACE							
FOLLOWER:FelineFamiliarLVL=7	TYPE:Feline Familiar			ABILITY:Special Ability|AUTOMATIC|Speak with Own Kind																				DEFINESTAT:MINVALUE|INT|9		BONUS:COMBAT|AC|1|TYPE=NaturalArmor.REPLACE							
FOLLOWER:FelineFamiliarLVL=9	TYPE:Feline Familiar																															DEFINESTAT:MINVALUE|INT|10	BONUS:COMBAT|AC|1|TYPE=NaturalArmor.REPLACE
FOLLOWER:FelineFamiliarLVL=11	TYPE:Feline Familiar	SR:16																														DEFINESTAT:MINVALUE|INT|11	BONUS:COMBAT|AC|1|TYPE=NaturalArmor.REPLACE
FOLLOWER:FelineFamiliarLVL=12	TYPE:Feline Familiar	SR:17																															
FOLLOWER:FelineFamiliarLVL=13	TYPE:Feline Familiar	SR:18		ABILITY:Special Ability|AUTOMATIC|Scry on Familiar																				DEFINESTAT:MINVALUE|INT|12	BONUS:COMBAT|AC|1|TYPE=NaturalArmor.REPLACE								
FOLLOWER:FelineFamiliarLVL=14	TYPE:Feline Familiar	SR:19																															
FOLLOWER:FelineFamiliarLVL=15	TYPE:Feline Familiar	SR:20																														DEFINESTAT:MINVALUE|INT|13	BONUS:COMBAT|AC|1|TYPE=NaturalArmor.REPLACE
FOLLOWER:FelineFamiliarLVL=16	TYPE:Feline Familiar	SR:21																															
FOLLOWER:FelineFamiliarLVL=17	TYPE:Feline Familiar	SR:22																														DEFINESTAT:MINVALUE|INT|14	BONUS:COMBAT|AC|1|TYPE=NaturalArmor.REPLACE
FOLLOWER:FelineFamiliarLVL=18	TYPE:Feline Familiar	SR:23																															
FOLLOWER:FelineFamiliarLVL=19	TYPE:Feline Familiar	SR:24																														DEFINESTAT:MINVALUE|INT|15	BONUS:COMBAT|AC|1|TYPE=NaturalArmor.REPLACE
FOLLOWER:FelineFamiliarLVL=20	TYPE:Feline Familiar	SR:25																															
																																	
FOLLOWER:FelineFamiliarLVL=1	TYPE:Feline Familiar										PRERACE:1,Cat			KIT:1|Cat Familiar																			
																																	
MASTERBONUSRACE:Cat	TYPE:Feline Familiar												BONUS:SKILL|Move Silently|3	VFEAT:Alertness																			
